Trial 28 finished with value: -100000.0 and parameters: {'learning_rate': 0.0002429308102155943, 'n_steps': 27447, 'total_timesteps': 406988, 'gamma': 0.9215150843845774, 'gae_lambda': 0.9003040222060522, 'ent_coef': 0.08635938289077012, 'vf_coef': 0.23944715445583867, 'max_grad_norm': 0.21941528772004426, 'reward_scaling': 5.801926731168914e-05, 'hmax': 45123, 'sharpe_ratio_weight': 0.18839221343818124, 'loss_penalty_weight': 0.6150661356037894}. Best is trial 0 with value: -100000.0.
Trial 29 finished with value: -100000.0 and parameters: {'learning_rate': 1.0991911810164951e-05, 'n_steps': 40902, 'total_timesteps': 322302, 'gamma': 0.9052250335941627, 'gae_lambda': 0.8761278772747503, 'ent_coef': 0.0727357336076856, 'vf_coef': 0.2982620957311904, 'max_grad_norm': 0.19865465442061464, 'reward_scaling': 0.0004806550561571883, 'hmax': 56992, 'sharpe_ratio_weight': 0.16552136778235188, 'loss_penalty_weight': 0.7072719111760268}. Best is trial 0 with value: -100000.0.
A new study created in memory with name: no-name-9dfdae5f-459b-43fd-8be6-5380c79cc805
Trial 0 finished with value: -100000.0 and parameters: {'learning_rate': 0.00037065380233737994, 'n_steps': 48108, 'total_timesteps': 683157, 'gamma': 0.9275578489992771, 'gae_lambda': 0.8636789083456518, 'ent_coef': 0.094065000767413, 'vf_coef': 0.1751731505035618, 'max_grad_norm': 0.2440565498153202, 'reward_scaling': 1.806425776962221e-05, 'hmax': 59757, 'sharpe_ratio_weight': 0.2168001272226328, 'loss_penalty_weight': 0.6823196705428932}. Best is trial 0 with value: -100000.0.
Trial 1 finished with value: -100000.0 and parameters: {'learning_rate': 2.0498956293880854e-05, 'n_steps': 19875, 'total_timesteps': 373194, 'gamma': 0.9301479442052606, 'gae_lambda': 0.8587552191744756, 'ent_coef': 0.05820756896477843, 'vf_coef': 0.11565577123362776, 'max_grad_norm': 0.3760782398334962, 'reward_scaling': 0.000457655211725533, 'hmax': 41076, 'sharpe_ratio_weight': 0.12986265161524577, 'loss_penalty_weight': 0.43521560684022537}. Best is trial 0 with value: -100000.0.
Trial 2 finished with value: -100000.0 and parameters: {'learning_rate': 1.4936277930593722e-05, 'n_steps': 27760, 'total_timesteps': 606729, 'gamma': 0.9009497669891364, 'gae_lambda': 0.8688234255924796, 'ent_coef': 0.05717699790258377, 'vf_coef': 0.18676928980624855, 'max_grad_norm': 0.16101961156386763, 'reward_scaling': 3.5672611199030094e-05, 'hmax': 59894, 'sharpe_ratio_weight': 0.24748517461603306, 'loss_penalty_weight': 0.4225819587639489}. Best is trial 0 with value: -100000.0.
Trial 3 finished with value: -100000.0 and parameters: {'learning_rate': 0.00010864331472708159, 'n_steps': 39617, 'total_timesteps': 509483, 'gamma': 0.9690269025613225, 'gae_lambda': 0.8957848981564775, 'ent_coef': 0.051059543905037724, 'vf_coef': 0.27827251770597133, 'max_grad_norm': 0.3617760857708424, 'reward_scaling': 0.00014592319224579386, 'hmax': 53665, 'sharpe_ratio_weight': 0.20072292854297796, 'loss_penalty_weight': 0.43450834336031124}. Best is trial 0 with value: -100000.0.
Trial 4 finished with value: -100000.0 and parameters: {'learning_rate': 4.798047774152925e-05, 'n_steps': 32607, 'total_timesteps': 88892, 'gamma': 0.91607666314576, 'gae_lambda': 0.9305136538686686, 'ent_coef': 0.0577428035876774, 'vf_coef': 0.14103456650121185, 'max_grad_norm': 0.21151999167801777, 'reward_scaling': 0.0007046115727556909, 'hmax': 55040, 'sharpe_ratio_weight': 0.24442352542002035, 'loss_penalty_weight': 0.7630513964880025}. Best is trial 0 with value: -100000.0.
Trial 5 finished with value: -100000.0 and parameters: {'learning_rate': 5.609347759447998e-05, 'n_steps': 57284, 'total_timesteps': 681277, 'gamma': 0.908466855940738, 'gae_lambda': 0.8793125628296243, 'ent_coef': 0.05771176319833247, 'vf_coef': 0.23891359453169064, 'max_grad_norm': 0.20542100884252615, 'reward_scaling': 1.9439206755672734e-05, 'hmax': 39488, 'sharpe_ratio_weight': 0.21653620270170465, 'loss_penalty_weight': 0.585772451022454}. Best is trial 0 with value: -100000.0.
Trial 6 finished with value: -100000.0 and parameters: {'learning_rate': 0.0001293456074122829, 'n_steps': 32448, 'total_timesteps': 310631, 'gamma': 0.9899376765138574, 'gae_lambda': 0.8744793309878415, 'ent_coef': 0.07928792091760503, 'vf_coef': 0.17048956489912526, 'max_grad_norm': 0.17409926753618968, 'reward_scaling': 0.0004118357825060868, 'hmax': 39293, 'sharpe_ratio_weight': 0.2054296176537001, 'loss_penalty_weight': 0.6704389972226814}. Best is trial 0 with value: -100000.0.
Trial 7 finished with value: -100000.0 and parameters: {'learning_rate': 5.677592688428315e-05, 'n_steps': 17564, 'total_timesteps': 332975, 'gamma': 0.9586439377004611, 'gae_lambda': 0.8796245643933365, 'ent_coef': 0.07891617338418165, 'vf_coef': 0.11035988203865132, 'max_grad_norm': 0.20908273860493484, 'reward_scaling': 0.0006321358319960135, 'hmax': 57660, 'sharpe_ratio_weight': 0.10131309353783491, 'loss_penalty_weight': 0.540800074850736}. Best is trial 0 with value: -100000.0.
Trial 8 finished with value: -100000.0 and parameters: {'learning_rate': 0.0009517551405719665, 'n_steps': 36362, 'total_timesteps': 626338, 'gamma': 0.9522627342898071, 'gae_lambda': 0.8833027196910154, 'ent_coef': 0.05332417582805441, 'vf_coef': 0.142623836262827, 'max_grad_norm': 0.39765740594826676, 'reward_scaling': 0.0005713195465110295, 'hmax': 42832, 'sharpe_ratio_weight': 0.29939863941162875, 'loss_penalty_weight': 0.6815168541637111}. Best is trial 0 with value: -100000.0.
Trial 9 finished with value: -100000.0 and parameters: {'learning_rate': 2.164425345700878e-05, 'n_steps': 18176, 'total_timesteps': 154243, 'gamma': 0.9026600261770469, 'gae_lambda': 0.9491131610935052, 'ent_coef': 0.0901807620041483, 'vf_coef': 0.18248615559505574, 'max_grad_norm': 0.14294510537169194, 'reward_scaling': 1.926863908903968e-05, 'hmax': 32925, 'sharpe_ratio_weight': 0.18987646886123627, 'loss_penalty_weight': 0.4695682657523053}. Best is trial 0 with value: -100000.0.
Trial 10 finished with value: -100000.0 and parameters: {'learning_rate': 0.00038759416441114047, 'n_steps': 53123, 'total_timesteps': 488641, 'gamma': 0.9303173742179743, 'gae_lambda': 0.8538818590326734, 'ent_coef': 0.09984762649788444, 'vf_coef': 0.22093480474288832, 'max_grad_norm': 0.10284323023691191, 'reward_scaling': 1.160566941783876e-05, 'hmax': 49009, 'sharpe_ratio_weight': 0.1554841338896839, 'loss_penalty_weight': 0.7752990602009304}. Best is trial 0 with value: -100000.0.
Trial 11 finished with value: -100000.0 and parameters: {'learning_rate': 0.00021394505284967792, 'n_steps': 4771, 'total_timesteps': 436876, 'gamma': 0.930931436204003, 'gae_lambda': 0.8556082513908413, 'ent_coef': 0.06569215388794926, 'vf_coef': 0.10543465099029785, 'max_grad_norm': 0.30118041932678175, 'reward_scaling': 9.517903520841185e-05, 'hmax': 48589, 'sharpe_ratio_weight': 0.1470085442595398, 'loss_penalty_weight': 0.5338675733439429}. Best is trial 0 with value: -100000.0.
Trial 12 finished with value: -100000.0 and parameters: {'learning_rate': 1.1089686800687294e-05, 'n_steps': 45785, 'total_timesteps': 312784, 'gamma': 0.9317746009542696, 'gae_lambda': 0.8557184154551434, 'ent_coef': 0.06669563717115329, 'vf_coef': 0.1273635389563068, 'max_grad_norm': 0.28250333768047037, 'reward_scaling': 0.00021059071825462166, 'hmax': 31539, 'sharpe_ratio_weight': 0.13077589634125622, 'loss_penalty_weight': 0.4108458609643724}. Best is trial 0 with value: -100000.0.
Trial 13 finished with value: -100000.0 and parameters: {'learning_rate': 2.7149561523956233e-05, 'n_steps': 19573, 'total_timesteps': 223148, 'gamma': 0.9412256832447253, 'gae_lambda': 0.8514032373772323, 'ent_coef': 0.06915844834917384, 'vf_coef': 0.1589803567389201, 'max_grad_norm': 0.2780496229774371, 'reward_scaling': 7.054522859200498e-05, 'hmax': 36864, 'sharpe_ratio_weight': 0.16942876718472508, 'loss_penalty_weight': 0.47404884090510696}. Best is trial 0 with value: -100000.0.
Trial 14 finished with value: -100000.0 and parameters: {'learning_rate': 0.00040719885801668277, 'n_steps': 5579, 'total_timesteps': 441622, 'gamma': 0.9229038767282834, 'gae_lambda': 0.8676785193113599, 'ent_coef': 0.07641461405043333, 'vf_coef': 0.12271889062620424, 'max_grad_norm': 0.3338880638029364, 'reward_scaling': 0.00028162211312438354, 'hmax': 46087, 'sharpe_ratio_weight': 0.1277086940086302, 'loss_penalty_weight': 0.5999591784326355}. Best is trial 0 with value: -100000.0.
Trial 15 finished with value: -100000.0 and parameters: {'learning_rate': 2.9077316851436242e-05, 'n_steps': 46782, 'total_timesteps': 545105, 'gamma': 0.9160057950228627, 'gae_lambda': 0.8948126657782953, 'ent_coef': 0.08727203584889005, 'vf_coef': 0.1508895281913628, 'max_grad_norm': 0.2441795372948918, 'reward_scaling': 4.95993451815644e-05, 'hmax': 51671, 'sharpe_ratio_weight': 0.11161217593271792, 'loss_penalty_weight': 0.4748619736538738}. Best is trial 0 with value: -100000.0.
Trial 16 finished with value: -100000.0 and parameters: {'learning_rate': 0.00017153852106694369, 'n_steps': 24108, 'total_timesteps': 226582, 'gamma': 0.942291874173547, 'gae_lambda': 0.8658727991748293, 'ent_coef': 0.06295153222870518, 'vf_coef': 0.12324007617930953, 'max_grad_norm': 0.39762369180708435, 'reward_scaling': 0.0009754496375566478, 'hmax': 43468, 'sharpe_ratio_weight': 0.18107289301772997, 'loss_penalty_weight': 0.6365455485570086}. Best is trial 0 with value: -100000.0.
Trial 17 finished with value: -100000.0 and parameters: {'learning_rate': 1.079874722481715e-05, 'n_steps': 10982, 'total_timesteps': 392639, 'gamma': 0.9184589248569411, 'gae_lambda': 0.9057058861144385, 'ent_coef': 0.07302087679115307, 'vf_coef': 0.10567298759007439, 'max_grad_norm': 0.2526904952277164, 'reward_scaling': 0.00014507338201669235, 'hmax': 35246, 'sharpe_ratio_weight': 0.1544775059229844, 'loss_penalty_weight': 0.5182352419491975}. Best is trial 0 with value: -100000.0.
Trial 18 finished with value: -100000.0 and parameters: {'learning_rate': 6.559667302696722e-05, 'n_steps': 43491, 'total_timesteps': 686540, 'gamma': 0.94067662843946, 'gae_lambda': 0.8635496653097794, 'ent_coef': 0.07222992747062128, 'vf_coef': 0.19375138999086633, 'max_grad_norm': 0.316241050592906, 'reward_scaling': 0.00033310488014013935, 'hmax': 40955, 'sharpe_ratio_weight': 0.12865738148287145, 'loss_penalty_weight': 0.716280959427646}. Best is trial 0 with value: -100000.0.
Trial 19 finished with value: -100000.0 and parameters: {'learning_rate': 8.415896191994081e-05, 'n_steps': 50330, 'total_timesteps': 253593, 'gamma': 0.9250572867531857, 'gae_lambda': 0.8500898264355106, 'ent_coef': 0.06226099300732269, 'vf_coef': 0.15502957481901739, 'max_grad_norm': 0.3383027620291586, 'reward_scaling': 0.0001785676019043128, 'hmax': 46302, 'sharpe_ratio_weight': 0.17303000688173864, 'loss_penalty_weight': 0.5953604189443749}. Best is trial 0 with value: -100000.0.
Trial 20 finished with value: -100000.0 and parameters: {'learning_rate': 4.051071576494055e-05, 'n_steps': 59682, 'total_timesteps': 566035, 'gamma': 0.9110167268846285, 'gae_lambda': 0.8609728380681664, 'ent_coef': 0.08364000882077716, 'vf_coef': 0.134322686358265, 'max_grad_norm': 0.24502032934189966, 'reward_scaling': 9.585928182638564e-05, 'hmax': 49598, 'sharpe_ratio_weight': 0.14165077849853008, 'loss_penalty_weight': 0.4020508553804675}. Best is trial 0 with value: -100000.0.
Trial 21 finished with value: -100000.0 and parameters: {'learning_rate': 1.8353857403342188e-05, 'n_steps': 25943, 'total_timesteps': 612830, 'gamma': 0.9031927351368141, 'gae_lambda': 0.868115033494873, 'ent_coef': 0.0580937821518362, 'vf_coef': 0.18941889898509442, 'max_grad_norm': 0.17206660968759876, 'reward_scaling': 3.5414540143171425e-05, 'hmax': 57569, 'sharpe_ratio_weight': 0.2338812517762583, 'loss_penalty_weight': 0.44155274862789967}. Best is trial 0 with value: -100000.0.
Trial 22 finished with value: -100000.0 and parameters: {'learning_rate': 1.5946982511782344e-05, 'n_steps': 26296, 'total_timesteps': 634399, 'gamma': 0.9016019354168942, 'gae_lambda': 0.8720959302872731, 'ent_coef': 0.053884567648609785, 'vf_coef': 0.1691972296449335, 'max_grad_norm': 0.27948826945258237, 'reward_scaling': 3.3460104434255556e-05, 'hmax': 59307, 'sharpe_ratio_weight': 0.25924282403854054, 'loss_penalty_weight': 0.5004783005618012}. Best is trial 0 with value: -100000.0.
Trial 23 finished with value: -100000.0 and parameters: {'learning_rate': 3.4111545097294206e-05, 'n_steps': 13342, 'total_timesteps': 575129, 'gamma': 0.913437979250422, 'gae_lambda': 0.8580030236521675, 'ent_coef': 0.05975762669217535, 'vf_coef': 0.19877186795187313, 'max_grad_norm': 0.3430498935755051, 'reward_scaling': 5.802709532421972e-05, 'hmax': 55205, 'sharpe_ratio_weight': 0.22023227229739484, 'loss_penalty_weight': 0.42955322252901995}. Best is trial 0 with value: -100000.0.
Trial 24 finished with value: -100000.0 and parameters: {'learning_rate': 1.6469886837106854e-05, 'n_steps': 29522, 'total_timesteps': 380735, 'gamma': 0.9227473575185758, 'gae_lambda': 0.865201457369991, 'ent_coef': 0.06802645970285985, 'vf_coef': 0.16944013412288364, 'max_grad_norm': 0.17856877611785996, 'reward_scaling': 1.0922708854569734e-05, 'hmax': 59602, 'sharpe_ratio_weight': 0.26906206217358136, 'loss_penalty_weight': 0.5562153454435012}. Best is trial 0 with value: -100000.0.
Trial 25 finished with value: -100000.0 and parameters: {'learning_rate': 2.4017945104871345e-05, 'n_steps': 36004, 'total_timesteps': 457481, 'gamma': 0.9092480511925296, 'gae_lambda': 0.8856023243536252, 'ent_coef': 0.05005859901123447, 'vf_coef': 0.20683886451569633, 'max_grad_norm': 0.14962851557247803, 'reward_scaling': 3.336469806055605e-05, 'hmax': 52343, 'sharpe_ratio_weight': 0.230559825039243, 'loss_penalty_weight': 0.40514934106798156}. Best is trial 0 with value: -100000.0.
Trial 26 finished with value: -100000.0 and parameters: {'learning_rate': 3.477123578852231e-05, 'n_steps': 23761, 'total_timesteps': 687195, 'gamma': 0.9343628059332123, 'gae_lambda': 0.8606557347504309, 'ent_coef': 0.06381256848436269, 'vf_coef': 0.18008084429304866, 'max_grad_norm': 0.22763694252317535, 'reward_scaling': 1.785434073045915e-05, 'hmax': 56556, 'sharpe_ratio_weight': 0.19402265459288476, 'loss_penalty_weight': 0.4526235992906204}. Best is trial 0 with value: -100000.0.
Trial 27 finished with value: -100000.0 and parameters: {'learning_rate': 1.2701126585507878e-05, 'n_steps': 12448, 'total_timesteps': 510255, 'gamma': 0.9209359907965334, 'gae_lambda': 0.8744897315559758, 'ent_coef': 0.05470055077922636, 'vf_coef': 0.16205642330856423, 'max_grad_norm': 0.30428935862599127, 'reward_scaling': 7.816364948823967e-05, 'hmax': 59900, 'sharpe_ratio_weight': 0.21276580866431305, 'loss_penalty_weight': 0.49156907685218687}. Best is trial 0 with value: -100000.0.
Trial 28 finished with value: -100000.0 and parameters: {'learning_rate': 1.4599069090169594e-05, 'n_steps': 38258, 'total_timesteps': 596554, 'gamma': 0.9264544291264695, 'gae_lambda': 0.8606349049350552, 'ent_coef': 0.060900903305884754, 'vf_coef': 0.1008336643983127, 'max_grad_norm': 0.2642255349621999, 'reward_scaling': 0.00012447873473887816, 'hmax': 42591, 'sharpe_ratio_weight': 0.2462429968342114, 'loss_penalty_weight': 0.453745605333484}. Best is trial 0 with value: -100000.0.
Trial 29 finished with value: -100000.0 and parameters: {'learning_rate': 2.3241081359805405e-05, 'n_steps': 41408, 'total_timesteps': 509855, 'gamma': 0.9354573668132665, 'gae_lambda': 0.8508687113782737, 'ent_coef': 0.06498323698747414, 'vf_coef': 0.2445803853923127, 'max_grad_norm': 0.3542605075543731, 'reward_scaling': 4.380457244213882e-05, 'hmax': 52398, 'sharpe_ratio_weight': 0.19913124433286136, 'loss_penalty_weight': 0.43484228104632683}. Best is trial 0 with value: -100000.0.
A new study created in memory with name: no-name-90d2b191-54f9-41d8-bdd0-6d3661dcb170
Trial 0 finished with value: -100000.0 and parameters: {'learning_rate': 0.00014752559599062366, 'n_steps': 15463, 'total_timesteps': 580197, 'gamma': 0.9529940540219107, 'gae_lambda': 0.8663995332342785, 'ent_coef': 0.06839407167266941, 'vf_coef': 0.12824255417816371, 'max_grad_norm': 0.3145278210593242, 'reward_scaling': 7.55654799185183e-05, 'hmax': 52674, 'sharpe_ratio_weight': 0.22115037641272198, 'loss_penalty_weight': 0.4681543178961616}. Best is trial 0 with value: -100000.0.
Trial 1 finished with value: -100000.0 and parameters: {'learning_rate': 0.0005105290095265186, 'n_steps': 11638, 'total_timesteps': 652654, 'gamma': 0.9755923895868577, 'gae_lambda': 0.9415215010515052, 'ent_coef': 0.06822844537997302, 'vf_coef': 0.1112581076201012, 'max_grad_norm': 0.2449640980139044, 'reward_scaling': 0.0007647123935479643, 'hmax': 44976, 'sharpe_ratio_weight': 0.1443230183580985, 'loss_penalty_weight': 0.6677436020815383}. Best is trial 0 with value: -100000.0.
Trial 2 finished with value: -100000.0 and parameters: {'learning_rate': 1.984450122638151e-05, 'n_steps': 52599, 'total_timesteps': 282903, 'gamma': 0.9253236761062668, 'gae_lambda': 0.8646217935665378, 'ent_coef': 0.06562471940842583, 'vf_coef': 0.2064053117630412, 'max_grad_norm': 0.2085210672903585, 'reward_scaling': 0.0008140191389263736, 'hmax': 35296, 'sharpe_ratio_weight': 0.17074466598083968, 'loss_penalty_weight': 0.44271787924898265}. Best is trial 0 with value: -100000.0.
Trial 3 finished with value: -100000.0 and parameters: {'learning_rate': 4.2581986121521894e-05, 'n_steps': 24242, 'total_timesteps': 661328, 'gamma': 0.9505538027988198, 'gae_lambda': 0.9472661517767629, 'ent_coef': 0.051107019090952374, 'vf_coef': 0.23342331859267448, 'max_grad_norm': 0.31306905367754945, 'reward_scaling': 7.248406180455862e-05, 'hmax': 50522, 'sharpe_ratio_weight': 0.26651573921013033, 'loss_penalty_weight': 0.43521970766779505}. Best is trial 0 with value: -100000.0.
Trial 4 finished with value: -100000.0 and parameters: {'learning_rate': 2.608111953551491e-05, 'n_steps': 6580, 'total_timesteps': 531035, 'gamma': 0.9522971894220374, 'gae_lambda': 0.9076927989951311, 'ent_coef': 0.06630437016676587, 'vf_coef': 0.12899265662474207, 'max_grad_norm': 0.1641823768718004, 'reward_scaling': 6.628564940393116e-05, 'hmax': 47365, 'sharpe_ratio_weight': 0.14934290211585757, 'loss_penalty_weight': 0.4681067888013271}. Best is trial 0 with value: -100000.0.
Trial 5 finished with value: -100000.0 and parameters: {'learning_rate': 1.7823650787092613e-05, 'n_steps': 31575, 'total_timesteps': 54499, 'gamma': 0.9825548026957241, 'gae_lambda': 0.9449184613531025, 'ent_coef': 0.08751351669917648, 'vf_coef': 0.22295385959352096, 'max_grad_norm': 0.15705784018306423, 'reward_scaling': 1.0988926737262494e-05, 'hmax': 49679, 'sharpe_ratio_weight': 0.15905907921009627, 'loss_penalty_weight': 0.738168375480959}. Best is trial 0 with value: -100000.0.
Trial 6 finished with value: -100000.0 and parameters: {'learning_rate': 0.00024529434056798854, 'n_steps': 42195, 'total_timesteps': 357835, 'gamma': 0.9108063577805142, 'gae_lambda': 0.9321097590337899, 'ent_coef': 0.052193053005162054, 'vf_coef': 0.12478515254831742, 'max_grad_norm': 0.2693685189392131, 'reward_scaling': 0.0004048309246001359, 'hmax': 36087, 'sharpe_ratio_weight': 0.1408269243209243, 'loss_penalty_weight': 0.735881096850576}. Best is trial 0 with value: -100000.0.
Trial 7 finished with value: -100000.0 and parameters: {'learning_rate': 0.00017214681351324657, 'n_steps': 22678, 'total_timesteps': 308537, 'gamma': 0.9479948439575994, 'gae_lambda': 0.8970061983403483, 'ent_coef': 0.05414126350719276, 'vf_coef': 0.19951454198141153, 'max_grad_norm': 0.23545090737771443, 'reward_scaling': 9.602080270465714e-05, 'hmax': 37012, 'sharpe_ratio_weight': 0.10523326164756369, 'loss_penalty_weight': 0.6586290813715372}. Best is trial 0 with value: -100000.0.
Trial 8 finished with value: -100000.0 and parameters: {'learning_rate': 1.893300585382365e-05, 'n_steps': 30138, 'total_timesteps': 183206, 'gamma': 0.9793622571367792, 'gae_lambda': 0.8855390048699252, 'ent_coef': 0.07730277655817207, 'vf_coef': 0.2707058846032008, 'max_grad_norm': 0.20669633526213219, 'reward_scaling': 0.00016808791701655886, 'hmax': 56262, 'sharpe_ratio_weight': 0.2229088641817498, 'loss_penalty_weight': 0.5247006470633675}. Best is trial 0 with value: -100000.0.
Trial 9 finished with value: -100000.0 and parameters: {'learning_rate': 0.0006402510509149614, 'n_steps': 7395, 'total_timesteps': 442544, 'gamma': 0.9299543601141594, 'gae_lambda': 0.8770625052483713, 'ent_coef': 0.05062542934156997, 'vf_coef': 0.13841941712194378, 'max_grad_norm': 0.3578154791302577, 'reward_scaling': 0.0008421677735275771, 'hmax': 49781, 'sharpe_ratio_weight': 0.12631562316342135, 'loss_penalty_weight': 0.6016437108349412}. Best is trial 0 with value: -100000.0.
Trial 10 finished with value: -100000.0 and parameters: {'learning_rate': 7.017283556455807e-05, 'n_steps': 16875, 'total_timesteps': 528230, 'gamma': 0.906193915837839, 'gae_lambda': 0.8544913108005303, 'ent_coef': 0.09051044570598203, 'vf_coef': 0.16151127772037285, 'max_grad_norm': 0.11530361423885108, 'reward_scaling': 3.155602009902884e-05, 'hmax': 59751, 'sharpe_ratio_weight': 0.20210828823137034, 'loss_penalty_weight': 0.5113199330357702}. Best is trial 0 with value: -100000.0.
Trial 11 finished with value: -100000.0 and parameters: {'learning_rate': 0.0008059985779956627, 'n_steps': 12663, 'total_timesteps': 694625, 'gamma': 0.9982169965308278, 'gae_lambda': 0.9170967447883789, 'ent_coef': 0.07504379470421682, 'vf_coef': 0.10131840268617928, 'max_grad_norm': 0.3662275219514274, 'reward_scaling': 0.0002460896144552649, 'hmax': 42544, 'sharpe_ratio_weight': 0.19851006992669923, 'loss_penalty_weight': 0.40149282863374985}. Best is trial 0 with value: -100000.0.
