Trial 8 finished with value: -100000.0 and parameters: {'learning_rate': 0.00019982973495911947, 'n_steps': 5719, 'total_timesteps': 350366, 'gamma': 0.9719254101949142, 'gae_lambda': 0.9130284294869611, 'ent_coef': 0.06704798627657124, 'vf_coef': 0.1212937931685981, 'max_grad_norm': 0.24910392565618625, 'reward_scaling': 0.0002145131870315525, 'hmax': 54216, 'sharpe_ratio_weight': 0.2745323547890428, 'loss_penalty_weight': 0.4063091062734392}. Best is trial 0 with value: -100000.0.
Trial 9 finished with value: -100000.0 and parameters: {'learning_rate': 5.9132079803198056e-05, 'n_steps': 16410, 'total_timesteps': 663194, 'gamma': 0.9397917706718779, 'gae_lambda': 0.9255543098562256, 'ent_coef': 0.07267747100233121, 'vf_coef': 0.19417609476246953, 'max_grad_norm': 0.10821242708779484, 'reward_scaling': 3.985209920724696e-05, 'hmax': 58431, 'sharpe_ratio_weight': 0.2255028704481853, 'loss_penalty_weight': 0.41886781107789894}. Best is trial 0 with value: -100000.0.
Trial 10 finished with value: -100000.0 and parameters: {'learning_rate': 0.0008848524790275078, 'n_steps': 42917, 'total_timesteps': 73551, 'gamma': 0.9545811594601676, 'gae_lambda': 0.875307820351967, 'ent_coef': 0.08535568340772215, 'vf_coef': 0.29981342224830276, 'max_grad_norm': 0.38303860566178716, 'reward_scaling': 0.000967225426583556, 'hmax': 31759, 'sharpe_ratio_weight': 0.13446737920637006, 'loss_penalty_weight': 0.7836103559594719}. Best is trial 0 with value: -100000.0.
Trial 11 finished with value: -100000.0 and parameters: {'learning_rate': 1.656719736602733e-05, 'n_steps': 36872, 'total_timesteps': 225888, 'gamma': 0.9470348048781136, 'gae_lambda': 0.8806457988999546, 'ent_coef': 0.07805899758614551, 'vf_coef': 0.16051343758927694, 'max_grad_norm': 0.208215104648437, 'reward_scaling': 0.00014503552333799152, 'hmax': 49382, 'sharpe_ratio_weight': 0.1248532748927972, 'loss_penalty_weight': 0.7955669490938566}. Best is trial 0 with value: -100000.0.
Trial 12 finished with value: -100000.0 and parameters: {'learning_rate': 3.134668896942957e-05, 'n_steps': 28621, 'total_timesteps': 72154, 'gamma': 0.9945077798277846, 'gae_lambda': 0.8879820865513601, 'ent_coef': 0.05051975399771087, 'vf_coef': 0.2847609533982756, 'max_grad_norm': 0.18734597360165603, 'reward_scaling': 8.897510953644303e-05, 'hmax': 49794, 'sharpe_ratio_weight': 0.10032310598441549, 'loss_penalty_weight': 0.6352184797948345}. Best is trial 0 with value: -100000.0.
Trial 13 finished with value: -100000.0 and parameters: {'learning_rate': 1.1321807759741628e-05, 'n_steps': 43255, 'total_timesteps': 308775, 'gamma': 0.9575719650388829, 'gae_lambda': 0.8650369254635232, 'ent_coef': 0.07792779416456226, 'vf_coef': 0.1436311767831019, 'max_grad_norm': 0.249887203018246, 'reward_scaling': 0.0002663564216396614, 'hmax': 48564, 'sharpe_ratio_weight': 0.19657315474604184, 'loss_penalty_weight': 0.6901020412167747}. Best is trial 0 with value: -100000.0.
Trial 14 finished with value: -100000.0 and parameters: {'learning_rate': 0.00011425632482138878, 'n_steps': 20207, 'total_timesteps': 152107, 'gamma': 0.9404107371815426, 'gae_lambda': 0.855001844568867, 'ent_coef': 0.06274059356935578, 'vf_coef': 0.19363154321999201, 'max_grad_norm': 0.18147148769444055, 'reward_scaling': 0.00035699350008415047, 'hmax': 33734, 'sharpe_ratio_weight': 0.13755194109837005, 'loss_penalty_weight': 0.5710419001163245}. Best is trial 0 with value: -100000.0.
Trial 15 finished with value: -100000.0 and parameters: {'learning_rate': 3.267516434086557e-05, 'n_steps': 34851, 'total_timesteps': 259671, 'gamma': 0.9342133858461228, 'gae_lambda': 0.9493857442924598, 'ent_coef': 0.0733891628175778, 'vf_coef': 0.14637979357377295, 'max_grad_norm': 0.2348047421517643, 'reward_scaling': 0.00013929563646969406, 'hmax': 45592, 'sharpe_ratio_weight': 0.11619549696432781, 'loss_penalty_weight': 0.7192246538651663}. Best is trial 0 with value: -100000.0.
Trial 16 finished with value: -100000.0 and parameters: {'learning_rate': 9.665964239533405e-05, 'n_steps': 47290, 'total_timesteps': 139811, 'gamma': 0.9261474273254748, 'gae_lambda': 0.9201544325533131, 'ent_coef': 0.06353370922107232, 'vf_coef': 0.2563329176064583, 'max_grad_norm': 0.16894996874135032, 'reward_scaling': 2.050318676940182e-05, 'hmax': 53242, 'sharpe_ratio_weight': 0.14005417886783864, 'loss_penalty_weight': 0.5745132050025187}. Best is trial 0 with value: -100000.0.
Trial 17 finished with value: -100000.0 and parameters: {'learning_rate': 2.9372962202016827e-05, 'n_steps': 21083, 'total_timesteps': 314830, 'gamma': 0.9000830448138721, 'gae_lambda': 0.9326978359072646, 'ent_coef': 0.08319102145238955, 'vf_coef': 0.19534399602050223, 'max_grad_norm': 0.13139334429992724, 'reward_scaling': 5.843160279124823e-05, 'hmax': 59222, 'sharpe_ratio_weight': 0.1896172127443068, 'loss_penalty_weight': 0.4742519126290822}. Best is trial 0 with value: -100000.0.
Trial 18 finished with value: -100000.0 and parameters: {'learning_rate': 7.928858299151393e-05, 'n_steps': 38128, 'total_timesteps': 519328, 'gamma': 0.9497621038339282, 'gae_lambda': 0.9166368722242695, 'ent_coef': 0.06098729573854696, 'vf_coef': 0.24541270454414874, 'max_grad_norm': 0.221227365788102, 'reward_scaling': 9.898093630802308e-05, 'hmax': 36674, 'sharpe_ratio_weight': 0.11489773940240634, 'loss_penalty_weight': 0.6117408955681066}. Best is trial 0 with value: -100000.0.
Trial 19 finished with value: -100000.0 and parameters: {'learning_rate': 0.00015515481603686797, 'n_steps': 50301, 'total_timesteps': 145526, 'gamma': 0.9598782628925431, 'gae_lambda': 0.8927285379106825, 'ent_coef': 0.07016189800079956, 'vf_coef': 0.18041915932404776, 'max_grad_norm': 0.19726977772634685, 'reward_scaling': 2.8475809833829795e-05, 'hmax': 45814, 'sharpe_ratio_weight': 0.14805316068051494, 'loss_penalty_weight': 0.5463546883056104}. Best is trial 0 with value: -100000.0.
Trial 20 finished with value: -100000.0 and parameters: {'learning_rate': 4.817254655246624e-05, 'n_steps': 43099, 'total_timesteps': 286763, 'gamma': 0.9658548893572494, 'gae_lambda': 0.937971349401326, 'ent_coef': 0.09666522248755738, 'vf_coef': 0.2149577412180582, 'max_grad_norm': 0.2892820262109108, 'reward_scaling': 0.00015713931497865724, 'hmax': 51889, 'sharpe_ratio_weight': 0.12440530190145063, 'loss_penalty_weight': 0.46455412850518263}. Best is trial 0 with value: -100000.0.
Trial 21 finished with value: -100000.0 and parameters: {'learning_rate': 1.9580772944996428e-05, 'n_steps': 7484, 'total_timesteps': 406220, 'gamma': 0.9130953188520446, 'gae_lambda': 0.94422792369102, 'ent_coef': 0.09791132385797646, 'vf_coef': 0.2318716474438972, 'max_grad_norm': 0.13983085918645027, 'reward_scaling': 0.0005697366751936711, 'hmax': 56176, 'sharpe_ratio_weight': 0.17215410829153083, 'loss_penalty_weight': 0.5163804898228092}. Best is trial 0 with value: -100000.0.
Trial 22 finished with value: -100000.0 and parameters: {'learning_rate': 1.0600387608087381e-05, 'n_steps': 12449, 'total_timesteps': 373386, 'gamma': 0.9148912670250661, 'gae_lambda': 0.9461815414201112, 'ent_coef': 0.09062124675830804, 'vf_coef': 0.2577472425815433, 'max_grad_norm': 0.17128650674633109, 'reward_scaling': 0.0009443320027863031, 'hmax': 57505, 'sharpe_ratio_weight': 0.18361791169828925, 'loss_penalty_weight': 0.4856239041924444}. Best is trial 0 with value: -100000.0.
Trial 23 finished with value: -100000.0 and parameters: {'learning_rate': 2.105215891303877e-05, 'n_steps': 2131, 'total_timesteps': 478680, 'gamma': 0.9288034915538629, 'gae_lambda': 0.9315574799921602, 'ent_coef': 0.09209100570377192, 'vf_coef': 0.21453581679613104, 'max_grad_norm': 0.12591471089422004, 'reward_scaling': 0.0005636539840593883, 'hmax': 59621, 'sharpe_ratio_weight': 0.16588691818537785, 'loss_penalty_weight': 0.5306507623702847}. Best is trial 0 with value: -100000.0.
Trial 24 finished with value: -100000.0 and parameters: {'learning_rate': 3.619303312047408e-05, 'n_steps': 32212, 'total_timesteps': 593606, 'gamma': 0.9081872869556001, 'gae_lambda': 0.9407854249191506, 'ent_coef': 0.07747761642937515, 'vf_coef': 0.2713817946699854, 'max_grad_norm': 0.1522626535442206, 'reward_scaling': 0.00032671770253829877, 'hmax': 51934, 'sharpe_ratio_weight': 0.20256521436698724, 'loss_penalty_weight': 0.5582292540622344}. Best is trial 0 with value: -100000.0.
Trial 25 finished with value: -100000.0 and parameters: {'learning_rate': 7.150789360497245e-05, 'n_steps': 24878, 'total_timesteps': 404162, 'gamma': 0.9178353666182338, 'gae_lambda': 0.9495151595276291, 'ent_coef': 0.08622361342822592, 'vf_coef': 0.23958976327398657, 'max_grad_norm': 0.18578546791363656, 'reward_scaling': 0.000406468352513347, 'hmax': 47341, 'sharpe_ratio_weight': 0.1564818072887556, 'loss_penalty_weight': 0.4919212790359344}. Best is trial 0 with value: -100000.0.
Trial 26 finished with value: -100000.0 and parameters: {'learning_rate': 2.3563052260004732e-05, 'n_steps': 12718, 'total_timesteps': 193224, 'gamma': 0.9256509120357576, 'gae_lambda': 0.9102193584151066, 'ent_coef': 0.09935124794426815, 'vf_coef': 0.28314397086650805, 'max_grad_norm': 0.10060968172425154, 'reward_scaling': 0.0006546302117835688, 'hmax': 56301, 'sharpe_ratio_weight': 0.17689658873321784, 'loss_penalty_weight': 0.5392270481339964}. Best is trial 0 with value: -100000.0.
Trial 27 finished with value: -100000.0 and parameters: {'learning_rate': 4.4883597571916196e-05, 'n_steps': 52807, 'total_timesteps': 352431, 'gamma': 0.9220998727396138, 'gae_lambda': 0.9217303126363674, 'ent_coef': 0.07425014070221345, 'vf_coef': 0.2616426918685772, 'max_grad_norm': 0.16962445522971403, 'reward_scaling': 0.00029805880296934024, 'hmax': 43842, 'sharpe_ratio_weight': 0.14236177520214988, 'loss_penalty_weight': 0.45568649164770697}. Best is trial 0 with value: -100000.0.
Trial 28 finished with value: -100000.0 and parameters: {'learning_rate': 1.6788749400585264e-05, 'n_steps': 40059, 'total_timesteps': 279973, 'gamma': 0.937817106794306, 'gae_lambda': 0.9318524858291488, 'ent_coef': 0.08146500961786537, 'vf_coef': 0.22932541349919125, 'max_grad_norm': 0.21573547803554743, 'reward_scaling': 0.00041735977829032006, 'hmax': 51934, 'sharpe_ratio_weight': 0.131131587053932, 'loss_penalty_weight': 0.5927439641818818}. Best is trial 0 with value: -100000.0.
Trial 29 finished with value: -100000.0 and parameters: {'learning_rate': 0.00013060210045776419, 'n_steps': 24007, 'total_timesteps': 197960, 'gamma': 0.9311808143358964, 'gae_lambda': 0.9263662356384139, 'ent_coef': 0.06839348341160771, 'vf_coef': 0.21818002857534913, 'max_grad_norm': 0.15058061669718392, 'reward_scaling': 0.00021856996912637862, 'hmax': 55619, 'sharpe_ratio_weight': 0.15613059393650452, 'loss_penalty_weight': 0.4997650644563087}. Best is trial 0 with value: -100000.0.
