Trial 26 finished with value: -100000.0 and parameters: {'learning_rate': 0.0006526238673088214, 'n_steps': 14849, 'total_timesteps': 107132, 'gamma': 0.9808465569931446, 'gae_lambda': 0.8780543734201064, 'ent_coef': 0.07441069077306837, 'vf_coef': 0.10305350703882962, 'max_grad_norm': 0.20180960027121786, 'reward_scaling': 0.0006634723332642479, 'hmax': 32613, 'sharpe_ratio_weight': 0.23447291187016814, 'loss_penalty_weight': 0.5559992904260073}. Best is trial 0 with value: -100000.0.
Trial 27 finished with value: -100000.0 and parameters: {'learning_rate': 0.0009384336847787916, 'n_steps': 11624, 'total_timesteps': 194569, 'gamma': 0.9898491645734141, 'gae_lambda': 0.8607622429992084, 'ent_coef': 0.08065033126823107, 'vf_coef': 0.15825217617577528, 'max_grad_norm': 0.3355078972970265, 'reward_scaling': 0.0002926522830326566, 'hmax': 37893, 'sharpe_ratio_weight': 0.20687945612894149, 'loss_penalty_weight': 0.6881784835206077}. Best is trial 0 with value: -100000.0.
Trial 28 finished with value: -100000.0 and parameters: {'learning_rate': 0.00032171674029404877, 'n_steps': 27704, 'total_timesteps': 294035, 'gamma': 0.9598172478600288, 'gae_lambda': 0.8668403554466543, 'ent_coef': 0.09277716831574218, 'vf_coef': 0.1820417284023039, 'max_grad_norm': 0.3214539627699525, 'reward_scaling': 0.0004401073385850904, 'hmax': 41429, 'sharpe_ratio_weight': 0.18293893557042146, 'loss_penalty_weight': 0.6144888664564183}. Best is trial 0 with value: -100000.0.
Trial 29 finished with value: -100000.0 and parameters: {'learning_rate': 1.2993290749497253e-05, 'n_steps': 22211, 'total_timesteps': 673862, 'gamma': 0.971589549782856, 'gae_lambda': 0.8569025961284772, 'ent_coef': 0.0726968857896467, 'vf_coef': 0.25712448196905935, 'max_grad_norm': 0.267055301797726, 'reward_scaling': 0.00012131809242617333, 'hmax': 50781, 'sharpe_ratio_weight': 0.27512215667283757, 'loss_penalty_weight': 0.6353029392816476}. Best is trial 0 with value: -100000.0.
A new study created in memory with name: no-name-2b2bb2a6-8e9c-4292-9111-56fe78f4e86a
Trial 0 finished with value: -100000.0 and parameters: {'learning_rate': 8.756350471096355e-05, 'n_steps': 27474, 'total_timesteps': 57048, 'gamma': 0.9550649669179332, 'gae_lambda': 0.9476483133923965, 'ent_coef': 0.09977970824084485, 'vf_coef': 0.12268425417074627, 'max_grad_norm': 0.10335594826015777, 'reward_scaling': 0.00022899240731667176, 'hmax': 35266, 'sharpe_ratio_weight': 0.1675683335326126, 'loss_penalty_weight': 0.5403057905332286}. Best is trial 0 with value: -100000.0.
Trial 1 finished with value: -100000.0 and parameters: {'learning_rate': 2.1652984649489157e-05, 'n_steps': 16931, 'total_timesteps': 306480, 'gamma': 0.9069409072100458, 'gae_lambda': 0.8557771575594971, 'ent_coef': 0.06768166637696446, 'vf_coef': 0.25569323918658243, 'max_grad_norm': 0.1914878917751371, 'reward_scaling': 0.0005660974749488304, 'hmax': 31624, 'sharpe_ratio_weight': 0.22536730197666774, 'loss_penalty_weight': 0.5637731265212128}. Best is trial 0 with value: -100000.0.
Trial 2 finished with value: -100000.0 and parameters: {'learning_rate': 0.00021497558748291532, 'n_steps': 11402, 'total_timesteps': 68937, 'gamma': 0.9038004172742578, 'gae_lambda': 0.8658697625123317, 'ent_coef': 0.05529544045215593, 'vf_coef': 0.10288806484117138, 'max_grad_norm': 0.3004845849562825, 'reward_scaling': 7.404198663523265e-05, 'hmax': 49653, 'sharpe_ratio_weight': 0.12061330297233358, 'loss_penalty_weight': 0.70774739191745}. Best is trial 0 with value: -100000.0.
Trial 3 finished with value: -100000.0 and parameters: {'learning_rate': 0.0005959831534975026, 'n_steps': 30581, 'total_timesteps': 423587, 'gamma': 0.984767604727731, 'gae_lambda': 0.8802550736822886, 'ent_coef': 0.09362208126823836, 'vf_coef': 0.11652244683833968, 'max_grad_norm': 0.21349329225379157, 'reward_scaling': 0.00011670835302296935, 'hmax': 34798, 'sharpe_ratio_weight': 0.11357913768057602, 'loss_penalty_weight': 0.4852665108256026}. Best is trial 0 with value: -100000.0.
Trial 4 finished with value: -100000.0 and parameters: {'learning_rate': 0.00043910199809450956, 'n_steps': 4936, 'total_timesteps': 444335, 'gamma': 0.9352287597234636, 'gae_lambda': 0.8919374789895269, 'ent_coef': 0.09788849115580153, 'vf_coef': 0.16282006756762585, 'max_grad_norm': 0.27685233496317607, 'reward_scaling': 3.464303430669548e-05, 'hmax': 51010, 'sharpe_ratio_weight': 0.22132790768089086, 'loss_penalty_weight': 0.630580641083041}. Best is trial 0 with value: -100000.0.
Trial 5 finished with value: -100000.0 and parameters: {'learning_rate': 1.2820958357251853e-05, 'n_steps': 22814, 'total_timesteps': 668402, 'gamma': 0.9563630954541746, 'gae_lambda': 0.9311738069021989, 'ent_coef': 0.07765372992896646, 'vf_coef': 0.23552615880304376, 'max_grad_norm': 0.2605154474493238, 'reward_scaling': 1.4685947548549436e-05, 'hmax': 55851, 'sharpe_ratio_weight': 0.118363482677384, 'loss_penalty_weight': 0.5686510089418462}. Best is trial 0 with value: -100000.0.
Trial 6 finished with value: -100000.0 and parameters: {'learning_rate': 0.0004866339861942396, 'n_steps': 46326, 'total_timesteps': 496296, 'gamma': 0.9716027627131083, 'gae_lambda': 0.9272371770241441, 'ent_coef': 0.061967900745712276, 'vf_coef': 0.29416665705104733, 'max_grad_norm': 0.23315823321624032, 'reward_scaling': 0.00014933697847447844, 'hmax': 55850, 'sharpe_ratio_weight': 0.13756001708514873, 'loss_penalty_weight': 0.6489825220283604}. Best is trial 0 with value: -100000.0.
Trial 7 finished with value: -100000.0 and parameters: {'learning_rate': 0.0005152603396194925, 'n_steps': 6045, 'total_timesteps': 64958, 'gamma': 0.9525485569131444, 'gae_lambda': 0.9341184666029839, 'ent_coef': 0.06701323512205279, 'vf_coef': 0.1437874890827469, 'max_grad_norm': 0.318576121237778, 'reward_scaling': 2.573437252968979e-05, 'hmax': 35440, 'sharpe_ratio_weight': 0.21590498085500992, 'loss_penalty_weight': 0.4061271601372691}. Best is trial 0 with value: -100000.0.
Trial 8 finished with value: -100000.0 and parameters: {'learning_rate': 0.00019821927858164408, 'n_steps': 6331, 'total_timesteps': 680880, 'gamma': 0.9825612023235424, 'gae_lambda': 0.897540097043475, 'ent_coef': 0.07363996802906665, 'vf_coef': 0.1053237305914372, 'max_grad_norm': 0.17543893933015692, 'reward_scaling': 0.0005820226611792312, 'hmax': 42435, 'sharpe_ratio_weight': 0.1299186610125189, 'loss_penalty_weight': 0.6446169619291521}. Best is trial 0 with value: -100000.0.
Trial 9 finished with value: -100000.0 and parameters: {'learning_rate': 0.0001322902540700005, 'n_steps': 49704, 'total_timesteps': 571005, 'gamma': 0.989086678183859, 'gae_lambda': 0.8533302307098191, 'ent_coef': 0.05055223418324377, 'vf_coef': 0.29813132486897126, 'max_grad_norm': 0.25027582238207663, 'reward_scaling': 0.00046413024300445173, 'hmax': 51329, 'sharpe_ratio_weight': 0.1588615401308997, 'loss_penalty_weight': 0.575553899422419}. Best is trial 0 with value: -100000.0.
Trial 10 finished with value: -100000.0 and parameters: {'learning_rate': 5.389942621533489e-05, 'n_steps': 59974, 'total_timesteps': 246166, 'gamma': 0.9309522072803001, 'gae_lambda': 0.9499543509469215, 'ent_coef': 0.08486287013361178, 'vf_coef': 0.13076873664449268, 'max_grad_norm': 0.10477109058795395, 'reward_scaling': 0.0003410220572848202, 'hmax': 40779, 'sharpe_ratio_weight': 0.29291743292647127, 'loss_penalty_weight': 0.7623301008414576}. Best is trial 0 with value: -100000.0.
Trial 11 finished with value: -100000.0 and parameters: {'learning_rate': 4.1656033400163686e-05, 'n_steps': 21182, 'total_timesteps': 186410, 'gamma': 0.9068766406323677, 'gae_lambda': 0.9120817367696642, 'ent_coef': 0.0805399743409887, 'vf_coef': 0.18680763246148305, 'max_grad_norm': 0.1502979852345858, 'reward_scaling': 0.0009304262038498894, 'hmax': 31648, 'sharpe_ratio_weight': 0.18100271661216535, 'loss_penalty_weight': 0.5087342397335167}. Best is trial 0 with value: -100000.0.
Trial 12 finished with value: -100000.0 and parameters: {'learning_rate': 1.7230414580592932e-05, 'n_steps': 21266, 'total_timesteps': 308237, 'gamma': 0.9255972473626406, 'gae_lambda': 0.8775271509480733, 'ent_coef': 0.06784070343942489, 'vf_coef': 0.18317443636063974, 'max_grad_norm': 0.37017881345843845, 'reward_scaling': 0.00019281138913078148, 'hmax': 31092, 'sharpe_ratio_weight': 0.17484181816867533, 'loss_penalty_weight': 0.503254060716346}. Best is trial 0 with value: -100000.0.
Trial 13 finished with value: -100000.0 and parameters: {'learning_rate': 3.057610076559557e-05, 'n_steps': 34791, 'total_timesteps': 166731, 'gamma': 0.9630753545611386, 'gae_lambda': 0.8509865960616922, 'ent_coef': 0.0896024122163231, 'vf_coef': 0.21708436433832531, 'max_grad_norm': 0.10419101446993152, 'reward_scaling': 0.0002744009859535515, 'hmax': 38214, 'sharpe_ratio_weight': 0.10248281341334045, 'loss_penalty_weight': 0.5358343461920136}. Best is trial 0 with value: -100000.0.
Trial 14 finished with value: -100000.0 and parameters: {'learning_rate': 8.167063986474136e-05, 'n_steps': 34568, 'total_timesteps': 334164, 'gamma': 0.9405444576989214, 'gae_lambda': 0.9110475617685504, 'ent_coef': 0.09796376147532503, 'vf_coef': 0.13865343008503986, 'max_grad_norm': 0.14362800364020453, 'reward_scaling': 0.0009819400074856644, 'hmax': 30280, 'sharpe_ratio_weight': 0.21111294371748823, 'loss_penalty_weight': 0.46039736627904054}. Best is trial 0 with value: -100000.0.
Trial 15 finished with value: -100000.0 and parameters: {'learning_rate': 2.3683253542466177e-05, 'n_steps': 14987, 'total_timesteps': 154296, 'gamma': 0.9205540291257299, 'gae_lambda': 0.8694432148614061, 'ent_coef': 0.08571976432748671, 'vf_coef': 0.15893866390228986, 'max_grad_norm': 0.189628129183969, 'reward_scaling': 0.0002709595661402579, 'hmax': 44935, 'sharpe_ratio_weight': 0.15054997632498776, 'loss_penalty_weight': 0.5825805862198309}. Best is trial 0 with value: -100000.0.
Trial 16 finished with value: -100000.0 and parameters: {'learning_rate': 1.1995106252631837e-05, 'n_steps': 30091, 'total_timesteps': 273495, 'gamma': 0.9449430333435951, 'gae_lambda': 0.88893559115302, 'ent_coef': 0.07225485392751156, 'vf_coef': 0.12476286655786252, 'max_grad_norm': 0.12791298832074416, 'reward_scaling': 0.0005572388505908726, 'hmax': 36238, 'sharpe_ratio_weight': 0.2594647093424649, 'loss_penalty_weight': 0.5439731411785554}. Best is trial 0 with value: -100000.0.
Trial 17 finished with value: -100000.0 and parameters: {'learning_rate': 6.12769914477394e-05, 'n_steps': 42267, 'total_timesteps': 528521, 'gamma': 0.918496023241816, 'gae_lambda': 0.9065974871592891, 'ent_coef': 0.07900313429203817, 'vf_coef': 0.15127732456543425, 'max_grad_norm': 0.16892094205655891, 'reward_scaling': 9.54893122216432e-05, 'hmax': 39389, 'sharpe_ratio_weight': 0.1906355890770221, 'loss_penalty_weight': 0.4537189163363359}. Best is trial 0 with value: -100000.0.
Trial 18 finished with value: -100000.0 and parameters: {'learning_rate': 3.2511472621052314e-05, 'n_steps': 15124, 'total_timesteps': 404016, 'gamma': 0.941582283988996, 'gae_lambda': 0.9465789616642165, 'ent_coef': 0.06277613869682604, 'vf_coef': 0.11874421152093431, 'max_grad_norm': 0.20881234383121083, 'reward_scaling': 0.00019529283366792003, 'hmax': 34704, 'sharpe_ratio_weight': 0.15642470524567456, 'loss_penalty_weight': 0.6087546618577385}. Best is trial 0 with value: -100000.0.
Trial 19 finished with value: -100000.0 and parameters: {'learning_rate': 2.239836934711374e-05, 'n_steps': 25570, 'total_timesteps': 115895, 'gamma': 0.9116875088412449, 'gae_lambda': 0.9201677152086618, 'ent_coef': 0.08995146970063085, 'vf_coef': 0.20777825326906657, 'max_grad_norm': 0.1180142640336203, 'reward_scaling': 0.0003770535356723551, 'hmax': 44633, 'sharpe_ratio_weight': 0.24267063297788113, 'loss_penalty_weight': 0.537604422622811}. Best is trial 0 with value: -100000.0.
Trial 20 finished with value: -100000.0 and parameters: {'learning_rate': 9.320145134495841e-05, 'n_steps': 17077, 'total_timesteps': 218227, 'gamma': 0.9013824531925964, 'gae_lambda': 0.9014313016425501, 'ent_coef': 0.07355702506678194, 'vf_coef': 0.2560378069173255, 'max_grad_norm': 0.1511078825392564, 'reward_scaling': 0.0005618761828882885, 'hmax': 32319, 'sharpe_ratio_weight': 0.1957229103894933, 'loss_penalty_weight': 0.610531459475404}. Best is trial 0 with value: -100000.0.
Trial 21 finished with value: -100000.0 and parameters: {'learning_rate': 0.00019223960151412573, 'n_steps': 8680, 'total_timesteps': 50579, 'gamma': 0.9126851192138193, 'gae_lambda': 0.8602051445903802, 'ent_coef': 0.056996049162379485, 'vf_coef': 0.10179950709522735, 'max_grad_norm': 0.29766378184645326, 'reward_scaling': 8.255192586377934e-05, 'hmax': 49650, 'sharpe_ratio_weight': 0.17291317650634705, 'loss_penalty_weight': 0.6914680349085226}. Best is trial 0 with value: -100000.0.
Trial 22 finished with value: -100000.0 and parameters: {'learning_rate': 0.0002770675301513407, 'n_steps': 11811, 'total_timesteps': 111789, 'gamma': 0.9002012108910666, 'gae_lambda': 0.8644928243874465, 'ent_coef': 0.057768644950659434, 'vf_coef': 0.11261598582141653, 'max_grad_norm': 0.21910087829371444, 'reward_scaling': 6.762133887252231e-05, 'hmax': 48266, 'sharpe_ratio_weight': 0.13796186842748698, 'loss_penalty_weight': 0.7699484206395285}. Best is trial 0 with value: -100000.0.
Trial 23 finished with value: -100000.0 and parameters: {'learning_rate': 0.0008369989428625636, 'n_steps': 27822, 'total_timesteps': 105879, 'gamma': 0.9256817453646827, 'gae_lambda': 0.8721705645419033, 'ent_coef': 0.06805069752681478, 'vf_coef': 0.100022286232984, 'max_grad_norm': 0.18605113729530925, 'reward_scaling': 6.226388416708542e-05, 'hmax': 58856, 'sharpe_ratio_weight': 0.15951696741604893, 'loss_penalty_weight': 0.6913784917999269}. Best is trial 0 with value: -100000.0.
Trial 24 finished with value: -100000.0 and parameters: {'learning_rate': 0.0001286905203319175, 'n_steps': 18389, 'total_timesteps': 356198, 'gamma': 0.909362727976857, 'gae_lambda': 0.859867621973896, 'ent_coef': 0.05105494769625299, 'vf_coef': 0.13212521009761719, 'max_grad_norm': 0.38070079357476405, 'reward_scaling': 0.00016451612344546272, 'hmax': 42308, 'sharpe_ratio_weight': 0.198532408405546, 'loss_penalty_weight': 0.5902039054730712}. Best is trial 0 with value: -100000.0.
Trial 25 finished with value: -100000.0 and parameters: {'learning_rate': 6.924800063128818e-05, 'n_steps': 11158, 'total_timesteps': 210729, 'gamma': 0.917798792381116, 'gae_lambda': 0.8851907686611051, 'ent_coef': 0.07564051035131662, 'vf_coef': 0.10907837052951035, 'max_grad_norm': 0.24368562056759516, 'reward_scaling': 0.00025075066798330154, 'hmax': 37777, 'sharpe_ratio_weight': 0.2384264043320191, 'loss_penalty_weight': 0.5473771895448055}. Best is trial 0 with value: -100000.0.
Trial 26 finished with value: -100000.0 and parameters: {'learning_rate': 4.4837959713214536e-05, 'n_steps': 12775, 'total_timesteps': 295268, 'gamma': 0.9494284196162676, 'gae_lambda': 0.8762398206289576, 'ent_coef': 0.08347774311435226, 'vf_coef': 0.11973110464155472, 'max_grad_norm': 0.16626478384883284, 'reward_scaling': 0.00012864401874336574, 'hmax': 47066, 'sharpe_ratio_weight': 0.1762821212661659, 'loss_penalty_weight': 0.6914714952953083}. Best is trial 0 with value: -100000.0.
Trial 27 finished with value: -100000.0 and parameters: {'learning_rate': 0.00011493693209601304, 'n_steps': 2113, 'total_timesteps': 141530, 'gamma': 0.9331695897315319, 'gae_lambda': 0.865625397258101, 'ent_coef': 0.08132703114014611, 'vf_coef': 0.10970932987882503, 'max_grad_norm': 0.19394064872490321, 'reward_scaling': 0.00022390780193608893, 'hmax': 33299, 'sharpe_ratio_weight': 0.12753535037659247, 'loss_penalty_weight': 0.5696208487634343}. Best is trial 0 with value: -100000.0.
Trial 28 finished with value: -100000.0 and parameters: {'learning_rate': 8.876915714705962e-05, 'n_steps': 37267, 'total_timesteps': 71870, 'gamma': 0.96075969897393, 'gae_lambda': 0.8848278914127486, 'ent_coef': 0.07001087230665007, 'vf_coef': 0.17175638630113593, 'max_grad_norm': 0.12980432709176162, 'reward_scaling': 0.00013518313106560242, 'hmax': 54088, 'sharpe_ratio_weight': 0.14658057059605537, 'loss_penalty_weight': 0.7993706288484762}. Best is trial 0 with value: -100000.0.
Trial 29 finished with value: -100000.0 and parameters: {'learning_rate': 0.0003325844090514154, 'n_steps': 26641, 'total_timesteps': 598647, 'gamma': 0.904258698418042, 'gae_lambda': 0.8805042721109296, 'ent_coef': 0.09257999431681155, 'vf_coef': 0.11796212269382382, 'max_grad_norm': 0.20906847714184082, 'reward_scaling': 0.00011347460363517638, 'hmax': 33756, 'sharpe_ratio_weight': 0.10235800726366072, 'loss_penalty_weight': 0.5111070008870685}. Best is trial 0 with value: -100000.0.
A new study created in memory with name: no-name-36f78c21-41b7-47ab-a1a3-38b9a6196140
Trial 0 finished with value: -100000.0 and parameters: {'learning_rate': 0.00010135602907801927, 'n_steps': 32128, 'total_timesteps': 383492, 'gamma': 0.940518149252244, 'gae_lambda': 0.9463337679563794, 'ent_coef': 0.07016966139516709, 'vf_coef': 0.2118712575891047, 'max_grad_norm': 0.25280072991226515, 'reward_scaling': 1.498493998631619e-05, 'hmax': 49431, 'sharpe_ratio_weight': 0.22850105240955146, 'loss_penalty_weight': 0.47063830073461077}. Best is trial 0 with value: -100000.0.
Trial 1 finished with value: -100000.0 and parameters: {'learning_rate': 0.0004597607805012751, 'n_steps': 2683, 'total_timesteps': 381139, 'gamma': 0.9439139342004657, 'gae_lambda': 0.911578739790905, 'ent_coef': 0.059523505729791155, 'vf_coef': 0.14647501263333784, 'max_grad_norm': 0.10180202525045845, 'reward_scaling': 0.00017991933906517403, 'hmax': 51127, 'sharpe_ratio_weight': 0.14456568767568423, 'loss_penalty_weight': 0.6522391063272313}. Best is trial 0 with value: -100000.0.
Trial 2 finished with value: -100000.0 and parameters: {'learning_rate': 1.705131434901023e-05, 'n_steps': 23056, 'total_timesteps': 287803, 'gamma': 0.9275821298204247, 'gae_lambda': 0.9390644902374311, 'ent_coef': 0.07123458475160745, 'vf_coef': 0.1155791611569157, 'max_grad_norm': 0.13718825330383813, 'reward_scaling': 0.00072917676323311, 'hmax': 46737, 'sharpe_ratio_weight': 0.15158910992428043, 'loss_penalty_weight': 0.7576845572244372}. Best is trial 0 with value: -100000.0.
Trial 3 finished with value: -100000.0 and parameters: {'learning_rate': 3.4582930915575124e-05, 'n_steps': 24460, 'total_timesteps': 294023, 'gamma': 0.9460795374576253, 'gae_lambda': 0.9174338449587478, 'ent_coef': 0.07271828909309132, 'vf_coef': 0.18902270178439243, 'max_grad_norm': 0.3606724971657773, 'reward_scaling': 5.680187138161864e-05, 'hmax': 47601, 'sharpe_ratio_weight': 0.13979202376223246, 'loss_penalty_weight': 0.5540273581709995}. Best is trial 0 with value: -100000.0.
Trial 4 finished with value: -100000.0 and parameters: {'learning_rate': 0.0004247183737468138, 'n_steps': 21860, 'total_timesteps': 206288, 'gamma': 0.969153657626345, 'gae_lambda': 0.8696553675884869, 'ent_coef': 0.05052540871392118, 'vf_coef': 0.196126244395218, 'max_grad_norm': 0.11725960580502977, 'reward_scaling': 0.0004828542783597529, 'hmax': 36098, 'sharpe_ratio_weight': 0.20540386895181206, 'loss_penalty_weight': 0.5695104735743197}. Best is trial 0 with value: -100000.0.
Trial 5 finished with value: -100000.0 and parameters: {'learning_rate': 0.0005070153607701993, 'n_steps': 36904, 'total_timesteps': 194336, 'gamma': 0.981251585881813, 'gae_lambda': 0.9302555409751304, 'ent_coef': 0.07362836489882671, 'vf_coef': 0.14591300332151394, 'max_grad_norm': 0.2145804390116477, 'reward_scaling': 0.0006083280474500053, 'hmax': 50960, 'sharpe_ratio_weight': 0.12264550595075915, 'loss_penalty_weight': 0.6260513997100293}. Best is trial 0 with value: -100000.0.
Trial 6 finished with value: -100000.0 and parameters: {'learning_rate': 0.00010404390836759904, 'n_steps': 25254, 'total_timesteps': 620440, 'gamma': 0.9783259419312222, 'gae_lambda': 0.9210078138907183, 'ent_coef': 0.0712050013553622, 'vf_coef': 0.27846901459566353, 'max_grad_norm': 0.10749021437470767, 'reward_scaling': 7.579451417427862e-05, 'hmax': 57215, 'sharpe_ratio_weight': 0.23553608785823024, 'loss_penalty_weight': 0.47866110272581086}. Best is trial 0 with value: -100000.0.
Trial 7 finished with value: -100000.0 and parameters: {'learning_rate': 0.00026866243639605137, 'n_steps': 44636, 'total_timesteps': 337453, 'gamma': 0.9116171938743306, 'gae_lambda': 0.9063077630067186, 'ent_coef': 0.06071787310261559, 'vf_coef': 0.2969946797394224, 'max_grad_norm': 0.1262179807258215, 'reward_scaling': 2.084863387143212e-05, 'hmax': 38594, 'sharpe_ratio_weight': 0.2078381820444373, 'loss_penalty_weight': 0.49747602601037866}. Best is trial 0 with value: -100000.0.
Trial 8 finished with value: -100000.0 and parameters: {'learning_rate': 2.4224091976780285e-05, 'n_steps': 52795, 'total_timesteps': 60202, 'gamma': 0.9805437213180389, 'gae_lambda': 0.8937166005056766, 'ent_coef': 0.09073952599014683, 'vf_coef': 0.1675054424311366, 'max_grad_norm': 0.2910726390586404, 'reward_scaling': 7.5025612710468e-05, 'hmax': 39876, 'sharpe_ratio_weight': 0.10887567763695055, 'loss_penalty_weight': 0.6592081567576582}. Best is trial 0 with value: -100000.0.
Trial 9 finished with value: -100000.0 and parameters: {'learning_rate': 2.9947889429457923e-05, 'n_steps': 44062, 'total_timesteps': 545201, 'gamma': 0.9921010476478711, 'gae_lambda': 0.9311706186005108, 'ent_coef': 0.09584172240639315, 'vf_coef': 0.12916505597318645, 'max_grad_norm': 0.3722207959110009, 'reward_scaling': 1.8213280136722003e-05, 'hmax': 31257, 'sharpe_ratio_weight': 0.20595430223056993, 'loss_penalty_weight': 0.5191931891237904}. Best is trial 0 with value: -100000.0.
