Trial 0 finished with value: 18.727129806301832 and parameters: {'learning_rate': 6.995673227912843e-05, 'n_steps': 3119, 'total_timesteps': 508290, 'gamma': 0.9894932254404468, 'gae_lambda': 0.9156582254203178, 'ent_coef': 0.08773949856580812, 'vf_coef': 0.18043917972408116, 'max_grad_norm': 0.1283218938404825, 'reward_scaling': 1.0936096326388394e-05, 'hmax': 43951, 'sharpe_ratio_weight': 0.2830251911351397, 'loss_penalty_weight': 0.5998555424358567}. Best is trial 0 with value: 18.727129806301832.
Trial 1 finished with value: -1.053490769205257 and parameters: {'learning_rate': 2.377415148905425e-05, 'n_steps': 3798, 'total_timesteps': 488831, 'gamma': 0.9761946521999934, 'gae_lambda': 0.9997340521064256, 'ent_coef': 0.058306729766054305, 'vf_coef': 0.23575499806409395, 'max_grad_norm': 0.13817293938324027, 'reward_scaling': 0.00022483109231676699, 'hmax': 91190, 'sharpe_ratio_weight': 0.826041999823103, 'loss_penalty_weight': 0.23203391976240778}. Best is trial 0 with value: 18.727129806301832.
Trial 2 finished with value: 0.34027756531061754 and parameters: {'learning_rate': 8.630895184333298e-05, 'n_steps': 1203, 'total_timesteps': 304781, 'gamma': 0.9972083017942791, 'gae_lambda': 0.9291500260512192, 'ent_coef': 0.04030251296654942, 'vf_coef': 0.17105840525059063, 'max_grad_norm': 0.24330676345120947, 'reward_scaling': 0.00014977533944773844, 'hmax': 92085, 'sharpe_ratio_weight': 0.2355013420252079, 'loss_penalty_weight': 0.24399398859220095}. Best is trial 0 with value: 18.727129806301832.
Trial 3 finished with value: 0.42936798581866925 and parameters: {'learning_rate': 1.7058822787805666e-05, 'n_steps': 4317, 'total_timesteps': 725640, 'gamma': 0.9145281487064072, 'gae_lambda': 0.991099239313457, 'ent_coef': 0.029668722469294227, 'vf_coef': 0.16127515185247324, 'max_grad_norm': 0.35077495034164413, 'reward_scaling': 0.0007724656519606665, 'hmax': 89359, 'sharpe_ratio_weight': 0.6220292440975203, 'loss_penalty_weight': 0.36214545518388125}. Best is trial 0 with value: 18.727129806301832.
Trial 4 finished with value: 0.9127826954939338 and parameters: {'learning_rate': 2.2461447762857927e-05, 'n_steps': 8837, 'total_timesteps': 992913, 'gamma': 0.9318402155315292, 'gae_lambda': 0.9349767008257092, 'ent_coef': 0.031579879820541376, 'vf_coef': 0.2796617773094347, 'max_grad_norm': 0.16661019472788138, 'reward_scaling': 7.194037979741996e-05, 'hmax': 84240, 'sharpe_ratio_weight': 0.8274811277327544, 'loss_penalty_weight': 0.20994079913486421}. Best is trial 0 with value: 18.727129806301832.
Trial 5 finished with value: 6.466408208916209 and parameters: {'learning_rate': 8.664770553459491e-05, 'n_steps': 2572, 'total_timesteps': 990633, 'gamma': 0.9266776162844096, 'gae_lambda': 0.9930434689144918, 'ent_coef': 0.026389347089250233, 'vf_coef': 0.1278965399044476, 'max_grad_norm': 0.19652050153627165, 'reward_scaling': 2.1288844012391942e-05, 'hmax': 96684, 'sharpe_ratio_weight': 0.6101330358094147, 'loss_penalty_weight': 0.18582036972141386}. Best is trial 0 with value: 18.727129806301832.
Trial 6 finished with value: 1.2817509386735764 and parameters: {'learning_rate': 3.218734294939689e-05, 'n_steps': 9287, 'total_timesteps': 662971, 'gamma': 0.9153152009365985, 'gae_lambda': 0.9260403982757088, 'ent_coef': 0.03926848495240643, 'vf_coef': 0.11232808245241829, 'max_grad_norm': 0.1552032487607828, 'reward_scaling': 2.7160329566240564e-05, 'hmax': 57809, 'sharpe_ratio_weight': 0.8355402661738123, 'loss_penalty_weight': 0.2782932898510099}. Best is trial 0 with value: 18.727129806301832.
Trial 7 finished with value: 8.93843667205483 and parameters: {'learning_rate': 5.330515245515764e-05, 'n_steps': 4773, 'total_timesteps': 564746, 'gamma': 0.9502624339566735, 'gae_lambda': 0.9892334755272205, 'ent_coef': 0.01105685394527028, 'vf_coef': 0.2546062661550263, 'max_grad_norm': 0.1801634680703854, 'reward_scaling': 2.896233599260525e-05, 'hmax': 82042, 'sharpe_ratio_weight': 0.3885098784852856, 'loss_penalty_weight': 0.41527650617533995}. Best is trial 0 with value: 18.727129806301832.
Trial 8 finished with value: 0.5482358864117487 and parameters: {'learning_rate': 1.701991505721755e-05, 'n_steps': 7087, 'total_timesteps': 368315, 'gamma': 0.9467395456710829, 'gae_lambda': 0.9630888163949334, 'ent_coef': 0.09235671567528973, 'vf_coef': 0.21062417987575133, 'max_grad_norm': 0.16915819746457833, 'reward_scaling': 4.327158318388702e-05, 'hmax': 80148, 'sharpe_ratio_weight': 0.4688347612377054, 'loss_penalty_weight': 0.23260943776301302}. Best is trial 0 with value: 18.727129806301832.
Trial 9 finished with value: 0.07635676556936914 and parameters: {'learning_rate': 6.36703994521148e-05, 'n_steps': 8016, 'total_timesteps': 381240, 'gamma': 0.9757199319601174, 'gae_lambda': 0.9298308624919626, 'ent_coef': 0.012116752984317141, 'vf_coef': 0.17292026944136035, 'max_grad_norm': 0.16028869873614301, 'reward_scaling': 0.0008404882059732087, 'hmax': 68899, 'sharpe_ratio_weight': 0.7299255450207416, 'loss_penalty_weight': 0.2165010075156118}. Best is trial 0 with value: 18.727129806301832.
A new study created in memory with name: no-name-9da201d4-e30c-4591-afa7-9f49d61489db
Trial 0 finished with value: 16.042107966269008 and parameters: {'learning_rate': 2.494007616372345e-05, 'n_steps': 8729, 'total_timesteps': 504998, 'gamma': 0.9623769972981521, 'gae_lambda': 0.9751966136564306, 'ent_coef': 0.022647904329943326, 'vf_coef': 0.24955819056428472, 'max_grad_norm': 0.15680035678355908, 'reward_scaling': 8.567271696972777e-05, 'hmax': 66396, 'sharpe_ratio_weight': 0.49590662516739387, 'loss_penalty_weight': 0.22968274104235378}. Best is trial 0 with value: 16.042107966269008.
Trial 1 finished with value: -8.040406894795888 and parameters: {'learning_rate': 5.827323605365839e-05, 'n_steps': 3787, 'total_timesteps': 485556, 'gamma': 0.9284689915645739, 'gae_lambda': 0.9497710379696682, 'ent_coef': 0.01790270573581529, 'vf_coef': 0.10644632715342857, 'max_grad_norm': 0.35973984542212567, 'reward_scaling': 0.0001501876562341069, 'hmax': 75711, 'sharpe_ratio_weight': 0.27214640518812055, 'loss_penalty_weight': 0.2718766246512075}. Best is trial 0 with value: 16.042107966269008.
Trial 2 finished with value: 5.9773603705443294 and parameters: {'learning_rate': 2.422634340847146e-05, 'n_steps': 1407, 'total_timesteps': 969486, 'gamma': 0.9461011150758349, 'gae_lambda': 0.9357766767645888, 'ent_coef': 0.014122303717859443, 'vf_coef': 0.2841246126033008, 'max_grad_norm': 0.21344778724783167, 'reward_scaling': 7.037976990458533e-05, 'hmax': 55773, 'sharpe_ratio_weight': 0.235301664231642, 'loss_penalty_weight': 0.21285533511668833}. Best is trial 0 with value: 16.042107966269008.
Trial 3 failed with parameters: {'learning_rate': 2.507867448838971e-05, 'n_steps': 8328, 'total_timesteps': 658252, 'gamma': 0.9652734740665218, 'gae_lambda': 0.9816314331362955, 'ent_coef': 0.08653956908188516, 'vf_coef': 0.1420827599849837, 'max_grad_norm': 0.22410490028326502, 'reward_scaling': 1.6309781810506985e-05, 'hmax': 55716, 'sharpe_ratio_weight': 0.6018378810798478, 'loss_penalty_weight': 0.2178068386477834} because of the following error: The value None could not be cast to float..
Trial 3 failed with value None.
Trial 4 failed with parameters: {'learning_rate': 2.5095596387665743e-05, 'n_steps': 5998, 'total_timesteps': 337151, 'gamma': 0.9064216740691553, 'gae_lambda': 0.9227388148789919, 'ent_coef': 0.03993262384545035, 'vf_coef': 0.132609979825593, 'max_grad_norm': 0.13910136024150166, 'reward_scaling': 6.886179842958112e-05, 'hmax': 53253, 'sharpe_ratio_weight': 0.45736722993876905, 'loss_penalty_weight': 0.11179835161252027} because of the following error: The value None could not be cast to float..
Trial 4 failed with value None.
Trial 5 failed with parameters: {'learning_rate': 8.94431784946391e-05, 'n_steps': 1306, 'total_timesteps': 823125, 'gamma': 0.9497110311880195, 'gae_lambda': 0.9261010376553654, 'ent_coef': 0.07884712405588756, 'vf_coef': 0.10872594219802711, 'max_grad_norm': 0.18956631382810785, 'reward_scaling': 0.00018905937766521905, 'hmax': 57875, 'sharpe_ratio_weight': 0.2981839086171392, 'loss_penalty_weight': 0.18731401620725122} because of the following error: The value None could not be cast to float..
Trial 5 failed with value None.
Trial 6 failed with parameters: {'learning_rate': 5.180654849384663e-05, 'n_steps': 9094, 'total_timesteps': 620617, 'gamma': 0.9894387302209345, 'gae_lambda': 0.9517083905641688, 'ent_coef': 0.04663337085132842, 'vf_coef': 0.21424489563905078, 'max_grad_norm': 0.14461453792531667, 'reward_scaling': 0.0006128585442422958, 'hmax': 58173, 'sharpe_ratio_weight': 0.581455135016961, 'loss_penalty_weight': 0.3109208759302528} because of the following error: The value None could not be cast to float..
Trial 6 failed with value None.
Trial 7 failed with parameters: {'learning_rate': 1.6091043769022595e-05, 'n_steps': 5449, 'total_timesteps': 477046, 'gamma': 0.9180401491352125, 'gae_lambda': 0.9856735202880405, 'ent_coef': 0.08684476719932376, 'vf_coef': 0.10546591037580286, 'max_grad_norm': 0.20142478797722554, 'reward_scaling': 0.0001405259839247588, 'hmax': 66071, 'sharpe_ratio_weight': 0.659528368273535, 'loss_penalty_weight': 0.2884934732605774} because of the following error: The value None could not be cast to float..
Trial 7 failed with value None.
Trial 8 failed with parameters: {'learning_rate': 3.6886182157258745e-05, 'n_steps': 4645, 'total_timesteps': 731802, 'gamma': 0.9830398848855156, 'gae_lambda': 0.9686958942428519, 'ent_coef': 0.0527228737483698, 'vf_coef': 0.2007144262530156, 'max_grad_norm': 0.12470572929569344, 'reward_scaling': 0.0007239917550095877, 'hmax': 83944, 'sharpe_ratio_weight': 0.5895672210364138, 'loss_penalty_weight': 0.48465083759024963} because of the following error: The value None could not be cast to float..
Trial 8 failed with value None.
Trial 9 failed with parameters: {'learning_rate': 3.555904751398109e-05, 'n_steps': 9898, 'total_timesteps': 827007, 'gamma': 0.9177003327582581, 'gae_lambda': 0.9645232544846751, 'ent_coef': 0.03708104600739902, 'vf_coef': 0.15743489864816843, 'max_grad_norm': 0.3953861569120391, 'reward_scaling': 0.00020279068711476512, 'hmax': 67348, 'sharpe_ratio_weight': 0.2354170334854687, 'loss_penalty_weight': 0.3994294022483041} because of the following error: The value None could not be cast to float..
Trial 9 failed with value None.
A new study created in memory with name: no-name-cb70e350-e922-47d6-9a12-347c49069e31
A new study created in memory with name: no-name-4ce1d3c3-8fda-4819-982c-10f7def4c4da
Trial 0 finished with value: 10.18967590962718 and parameters: {'learning_rate': 8.257080889432671e-05, 'n_steps': 7183, 'total_timesteps': 831200, 'gamma': 0.9329838981480192, 'gae_lambda': 0.9968483163165711, 'ent_coef': 0.015856144277571982, 'vf_coef': 0.2699379840450442, 'max_grad_norm': 0.14877083494398485, 'reward_scaling': 6.443734115830432e-05, 'hmax': 63099, 'sharpe_ratio_weight': 0.3792063877723861, 'loss_penalty_weight': 0.1900443286262496}. Best is trial 0 with value: 10.18967590962718.
Trial 1 finished with value: -0.11205226543519871 and parameters: {'learning_rate': 2.240352794580963e-05, 'n_steps': 5722, 'total_timesteps': 994886, 'gamma': 0.9357439645530771, 'gae_lambda': 0.9183400209217195, 'ent_coef': 0.0683428521708368, 'vf_coef': 0.14489856767597173, 'max_grad_norm': 0.19317078493185036, 'reward_scaling': 1.2210650168547872e-05, 'hmax': 87067, 'sharpe_ratio_weight': 0.3869596651749711, 'loss_penalty_weight': 0.21598233205001233}. Best is trial 0 with value: 10.18967590962718.
Trial 2 finished with value: 2.380315843175026 and parameters: {'learning_rate': 3.4456264747844785e-05, 'n_steps': 8601, 'total_timesteps': 864122, 'gamma': 0.9305875422487117, 'gae_lambda': 0.9586324675954092, 'ent_coef': 0.03314299419588622, 'vf_coef': 0.2874388452132285, 'max_grad_norm': 0.24382391964183048, 'reward_scaling': 0.00046949974939296886, 'hmax': 57462, 'sharpe_ratio_weight': 0.4514150195806467, 'loss_penalty_weight': 0.49460565458830147}. Best is trial 0 with value: 10.18967590962718.
A new study created in memory with name: no-name-d5b14715-cc66-4e86-994d-c174862e2d85
A new study created in memory with name: no-name-60fd5c2c-edab-4a20-b5ef-20ca2675f6b5
Trial 0 finished with value: 56.48208490840004 and parameters: {'learning_rate': 8.390475438460366e-05, 'n_steps': 85829, 'total_timesteps': 377237, 'gamma': 0.9854729932129659, 'gae_lambda': 0.9344949253914597, 'ent_coef': 0.011543882204227373, 'vf_coef': 0.13682485285945187, 'max_grad_norm': 0.11404608114887552, 'reward_scaling': 2.693217740072167e-05, 'hmax': 47000, 'high_profit_bonus': 229, 'partial_sell_bonus': 281, 'profit_threshold': 0.15595179544616233, 'sharpe_ratio_weight': 0.20425322953639585, 'loss_penalty_weight': 0.10586601896782014}. Best is trial 0 with value: 56.48208490840004.
A new study created in memory with name: no-name-833cf343-3433-400c-be9f-c28f39ebd589
A new study created in memory with name: no-name-3f1a79ed-fef0-463e-99c9-c58cf47c08f9
Trial 0 finished with value: -inf and parameters: {'learning_rate': 1.4628986636667868e-05, 'n_steps': 86077, 'total_timesteps': 135974, 'gamma': 0.9598658752833201, 'gae_lambda': 0.9619393967911286, 'ent_coef': 0.09164756495677544, 'vf_coef': 0.14009760159145837, 'max_grad_norm': 0.2090015925742458, 'reward_scaling': 6.713686922351442e-05, 'hmax': 43806, 'high_profit_bonus': 253, 'partial_sell_bonus': 424, 'profit_threshold': 0.06668915058179528, 'sharpe_ratio_weight': 0.2111139784835896, 'loss_penalty_weight': 0.16248764138390556}. Best is trial 0 with value: -inf.
Trial 1 finished with value: -inf and parameters: {'learning_rate': 1.0970672177345875e-05, 'n_steps': 48474, 'total_timesteps': 2753359, 'gamma': 0.9847672470132153, 'gae_lambda': 0.9399034833640324, 'ent_coef': 0.05300225292643694, 'vf_coef': 0.10140129794518428, 'max_grad_norm': 0.10691527455141173, 'reward_scaling': 1.2082415305840245e-05, 'hmax': 28991, 'high_profit_bonus': 477, 'partial_sell_bonus': 393, 'profit_threshold': 0.13496857938748816, 'sharpe_ratio_weight': 0.5833225860163125, 'loss_penalty_weight': 0.5690221205918645}. Best is trial 0 with value: -inf.
Trial 2 finished with value: -inf and parameters: {'learning_rate': 4.7648971173452654e-05, 'n_steps': 66271, 'total_timesteps': 2343697, 'gamma': 0.9551341958218448, 'gae_lambda': 0.9224397749858984, 'ent_coef': 0.01672136070684419, 'vf_coef': 0.21570434903896657, 'max_grad_norm': 0.311402403368462, 'reward_scaling': 0.0005415980712556329, 'hmax': 69275, 'high_profit_bonus': 463, 'partial_sell_bonus': 376, 'profit_threshold': 0.05156712856112773, 'sharpe_ratio_weight': 0.3951712008819937, 'loss_penalty_weight': 0.25298861240065307}. Best is trial 0 with value: -inf.
Trial 3 finished with value: -inf and parameters: {'learning_rate': 2.867918233155408e-05, 'n_steps': 61593, 'total_timesteps': 816472, 'gamma': 0.9621435129463016, 'gae_lambda': 0.923819757884992, 'ent_coef': 0.01841750896613655, 'vf_coef': 0.14606643581215215, 'max_grad_norm': 0.20893311208288617, 'reward_scaling': 1.0776530398313225e-05, 'hmax': 76022, 'high_profit_bonus': 406, 'partial_sell_bonus': 269, 'profit_threshold': 0.1814665987497054, 'sharpe_ratio_weight': 0.31094292543768837, 'loss_penalty_weight': 0.39683559166919635}. Best is trial 0 with value: -inf.
Trial 4 finished with value: -inf and parameters: {'learning_rate': 7.075526037540679e-05, 'n_steps': 17382, 'total_timesteps': 2536435, 'gamma': 0.9687792692885092, 'gae_lambda': 0.9583608196911714, 'ent_coef': 0.01228332400732221, 'vf_coef': 0.2948505315033176, 'max_grad_norm': 0.19235777875206417, 'reward_scaling': 3.0813923223976026e-05, 'hmax': 30613, 'high_profit_bonus': 444, 'partial_sell_bonus': 294, 'profit_threshold': 0.0700511250027511, 'sharpe_ratio_weight': 0.5137251846084878, 'loss_penalty_weight': 0.22336988040187156}. Best is trial 0 with value: -inf.
Trial 5 finished with value: -inf and parameters: {'learning_rate': 4.028386675304461e-05, 'n_steps': 32981, 'total_timesteps': 914246, 'gamma': 0.9959914596820847, 'gae_lambda': 0.9650330702206836, 'ent_coef': 0.014106813775394545, 'vf_coef': 0.12627203299428574, 'max_grad_norm': 0.16652462749561467, 'reward_scaling': 2.3068424009720398e-05, 'hmax': 78903, 'high_profit_bonus': 490, 'partial_sell_bonus': 231, 'profit_threshold': 0.09262323722634228, 'sharpe_ratio_weight': 0.288960734410051, 'loss_penalty_weight': 0.5512109710102777}. Best is trial 0 with value: -inf.
Trial 6 finished with value: -inf and parameters: {'learning_rate': 2.492536646903718e-05, 'n_steps': 17017, 'total_timesteps': 854017, 'gamma': 0.9673007860284514, 'gae_lambda': 0.9190946084091446, 'ent_coef': 0.010446791738252706, 'vf_coef': 0.2140482191437471, 'max_grad_norm': 0.20392474285474665, 'reward_scaling': 3.354789855243138e-05, 'hmax': 80584, 'high_profit_bonus': 353, 'partial_sell_bonus': 360, 'profit_threshold': 0.05702426465392009, 'sharpe_ratio_weight': 0.24462677363670127, 'loss_penalty_weight': 0.3086438526894675}. Best is trial 0 with value: -inf.
Trial 7 finished with value: -inf and parameters: {'learning_rate': 1.528954901723472e-05, 'n_steps': 72010, 'total_timesteps': 704361, 'gamma': 0.9902257485553422, 'gae_lambda': 0.9311779186365893, 'ent_coef': 0.011742325330785624, 'vf_coef': 0.11466959506779968, 'max_grad_norm': 0.11940102009678269, 'reward_scaling': 0.0009564623366713155, 'hmax': 99988, 'high_profit_bonus': 375, 'partial_sell_bonus': 332, 'profit_threshold': 0.09367008886586078, 'sharpe_ratio_weight': 0.5378911631045962, 'loss_penalty_weight': 0.5072797622522193}. Best is trial 0 with value: -inf.
Trial 8 finished with value: -inf and parameters: {'learning_rate': 1.686307688963538e-05, 'n_steps': 5302, 'total_timesteps': 1272688, 'gamma': 0.9504642366073622, 'gae_lambda': 0.9545372502110475, 'ent_coef': 0.031956037637031524, 'vf_coef': 0.19107707768720106, 'max_grad_norm': 0.3019346559642937, 'reward_scaling': 4.020051224308289e-05, 'hmax': 20812, 'high_profit_bonus': 320, 'partial_sell_bonus': 252, 'profit_threshold': 0.06270946854054034, 'sharpe_ratio_weight': 0.2942198565643117, 'loss_penalty_weight': 0.23539848959740584}. Best is trial 0 with value: -inf.
