Trial 24 finished with value: -100000.0 and parameters: {'learning_rate': 1.4918260964625191e-05, 'n_steps': 10396, 'total_timesteps': 541123, 'gamma': 0.9096703695122275, 'gae_lambda': 0.9371024653650328, 'ent_coef': 0.07642908466315458, 'vf_coef': 0.16251657272472347, 'max_grad_norm': 0.13715819706847787, 'reward_scaling': 0.00027520073228805487, 'hmax': 34618, 'sharpe_ratio_weight': 0.109737704096729, 'loss_penalty_weight': 0.46474621431694746}. Best is trial 0 with value: -100000.0.
Trial 25 finished with value: -100000.0 and parameters: {'learning_rate': 4.311904819773951e-05, 'n_steps': 20713, 'total_timesteps': 406670, 'gamma': 0.9202587251239149, 'gae_lambda': 0.9209275284157712, 'ent_coef': 0.09331926460438071, 'vf_coef': 0.14633474582186817, 'max_grad_norm': 0.11366838987981127, 'reward_scaling': 0.0006848958333883357, 'hmax': 41111, 'sharpe_ratio_weight': 0.1006023259574916, 'loss_penalty_weight': 0.5116986955252079}. Best is trial 0 with value: -100000.0.
Trial 26 finished with value: -100000.0 and parameters: {'learning_rate': 7.701785497807288e-05, 'n_steps': 33395, 'total_timesteps': 621539, 'gamma': 0.9550823850282744, 'gae_lambda': 0.9366087601382809, 'ent_coef': 0.08571325616245534, 'vf_coef': 0.18145709468299703, 'max_grad_norm': 0.16749990126113268, 'reward_scaling': 0.00041362254183654193, 'hmax': 45301, 'sharpe_ratio_weight': 0.12982299016394538, 'loss_penalty_weight': 0.46128574239750875}. Best is trial 0 with value: -100000.0.
Trial 27 finished with value: -100000.0 and parameters: {'learning_rate': 2.9015212030140894e-05, 'n_steps': 43680, 'total_timesteps': 317927, 'gamma': 0.9342642922326221, 'gae_lambda': 0.9124860093380678, 'ent_coef': 0.08223617503628827, 'vf_coef': 0.16336551069541372, 'max_grad_norm': 0.1379108371510204, 'reward_scaling': 0.00022505325310837626, 'hmax': 48837, 'sharpe_ratio_weight': 0.12035354438723589, 'loss_penalty_weight': 0.40408157399126265}. Best is trial 0 with value: -100000.0.
Trial 28 finished with value: -100000.0 and parameters: {'learning_rate': 5.3540705472036555e-05, 'n_steps': 3582, 'total_timesteps': 474659, 'gamma': 0.9127167145660269, 'gae_lambda': 0.924012960815274, 'ent_coef': 0.09584544298718367, 'vf_coef': 0.14234066534362183, 'max_grad_norm': 0.10945191343323656, 'reward_scaling': 0.0007042598327492584, 'hmax': 51611, 'sharpe_ratio_weight': 0.154895875943202, 'loss_penalty_weight': 0.5584591695501494}. Best is trial 0 with value: -100000.0.
Trial 29 finished with value: -100000.0 and parameters: {'learning_rate': 0.00011608596894171135, 'n_steps': 38287, 'total_timesteps': 187177, 'gamma': 0.9048571171312749, 'gae_lambda': 0.9403416639146159, 'ent_coef': 0.09005956283543265, 'vf_coef': 0.15026263056415612, 'max_grad_norm': 0.18059260846307232, 'reward_scaling': 0.0001455595059953067, 'hmax': 55875, 'sharpe_ratio_weight': 0.129843708485256, 'loss_penalty_weight': 0.5384179769602142}. Best is trial 0 with value: -100000.0.
A new study created in memory with name: no-name-efff4786-4f90-45ed-a0a2-8a11179240c9
Trial 0 finished with value: -100000.0 and parameters: {'learning_rate': 0.00010243756982134162, 'n_steps': 48956, 'total_timesteps': 166829, 'gamma': 0.9216200340488472, 'gae_lambda': 0.8956428495704474, 'ent_coef': 0.06471488497840876, 'vf_coef': 0.29770134026822553, 'max_grad_norm': 0.23184780929439522, 'reward_scaling': 0.00011062901490005512, 'hmax': 46786, 'sharpe_ratio_weight': 0.1784362380691024, 'loss_penalty_weight': 0.723413584133032}. Best is trial 0 with value: -100000.0.
Trial 1 finished with value: -100000.0 and parameters: {'learning_rate': 0.00036058366903171034, 'n_steps': 41623, 'total_timesteps': 263775, 'gamma': 0.9190879913996879, 'gae_lambda': 0.8793182653927768, 'ent_coef': 0.05349108037617939, 'vf_coef': 0.21936220442927554, 'max_grad_norm': 0.26813652594255344, 'reward_scaling': 0.0003030887383626168, 'hmax': 57504, 'sharpe_ratio_weight': 0.13901400933553207, 'loss_penalty_weight': 0.5709987065660068}. Best is trial 0 with value: -100000.0.
Trial 2 finished with value: -100000.0 and parameters: {'learning_rate': 1.671185169882824e-05, 'n_steps': 8692, 'total_timesteps': 451922, 'gamma': 0.9997462673962504, 'gae_lambda': 0.8589061990674005, 'ent_coef': 0.08846316911111224, 'vf_coef': 0.1569439645236308, 'max_grad_norm': 0.1408782655062016, 'reward_scaling': 4.9467913442806636e-05, 'hmax': 31952, 'sharpe_ratio_weight': 0.10455921667511225, 'loss_penalty_weight': 0.78711706858236}. Best is trial 0 with value: -100000.0.
Trial 3 finished with value: -100000.0 and parameters: {'learning_rate': 0.000565017469371553, 'n_steps': 32550, 'total_timesteps': 223430, 'gamma': 0.9479648321343831, 'gae_lambda': 0.9112334451916572, 'ent_coef': 0.08870130799749963, 'vf_coef': 0.1270541762310426, 'max_grad_norm': 0.26475730913243944, 'reward_scaling': 5.1533475786876805e-05, 'hmax': 32316, 'sharpe_ratio_weight': 0.19753633585234173, 'loss_penalty_weight': 0.46681022707993336}. Best is trial 0 with value: -100000.0.
Trial 4 finished with value: -100000.0 and parameters: {'learning_rate': 0.00010094575819828973, 'n_steps': 50790, 'total_timesteps': 67944, 'gamma': 0.9467045975228038, 'gae_lambda': 0.9354786044566472, 'ent_coef': 0.08029649815679657, 'vf_coef': 0.15601481132303263, 'max_grad_norm': 0.31776946137551493, 'reward_scaling': 0.00047825802357898795, 'hmax': 42897, 'sharpe_ratio_weight': 0.12927153348416404, 'loss_penalty_weight': 0.5144610062858614}. Best is trial 0 with value: -100000.0.
Trial 5 finished with value: -100000.0 and parameters: {'learning_rate': 1.3459590882750079e-05, 'n_steps': 30982, 'total_timesteps': 208519, 'gamma': 0.9497582319779438, 'gae_lambda': 0.9093387465263949, 'ent_coef': 0.059582996748617695, 'vf_coef': 0.1527199558971628, 'max_grad_norm': 0.36349796941578405, 'reward_scaling': 1.2285253686007133e-05, 'hmax': 49608, 'sharpe_ratio_weight': 0.20663315140062208, 'loss_penalty_weight': 0.5695676603900026}. Best is trial 0 with value: -100000.0.
Trial 6 finished with value: -100000.0 and parameters: {'learning_rate': 1.708243756355899e-05, 'n_steps': 59527, 'total_timesteps': 292283, 'gamma': 0.9762134161923205, 'gae_lambda': 0.8840546422657711, 'ent_coef': 0.05256580113403071, 'vf_coef': 0.13804318486695427, 'max_grad_norm': 0.27822080213259653, 'reward_scaling': 1.0842191968278134e-05, 'hmax': 34067, 'sharpe_ratio_weight': 0.22835968647393032, 'loss_penalty_weight': 0.5543500926504633}. Best is trial 0 with value: -100000.0.
Trial 7 finished with value: -100000.0 and parameters: {'learning_rate': 0.00011516543634538093, 'n_steps': 27668, 'total_timesteps': 234719, 'gamma': 0.9105249084316112, 'gae_lambda': 0.9079356058654384, 'ent_coef': 0.06314158158261272, 'vf_coef': 0.2895818910547047, 'max_grad_norm': 0.1948400302190434, 'reward_scaling': 1.1900185415747807e-05, 'hmax': 56237, 'sharpe_ratio_weight': 0.1313071101543043, 'loss_penalty_weight': 0.587663462750792}. Best is trial 0 with value: -100000.0.
Trial 8 finished with value: -100000.0 and parameters: {'learning_rate': 0.0009584991101924636, 'n_steps': 57020, 'total_timesteps': 587322, 'gamma': 0.9777314975305587, 'gae_lambda': 0.9248856303705418, 'ent_coef': 0.06991016749185529, 'vf_coef': 0.2839650946939374, 'max_grad_norm': 0.1467906020733998, 'reward_scaling': 0.0005029891313291671, 'hmax': 55128, 'sharpe_ratio_weight': 0.19715016329375912, 'loss_penalty_weight': 0.6248099860353903}. Best is trial 0 with value: -100000.0.
Trial 9 finished with value: -100000.0 and parameters: {'learning_rate': 1.2138319419844593e-05, 'n_steps': 27823, 'total_timesteps': 78796, 'gamma': 0.9611771069673545, 'gae_lambda': 0.8959425456005123, 'ent_coef': 0.07661262314963642, 'vf_coef': 0.11216009227839889, 'max_grad_norm': 0.2713577913437889, 'reward_scaling': 3.4797617335611855e-05, 'hmax': 59922, 'sharpe_ratio_weight': 0.12361473659681481, 'loss_penalty_weight': 0.4350313255276881}. Best is trial 0 with value: -100000.0.
Trial 10 finished with value: -100000.0 and parameters: {'learning_rate': 5.0681396402763206e-05, 'n_steps': 12026, 'total_timesteps': 438818, 'gamma': 0.901450431626892, 'gae_lambda': 0.9436326748877714, 'ent_coef': 0.06665676509630068, 'vf_coef': 0.19657216886375992, 'max_grad_norm': 0.10302578253153091, 'reward_scaling': 0.00019169583098996748, 'hmax': 41509, 'sharpe_ratio_weight': 0.29655401551327437, 'loss_penalty_weight': 0.7382234358334432}. Best is trial 0 with value: -100000.0.
Trial 11 finished with value: -100000.0 and parameters: {'learning_rate': 0.0002572135421802397, 'n_steps': 42490, 'total_timesteps': 360220, 'gamma': 0.9227765356157167, 'gae_lambda': 0.8782057750973661, 'ent_coef': 0.050424426883658995, 'vf_coef': 0.22859366167462605, 'max_grad_norm': 0.22699608689460704, 'reward_scaling': 0.0001661326492554469, 'hmax': 48980, 'sharpe_ratio_weight': 0.15995070552544066, 'loss_penalty_weight': 0.6843018713407808}. Best is trial 0 with value: -100000.0.
Trial 12 finished with value: -100000.0 and parameters: {'learning_rate': 0.0002898763498598827, 'n_steps': 42508, 'total_timesteps': 140227, 'gamma': 0.9245268227732415, 'gae_lambda': 0.868573173216305, 'ent_coef': 0.057131624535608126, 'vf_coef': 0.23502271961424043, 'max_grad_norm': 0.3657506398493669, 'reward_scaling': 0.0009848473322862776, 'hmax': 48989, 'sharpe_ratio_weight': 0.15551860213220856, 'loss_penalty_weight': 0.6628977442862996}. Best is trial 0 with value: -100000.0.
Trial 13 finished with value: -100000.0 and parameters: {'learning_rate': 0.0002301040774856679, 'n_steps': 43163, 'total_timesteps': 325855, 'gamma': 0.9257223827722472, 'gae_lambda': 0.8511181271794623, 'ent_coef': 0.05586094457053809, 'vf_coef': 0.18870146519471806, 'max_grad_norm': 0.21274392557706998, 'reward_scaling': 0.0001240446107112268, 'hmax': 37599, 'sharpe_ratio_weight': 0.16257747457157137, 'loss_penalty_weight': 0.7055202802125868}. Best is trial 0 with value: -100000.0.
Trial 14 finished with value: -100000.0 and parameters: {'learning_rate': 5.1848831640791804e-05, 'n_steps': 47092, 'total_timesteps': 181589, 'gamma': 0.9120612452980317, 'gae_lambda': 0.8884467174764548, 'ent_coef': 0.06121442705008752, 'vf_coef': 0.24896991013959618, 'max_grad_norm': 0.2326420742725268, 'reward_scaling': 0.0002855775540547703, 'hmax': 53746, 'sharpe_ratio_weight': 0.13734290142771272, 'loss_penalty_weight': 0.6371798683373475}. Best is trial 0 with value: -100000.0.
Trial 15 finished with value: -100000.0 and parameters: {'learning_rate': 0.0004917698444637557, 'n_steps': 35163, 'total_timesteps': 687723, 'gamma': 0.9328140709324696, 'gae_lambda': 0.8743625565150295, 'ent_coef': 0.06540172360833206, 'vf_coef': 0.20926982778086964, 'max_grad_norm': 0.3183326645786279, 'reward_scaling': 0.00010841573634932937, 'hmax': 45803, 'sharpe_ratio_weight': 0.17688129428573388, 'loss_penalty_weight': 0.7753130205629775}. Best is trial 0 with value: -100000.0.
Trial 16 finished with value: -100000.0 and parameters: {'learning_rate': 0.00017004355859290363, 'n_steps': 17076, 'total_timesteps': 457869, 'gamma': 0.9022427295769602, 'gae_lambda': 0.8939610439275082, 'ent_coef': 0.05438334963939441, 'vf_coef': 0.2977036788795641, 'max_grad_norm': 0.19059006214080046, 'reward_scaling': 0.0002684234156513266, 'hmax': 59927, 'sharpe_ratio_weight': 0.10574403009909436, 'loss_penalty_weight': 0.7241805085903056}. Best is trial 0 with value: -100000.0.
Trial 17 finished with value: -100000.0 and parameters: {'learning_rate': 6.0449336087792806e-05, 'n_steps': 52022, 'total_timesteps': 279391, 'gamma': 0.9321447724547917, 'gae_lambda': 0.86704922405314, 'ent_coef': 0.050072813429197116, 'vf_coef': 0.25379420684478365, 'max_grad_norm': 0.39242651233582, 'reward_scaling': 7.617687299942646e-05, 'hmax': 39521, 'sharpe_ratio_weight': 0.14524962237650244, 'loss_penalty_weight': 0.6158985848933036}. Best is trial 0 with value: -100000.0.
Trial 18 finished with value: -100000.0 and parameters: {'learning_rate': 0.000142652155582071, 'n_steps': 21026, 'total_timesteps': 118734, 'gamma': 0.9147193121934732, 'gae_lambda': 0.8813669173920031, 'ent_coef': 0.058364899105459105, 'vf_coef': 0.2155848200607387, 'max_grad_norm': 0.24105598062368486, 'reward_scaling': 0.00018010136655617447, 'hmax': 52285, 'sharpe_ratio_weight': 0.17675964943151443, 'loss_penalty_weight': 0.5178324092839127}. Best is trial 0 with value: -100000.0.
Trial 19 finished with value: -100000.0 and parameters: {'learning_rate': 0.0003824562458314971, 'n_steps': 2463, 'total_timesteps': 396362, 'gamma': 0.9364898115478855, 'gae_lambda': 0.9005232504264965, 'ent_coef': 0.061652189233191615, 'vf_coef': 0.18124463601203566, 'max_grad_norm': 0.18084525227455464, 'reward_scaling': 7.473583070620373e-05, 'hmax': 46429, 'sharpe_ratio_weight': 0.14746219184352033, 'loss_penalty_weight': 0.6888493363978426}. Best is trial 0 with value: -100000.0.
Trial 20 finished with value: -100000.0 and parameters: {'learning_rate': 7.657850219709009e-05, 'n_steps': 37428, 'total_timesteps': 158034, 'gamma': 0.9181710114035565, 'gae_lambda': 0.8897169977615775, 'ent_coef': 0.05434619918415246, 'vf_coef': 0.24969540436630108, 'max_grad_norm': 0.31073168970751125, 'reward_scaling': 0.0004073165201091889, 'hmax': 57186, 'sharpe_ratio_weight': 0.11520375262670732, 'loss_penalty_weight': 0.7985063526898953}. Best is trial 0 with value: -100000.0.
Trial 21 finished with value: -100000.0 and parameters: {'learning_rate': 3.400883407721729e-05, 'n_steps': 3017, 'total_timesteps': 510232, 'gamma': 0.9895140109667507, 'gae_lambda': 0.8553733804891163, 'ent_coef': 0.09662175238825414, 'vf_coef': 0.16977750015527002, 'max_grad_norm': 0.1663197572927901, 'reward_scaling': 3.3956218017878326e-05, 'hmax': 30346, 'sharpe_ratio_weight': 0.10445540932232432, 'loss_penalty_weight': 0.7594450749079115}. Best is trial 0 with value: -100000.0.
Trial 22 finished with value: -100000.0 and parameters: {'learning_rate': 2.643375173453211e-05, 'n_steps': 10733, 'total_timesteps': 532263, 'gamma': 0.9850558627166704, 'gae_lambda': 0.8623843819778115, 'ent_coef': 0.0730821997703548, 'vf_coef': 0.20338061027295706, 'max_grad_norm': 0.1393890409486641, 'reward_scaling': 8.936580677928386e-05, 'hmax': 36265, 'sharpe_ratio_weight': 0.11614556070963847, 'loss_penalty_weight': 0.7979345195844153}. Best is trial 0 with value: -100000.0.
Trial 23 finished with value: -100000.0 and parameters: {'learning_rate': 8.409594526415196e-05, 'n_steps': 52200, 'total_timesteps': 283270, 'gamma': 0.9982681084611952, 'gae_lambda': 0.8732587748234969, 'ent_coef': 0.0823742505167925, 'vf_coef': 0.172727649773513, 'max_grad_norm': 0.21239531767908365, 'reward_scaling': 5.720206749176581e-05, 'hmax': 43625, 'sharpe_ratio_weight': 0.1200570431379449, 'loss_penalty_weight': 0.725450116656106}. Best is trial 0 with value: -100000.0.
Trial 24 finished with value: -100000.0 and parameters: {'learning_rate': 0.00016330110360681082, 'n_steps': 38103, 'total_timesteps': 382392, 'gamma': 0.9642232815541648, 'gae_lambda': 0.8655334432655051, 'ent_coef': 0.07055442881924545, 'vf_coef': 0.26867736106862916, 'max_grad_norm': 0.2531468976875215, 'reward_scaling': 0.00014032505533537816, 'hmax': 38773, 'sharpe_ratio_weight': 0.10212980026039077, 'loss_penalty_weight': 0.6637542327072645}. Best is trial 0 with value: -100000.0.
Trial 25 finished with value: -100000.0 and parameters: {'learning_rate': 2.3566494645938122e-05, 'n_steps': 22857, 'total_timesteps': 452397, 'gamma': 0.9408572032437096, 'gae_lambda': 0.8815592530909375, 'ent_coef': 0.06754888499000931, 'vf_coef': 0.22615081760262915, 'max_grad_norm': 0.22625214627886991, 'reward_scaling': 0.00011066502947345704, 'hmax': 51363, 'sharpe_ratio_weight': 0.1414272401959962, 'loss_penalty_weight': 0.7490525924781354}. Best is trial 0 with value: -100000.0.
Trial 26 finished with value: -100000.0 and parameters: {'learning_rate': 1.0732211990415028e-05, 'n_steps': 47167, 'total_timesteps': 341291, 'gamma': 0.9274520179251655, 'gae_lambda': 0.8574389645518014, 'ent_coef': 0.0748799863347735, 'vf_coef': 0.26658235517333, 'max_grad_norm': 0.17123558402453576, 'reward_scaling': 4.059734701285922e-05, 'hmax': 46767, 'sharpe_ratio_weight': 0.1134868818024062, 'loss_penalty_weight': 0.7039571879678524}. Best is trial 0 with value: -100000.0.
Trial 27 finished with value: -100000.0 and parameters: {'learning_rate': 4.084736437797236e-05, 'n_steps': 10068, 'total_timesteps': 600422, 'gamma': 0.9188093626424002, 'gae_lambda': 0.8744963343861822, 'ent_coef': 0.06338614673009386, 'vf_coef': 0.1966771029007338, 'max_grad_norm': 0.20884842940483422, 'reward_scaling': 2.480574580094245e-05, 'hmax': 35138, 'sharpe_ratio_weight': 0.12738586911232305, 'loss_penalty_weight': 0.7568647599910026}. Best is trial 0 with value: -100000.0.
Trial 28 finished with value: -100000.0 and parameters: {'learning_rate': 8.418996025625508e-05, 'n_steps': 39696, 'total_timesteps': 262133, 'gamma': 0.907290113221274, 'gae_lambda': 0.8609775363443541, 'ent_coef': 0.05748638598364555, 'vf_coef': 0.21577703264174822, 'max_grad_norm': 0.29198150118450317, 'reward_scaling': 6.266339004565156e-05, 'hmax': 40916, 'sharpe_ratio_weight': 0.10953900781087805, 'loss_penalty_weight': 0.6510874758766354}. Best is trial 0 with value: -100000.0.
Trial 29 finished with value: -100000.0 and parameters: {'learning_rate': 0.00012808738880506273, 'n_steps': 48143, 'total_timesteps': 205709, 'gamma': 0.997952151511794, 'gae_lambda': 0.8505188681286467, 'ent_coef': 0.08894030893329152, 'vf_coef': 0.2724781989249783, 'max_grad_norm': 0.2622402298679244, 'reward_scaling': 9.204157947041387e-05, 'hmax': 32262, 'sharpe_ratio_weight': 0.12513428975729596, 'loss_penalty_weight': 0.4009445237319565}. Best is trial 0 with value: -100000.0.
A new study created in memory with name: no-name-83ded00e-7bfe-40dc-8eb0-70e890f380e3
Trial 0 finished with value: -100000.0 and parameters: {'learning_rate': 3.514097032826103e-05, 'n_steps': 47259, 'total_timesteps': 350489, 'gamma': 0.9435280699975064, 'gae_lambda': 0.8663540969367058, 'ent_coef': 0.08881189877378758, 'vf_coef': 0.15125176911172977, 'max_grad_norm': 0.15938677393158657, 'reward_scaling': 0.000258217969090828, 'hmax': 48616, 'sharpe_ratio_weight': 0.2454007048453229, 'loss_penalty_weight': 0.5964906294359876}. Best is trial 0 with value: -100000.0.
Trial 1 finished with value: -100000.0 and parameters: {'learning_rate': 1.2188381492777248e-05, 'n_steps': 57694, 'total_timesteps': 631524, 'gamma': 0.9736842568041707, 'gae_lambda': 0.928196330662617, 'ent_coef': 0.09981532050106619, 'vf_coef': 0.11006919181586687, 'max_grad_norm': 0.16228457979437125, 'reward_scaling': 0.00021220500330824095, 'hmax': 44491, 'sharpe_ratio_weight': 0.13183860163447209, 'loss_penalty_weight': 0.4134697538155761}. Best is trial 0 with value: -100000.0.
Trial 2 finished with value: -100000.0 and parameters: {'learning_rate': 0.0004159134485089902, 'n_steps': 37687, 'total_timesteps': 287285, 'gamma': 0.929299215808893, 'gae_lambda': 0.9002950104683702, 'ent_coef': 0.05179060394871685, 'vf_coef': 0.1771290543486403, 'max_grad_norm': 0.16675536057370083, 'reward_scaling': 0.00023431607962257916, 'hmax': 43387, 'sharpe_ratio_weight': 0.18773420897567208, 'loss_penalty_weight': 0.6138741039771053}. Best is trial 0 with value: -100000.0.
Trial 3 finished with value: -100000.0 and parameters: {'learning_rate': 0.00044289570725622907, 'n_steps': 4670, 'total_timesteps': 636726, 'gamma': 0.9491707575185165, 'gae_lambda': 0.9256721777279161, 'ent_coef': 0.06796231934013836, 'vf_coef': 0.10958902885850556, 'max_grad_norm': 0.2626010386084252, 'reward_scaling': 0.0003905207902849557, 'hmax': 55228, 'sharpe_ratio_weight': 0.16947067091583817, 'loss_penalty_weight': 0.5459019874676134}. Best is trial 0 with value: -100000.0.
Trial 4 finished with value: -100000.0 and parameters: {'learning_rate': 1.887397689410535e-05, 'n_steps': 12725, 'total_timesteps': 636088, 'gamma': 0.9831950520592075, 'gae_lambda': 0.8532504413567794, 'ent_coef': 0.07275718466294605, 'vf_coef': 0.15937647165876317, 'max_grad_norm': 0.11132773346647513, 'reward_scaling': 0.00010656278070613681, 'hmax': 52974, 'sharpe_ratio_weight': 0.1492254205803501, 'loss_penalty_weight': 0.6772158114329777}. Best is trial 0 with value: -100000.0.
Trial 5 finished with value: -100000.0 and parameters: {'learning_rate': 0.0005742799863712691, 'n_steps': 29599, 'total_timesteps': 353398, 'gamma': 0.9386581805396761, 'gae_lambda': 0.8738587098956024, 'ent_coef': 0.09989263346666191, 'vf_coef': 0.10996169999039698, 'max_grad_norm': 0.299487847095675, 'reward_scaling': 1.6491889137071043e-05, 'hmax': 33132, 'sharpe_ratio_weight': 0.130569222947394, 'loss_penalty_weight': 0.7800604276376274}. Best is trial 0 with value: -100000.0.
Trial 6 finished with value: -100000.0 and parameters: {'learning_rate': 0.000343939325825583, 'n_steps': 16248, 'total_timesteps': 697619, 'gamma': 0.962089717287463, 'gae_lambda': 0.9403050421097596, 'ent_coef': 0.07964169134509752, 'vf_coef': 0.1678245454959622, 'max_grad_norm': 0.1859658859087157, 'reward_scaling': 4.281840736740782e-05, 'hmax': 55917, 'sharpe_ratio_weight': 0.1051600570347626, 'loss_penalty_weight': 0.4451763192418843}. Best is trial 0 with value: -100000.0.
Trial 7 finished with value: -100000.0 and parameters: {'learning_rate': 0.00022680209689085524, 'n_steps': 13523, 'total_timesteps': 468314, 'gamma': 0.9859774140239135, 'gae_lambda': 0.9432898817235347, 'ent_coef': 0.09736858936112278, 'vf_coef': 0.2915315727947874, 'max_grad_norm': 0.2360008529352967, 'reward_scaling': 0.0009760029368297751, 'hmax': 48545, 'sharpe_ratio_weight': 0.12461143321174192, 'loss_penalty_weight': 0.7096600509308532}. Best is trial 0 with value: -100000.0.
