Trial 6 finished with value: -100000.0 and parameters: {'learning_rate': 1.3833955287693809e-05, 'n_steps': 17061, 'total_timesteps': 510559, 'gamma': 0.9301527775147448, 'gae_lambda': 0.9182713224486084, 'ent_coef': 0.07366368461637415, 'vf_coef': 0.17233920523425073, 'max_grad_norm': 0.33269713566865294, 'reward_scaling': 0.00010148720124656288, 'hmax': 33827, 'sharpe_ratio_weight': 0.2198143301618999, 'loss_penalty_weight': 0.642557635017859}. Best is trial 0 with value: -100000.0.
Trial 7 finished with value: -100000.0 and parameters: {'learning_rate': 3.789894192379872e-05, 'n_steps': 57756, 'total_timesteps': 105126, 'gamma': 0.9992397390791024, 'gae_lambda': 0.9186088921920756, 'ent_coef': 0.06281843597275963, 'vf_coef': 0.26819727766184304, 'max_grad_norm': 0.1901051110546055, 'reward_scaling': 0.00013859156871109097, 'hmax': 54642, 'sharpe_ratio_weight': 0.16934200784902473, 'loss_penalty_weight': 0.5645916950691682}. Best is trial 0 with value: -100000.0.
Trial 8 finished with value: -100000.0 and parameters: {'learning_rate': 2.4460514919666296e-05, 'n_steps': 37791, 'total_timesteps': 519742, 'gamma': 0.9729310435123627, 'gae_lambda': 0.8795870465422823, 'ent_coef': 0.060985740862163865, 'vf_coef': 0.10825813253423706, 'max_grad_norm': 0.274440008029492, 'reward_scaling': 3.058438733472042e-05, 'hmax': 51216, 'sharpe_ratio_weight': 0.24580409633294098, 'loss_penalty_weight': 0.629311746047347}. Best is trial 0 with value: -100000.0.
Trial 9 finished with value: -100000.0 and parameters: {'learning_rate': 1.1010009746177174e-05, 'n_steps': 41746, 'total_timesteps': 230793, 'gamma': 0.9519487956540154, 'gae_lambda': 0.9154379885590338, 'ent_coef': 0.06087753116814744, 'vf_coef': 0.20688131836349044, 'max_grad_norm': 0.3088289928548613, 'reward_scaling': 0.0005756740623904227, 'hmax': 35085, 'sharpe_ratio_weight': 0.29581143628963846, 'loss_penalty_weight': 0.40271247105103564}. Best is trial 0 with value: -100000.0.
Trial 10 finished with value: -100000.0 and parameters: {'learning_rate': 0.0001815327987049645, 'n_steps': 26028, 'total_timesteps': 694898, 'gamma': 0.9004459840564852, 'gae_lambda': 0.9488610026578994, 'ent_coef': 0.05025453350116586, 'vf_coef': 0.14990801221982558, 'max_grad_norm': 0.3961359733905529, 'reward_scaling': 1.4194413107779098e-05, 'hmax': 40469, 'sharpe_ratio_weight': 0.18697811478858087, 'loss_penalty_weight': 0.7895725526220205}. Best is trial 0 with value: -100000.0.
Trial 11 finished with value: -100000.0 and parameters: {'learning_rate': 0.0009040418492414204, 'n_steps': 4639, 'total_timesteps': 56311, 'gamma': 0.962681018659971, 'gae_lambda': 0.8573532136529799, 'ent_coef': 0.09785171271067042, 'vf_coef': 0.10331910400636497, 'max_grad_norm': 0.2171323584430633, 'reward_scaling': 0.00022810701538421725, 'hmax': 45305, 'sharpe_ratio_weight': 0.10193658002359385, 'loss_penalty_weight': 0.5121264440038655}. Best is trial 0 with value: -100000.0.
Trial 12 finished with value: -100000.0 and parameters: {'learning_rate': 0.000206476367933573, 'n_steps': 20643, 'total_timesteps': 390774, 'gamma': 0.9980212279384251, 'gae_lambda': 0.8936212490572109, 'ent_coef': 0.0679148181825473, 'vf_coef': 0.1503276050917629, 'max_grad_norm': 0.20606978331716003, 'reward_scaling': 4.9956091506503595e-05, 'hmax': 45590, 'sharpe_ratio_weight': 0.10061386092691568, 'loss_penalty_weight': 0.5063725631576933}. Best is trial 0 with value: -100000.0.
Trial 13 finished with value: -100000.0 and parameters: {'learning_rate': 0.0007363730537815621, 'n_steps': 9208, 'total_timesteps': 439375, 'gamma': 0.9647950521976606, 'gae_lambda': 0.8539999077616592, 'ent_coef': 0.08411265286125764, 'vf_coef': 0.20306543890409667, 'max_grad_norm': 0.17150013555685722, 'reward_scaling': 0.0002971136030849498, 'hmax': 59586, 'sharpe_ratio_weight': 0.11813071681889652, 'loss_penalty_weight': 0.7045565661504944}. Best is trial 0 with value: -100000.0.
Trial 14 finished with value: -100000.0 and parameters: {'learning_rate': 0.0004118797322405654, 'n_steps': 32547, 'total_timesteps': 644488, 'gamma': 0.9789522709104997, 'gae_lambda': 0.8943790783960328, 'ent_coef': 0.06984740492301279, 'vf_coef': 0.1562967680030511, 'max_grad_norm': 0.24110796192040435, 'reward_scaling': 0.0009404887605622686, 'hmax': 41406, 'sharpe_ratio_weight': 0.15547111822648288, 'loss_penalty_weight': 0.7997784952492188}. Best is trial 0 with value: -100000.0.
Trial 15 finished with value: -100000.0 and parameters: {'learning_rate': 8.505888835457793e-05, 'n_steps': 44589, 'total_timesteps': 248509, 'gamma': 0.9856149890733406, 'gae_lambda': 0.8503194176376497, 'ent_coef': 0.09909544849241039, 'vf_coef': 0.13643051803504963, 'max_grad_norm': 0.39685320738224394, 'reward_scaling': 0.0001948525474105715, 'hmax': 38514, 'sharpe_ratio_weight': 0.20064110411292527, 'loss_penalty_weight': 0.5332620819279654}. Best is trial 0 with value: -100000.0.
Trial 16 finished with value: -100000.0 and parameters: {'learning_rate': 0.0001637269622314118, 'n_steps': 15010, 'total_timesteps': 159941, 'gamma': 0.9353457163182981, 'gae_lambda': 0.9020500897864473, 'ent_coef': 0.08045259904522899, 'vf_coef': 0.17984758477061102, 'max_grad_norm': 0.23948793823764908, 'reward_scaling': 0.0001404073252124502, 'hmax': 49504, 'sharpe_ratio_weight': 0.11680763180766394, 'loss_penalty_weight': 0.5834956213977681}. Best is trial 0 with value: -100000.0.
Trial 17 finished with value: -100000.0 and parameters: {'learning_rate': 0.00035388911978457085, 'n_steps': 28007, 'total_timesteps': 415256, 'gamma': 0.9660915825569699, 'gae_lambda': 0.8858284188224647, 'ent_coef': 0.09209366737448926, 'vf_coef': 0.123082457803447, 'max_grad_norm': 0.15688915740914436, 'reward_scaling': 0.0003558886952897099, 'hmax': 58457, 'sharpe_ratio_weight': 0.1636829671778007, 'loss_penalty_weight': 0.6766521941915229}. Best is trial 0 with value: -100000.0.
Trial 18 finished with value: -100000.0 and parameters: {'learning_rate': 5.65536220861899e-05, 'n_steps': 34365, 'total_timesteps': 590169, 'gamma': 0.9887090838666653, 'gae_lambda': 0.8686398301200092, 'ent_coef': 0.07664021188353612, 'vf_coef': 0.10089205812752297, 'max_grad_norm': 0.30242696308214867, 'reward_scaling': 3.6539333697611566e-05, 'hmax': 47011, 'sharpe_ratio_weight': 0.15313838719900413, 'loss_penalty_weight': 0.7495068597369128}. Best is trial 0 with value: -100000.0.
Trial 19 finished with value: -100000.0 and parameters: {'learning_rate': 0.0001219488930475413, 'n_steps': 23292, 'total_timesteps': 330614, 'gamma': 0.9565219162654096, 'gae_lambda': 0.8789137346418134, 'ent_coef': 0.0671881502797886, 'vf_coef': 0.1375410480090649, 'max_grad_norm': 0.22277064576976036, 'reward_scaling': 0.00021361469768797027, 'hmax': 30092, 'sharpe_ratio_weight': 0.19117263123021977, 'loss_penalty_weight': 0.6779534401731541}. Best is trial 0 with value: -100000.0.
Trial 20 finished with value: -100000.0 and parameters: {'learning_rate': 3.9729766245691075e-05, 'n_steps': 45290, 'total_timesteps': 462841, 'gamma': 0.9728032520280347, 'gae_lambda': 0.8621145627644405, 'ent_coef': 0.09001471597518435, 'vf_coef': 0.17473245153223052, 'max_grad_norm': 0.27695727346538285, 'reward_scaling': 6.445576422305225e-05, 'hmax': 55778, 'sharpe_ratio_weight': 0.2100075569363604, 'loss_penalty_weight': 0.5927803636813562}. Best is trial 0 with value: -100000.0.
Trial 21 finished with value: -100000.0 and parameters: {'learning_rate': 2.280288547459876e-05, 'n_steps': 48189, 'total_timesteps': 343595, 'gamma': 0.9469894471179389, 'gae_lambda': 0.8745395893267647, 'ent_coef': 0.05457893221591203, 'vf_coef': 0.11184344673483756, 'max_grad_norm': 0.14517866896816542, 'reward_scaling': 0.0009851518744185515, 'hmax': 36521, 'sharpe_ratio_weight': 0.13200233876964504, 'loss_penalty_weight': 0.6305089033234575}. Best is trial 0 with value: -100000.0.
Trial 22 finished with value: -100000.0 and parameters: {'learning_rate': 2.6525218095867576e-05, 'n_steps': 50403, 'total_timesteps': 202446, 'gamma': 0.9443873197660045, 'gae_lambda': 0.8695575264019276, 'ent_coef': 0.058066372215013734, 'vf_coef': 0.11889653843696632, 'max_grad_norm': 0.18399394229663363, 'reward_scaling': 0.0005250529416369757, 'hmax': 41257, 'sharpe_ratio_weight': 0.12501611885442357, 'loss_penalty_weight': 0.726590017693438}. Best is trial 0 with value: -100000.0.
Trial 23 finished with value: -100000.0 and parameters: {'learning_rate': 1.0058127912849081e-05, 'n_steps': 39155, 'total_timesteps': 318495, 'gamma': 0.957882951568503, 'gae_lambda': 0.8870994227965285, 'ent_coef': 0.06475057502951427, 'vf_coef': 0.11133654347248853, 'max_grad_norm': 0.1403359764252907, 'reward_scaling': 0.0003227676704197276, 'hmax': 32581, 'sharpe_ratio_weight': 0.14721786670825293, 'loss_penalty_weight': 0.5512256120542558}. Best is trial 0 with value: -100000.0.
Trial 24 finished with value: -100000.0 and parameters: {'learning_rate': 6.763285418698839e-05, 'n_steps': 13876, 'total_timesteps': 113373, 'gamma': 0.9673071538653744, 'gae_lambda': 0.8626846510506876, 'ent_coef': 0.057256987284365846, 'vf_coef': 0.10055778412103655, 'max_grad_norm': 0.17134949918676523, 'reward_scaling': 0.0007148708681349101, 'hmax': 37283, 'sharpe_ratio_weight': 0.11327419509433263, 'loss_penalty_weight': 0.5870339887017544}. Best is trial 0 with value: -100000.0.
Trial 25 finished with value: -100000.0 and parameters: {'learning_rate': 3.4100757551435247e-05, 'n_steps': 31982, 'total_timesteps': 275201, 'gamma': 0.9584802327991736, 'gae_lambda': 0.8741682188994649, 'ent_coef': 0.06467370661404559, 'vf_coef': 0.13005937146305133, 'max_grad_norm': 0.20892481124817103, 'reward_scaling': 0.00045814317671081156, 'hmax': 48332, 'sharpe_ratio_weight': 0.1416596253306345, 'loss_penalty_weight': 0.7633074926078183}. Best is trial 0 with value: -100000.0.
Trial 26 finished with value: -100000.0 and parameters: {'learning_rate': 5.353316623818919e-05, 'n_steps': 2252, 'total_timesteps': 374598, 'gamma': 0.9502562327634261, 'gae_lambda': 0.8901254926683206, 'ent_coef': 0.07276958654031217, 'vf_coef': 0.1170051693403792, 'max_grad_norm': 0.14278960562914966, 'reward_scaling': 0.0007486271105020328, 'hmax': 42907, 'sharpe_ratio_weight': 0.12659987609989373, 'loss_penalty_weight': 0.686979825799414}. Best is trial 0 with value: -100000.0.
Trial 27 finished with value: -100000.0 and parameters: {'learning_rate': 1.6562412796081878e-05, 'n_steps': 8748, 'total_timesteps': 577503, 'gamma': 0.940490712380616, 'gae_lambda': 0.9012034636424263, 'ent_coef': 0.06965131354146083, 'vf_coef': 0.10927231138586933, 'max_grad_norm': 0.1296053880800286, 'reward_scaling': 0.00042510948943733583, 'hmax': 34770, 'sharpe_ratio_weight': 0.15847481269336053, 'loss_penalty_weight': 0.650632388554536}. Best is trial 0 with value: -100000.0.
Trial 28 finished with value: -100000.0 and parameters: {'learning_rate': 0.00010273803104043936, 'n_steps': 27136, 'total_timesteps': 462396, 'gamma': 0.9805738344927815, 'gae_lambda': 0.8798173955750381, 'ent_coef': 0.0660294108151983, 'vf_coef': 0.12464102442437253, 'max_grad_norm': 0.19038915943941626, 'reward_scaling': 0.0006942267839715631, 'hmax': 39337, 'sharpe_ratio_weight': 0.17374639479458628, 'loss_penalty_weight': 0.6094030249756297}. Best is trial 0 with value: -100000.0.
Trial 29 finished with value: -100000.0 and parameters: {'learning_rate': 1.9052886883449306e-05, 'n_steps': 50881, 'total_timesteps': 287809, 'gamma': 0.9923295040380026, 'gae_lambda': 0.8734305797116356, 'ent_coef': 0.07639125628910601, 'vf_coef': 0.1308875679060019, 'max_grad_norm': 0.2332433415663633, 'reward_scaling': 0.0004236660948536372, 'hmax': 43077, 'sharpe_ratio_weight': 0.15343960404327459, 'loss_penalty_weight': 0.478689152878669}. Best is trial 0 with value: -100000.0.
A new study created in memory with name: no-name-1aba67f2-7484-44d2-8691-892e67d64b41
Trial 0 finished with value: -100000.0 and parameters: {'learning_rate': 4.672917571807062e-05, 'n_steps': 12385, 'total_timesteps': 238252, 'gamma': 0.9020356639099756, 'gae_lambda': 0.8603673048006618, 'ent_coef': 0.09205552826540431, 'vf_coef': 0.2827402129158607, 'max_grad_norm': 0.11358742034198592, 'reward_scaling': 2.229187817927429e-05, 'hmax': 56625, 'sharpe_ratio_weight': 0.10900367437611393, 'loss_penalty_weight': 0.4131645221179905}. Best is trial 0 with value: -100000.0.
Trial 1 finished with value: -100000.0 and parameters: {'learning_rate': 3.528893079494298e-05, 'n_steps': 3814, 'total_timesteps': 561950, 'gamma': 0.9095471973879674, 'gae_lambda': 0.9481211653435887, 'ent_coef': 0.053414299253938334, 'vf_coef': 0.1536916969979472, 'max_grad_norm': 0.21393855870166134, 'reward_scaling': 1.6362958701537567e-05, 'hmax': 43109, 'sharpe_ratio_weight': 0.25240442906884303, 'loss_penalty_weight': 0.44431453875925986}. Best is trial 0 with value: -100000.0.
Trial 2 finished with value: -100000.0 and parameters: {'learning_rate': 7.670127443530861e-05, 'n_steps': 58095, 'total_timesteps': 290423, 'gamma': 0.9216834776321519, 'gae_lambda': 0.9423321650039694, 'ent_coef': 0.0980049716952889, 'vf_coef': 0.2250453133166038, 'max_grad_norm': 0.3839171060678734, 'reward_scaling': 0.0008277688299798353, 'hmax': 48280, 'sharpe_ratio_weight': 0.12613399162585945, 'loss_penalty_weight': 0.49357672540681313}. Best is trial 0 with value: -100000.0.
Trial 3 finished with value: -100000.0 and parameters: {'learning_rate': 4.4314632874909796e-05, 'n_steps': 53773, 'total_timesteps': 163862, 'gamma': 0.9617805886692514, 'gae_lambda': 0.9281732472598858, 'ent_coef': 0.05284122600626423, 'vf_coef': 0.19918592461555146, 'max_grad_norm': 0.24913062198201144, 'reward_scaling': 0.00017599892135698595, 'hmax': 55743, 'sharpe_ratio_weight': 0.13001861743866494, 'loss_penalty_weight': 0.7986275373085313}. Best is trial 0 with value: -100000.0.
Trial 4 finished with value: -100000.0 and parameters: {'learning_rate': 0.0005095734704905497, 'n_steps': 57363, 'total_timesteps': 603816, 'gamma': 0.9186198548721993, 'gae_lambda': 0.8527453788575304, 'ent_coef': 0.07942777395652975, 'vf_coef': 0.13475491749586072, 'max_grad_norm': 0.23858405331671637, 'reward_scaling': 0.00020578223859532774, 'hmax': 51658, 'sharpe_ratio_weight': 0.26434399929155483, 'loss_penalty_weight': 0.6073368568242947}. Best is trial 0 with value: -100000.0.
Trial 5 finished with value: -100000.0 and parameters: {'learning_rate': 0.00037197713783946863, 'n_steps': 10796, 'total_timesteps': 625409, 'gamma': 0.9193364248898176, 'gae_lambda': 0.9230376138201843, 'ent_coef': 0.05110298952801282, 'vf_coef': 0.13839689265618116, 'max_grad_norm': 0.2559393977810937, 'reward_scaling': 0.00046430282131865614, 'hmax': 47451, 'sharpe_ratio_weight': 0.19185019928677519, 'loss_penalty_weight': 0.5031394372423138}. Best is trial 0 with value: -100000.0.
Trial 6 finished with value: -100000.0 and parameters: {'learning_rate': 4.261825675096007e-05, 'n_steps': 30007, 'total_timesteps': 618267, 'gamma': 0.9976712800645169, 'gae_lambda': 0.8768720821066627, 'ent_coef': 0.08565304527384303, 'vf_coef': 0.2407626136739658, 'max_grad_norm': 0.39955377038774936, 'reward_scaling': 0.00016009349936283625, 'hmax': 30575, 'sharpe_ratio_weight': 0.18698283328078244, 'loss_penalty_weight': 0.6896234449193732}. Best is trial 0 with value: -100000.0.
Trial 7 finished with value: -100000.0 and parameters: {'learning_rate': 0.00012718946976247072, 'n_steps': 44004, 'total_timesteps': 500916, 'gamma': 0.9116133291600991, 'gae_lambda': 0.8678012934357743, 'ent_coef': 0.09939327683704502, 'vf_coef': 0.28385344748472274, 'max_grad_norm': 0.2831509478770633, 'reward_scaling': 6.537851069833583e-05, 'hmax': 44329, 'sharpe_ratio_weight': 0.14406449876745467, 'loss_penalty_weight': 0.7702433215316675}. Best is trial 0 with value: -100000.0.
Trial 8 finished with value: -100000.0 and parameters: {'learning_rate': 0.0006943709650105277, 'n_steps': 23205, 'total_timesteps': 119588, 'gamma': 0.9073410588636304, 'gae_lambda': 0.8736687313575974, 'ent_coef': 0.08034432045576219, 'vf_coef': 0.12492533913955198, 'max_grad_norm': 0.2561446604859211, 'reward_scaling': 1.6301231319924758e-05, 'hmax': 45402, 'sharpe_ratio_weight': 0.1269347613542603, 'loss_penalty_weight': 0.5631153185535884}. Best is trial 0 with value: -100000.0.
Trial 9 finished with value: -100000.0 and parameters: {'learning_rate': 2.724738664550178e-05, 'n_steps': 38886, 'total_timesteps': 315146, 'gamma': 0.9436298960546169, 'gae_lambda': 0.8747476669406783, 'ent_coef': 0.09180895115434527, 'vf_coef': 0.1859690246638324, 'max_grad_norm': 0.32878298198936656, 'reward_scaling': 4.7964765937004695e-05, 'hmax': 57493, 'sharpe_ratio_weight': 0.1088011250711071, 'loss_penalty_weight': 0.43007927856869593}. Best is trial 0 with value: -100000.0.
Trial 10 finished with value: -100000.0 and parameters: {'learning_rate': 1.0006962846491444e-05, 'n_steps': 16795, 'total_timesteps': 418517, 'gamma': 0.9000233904998771, 'gae_lambda': 0.8974225246560752, 'ent_coef': 0.07362639831389327, 'vf_coef': 0.2988130696201417, 'max_grad_norm': 0.10581068106258745, 'reward_scaling': 3.081011034257919e-05, 'hmax': 37736, 'sharpe_ratio_weight': 0.10468559179370959, 'loss_penalty_weight': 0.4016831074551845}. Best is trial 0 with value: -100000.0.
Trial 11 finished with value: -100000.0 and parameters: {'learning_rate': 1.8851362031685964e-05, 'n_steps': 5200, 'total_timesteps': 223986, 'gamma': 0.933680026623229, 'gae_lambda': 0.9489121183675925, 'ent_coef': 0.062264579378358074, 'vf_coef': 0.16338850556578846, 'max_grad_norm': 0.1719415541296379, 'reward_scaling': 1.2709694007651177e-05, 'hmax': 39175, 'sharpe_ratio_weight': 0.2860582985988954, 'loss_penalty_weight': 0.44136291071057}. Best is trial 0 with value: -100000.0.
Trial 12 finished with value: -100000.0 and parameters: {'learning_rate': 0.00012245237048891388, 'n_steps': 2045, 'total_timesteps': 491135, 'gamma': 0.900814493423198, 'gae_lambda': 0.9013713216264411, 'ent_coef': 0.0655629534060483, 'vf_coef': 0.15785456850631752, 'max_grad_norm': 0.17360118402895366, 'reward_scaling': 1.0908956849283385e-05, 'hmax': 59826, 'sharpe_ratio_weight': 0.22813519024203754, 'loss_penalty_weight': 0.40142059069396085}. Best is trial 0 with value: -100000.0.
Trial 13 finished with value: -100000.0 and parameters: {'learning_rate': 6.790267635327321e-05, 'n_steps': 14594, 'total_timesteps': 72057, 'gamma': 0.9324601239278255, 'gae_lambda': 0.8502348046671087, 'ent_coef': 0.05827000335333711, 'vf_coef': 0.10008014030238449, 'max_grad_norm': 0.12661026717172058, 'reward_scaling': 2.5376004720350815e-05, 'hmax': 39151, 'sharpe_ratio_weight': 0.22395482399126967, 'loss_penalty_weight': 0.46382816660678317}. Best is trial 0 with value: -100000.0.
Trial 14 finished with value: -100000.0 and parameters: {'learning_rate': 2.1230727206013934e-05, 'n_steps': 22377, 'total_timesteps': 408914, 'gamma': 0.901619900601639, 'gae_lambda': 0.9078772866281566, 'ent_coef': 0.07088207827129367, 'vf_coef': 0.21915420308888717, 'max_grad_norm': 0.18857889657713095, 'reward_scaling': 2.4944525155605804e-05, 'hmax': 52166, 'sharpe_ratio_weight': 0.15809224771298497, 'loss_penalty_weight': 0.4755398830874131}. Best is trial 0 with value: -100000.0.
Trial 15 finished with value: -100000.0 and parameters: {'learning_rate': 0.00022243869163833324, 'n_steps': 7847, 'total_timesteps': 523387, 'gamma': 0.9142108643529657, 'gae_lambda': 0.8938133173334134, 'ent_coef': 0.056546181151599116, 'vf_coef': 0.2588978074845002, 'max_grad_norm': 0.14355305061526977, 'reward_scaling': 4.460634521319027e-05, 'hmax': 34436, 'sharpe_ratio_weight': 0.16671300386836174, 'loss_penalty_weight': 0.5273076993405443}. Best is trial 0 with value: -100000.0.
Trial 16 finished with value: -100000.0 and parameters: {'learning_rate': 4.5588689265976046e-05, 'n_steps': 20139, 'total_timesteps': 243501, 'gamma': 0.926512740145496, 'gae_lambda': 0.9162207989240349, 'ent_coef': 0.0662927786982581, 'vf_coef': 0.19958516244307237, 'max_grad_norm': 0.10081071616380043, 'reward_scaling': 1.6931352049879907e-05, 'hmax': 41916, 'sharpe_ratio_weight': 0.2979657911525999, 'loss_penalty_weight': 0.43705505465378064}. Best is trial 0 with value: -100000.0.
Trial 17 finished with value: -100000.0 and parameters: {'learning_rate': 0.0009653740260359149, 'n_steps': 30518, 'total_timesteps': 364618, 'gamma': 0.9149318488422916, 'gae_lambda': 0.9353379244939451, 'ent_coef': 0.08870885099206731, 'vf_coef': 0.25974253886505005, 'max_grad_norm': 0.20797888904525283, 'reward_scaling': 1.092663980957168e-05, 'hmax': 52371, 'sharpe_ratio_weight': 0.10215488615620687, 'loss_penalty_weight': 0.4583168702970885}. Best is trial 0 with value: -100000.0.
Trial 18 finished with value: -100000.0 and parameters: {'learning_rate': 0.00016608306776929102, 'n_steps': 11195, 'total_timesteps': 697559, 'gamma': 0.9084309406724553, 'gae_lambda': 0.9372088983578525, 'ent_coef': 0.07628229445353148, 'vf_coef': 0.16789861936314054, 'max_grad_norm': 0.13550490106235966, 'reward_scaling': 7.07067564993617e-05, 'hmax': 49880, 'sharpe_ratio_weight': 0.2018547024911374, 'loss_penalty_weight': 0.4141405739278508}. Best is trial 0 with value: -100000.0.
Trial 19 finished with value: -100000.0 and parameters: {'learning_rate': 8.214449188558732e-05, 'n_steps': 3723, 'total_timesteps': 187781, 'gamma': 0.939115131464941, 'gae_lambda': 0.8853630677987955, 'ent_coef': 0.06779234855503904, 'vf_coef': 0.182902969330238, 'max_grad_norm': 0.1584290199025379, 'reward_scaling': 2.0695238164832583e-05, 'hmax': 42775, 'sharpe_ratio_weight': 0.15911206845443726, 'loss_penalty_weight': 0.4346527082548513}. Best is trial 0 with value: -100000.0.
