Trial 12 finished with value: -100000.0 and parameters: {'learning_rate': 0.0003427822960744054, 'n_steps': 4059, 'total_timesteps': 592265, 'gamma': 0.964248440238214, 'gae_lambda': 0.9227164484164134, 'ent_coef': 0.06140461405206686, 'vf_coef': 0.10176515105467152, 'max_grad_norm': 0.27901359129471837, 'reward_scaling': 0.0003671316983020631, 'hmax': 43213, 'sharpe_ratio_weight': 0.28917599767057567, 'loss_penalty_weight': 0.5903916680909491}. Best is trial 0 with value: -100000.0.
Trial 13 finished with value: -100000.0 and parameters: {'learning_rate': 0.00012146515453944156, 'n_steps': 16152, 'total_timesteps': 589757, 'gamma': 0.9686855176482676, 'gae_lambda': 0.8964902417393241, 'ent_coef': 0.07270379526888406, 'vf_coef': 0.16226325714700524, 'max_grad_norm': 0.39637854300009967, 'reward_scaling': 0.00017400852620161436, 'hmax': 55127, 'sharpe_ratio_weight': 0.2372097084659662, 'loss_penalty_weight': 0.663405518092541}. Best is trial 0 with value: -100000.0.
Trial 14 finished with value: -100000.0 and parameters: {'learning_rate': 0.00040078465581422574, 'n_steps': 35680, 'total_timesteps': 475729, 'gamma': 0.9987295978335471, 'gae_lambda': 0.8501306091350063, 'ent_coef': 0.0807594132610201, 'vf_coef': 0.11703703746823906, 'max_grad_norm': 0.2839663217309902, 'reward_scaling': 4.051347934514948e-05, 'hmax': 30815, 'sharpe_ratio_weight': 0.18295572392283985, 'loss_penalty_weight': 0.5200241354861906}. Best is trial 0 with value: -100000.0.
Trial 15 finished with value: -100000.0 and parameters: {'learning_rate': 0.000976279100619437, 'n_steps': 19283, 'total_timesteps': 619664, 'gamma': 0.9641458556389556, 'gae_lambda': 0.8767103453442003, 'ent_coef': 0.09834634844794325, 'vf_coef': 0.13793557407500176, 'max_grad_norm': 0.23986752665779038, 'reward_scaling': 0.0004859809488245264, 'hmax': 40431, 'sharpe_ratio_weight': 0.17852226704475285, 'loss_penalty_weight': 0.5580641899768007}. Best is trial 0 with value: -100000.0.
Trial 16 finished with value: -100000.0 and parameters: {'learning_rate': 9.140531335187941e-05, 'n_steps': 11899, 'total_timesteps': 420950, 'gamma': 0.9415291565721469, 'gae_lambda': 0.9090036266919385, 'ent_coef': 0.06939491771143182, 'vf_coef': 0.1128529454906908, 'max_grad_norm': 0.3261714304369895, 'reward_scaling': 0.00016663511346239683, 'hmax': 53859, 'sharpe_ratio_weight': 0.23472811541253005, 'loss_penalty_weight': 0.7970541962985014}. Best is trial 0 with value: -100000.0.
Trial 17 finished with value: -100000.0 and parameters: {'learning_rate': 0.00019618256934336283, 'n_steps': 58427, 'total_timesteps': 528117, 'gamma': 0.9773863878765212, 'gae_lambda': 0.9350610233564423, 'ent_coef': 0.06060229706718084, 'vf_coef': 0.14626282579954683, 'max_grad_norm': 0.31755859190160957, 'reward_scaling': 0.0009905393698098936, 'hmax': 46681, 'sharpe_ratio_weight': 0.1316533742314777, 'loss_penalty_weight': 0.48017423070899645}. Best is trial 0 with value: -100000.0.
Trial 18 finished with value: -100000.0 and parameters: {'learning_rate': 0.00045151926647761786, 'n_steps': 2541, 'total_timesteps': 679143, 'gamma': 0.9589823002420204, 'gae_lambda': 0.8856944496108673, 'ent_coef': 0.06863586595631846, 'vf_coef': 0.1211982419246051, 'max_grad_norm': 0.24487131222850775, 'reward_scaling': 0.0002589022935537117, 'hmax': 52107, 'sharpe_ratio_weight': 0.16078361862974175, 'loss_penalty_weight': 0.6184921573886891}. Best is trial 0 with value: -100000.0.
Trial 19 finished with value: -100000.0 and parameters: {'learning_rate': 0.0002931727922971703, 'n_steps': 26196, 'total_timesteps': 610747, 'gamma': 0.9728763953952106, 'gae_lambda': 0.8644446788352645, 'ent_coef': 0.06219828794553085, 'vf_coef': 0.15150752652656618, 'max_grad_norm': 0.18051663300981857, 'reward_scaling': 0.0005339523388521555, 'hmax': 59435, 'sharpe_ratio_weight': 0.19219933574976247, 'loss_penalty_weight': 0.5533662005032393}. Best is trial 0 with value: -100000.0.
Trial 20 finished with value: -100000.0 and parameters: {'learning_rate': 0.0005569356561053639, 'n_steps': 11017, 'total_timesteps': 486533, 'gamma': 0.9385570100237569, 'gae_lambda': 0.9497276424208043, 'ent_coef': 0.07961921013501497, 'vf_coef': 0.11060352199658743, 'max_grad_norm': 0.2928673651091051, 'reward_scaling': 0.00011782985082888917, 'hmax': 46355, 'sharpe_ratio_weight': 0.207618455687362, 'loss_penalty_weight': 0.6422572515958864}. Best is trial 0 with value: -100000.0.
Trial 21 finished with value: -100000.0 and parameters: {'learning_rate': 1.1772833712961728e-05, 'n_steps': 58667, 'total_timesteps': 264976, 'gamma': 0.9247087176542421, 'gae_lambda': 0.8629435046690603, 'ent_coef': 0.06595958520789376, 'vf_coef': 0.17898402813495928, 'max_grad_norm': 0.20836349573165366, 'reward_scaling': 0.0007480141472110625, 'hmax': 30807, 'sharpe_ratio_weight': 0.1702333148714016, 'loss_penalty_weight': 0.4420281093316999}. Best is trial 0 with value: -100000.0.
Trial 22 finished with value: -100000.0 and parameters: {'learning_rate': 0.00013649116412427066, 'n_steps': 51003, 'total_timesteps': 238589, 'gamma': 0.9216917846413345, 'gae_lambda': 0.8601912225140537, 'ent_coef': 0.0714346516280112, 'vf_coef': 0.19009797036579199, 'max_grad_norm': 0.2542778757600428, 'reward_scaling': 0.0006051535457426117, 'hmax': 34911, 'sharpe_ratio_weight': 0.16228773846009012, 'loss_penalty_weight': 0.4138765433390922}. Best is trial 0 with value: -100000.0.
Trial 23 finished with value: -100000.0 and parameters: {'learning_rate': 6.15234936474379e-05, 'n_steps': 46765, 'total_timesteps': 142375, 'gamma': 0.9378970652632136, 'gae_lambda': 0.8710818809961625, 'ent_coef': 0.058017349751050516, 'vf_coef': 0.12728600510581223, 'max_grad_norm': 0.21993419850670612, 'reward_scaling': 0.00084796768356048, 'hmax': 39078, 'sharpe_ratio_weight': 0.18059841962545947, 'loss_penalty_weight': 0.4764564690199184}. Best is trial 0 with value: -100000.0.
Trial 24 finished with value: -100000.0 and parameters: {'learning_rate': 0.00021537385795338603, 'n_steps': 35237, 'total_timesteps': 368328, 'gamma': 0.9579842690479616, 'gae_lambda': 0.8696465456132509, 'ent_coef': 0.0657503205444795, 'vf_coef': 0.16914527218266984, 'max_grad_norm': 0.1887933846214019, 'reward_scaling': 0.0003474796459437476, 'hmax': 34146, 'sharpe_ratio_weight': 0.14928791952015238, 'loss_penalty_weight': 0.443585466615137}. Best is trial 0 with value: -100000.0.
Trial 25 finished with value: -100000.0 and parameters: {'learning_rate': 3.9380460703903994e-05, 'n_steps': 41742, 'total_timesteps': 329114, 'gamma': 0.913721341607429, 'gae_lambda': 0.858615868640583, 'ent_coef': 0.07393360204558312, 'vf_coef': 0.10741204669224243, 'max_grad_norm': 0.2282224270439344, 'reward_scaling': 0.0005195829090322067, 'hmax': 43238, 'sharpe_ratio_weight': 0.21600035544687632, 'loss_penalty_weight': 0.49212571467040317}. Best is trial 0 with value: -100000.0.
Trial 26 finished with value: -100000.0 and parameters: {'learning_rate': 0.00014616976863386435, 'n_steps': 51782, 'total_timesteps': 400887, 'gamma': 0.9289546898828389, 'gae_lambda': 0.8502055227119115, 'ent_coef': 0.06822596747053576, 'vf_coef': 0.11699712452148904, 'max_grad_norm': 0.2607322802223101, 'reward_scaling': 0.0006492972944186953, 'hmax': 39041, 'sharpe_ratio_weight': 0.19010233652469577, 'loss_penalty_weight': 0.4563013265727785}. Best is trial 0 with value: -100000.0.
Trial 27 finished with value: -100000.0 and parameters: {'learning_rate': 0.000342264212122578, 'n_steps': 21789, 'total_timesteps': 639087, 'gamma': 0.9003433537764808, 'gae_lambda': 0.887796790413732, 'ent_coef': 0.06464737351355951, 'vf_coef': 0.13571670892770596, 'max_grad_norm': 0.22045232303810688, 'reward_scaling': 0.000953251047684954, 'hmax': 57002, 'sharpe_ratio_weight': 0.1729134903334299, 'loss_penalty_weight': 0.422874801640648}. Best is trial 0 with value: -100000.0.
Trial 28 finished with value: -100000.0 and parameters: {'learning_rate': 0.00010600957771851888, 'n_steps': 14399, 'total_timesteps': 571615, 'gamma': 0.9444940505629278, 'gae_lambda': 0.8782109515758248, 'ent_coef': 0.057581058580365524, 'vf_coef': 0.1527023039777135, 'max_grad_norm': 0.2611785472019762, 'reward_scaling': 0.00029040007708301967, 'hmax': 32741, 'sharpe_ratio_weight': 0.25338617042086836, 'loss_penalty_weight': 0.459661368052598}. Best is trial 0 with value: -100000.0.
Trial 29 finished with value: -100000.0 and parameters: {'learning_rate': 4.7119356370669113e-05, 'n_steps': 26881, 'total_timesteps': 657016, 'gamma': 0.9524741795049863, 'gae_lambda': 0.8696265286639779, 'ent_coef': 0.0710360280256838, 'vf_coef': 0.21863688515576363, 'max_grad_norm': 0.2935083487912265, 'reward_scaling': 0.0004354365351533488, 'hmax': 51993, 'sharpe_ratio_weight': 0.26161893782461887, 'loss_penalty_weight': 0.4003433272587378}. Best is trial 0 with value: -100000.0.
A new study created in memory with name: no-name-b00d10c0-106f-4363-afd7-11ca425d408c
Trial 0 finished with value: -100000.0 and parameters: {'learning_rate': 0.00013763282807718131, 'n_steps': 6985, 'total_timesteps': 358209, 'gamma': 0.9414537259978549, 'gae_lambda': 0.9087389433852252, 'ent_coef': 0.08394158098213642, 'vf_coef': 0.13985993900288993, 'max_grad_norm': 0.10038867186452524, 'reward_scaling': 2.330954984340429e-05, 'hmax': 38714, 'sharpe_ratio_weight': 0.1464804403637228, 'loss_penalty_weight': 0.4336331117640043}. Best is trial 0 with value: -100000.0.
Trial 1 finished with value: -100000.0 and parameters: {'learning_rate': 3.134315497885113e-05, 'n_steps': 50298, 'total_timesteps': 505094, 'gamma': 0.9733171934127582, 'gae_lambda': 0.8947715132880552, 'ent_coef': 0.08102693920696488, 'vf_coef': 0.22954051135560777, 'max_grad_norm': 0.1167759609562252, 'reward_scaling': 3.28594807534144e-05, 'hmax': 56880, 'sharpe_ratio_weight': 0.14737087848906133, 'loss_penalty_weight': 0.49556610880692487}. Best is trial 0 with value: -100000.0.
Trial 2 finished with value: -100000.0 and parameters: {'learning_rate': 0.0002085649787814818, 'n_steps': 30154, 'total_timesteps': 483263, 'gamma': 0.9230251778611268, 'gae_lambda': 0.8873921453689655, 'ent_coef': 0.08408523055909822, 'vf_coef': 0.10618377560848315, 'max_grad_norm': 0.14000693878534218, 'reward_scaling': 0.00021224588376375395, 'hmax': 41220, 'sharpe_ratio_weight': 0.11588268781563199, 'loss_penalty_weight': 0.7245592775419786}. Best is trial 0 with value: -100000.0.
Trial 3 finished with value: -100000.0 and parameters: {'learning_rate': 0.00028839610191825954, 'n_steps': 57140, 'total_timesteps': 489378, 'gamma': 0.9559886035398543, 'gae_lambda': 0.9341471877011006, 'ent_coef': 0.07080314373448086, 'vf_coef': 0.24747357460449457, 'max_grad_norm': 0.1844985548416977, 'reward_scaling': 1.1857869493781239e-05, 'hmax': 58524, 'sharpe_ratio_weight': 0.15832676683884808, 'loss_penalty_weight': 0.4892111586132131}. Best is trial 0 with value: -100000.0.
Trial 4 finished with value: -100000.0 and parameters: {'learning_rate': 9.218123410485798e-05, 'n_steps': 58961, 'total_timesteps': 248608, 'gamma': 0.9466717583018585, 'gae_lambda': 0.9251074341701907, 'ent_coef': 0.059156683062351965, 'vf_coef': 0.17483097043358947, 'max_grad_norm': 0.10895528191964263, 'reward_scaling': 1.391308666262914e-05, 'hmax': 35938, 'sharpe_ratio_weight': 0.10152680159772424, 'loss_penalty_weight': 0.7639821521100807}. Best is trial 0 with value: -100000.0.
Trial 5 finished with value: -100000.0 and parameters: {'learning_rate': 0.0005788582258910205, 'n_steps': 25987, 'total_timesteps': 639353, 'gamma': 0.9953289120110063, 'gae_lambda': 0.9099919412731198, 'ent_coef': 0.09051725579959242, 'vf_coef': 0.2164335453088427, 'max_grad_norm': 0.31622171086662404, 'reward_scaling': 2.977808930610252e-05, 'hmax': 57421, 'sharpe_ratio_weight': 0.27153464414088313, 'loss_penalty_weight': 0.6323231995144136}. Best is trial 0 with value: -100000.0.
Trial 6 finished with value: -100000.0 and parameters: {'learning_rate': 1.3136973986857959e-05, 'n_steps': 7234, 'total_timesteps': 666157, 'gamma': 0.9313306114835482, 'gae_lambda': 0.9090975609284235, 'ent_coef': 0.05284548473544377, 'vf_coef': 0.17480647132924834, 'max_grad_norm': 0.2879957618040066, 'reward_scaling': 0.00018970712393746986, 'hmax': 54199, 'sharpe_ratio_weight': 0.12270367544836572, 'loss_penalty_weight': 0.5859660264316822}. Best is trial 0 with value: -100000.0.
Trial 7 finished with value: -100000.0 and parameters: {'learning_rate': 2.207857421167663e-05, 'n_steps': 43133, 'total_timesteps': 275077, 'gamma': 0.9818051944913285, 'gae_lambda': 0.9077456340688858, 'ent_coef': 0.08707944309484926, 'vf_coef': 0.13911568661278056, 'max_grad_norm': 0.17759236441499732, 'reward_scaling': 0.0007656419253789746, 'hmax': 57172, 'sharpe_ratio_weight': 0.19729057361126728, 'loss_penalty_weight': 0.7273288153126521}. Best is trial 0 with value: -100000.0.
Trial 8 finished with value: -100000.0 and parameters: {'learning_rate': 5.76410430082194e-05, 'n_steps': 24533, 'total_timesteps': 127983, 'gamma': 0.9320140011818512, 'gae_lambda': 0.8560858494695358, 'ent_coef': 0.05125368390943045, 'vf_coef': 0.2625169415924172, 'max_grad_norm': 0.233851500904789, 'reward_scaling': 3.570191968862726e-05, 'hmax': 38466, 'sharpe_ratio_weight': 0.20100608236038817, 'loss_penalty_weight': 0.5182984628587612}. Best is trial 0 with value: -100000.0.
Trial 9 finished with value: -100000.0 and parameters: {'learning_rate': 0.00013909841357786162, 'n_steps': 12630, 'total_timesteps': 191953, 'gamma': 0.9129520117760902, 'gae_lambda': 0.8966723975881618, 'ent_coef': 0.0899646214092821, 'vf_coef': 0.21072737657780544, 'max_grad_norm': 0.17913265407370155, 'reward_scaling': 0.0005614809597943002, 'hmax': 39517, 'sharpe_ratio_weight': 0.18250943525848976, 'loss_penalty_weight': 0.6982203143478968}. Best is trial 0 with value: -100000.0.
Trial 10 finished with value: -100000.0 and parameters: {'learning_rate': 0.0009643815993362068, 'n_steps': 17415, 'total_timesteps': 335538, 'gamma': 0.9032489942969198, 'gae_lambda': 0.949025125612016, 'ent_coef': 0.09698014826731322, 'vf_coef': 0.13232728964552712, 'max_grad_norm': 0.39926292127145635, 'reward_scaling': 7.750242084831304e-05, 'hmax': 30914, 'sharpe_ratio_weight': 0.13848905900569827, 'loss_penalty_weight': 0.4012129228204008}. Best is trial 0 with value: -100000.0.
Trial 11 finished with value: -100000.0 and parameters: {'learning_rate': 4.079681344951251e-05, 'n_steps': 42563, 'total_timesteps': 445436, 'gamma': 0.9632988989737437, 'gae_lambda': 0.8820003208276148, 'ent_coef': 0.07684844920985087, 'vf_coef': 0.29074375482539133, 'max_grad_norm': 0.10212898134381847, 'reward_scaling': 3.3602598753764595e-05, 'hmax': 48041, 'sharpe_ratio_weight': 0.14868698186871718, 'loss_penalty_weight': 0.43314871101112656}. Best is trial 0 with value: -100000.0.
Trial 12 finished with value: -100000.0 and parameters: {'learning_rate': 3.8488378689283966e-05, 'n_steps': 2582, 'total_timesteps': 565228, 'gamma': 0.9708195821918226, 'gae_lambda': 0.8737791777909232, 'ent_coef': 0.07711124500344932, 'vf_coef': 0.206588907633509, 'max_grad_norm': 0.12707985003141262, 'reward_scaling': 5.6478947092352545e-05, 'hmax': 48248, 'sharpe_ratio_weight': 0.14416533550088168, 'loss_penalty_weight': 0.4639877873559564}. Best is trial 0 with value: -100000.0.
Trial 13 finished with value: -100000.0 and parameters: {'learning_rate': 9.304310336863155e-05, 'n_steps': 39228, 'total_timesteps': 373520, 'gamma': 0.9448304856352094, 'gae_lambda': 0.8936148573991248, 'ent_coef': 0.09948810352051907, 'vf_coef': 0.14857857536013724, 'max_grad_norm': 0.10013911771361332, 'reward_scaling': 1.960003754005992e-05, 'hmax': 45277, 'sharpe_ratio_weight': 0.1777793556602758, 'loss_penalty_weight': 0.5358543839452269}. Best is trial 0 with value: -100000.0.
Trial 14 finished with value: -100000.0 and parameters: {'learning_rate': 1.157573922175673e-05, 'n_steps': 50732, 'total_timesteps': 59664, 'gamma': 0.9724485484151226, 'gae_lambda': 0.8726869340904392, 'ent_coef': 0.07907781504922815, 'vf_coef': 0.11355234866495018, 'max_grad_norm': 0.1425387111525563, 'reward_scaling': 1.8604704168163256e-05, 'hmax': 52036, 'sharpe_ratio_weight': 0.1252537737818473, 'loss_penalty_weight': 0.4565162230305141}. Best is trial 0 with value: -100000.0.
Trial 15 finished with value: -100000.0 and parameters: {'learning_rate': 2.6712412553263352e-05, 'n_steps': 19405, 'total_timesteps': 561715, 'gamma': 0.9529585905144515, 'gae_lambda': 0.9198999972182561, 'ent_coef': 0.07055360846765199, 'vf_coef': 0.16398860830953219, 'max_grad_norm': 0.12205297633113937, 'reward_scaling': 5.3228792564580384e-05, 'hmax': 33382, 'sharpe_ratio_weight': 0.1647982605976896, 'loss_penalty_weight': 0.4036272995463296}. Best is trial 0 with value: -100000.0.
Trial 16 finished with value: -100000.0 and parameters: {'learning_rate': 6.554076649547552e-05, 'n_steps': 35784, 'total_timesteps': 428768, 'gamma': 0.9908312597625933, 'gae_lambda': 0.9012029463430694, 'ent_coef': 0.08228232593799334, 'vf_coef': 0.12117944034803284, 'max_grad_norm': 0.15660947426857505, 'reward_scaling': 1.0429414600270109e-05, 'hmax': 43753, 'sharpe_ratio_weight': 0.1407529442835134, 'loss_penalty_weight': 0.4972657586261246}. Best is trial 0 with value: -100000.0.
Trial 17 finished with value: -100000.0 and parameters: {'learning_rate': 0.00015093432238685956, 'n_steps': 49084, 'total_timesteps': 334179, 'gamma': 0.9798328134042547, 'gae_lambda': 0.9204229626410749, 'ent_coef': 0.07086156984794584, 'vf_coef': 0.12898958747532266, 'max_grad_norm': 0.11910218997962346, 'reward_scaling': 2.1715730462282303e-05, 'hmax': 52168, 'sharpe_ratio_weight': 0.10132514473964181, 'loss_penalty_weight': 0.5510579750581693}. Best is trial 0 with value: -100000.0.
Trial 18 finished with value: -100000.0 and parameters: {'learning_rate': 0.0002902079015500568, 'n_steps': 33457, 'total_timesteps': 545781, 'gamma': 0.964037280871891, 'gae_lambda': 0.8879736844432427, 'ent_coef': 0.08852760175854157, 'vf_coef': 0.15686014725113195, 'max_grad_norm': 0.1184121329873014, 'reward_scaling': 4.977900661373182e-05, 'hmax': 35663, 'sharpe_ratio_weight': 0.16184204530459897, 'loss_penalty_weight': 0.45436838865250306}. Best is trial 0 with value: -100000.0.
Trial 19 finished with value: -100000.0 and parameters: {'learning_rate': 2.01899790425301e-05, 'n_steps': 49689, 'total_timesteps': 411515, 'gamma': 0.9429725177402392, 'gae_lambda': 0.9013789702142629, 'ent_coef': 0.09392775179745104, 'vf_coef': 0.101135924019881, 'max_grad_norm': 0.14782473567880608, 'reward_scaling': 9.43888993280979e-05, 'hmax': 43538, 'sharpe_ratio_weight': 0.13070691606700574, 'loss_penalty_weight': 0.5794640640866731}. Best is trial 0 with value: -100000.0.
Trial 20 finished with value: -100000.0 and parameters: {'learning_rate': 5.5103395846753275e-05, 'n_steps': 11081, 'total_timesteps': 268039, 'gamma': 0.9981065196139264, 'gae_lambda': 0.8794946801716563, 'ent_coef': 0.09973464923042394, 'vf_coef': 0.18893231330438193, 'max_grad_norm': 0.10023131091305051, 'reward_scaling': 2.568606563569678e-05, 'hmax': 47740, 'sharpe_ratio_weight': 0.11426323167912186, 'loss_penalty_weight': 0.49701566967910343}. Best is trial 0 with value: -100000.0.
Trial 21 finished with value: -100000.0 and parameters: {'learning_rate': 0.0001848310946140642, 'n_steps': 26743, 'total_timesteps': 490564, 'gamma': 0.9297156509172342, 'gae_lambda': 0.8928196591951469, 'ent_coef': 0.08347564333767707, 'vf_coef': 0.10415848862993926, 'max_grad_norm': 0.13378161460898738, 'reward_scaling': 0.00016515555003690667, 'hmax': 41218, 'sharpe_ratio_weight': 0.11821308960732688, 'loss_penalty_weight': 0.6352222788968342}. Best is trial 0 with value: -100000.0.
Trial 22 finished with value: -100000.0 and parameters: {'learning_rate': 0.00023249497237940708, 'n_steps': 30143, 'total_timesteps': 609900, 'gamma': 0.9185204800862615, 'gae_lambda': 0.8888833491994863, 'ent_coef': 0.08254008011343275, 'vf_coef': 0.11540718067234318, 'max_grad_norm': 0.11407051088185562, 'reward_scaling': 0.0002638080008436912, 'hmax': 40677, 'sharpe_ratio_weight': 0.10933909348577978, 'loss_penalty_weight': 0.7780355494937556}. Best is trial 0 with value: -100000.0.
Trial 23 finished with value: -100000.0 and parameters: {'learning_rate': 0.0001423598960576253, 'n_steps': 19561, 'total_timesteps': 482787, 'gamma': 0.9401929570991474, 'gae_lambda': 0.9030182749050648, 'ent_coef': 0.08604816696429243, 'vf_coef': 0.13856205891937282, 'max_grad_norm': 0.13545789523287, 'reward_scaling': 0.00010459801957623417, 'hmax': 37076, 'sharpe_ratio_weight': 0.13433928229134295, 'loss_penalty_weight': 0.43076904614441147}. Best is trial 0 with value: -100000.0.
Trial 24 finished with value: -100000.0 and parameters: {'learning_rate': 0.00010551229374334065, 'n_steps': 3472, 'total_timesteps': 368925, 'gamma': 0.9543649073789674, 'gae_lambda': 0.8853770443258102, 'ent_coef': 0.09343194287633352, 'vf_coef': 0.1500007861174579, 'max_grad_norm': 0.15882005819173733, 'reward_scaling': 1.4831699415346117e-05, 'hmax': 41837, 'sharpe_ratio_weight': 0.11264874287766832, 'loss_penalty_weight': 0.7906281444722475}. Best is trial 0 with value: -100000.0.
Trial 25 finished with value: -100000.0 and parameters: {'learning_rate': 0.00037871332195914476, 'n_steps': 43879, 'total_timesteps': 529696, 'gamma': 0.937297511796758, 'gae_lambda': 0.8957430878749184, 'ent_coef': 0.07482044937986922, 'vf_coef': 0.12341918767089748, 'max_grad_norm': 0.11332456648527171, 'reward_scaling': 4.159639960303102e-05, 'hmax': 45815, 'sharpe_ratio_weight': 0.12503742220224492, 'loss_penalty_weight': 0.6802437171257926}. Best is trial 0 with value: -100000.0.
