Trial 4 finished with value: -100000.0 and parameters: {'learning_rate': 8.770446999389162e-05, 'n_steps': 51191, 'total_timesteps': 374849, 'gamma': 0.9096105030952423, 'gae_lambda': 0.8918963156118999, 'ent_coef': 0.08419333756091733, 'vf_coef': 0.19822534651966878, 'max_grad_norm': 0.1392740129751253, 'reward_scaling': 8.873135346572455e-05, 'hmax': 46475, 'sharpe_ratio_weight': 0.1754051540716507, 'loss_penalty_weight': 0.7996081664724461}. Best is trial 0 with value: -100000.0.
Trial 5 finished with value: -100000.0 and parameters: {'learning_rate': 1.0787031670939887e-05, 'n_steps': 44600, 'total_timesteps': 651758, 'gamma': 0.9346520544313484, 'gae_lambda': 0.9300899485684554, 'ent_coef': 0.05081561583485454, 'vf_coef': 0.11929393911923346, 'max_grad_norm': 0.12137779345352716, 'reward_scaling': 0.00016429284544177672, 'hmax': 43273, 'sharpe_ratio_weight': 0.10534756094246675, 'loss_penalty_weight': 0.6294158585548711}. Best is trial 0 with value: -100000.0.
Trial 6 finished with value: -100000.0 and parameters: {'learning_rate': 0.0009102414597765341, 'n_steps': 19423, 'total_timesteps': 360490, 'gamma': 0.9155404771339128, 'gae_lambda': 0.9392139413226394, 'ent_coef': 0.07507786617202125, 'vf_coef': 0.18523794838072452, 'max_grad_norm': 0.11748674495149215, 'reward_scaling': 4.739923872924893e-05, 'hmax': 35270, 'sharpe_ratio_weight': 0.21028401627881035, 'loss_penalty_weight': 0.6568576395840416}. Best is trial 0 with value: -100000.0.
Trial 7 finished with value: -100000.0 and parameters: {'learning_rate': 3.73001330626257e-05, 'n_steps': 35544, 'total_timesteps': 458654, 'gamma': 0.9279256582732114, 'gae_lambda': 0.8656201952408986, 'ent_coef': 0.08574179660408178, 'vf_coef': 0.2568957652388873, 'max_grad_norm': 0.1128703798143108, 'reward_scaling': 1.0691130257135192e-05, 'hmax': 53891, 'sharpe_ratio_weight': 0.11495131823974448, 'loss_penalty_weight': 0.49774187004832904}. Best is trial 0 with value: -100000.0.
Trial 8 finished with value: -100000.0 and parameters: {'learning_rate': 0.00024270109891568733, 'n_steps': 9434, 'total_timesteps': 557458, 'gamma': 0.9947146447093292, 'gae_lambda': 0.8628634010112147, 'ent_coef': 0.059613864173768585, 'vf_coef': 0.2781496393086868, 'max_grad_norm': 0.13041063933071884, 'reward_scaling': 1.7513387052043997e-05, 'hmax': 59753, 'sharpe_ratio_weight': 0.10201014882004612, 'loss_penalty_weight': 0.5748443311358186}. Best is trial 0 with value: -100000.0.
Trial 9 finished with value: -100000.0 and parameters: {'learning_rate': 0.00010070535936005581, 'n_steps': 30116, 'total_timesteps': 348734, 'gamma': 0.9416597691884538, 'gae_lambda': 0.9499996844700459, 'ent_coef': 0.06494249906129207, 'vf_coef': 0.281941089113369, 'max_grad_norm': 0.1526111812190101, 'reward_scaling': 0.00029659029517491414, 'hmax': 51375, 'sharpe_ratio_weight': 0.17371197519182155, 'loss_penalty_weight': 0.4202713618893248}. Best is trial 0 with value: -100000.0.
Trial 10 finished with value: -100000.0 and parameters: {'learning_rate': 0.0009249563128162847, 'n_steps': 24384, 'total_timesteps': 53512, 'gamma': 0.9624807918153894, 'gae_lambda': 0.8759047879999714, 'ent_coef': 0.07607330078830796, 'vf_coef': 0.10080214680752947, 'max_grad_norm': 0.2530027375449487, 'reward_scaling': 0.000546017647647207, 'hmax': 30810, 'sharpe_ratio_weight': 0.2858249849665412, 'loss_penalty_weight': 0.40542224593637416}. Best is trial 0 with value: -100000.0.
Trial 11 finished with value: -100000.0 and parameters: {'learning_rate': 5.0838478270477655e-05, 'n_steps': 17079, 'total_timesteps': 179149, 'gamma': 0.9562445268762926, 'gae_lambda': 0.8517016746956687, 'ent_coef': 0.05819932809543097, 'vf_coef': 0.15038358119751832, 'max_grad_norm': 0.18294173298983177, 'reward_scaling': 4.212303459992363e-05, 'hmax': 45013, 'sharpe_ratio_weight': 0.2566918560295432, 'loss_penalty_weight': 0.6830605590900921}. Best is trial 0 with value: -100000.0.
Trial 12 finished with value: -100000.0 and parameters: {'learning_rate': 0.00036222285655486815, 'n_steps': 15083, 'total_timesteps': 208068, 'gamma': 0.9494428707864649, 'gae_lambda': 0.8749848986806686, 'ent_coef': 0.07083450041841086, 'vf_coef': 0.16162939402505783, 'max_grad_norm': 0.21846267676606324, 'reward_scaling': 7.528984135595996e-05, 'hmax': 55426, 'sharpe_ratio_weight': 0.2277809207993266, 'loss_penalty_weight': 0.5818412640430648}. Best is trial 0 with value: -100000.0.
Trial 13 finished with value: -100000.0 and parameters: {'learning_rate': 0.0001278690701286901, 'n_steps': 26715, 'total_timesteps': 258737, 'gamma': 0.9679892094949317, 'gae_lambda': 0.8506397476277611, 'ent_coef': 0.06101997795741475, 'vf_coef': 0.10073932415564497, 'max_grad_norm': 0.355113660547332, 'reward_scaling': 2.4013420706034282e-05, 'hmax': 49002, 'sharpe_ratio_weight': 0.29600199337904654, 'loss_penalty_weight': 0.6971586165646617}. Best is trial 0 with value: -100000.0.
Trial 14 finished with value: -100000.0 and parameters: {'learning_rate': 0.00042751642547399915, 'n_steps': 2872, 'total_timesteps': 93659, 'gamma': 0.9047124405589522, 'gae_lambda': 0.8737558877303682, 'ent_coef': 0.053167006955948067, 'vf_coef': 0.13778238209680485, 'max_grad_norm': 0.192553677821004, 'reward_scaling': 3.832906922692561e-05, 'hmax': 39760, 'sharpe_ratio_weight': 0.24481401971479705, 'loss_penalty_weight': 0.5292754077567372}. Best is trial 0 with value: -100000.0.
Trial 15 finished with value: -100000.0 and parameters: {'learning_rate': 5.276492990777736e-05, 'n_steps': 13199, 'total_timesteps': 480642, 'gamma': 0.9377913720468374, 'gae_lambda': 0.8655903576671155, 'ent_coef': 0.05428413352227442, 'vf_coef': 0.2150012990033579, 'max_grad_norm': 0.15604157546729264, 'reward_scaling': 2.1101988185711214e-05, 'hmax': 55510, 'sharpe_ratio_weight': 0.2055404843003217, 'loss_penalty_weight': 0.6163436688475336}. Best is trial 0 with value: -100000.0.
Trial 16 finished with value: -100000.0 and parameters: {'learning_rate': 2.6403549245707493e-05, 'n_steps': 38819, 'total_timesteps': 284116, 'gamma': 0.9725173719933715, 'gae_lambda': 0.8504818805402601, 'ent_coef': 0.06314622826658016, 'vf_coef': 0.16731354527110429, 'max_grad_norm': 0.2268909698007385, 'reward_scaling': 6.570961679195219e-05, 'hmax': 59648, 'sharpe_ratio_weight': 0.25358259612844186, 'loss_penalty_weight': 0.7153783036262197}. Best is trial 0 with value: -100000.0.
Trial 17 finished with value: -100000.0 and parameters: {'learning_rate': 0.00013765690144706104, 'n_steps': 21439, 'total_timesteps': 149691, 'gamma': 0.9476132786099223, 'gae_lambda': 0.9073530297541214, 'ent_coef': 0.05720628783994736, 'vf_coef': 0.15408018395648762, 'max_grad_norm': 0.14359713064929194, 'reward_scaling': 0.00014516955883896472, 'hmax': 51864, 'sharpe_ratio_weight': 0.22037625121092702, 'loss_penalty_weight': 0.5970454977902298}. Best is trial 0 with value: -100000.0.
Trial 18 finished with value: -100000.0 and parameters: {'learning_rate': 0.0006173356344740742, 'n_steps': 11354, 'total_timesteps': 459133, 'gamma': 0.928041654118382, 'gae_lambda': 0.8825333660674771, 'ent_coef': 0.06770397940268927, 'vf_coef': 0.1150645784662019, 'max_grad_norm': 0.1020002871796647, 'reward_scaling': 1.0404178980646968e-05, 'hmax': 48334, 'sharpe_ratio_weight': 0.15017727690625962, 'loss_penalty_weight': 0.5468218688480787}. Best is trial 0 with value: -100000.0.
Trial 19 finished with value: -100000.0 and parameters: {'learning_rate': 0.00019708862208911698, 'n_steps': 57879, 'total_timesteps': 292889, 'gamma': 0.9784942702190441, 'gae_lambda': 0.8610906459425619, 'ent_coef': 0.09988838274803967, 'vf_coef': 0.1398698018612938, 'max_grad_norm': 0.1754334195744532, 'reward_scaling': 2.8033552130272614e-05, 'hmax': 40037, 'sharpe_ratio_weight': 0.27890136051831066, 'loss_penalty_weight': 0.6449446960910421}. Best is trial 0 with value: -100000.0.
Trial 20 finished with value: -100000.0 and parameters: {'learning_rate': 0.0004614777535251586, 'n_steps': 32595, 'total_timesteps': 120680, 'gamma': 0.954499094521343, 'gae_lambda': 0.863894081467871, 'ent_coef': 0.06340580484646652, 'vf_coef': 0.1717028943230487, 'max_grad_norm': 0.13291249322792886, 'reward_scaling': 1.6577182463500446e-05, 'hmax': 56326, 'sharpe_ratio_weight': 0.23619427351126251, 'loss_penalty_weight': 0.4654088552351982}. Best is trial 0 with value: -100000.0.
Trial 21 finished with value: -100000.0 and parameters: {'learning_rate': 0.00026193049277690935, 'n_steps': 2749, 'total_timesteps': 226333, 'gamma': 0.9182022295365486, 'gae_lambda': 0.9040707910218706, 'ent_coef': 0.0736668630630102, 'vf_coef': 0.21001612383668514, 'max_grad_norm': 0.10018411687409035, 'reward_scaling': 3.290771548856128e-05, 'hmax': 58308, 'sharpe_ratio_weight': 0.1982811156413855, 'loss_penalty_weight': 0.5201893639515679}. Best is trial 0 with value: -100000.0.
Trial 22 finished with value: -100000.0 and parameters: {'learning_rate': 0.00032178827153409473, 'n_steps': 6920, 'total_timesteps': 305264, 'gamma': 0.9255095936649227, 'gae_lambda': 0.8885355279245729, 'ent_coef': 0.08235014942699434, 'vf_coef': 0.18199481400403558, 'max_grad_norm': 0.16329207141722746, 'reward_scaling': 5.715515883798103e-05, 'hmax': 57369, 'sharpe_ratio_weight': 0.1916651199797366, 'loss_penalty_weight': 0.5591032848048707}. Best is trial 0 with value: -100000.0.
Trial 23 finished with value: -100000.0 and parameters: {'learning_rate': 0.0001873917814323147, 'n_steps': 15211, 'total_timesteps': 215998, 'gamma': 0.9454004044577666, 'gae_lambda': 0.895233449037699, 'ent_coef': 0.09722417172206313, 'vf_coef': 0.22414211964950742, 'max_grad_norm': 0.13006680815431404, 'reward_scaling': 2.8153043784967754e-05, 'hmax': 53741, 'sharpe_ratio_weight': 0.18568312897330927, 'loss_penalty_weight': 0.5111170042804526}. Best is trial 0 with value: -100000.0.
Trial 24 finished with value: -100000.0 and parameters: {'learning_rate': 0.0006093235123388679, 'n_steps': 8717, 'total_timesteps': 415405, 'gamma': 0.900023336681994, 'gae_lambda': 0.859495580896796, 'ent_coef': 0.07973398405630884, 'vf_coef': 0.18729893564722178, 'max_grad_norm': 0.15131518943710923, 'reward_scaling': 2.0216941854056817e-05, 'hmax': 57279, 'sharpe_ratio_weight': 0.21984978109866773, 'loss_penalty_weight': 0.48581228718405345}. Best is trial 0 with value: -100000.0.
Trial 25 finished with value: -100000.0 and parameters: {'learning_rate': 0.0003203791853079636, 'n_steps': 4676, 'total_timesteps': 258963, 'gamma': 0.9355553572530013, 'gae_lambda': 0.8820420480507919, 'ent_coef': 0.08993926223415957, 'vf_coef': 0.16966141165274462, 'max_grad_norm': 0.1133711351013548, 'reward_scaling': 4.960412737454111e-05, 'hmax': 54222, 'sharpe_ratio_weight': 0.2624010205623294, 'loss_penalty_weight': 0.5540150914583357}. Best is trial 0 with value: -100000.0.
Trial 26 finished with value: -100000.0 and parameters: {'learning_rate': 0.00017906535737397618, 'n_steps': 19402, 'total_timesteps': 156538, 'gamma': 0.9571938569425261, 'gae_lambda': 0.8693163022770973, 'ent_coef': 0.07068258103478262, 'vf_coef': 0.15137795176944724, 'max_grad_norm': 0.1802774782818224, 'reward_scaling': 3.4687826264930074e-05, 'hmax': 50440, 'sharpe_ratio_weight': 0.2352209352502422, 'loss_penalty_weight': 0.6090580648987511}. Best is trial 0 with value: -100000.0.
Trial 27 finished with value: -100000.0 and parameters: {'learning_rate': 0.000570490745332615, 'n_steps': 24676, 'total_timesteps': 328432, 'gamma': 0.9207230948097455, 'gae_lambda': 0.8568538375320778, 'ent_coef': 0.07816505124165819, 'vf_coef': 0.23364352299162153, 'max_grad_norm': 0.14259610637935655, 'reward_scaling': 2.5904592769948755e-05, 'hmax': 58319, 'sharpe_ratio_weight': 0.2688491707908816, 'loss_penalty_weight': 0.47069671480904623}. Best is trial 0 with value: -100000.0.
Trial 28 finished with value: -100000.0 and parameters: {'learning_rate': 0.0002662206646990196, 'n_steps': 11884, 'total_timesteps': 410915, 'gamma': 0.9408859305046442, 'gae_lambda': 0.8712337942003696, 'ent_coef': 0.09493508192717187, 'vf_coef': 0.20291380823224592, 'max_grad_norm': 0.16174596422291862, 'reward_scaling': 5.760052706722303e-05, 'hmax': 53835, 'sharpe_ratio_weight': 0.20875291525858414, 'loss_penalty_weight': 0.5908458054622726}. Best is trial 0 with value: -100000.0.
Trial 29 finished with value: -100000.0 and parameters: {'learning_rate': 7.781703439229404e-05, 'n_steps': 6192, 'total_timesteps': 234060, 'gamma': 0.9328833995143937, 'gae_lambda': 0.8561747587564357, 'ent_coef': 0.0899984402990112, 'vf_coef': 0.18067390923140902, 'max_grad_norm': 0.1651956396299623, 'reward_scaling': 1.370509167262213e-05, 'hmax': 51746, 'sharpe_ratio_weight': 0.15187714092045607, 'loss_penalty_weight': 0.5413579058948806}. Best is trial 0 with value: -100000.0.
A new study created in memory with name: no-name-e9226a0c-9048-4390-b5eb-ec10fc50422c
Trial 0 finished with value: -100000.0 and parameters: {'learning_rate': 0.00012975761995720201, 'n_steps': 53456, 'total_timesteps': 617818, 'gamma': 0.9812697861360937, 'gae_lambda': 0.9123776232751467, 'ent_coef': 0.08314972440338769, 'vf_coef': 0.1171284432159714, 'max_grad_norm': 0.34752431088200897, 'reward_scaling': 0.0001142129932747861, 'hmax': 30066, 'sharpe_ratio_weight': 0.13314731781734626, 'loss_penalty_weight': 0.7929103522864769}. Best is trial 0 with value: -100000.0.
Trial 1 finished with value: -100000.0 and parameters: {'learning_rate': 0.00030215735569388445, 'n_steps': 24015, 'total_timesteps': 259659, 'gamma': 0.9817819533630008, 'gae_lambda': 0.8760963439250826, 'ent_coef': 0.0997168015353037, 'vf_coef': 0.19757058797969207, 'max_grad_norm': 0.23922744311287503, 'reward_scaling': 7.06552317319568e-05, 'hmax': 50304, 'sharpe_ratio_weight': 0.1973118765658931, 'loss_penalty_weight': 0.48829462469498475}. Best is trial 0 with value: -100000.0.
Trial 2 finished with value: -100000.0 and parameters: {'learning_rate': 0.00030639110594192856, 'n_steps': 57289, 'total_timesteps': 541167, 'gamma': 0.9009303880116546, 'gae_lambda': 0.9168199557983452, 'ent_coef': 0.0771387550658916, 'vf_coef': 0.27803851415992337, 'max_grad_norm': 0.12044880312204424, 'reward_scaling': 0.000724384723194512, 'hmax': 57619, 'sharpe_ratio_weight': 0.19054700152156698, 'loss_penalty_weight': 0.4331560210133015}. Best is trial 0 with value: -100000.0.
Trial 3 finished with value: -100000.0 and parameters: {'learning_rate': 3.900533489487998e-05, 'n_steps': 14138, 'total_timesteps': 575956, 'gamma': 0.939432267957931, 'gae_lambda': 0.8715636138009664, 'ent_coef': 0.07341273117032074, 'vf_coef': 0.2528391475411573, 'max_grad_norm': 0.3383244703873471, 'reward_scaling': 0.00038445095900122586, 'hmax': 59706, 'sharpe_ratio_weight': 0.19483575652651128, 'loss_penalty_weight': 0.5126539932064131}. Best is trial 0 with value: -100000.0.
Trial 4 finished with value: -100000.0 and parameters: {'learning_rate': 4.7773993007582755e-05, 'n_steps': 52211, 'total_timesteps': 297501, 'gamma': 0.9028874022073599, 'gae_lambda': 0.8595510214464079, 'ent_coef': 0.05217178788398426, 'vf_coef': 0.17769050863428687, 'max_grad_norm': 0.12307281035761714, 'reward_scaling': 0.00010372028296382554, 'hmax': 33848, 'sharpe_ratio_weight': 0.1641690200478881, 'loss_penalty_weight': 0.6126068126006103}. Best is trial 0 with value: -100000.0.
Trial 5 finished with value: -100000.0 and parameters: {'learning_rate': 0.0006051848094628093, 'n_steps': 21322, 'total_timesteps': 499037, 'gamma': 0.913017624166428, 'gae_lambda': 0.9294078714978807, 'ent_coef': 0.08849586182068693, 'vf_coef': 0.2223154845111105, 'max_grad_norm': 0.15184205304500306, 'reward_scaling': 1.2910051060619193e-05, 'hmax': 42520, 'sharpe_ratio_weight': 0.2260052984544555, 'loss_penalty_weight': 0.7074416953979307}. Best is trial 0 with value: -100000.0.
Trial 6 finished with value: -100000.0 and parameters: {'learning_rate': 0.0002700859335322814, 'n_steps': 19334, 'total_timesteps': 257760, 'gamma': 0.997128163005238, 'gae_lambda': 0.9045621250637348, 'ent_coef': 0.08102774262756285, 'vf_coef': 0.10802818716457212, 'max_grad_norm': 0.3364618324888103, 'reward_scaling': 1.6711414435291515e-05, 'hmax': 43587, 'sharpe_ratio_weight': 0.15777402072099542, 'loss_penalty_weight': 0.5858019058654339}. Best is trial 0 with value: -100000.0.
Trial 7 finished with value: -100000.0 and parameters: {'learning_rate': 0.0007374210898227332, 'n_steps': 50355, 'total_timesteps': 61323, 'gamma': 0.9371181687884721, 'gae_lambda': 0.8576514899173707, 'ent_coef': 0.07943712707111308, 'vf_coef': 0.270401474329132, 'max_grad_norm': 0.24011735151201255, 'reward_scaling': 2.7786525919397422e-05, 'hmax': 35921, 'sharpe_ratio_weight': 0.2579057237984292, 'loss_penalty_weight': 0.47896626724386243}. Best is trial 0 with value: -100000.0.
Trial 8 finished with value: -100000.0 and parameters: {'learning_rate': 1.6134341158453018e-05, 'n_steps': 3438, 'total_timesteps': 559547, 'gamma': 0.9236041422742475, 'gae_lambda': 0.9025284380804164, 'ent_coef': 0.08619359248701348, 'vf_coef': 0.29532485687367127, 'max_grad_norm': 0.17381258884902953, 'reward_scaling': 8.539653980064137e-05, 'hmax': 39634, 'sharpe_ratio_weight': 0.2157963327931118, 'loss_penalty_weight': 0.7489841611720353}. Best is trial 0 with value: -100000.0.
Trial 9 finished with value: -100000.0 and parameters: {'learning_rate': 0.0009104373093860495, 'n_steps': 59318, 'total_timesteps': 368113, 'gamma': 0.9163763141343098, 'gae_lambda': 0.8952085353985265, 'ent_coef': 0.0655772422798297, 'vf_coef': 0.29256537768839913, 'max_grad_norm': 0.22287472675798628, 'reward_scaling': 4.7513231752956734e-05, 'hmax': 37579, 'sharpe_ratio_weight': 0.18708368066878248, 'loss_penalty_weight': 0.5339050347181031}. Best is trial 0 with value: -100000.0.
Trial 10 finished with value: -100000.0 and parameters: {'learning_rate': 0.00011501602499429499, 'n_steps': 38740, 'total_timesteps': 660798, 'gamma': 0.9657590830244711, 'gae_lambda': 0.940135124951087, 'ent_coef': 0.06534945748011008, 'vf_coef': 0.12690150820775103, 'max_grad_norm': 0.3591107496257923, 'reward_scaling': 0.00016873683118494515, 'hmax': 49002, 'sharpe_ratio_weight': 0.11964374172790433, 'loss_penalty_weight': 0.7653927891843013}. Best is trial 0 with value: -100000.0.
Trial 11 finished with value: -100000.0 and parameters: {'learning_rate': 0.00017027126419568594, 'n_steps': 34699, 'total_timesteps': 141802, 'gamma': 0.9764943823289284, 'gae_lambda': 0.8792201563478488, 'ent_coef': 0.09770384156506243, 'vf_coef': 0.1496130769255212, 'max_grad_norm': 0.27778790410796417, 'reward_scaling': 5.328580150599337e-05, 'hmax': 52191, 'sharpe_ratio_weight': 0.13679416235078223, 'loss_penalty_weight': 0.6361485655124782}. Best is trial 0 with value: -100000.0.
Trial 12 finished with value: -100000.0 and parameters: {'learning_rate': 8.398591105404293e-05, 'n_steps': 39687, 'total_timesteps': 432915, 'gamma': 0.9993726232730697, 'gae_lambda': 0.886118516263744, 'ent_coef': 0.09782966519348293, 'vf_coef': 0.17656197186964712, 'max_grad_norm': 0.27489446032296355, 'reward_scaling': 0.000187445709517109, 'hmax': 30480, 'sharpe_ratio_weight': 0.11793520686772434, 'loss_penalty_weight': 0.6577741879502302}. Best is trial 0 with value: -100000.0.
Trial 13 finished with value: -100000.0 and parameters: {'learning_rate': 0.0003078407048401993, 'n_steps': 27729, 'total_timesteps': 223144, 'gamma': 0.9681799746431324, 'gae_lambda': 0.9497500207107498, 'ent_coef': 0.09961354333814774, 'vf_coef': 0.10369377619751537, 'max_grad_norm': 0.3806759123119707, 'reward_scaling': 3.720279585291344e-05, 'hmax': 49277, 'sharpe_ratio_weight': 0.14639952345490498, 'loss_penalty_weight': 0.7796997834071118}. Best is trial 0 with value: -100000.0.
Trial 14 finished with value: -100000.0 and parameters: {'learning_rate': 0.0001568065049777367, 'n_steps': 45758, 'total_timesteps': 411774, 'gamma': 0.9819561942708056, 'gae_lambda': 0.9170427371562023, 'ent_coef': 0.08973269714014798, 'vf_coef': 0.20548073379686688, 'max_grad_norm': 0.19683134627704374, 'reward_scaling': 8.485068669925259e-05, 'hmax': 54469, 'sharpe_ratio_weight': 0.10798537698670392, 'loss_penalty_weight': 0.568363414841521}. Best is trial 0 with value: -100000.0.
Trial 15 finished with value: -100000.0 and parameters: {'learning_rate': 0.00039008958935574285, 'n_steps': 27926, 'total_timesteps': 691689, 'gamma': 0.9568623832077462, 'gae_lambda': 0.8855950570522687, 'ent_coef': 0.09121665002939079, 'vf_coef': 0.14796966590677463, 'max_grad_norm': 0.2935822192690588, 'reward_scaling': 0.000203257362046028, 'hmax': 48509, 'sharpe_ratio_weight': 0.1375789344698048, 'loss_penalty_weight': 0.40030578408756584}. Best is trial 0 with value: -100000.0.
Trial 16 finished with value: -100000.0 and parameters: {'learning_rate': 0.0001870077969520146, 'n_steps': 7571, 'total_timesteps': 335373, 'gamma': 0.9826503456194294, 'gae_lambda': 0.8715699597988249, 'ent_coef': 0.08397334040177454, 'vf_coef': 0.12396516573387395, 'max_grad_norm': 0.23977221853011071, 'reward_scaling': 2.6217724048893798e-05, 'hmax': 30907, 'sharpe_ratio_weight': 0.2738296273277397, 'loss_penalty_weight': 0.7978837749055676}. Best is trial 0 with value: -100000.0.
Trial 17 finished with value: -100000.0 and parameters: {'learning_rate': 0.0004705682519639355, 'n_steps': 21956, 'total_timesteps': 179023, 'gamma': 0.9535461085168841, 'gae_lambda': 0.9126049060982238, 'ent_coef': 0.08913013245616688, 'vf_coef': 0.2014505244118322, 'max_grad_norm': 0.3994212760046533, 'reward_scaling': 0.00012438119573196692, 'hmax': 44998, 'sharpe_ratio_weight': 0.17036752062450536, 'loss_penalty_weight': 0.695585487298786}. Best is trial 0 with value: -100000.0.
