A new study created in memory with name: no-name-e50b8d73-bcf9-4151-a786-a2001fc73f91
Trial 0 failed with parameters: {'learning_rate': 2.0168352694772687e-05, 'n_steps': 1362, 'total_timesteps': 109592, 'gamma': 0.9786690150787184, 'gae_lambda': 0.916319084377361, 'ent_coef': 0.014187880289914929, 'vf_coef': 0.2406291829472176, 'max_grad_norm': 0.22587959692738932, 'reward_scaling': 8.724608941238624e-05, 'hmax': 91469, 'sharpe_ratio_weight': 0.3712772628581832, 'loss_penalty_weight': 0.35266485125437264} because of the following error: KeyboardInterrupt().
Traceback (most recent call last):
  File "/Users/floriankockler/anaconda3/envs/py310/lib/python3.10/site-packages/optuna/study/_optimize.py", line 200, in _run_trial
    value_or_values = func(trial)
  File "/Users/floriankockler/Documents/GitHub.nosync/quantumai2/hyperoptimizer/optunaoptimizer.py", line 376, in objective
    model.learn(total_timesteps=timesteps, callback=callbacks,
  File "/Users/floriankockler/anaconda3/envs/py310/lib/python3.10/site-packages/stable_baselines3/a2c/a2c.py", line 194, in learn
    return super().learn(
  File "/Users/floriankockler/anaconda3/envs/py310/lib/python3.10/site-packages/stable_baselines3/common/on_policy_algorithm.py", line 259, in learn
    continue_training = self.collect_rollouts(self.env, callback, self.rollout_buffer, n_rollout_steps=self.n_steps)
  File "/Users/floriankockler/anaconda3/envs/py310/lib/python3.10/site-packages/stable_baselines3/common/on_policy_algorithm.py", line 178, in collect_rollouts
    new_obs, rewards, dones, infos = env.step(clipped_actions)
  File "/Users/floriankockler/anaconda3/envs/py310/lib/python3.10/site-packages/stable_baselines3/common/vec_env/base_vec_env.py", line 197, in step
    return self.step_wait()
  File "/Users/floriankockler/anaconda3/envs/py310/lib/python3.10/site-packages/stable_baselines3/common/vec_env/vec_normalize.py", line 187, in step_wait
    self.obs_rms.update(obs)
  File "/Users/floriankockler/anaconda3/envs/py310/lib/python3.10/site-packages/stable_baselines3/common/running_mean_std.py", line 41, in update
    self.update_from_moments(batch_mean, batch_var, batch_count)
  File "/Users/floriankockler/anaconda3/envs/py310/lib/python3.10/site-packages/stable_baselines3/common/running_mean_std.py", line 50, in update_from_moments
    m_2 = m_a + m_b + np.square(delta) * self.count * batch_count / (self.count + batch_count)
KeyboardInterrupt
Trial 0 failed with value None.
A new study created in memory with name: no-name-dc69b049-72ef-4368-b674-cf6cb9802eff
Trial 0 failed with parameters: {'learning_rate': 7.134206421086611e-05, 'n_steps': 6973, 'total_timesteps': 699187, 'gamma': 0.9340806977217466, 'gae_lambda': 0.9004972780554826, 'ent_coef': 0.03222526659508553, 'vf_coef': 0.12772771040484593, 'max_grad_norm': 0.33415324155816734, 'reward_scaling': 1.9503478191921962e-05, 'hmax': 54539, 'sharpe_ratio_weight': 0.5104111998128511, 'loss_penalty_weight': 0.4652052225378623} because of the following error: The value None could not be cast to float..
Trial 0 failed with value None.
Trial 1 failed with parameters: {'learning_rate': 5.003164629817155e-05, 'n_steps': 2512, 'total_timesteps': 603176, 'gamma': 0.9680515276810626, 'gae_lambda': 0.9551653466738628, 'ent_coef': 0.06222084593826991, 'vf_coef': 0.24795087090739842, 'max_grad_norm': 0.215379322710534, 'reward_scaling': 0.00024086967961689957, 'hmax': 94011, 'sharpe_ratio_weight': 0.591762762063231, 'loss_penalty_weight': 0.13576811533057973} because of the following error: The value None could not be cast to float..
Trial 1 failed with value None.
Trial 2 failed with parameters: {'learning_rate': 2.736118045378832e-05, 'n_steps': 7126, 'total_timesteps': 906027, 'gamma': 0.9944510183755811, 'gae_lambda': 0.9007932708324531, 'ent_coef': 0.04092262986264104, 'vf_coef': 0.12917216994153066, 'max_grad_norm': 0.1949446882798925, 'reward_scaling': 0.0008897654170905538, 'hmax': 91666, 'sharpe_ratio_weight': 0.2153738582597834, 'loss_penalty_weight': 0.4830080097663459} because of the following error: The value None could not be cast to float..
Trial 2 failed with value None.
Trial 3 failed with parameters: {'learning_rate': 2.11322516306727e-05, 'n_steps': 1219, 'total_timesteps': 353726, 'gamma': 0.980127407595622, 'gae_lambda': 0.9761284998015809, 'ent_coef': 0.037616053567021024, 'vf_coef': 0.14666087099472563, 'max_grad_norm': 0.10032070478623527, 'reward_scaling': 0.0006160567999979609, 'hmax': 93762, 'sharpe_ratio_weight': 0.5776372609864775, 'loss_penalty_weight': 0.1144226294454071} because of the following error: The value None could not be cast to float..
Trial 3 failed with value None.
Trial 4 failed with parameters: {'learning_rate': 4.4551535033272976e-05, 'n_steps': 3047, 'total_timesteps': 836030, 'gamma': 0.9703759617275078, 'gae_lambda': 0.9423389262443195, 'ent_coef': 0.05027310623893427, 'vf_coef': 0.17718451928548257, 'max_grad_norm': 0.18741107773140825, 'reward_scaling': 1.7855499225786393e-05, 'hmax': 72711, 'sharpe_ratio_weight': 0.5844289184216657, 'loss_penalty_weight': 0.2537624589987226} because of the following error: The value None could not be cast to float..
Trial 4 failed with value None.
Trial 5 failed with parameters: {'learning_rate': 2.5008672188237362e-05, 'n_steps': 6442, 'total_timesteps': 584588, 'gamma': 0.9163726275900357, 'gae_lambda': 0.997908010591583, 'ent_coef': 0.016899621641175026, 'vf_coef': 0.17376771989588657, 'max_grad_norm': 0.11343020724031137, 'reward_scaling': 0.00029642443307170317, 'hmax': 67089, 'sharpe_ratio_weight': 0.31432459316943784, 'loss_penalty_weight': 0.2392510531582148} because of the following error: The value None could not be cast to float..
Trial 5 failed with value None.
Trial 6 failed with parameters: {'learning_rate': 1.0574369270918225e-05, 'n_steps': 1085, 'total_timesteps': 414810, 'gamma': 0.9307992226884314, 'gae_lambda': 0.9519559793505544, 'ent_coef': 0.010274082836845116, 'vf_coef': 0.1608040450236267, 'max_grad_norm': 0.13020403826522312, 'reward_scaling': 0.0006825104024369478, 'hmax': 60260, 'sharpe_ratio_weight': 0.2562285971812006, 'loss_penalty_weight': 0.18775463946342316} because of the following error: The value None could not be cast to float..
Trial 6 failed with value None.
Trial 7 failed with parameters: {'learning_rate': 3.709478241710572e-05, 'n_steps': 9080, 'total_timesteps': 735247, 'gamma': 0.9162295946868061, 'gae_lambda': 0.9756897221612153, 'ent_coef': 0.05498357482676317, 'vf_coef': 0.1365219992155689, 'max_grad_norm': 0.22510422667136523, 'reward_scaling': 1.2289858366904299e-05, 'hmax': 77251, 'sharpe_ratio_weight': 0.22633337505032897, 'loss_penalty_weight': 0.14194108873171268} because of the following error: The value None could not be cast to float..
Trial 7 failed with value None.
Trial 8 failed with parameters: {'learning_rate': 1.9247681047982055e-05, 'n_steps': 4347, 'total_timesteps': 813390, 'gamma': 0.9849392323655424, 'gae_lambda': 0.9858974624325395, 'ent_coef': 0.07016332527345508, 'vf_coef': 0.2795812787279965, 'max_grad_norm': 0.13990798365737916, 'reward_scaling': 0.0007648015079155577, 'hmax': 78511, 'sharpe_ratio_weight': 0.34976790747817577, 'loss_penalty_weight': 0.1061397098205027} because of the following error: The value None could not be cast to float..
Trial 8 failed with value None.
Trial 9 failed with parameters: {'learning_rate': 1.0506004819191001e-05, 'n_steps': 4398, 'total_timesteps': 315275, 'gamma': 0.9108846452431422, 'gae_lambda': 0.9384121261041695, 'ent_coef': 0.0645624513185573, 'vf_coef': 0.27685777351544677, 'max_grad_norm': 0.1399154551712825, 'reward_scaling': 0.0009489442635307381, 'hmax': 75250, 'sharpe_ratio_weight': 0.7266703148603975, 'loss_penalty_weight': 0.18933118768385773} because of the following error: The value None could not be cast to float..
Trial 9 failed with value None.
Trial 10 failed with parameters: {'learning_rate': 1.1003580667180886e-05, 'n_steps': 5258, 'total_timesteps': 370475, 'gamma': 0.9464121298016251, 'gae_lambda': 0.9814690511750241, 'ent_coef': 0.029709089129893902, 'vf_coef': 0.10678798741415788, 'max_grad_norm': 0.11871902345263724, 'reward_scaling': 1.3559446354850865e-05, 'hmax': 49042, 'sharpe_ratio_weight': 0.4715641872889096, 'loss_penalty_weight': 0.12367277981427903} because of the following error: The value None could not be cast to float..
Trial 10 failed with value None.
Trial 11 failed with parameters: {'learning_rate': 2.9786365538172125e-05, 'n_steps': 6164, 'total_timesteps': 301235, 'gamma': 0.9810465820755816, 'gae_lambda': 0.9268439438891896, 'ent_coef': 0.0771915791856459, 'vf_coef': 0.18959296043869875, 'max_grad_norm': 0.11117021995649969, 'reward_scaling': 1.7954482692574866e-05, 'hmax': 94937, 'sharpe_ratio_weight': 0.29378544274439056, 'loss_penalty_weight': 0.12915093855120435} because of the following error: The value None could not be cast to float..
Trial 11 failed with value None.
Trial 12 failed with parameters: {'learning_rate': 6.426636404040107e-05, 'n_steps': 6183, 'total_timesteps': 727630, 'gamma': 0.9333713213443693, 'gae_lambda': 0.942191370123284, 'ent_coef': 0.05338867626735227, 'vf_coef': 0.13138067108301218, 'max_grad_norm': 0.34817486965756556, 'reward_scaling': 0.00025932117141220986, 'hmax': 49463, 'sharpe_ratio_weight': 0.2988929585205446, 'loss_penalty_weight': 0.14583875385562775} because of the following error: The value None could not be cast to float..
Trial 12 failed with value None.
Trial 13 failed with parameters: {'learning_rate': 1.2063974464973165e-05, 'n_steps': 8903, 'total_timesteps': 778516, 'gamma': 0.9503234686906293, 'gae_lambda': 0.9804868539587149, 'ent_coef': 0.02321450553223261, 'vf_coef': 0.22263641058366423, 'max_grad_norm': 0.34559016663822006, 'reward_scaling': 0.00011254956909138943, 'hmax': 51697, 'sharpe_ratio_weight': 0.8452812086135982, 'loss_penalty_weight': 0.4941011644445715} because of the following error: The value None could not be cast to float..
Trial 13 failed with value None.
Trial 14 failed with parameters: {'learning_rate': 4.762056766591686e-05, 'n_steps': 5848, 'total_timesteps': 647302, 'gamma': 0.9805536775512116, 'gae_lambda': 0.9631605883203579, 'ent_coef': 0.01977385791936028, 'vf_coef': 0.1423292126307745, 'max_grad_norm': 0.1274546040950668, 'reward_scaling': 4.900385789717641e-05, 'hmax': 98329, 'sharpe_ratio_weight': 0.8509744552181421, 'loss_penalty_weight': 0.5680633371286715} because of the following error: The value None could not be cast to float..
Trial 14 failed with value None.
Trial 15 failed with parameters: {'learning_rate': 2.2636556899583318e-05, 'n_steps': 5283, 'total_timesteps': 569816, 'gamma': 0.939338312129871, 'gae_lambda': 0.9115489321957063, 'ent_coef': 0.06252010105426761, 'vf_coef': 0.18774215297474983, 'max_grad_norm': 0.23353742272402916, 'reward_scaling': 1.0577472246786432e-05, 'hmax': 90063, 'sharpe_ratio_weight': 0.23149504202590557, 'loss_penalty_weight': 0.42670876582150796} because of the following error: The value None could not be cast to float..
Trial 15 failed with value None.
Trial 16 failed with parameters: {'learning_rate': 1.613769336775213e-05, 'n_steps': 4419, 'total_timesteps': 317758, 'gamma': 0.9494282781467138, 'gae_lambda': 0.9645545810973551, 'ent_coef': 0.07657252833028236, 'vf_coef': 0.22914365795603595, 'max_grad_norm': 0.22614696853530739, 'reward_scaling': 0.00018680482726180593, 'hmax': 79112, 'sharpe_ratio_weight': 0.6944993317197331, 'loss_penalty_weight': 0.1284079036897291} because of the following error: The value None could not be cast to float..
Trial 16 failed with value None.
Trial 17 failed with parameters: {'learning_rate': 1.3928179935599967e-05, 'n_steps': 4781, 'total_timesteps': 329493, 'gamma': 0.9218983969143268, 'gae_lambda': 0.9784433520467324, 'ent_coef': 0.07003621908099852, 'vf_coef': 0.12169743547750891, 'max_grad_norm': 0.26882708820844353, 'reward_scaling': 0.00022670583124998752, 'hmax': 70793, 'sharpe_ratio_weight': 0.6443668670449421, 'loss_penalty_weight': 0.44015962381510715} because of the following error: The value None could not be cast to float..
Trial 17 failed with value None.
Trial 18 failed with parameters: {'learning_rate': 1.802959808378031e-05, 'n_steps': 2068, 'total_timesteps': 952017, 'gamma': 0.9079457193093871, 'gae_lambda': 0.9139924692765974, 'ent_coef': 0.02426335482206131, 'vf_coef': 0.2127830186737793, 'max_grad_norm': 0.168263801071297, 'reward_scaling': 2.8211597418945756e-05, 'hmax': 68627, 'sharpe_ratio_weight': 0.564833503175908, 'loss_penalty_weight': 0.10113537947698951} because of the following error: The value None could not be cast to float..
Trial 18 failed with value None.
Trial 19 failed with parameters: {'learning_rate': 1.5243864941316826e-05, 'n_steps': 3163, 'total_timesteps': 427702, 'gamma': 0.9366330970207101, 'gae_lambda': 0.9366114469366038, 'ent_coef': 0.020196775319201984, 'vf_coef': 0.11868980152220134, 'max_grad_norm': 0.13928513874815202, 'reward_scaling': 0.0001102195095186204, 'hmax': 42707, 'sharpe_ratio_weight': 0.5373240355183294, 'loss_penalty_weight': 0.36239125085794993} because of the following error: The value None could not be cast to float..
Trial 19 failed with value None.
Trial 20 failed with parameters: {'learning_rate': 6.933754397338006e-05, 'n_steps': 6381, 'total_timesteps': 578490, 'gamma': 0.9600106708085699, 'gae_lambda': 0.9045163093803462, 'ent_coef': 0.034854641759376324, 'vf_coef': 0.17574655313892187, 'max_grad_norm': 0.13194039993077475, 'reward_scaling': 0.00010960029960669229, 'hmax': 51844, 'sharpe_ratio_weight': 0.5507014135556954, 'loss_penalty_weight': 0.41630627406592097} because of the following error: The value None could not be cast to float..
Trial 20 failed with value None.
Trial 21 failed with parameters: {'learning_rate': 1.0735428119666765e-05, 'n_steps': 6565, 'total_timesteps': 679713, 'gamma': 0.9714973459907144, 'gae_lambda': 0.9121884073806449, 'ent_coef': 0.026291100686942695, 'vf_coef': 0.11721799702485448, 'max_grad_norm': 0.30846445268906225, 'reward_scaling': 0.00021492474987250861, 'hmax': 63740, 'sharpe_ratio_weight': 0.858140508157989, 'loss_penalty_weight': 0.18294242101602576} because of the following error: The value None could not be cast to float..
Trial 21 failed with value None.
Trial 22 failed with parameters: {'learning_rate': 1.0492083835528503e-05, 'n_steps': 2580, 'total_timesteps': 738248, 'gamma': 0.9210776508152125, 'gae_lambda': 0.9133685871345095, 'ent_coef': 0.0833736123644812, 'vf_coef': 0.1429790683274924, 'max_grad_norm': 0.39114246693590243, 'reward_scaling': 5.9050266005267305e-05, 'hmax': 86970, 'sharpe_ratio_weight': 0.658645153718267, 'loss_penalty_weight': 0.13748685144533185} because of the following error: The value None could not be cast to float..
Trial 22 failed with value None.
Trial 23 failed with parameters: {'learning_rate': 7.853889350642641e-05, 'n_steps': 8615, 'total_timesteps': 780580, 'gamma': 0.904428902085716, 'gae_lambda': 0.9880972072908223, 'ent_coef': 0.0914664128732979, 'vf_coef': 0.14501868300528914, 'max_grad_norm': 0.2018004155618473, 'reward_scaling': 6.226652973493271e-05, 'hmax': 68951, 'sharpe_ratio_weight': 0.8067357350271593, 'loss_penalty_weight': 0.10210195552484763} because of the following error: The value None could not be cast to float..
Trial 23 failed with value None.
Trial 24 failed with parameters: {'learning_rate': 1.3518475769257146e-05, 'n_steps': 1202, 'total_timesteps': 380330, 'gamma': 0.9792806826287965, 'gae_lambda': 0.9826095581967479, 'ent_coef': 0.02306327875325465, 'vf_coef': 0.12305850570740437, 'max_grad_norm': 0.2747146693579837, 'reward_scaling': 1.240884091412064e-05, 'hmax': 79913, 'sharpe_ratio_weight': 0.20241073182173866, 'loss_penalty_weight': 0.1002868110827432} because of the following error: The value None could not be cast to float..
Trial 24 failed with value None.
Trial 25 failed with parameters: {'learning_rate': 1.693487293901767e-05, 'n_steps': 2304, 'total_timesteps': 452372, 'gamma': 0.9659685279420899, 'gae_lambda': 0.9651302267335707, 'ent_coef': 0.05647674064075264, 'vf_coef': 0.13299425311843102, 'max_grad_norm': 0.16330778237559263, 'reward_scaling': 0.00023676338285248617, 'hmax': 64899, 'sharpe_ratio_weight': 0.887149511645009, 'loss_penalty_weight': 0.20801037134624137} because of the following error: The value None could not be cast to float..
Trial 25 failed with value None.
Trial 26 failed with parameters: {'learning_rate': 1.0725915376033964e-05, 'n_steps': 5229, 'total_timesteps': 750527, 'gamma': 0.9855086500485711, 'gae_lambda': 0.9470658927160351, 'ent_coef': 0.032374573910480396, 'vf_coef': 0.1331099611323127, 'max_grad_norm': 0.3599781741448928, 'reward_scaling': 0.0008024306888264543, 'hmax': 51749, 'sharpe_ratio_weight': 0.5433139250577188, 'loss_penalty_weight': 0.17477416828959969} because of the following error: The value None could not be cast to float..
Trial 26 failed with value None.
Trial 27 failed with parameters: {'learning_rate': 2.285936328187259e-05, 'n_steps': 4495, 'total_timesteps': 366197, 'gamma': 0.9824333427977148, 'gae_lambda': 0.9350687895991182, 'ent_coef': 0.012998262142812918, 'vf_coef': 0.17811753813546582, 'max_grad_norm': 0.33913874825147505, 'reward_scaling': 4.658785375273766e-05, 'hmax': 51263, 'sharpe_ratio_weight': 0.35652195376926044, 'loss_penalty_weight': 0.20594816562908252} because of the following error: The value None could not be cast to float..
Trial 27 failed with value None.
Trial 28 failed with parameters: {'learning_rate': 3.5634842797728916e-05, 'n_steps': 1286, 'total_timesteps': 412820, 'gamma': 0.9485565705769063, 'gae_lambda': 0.972670885917234, 'ent_coef': 0.04227403621003392, 'vf_coef': 0.11204346908079818, 'max_grad_norm': 0.13651947778340914, 'reward_scaling': 1.9501113326661266e-05, 'hmax': 99427, 'sharpe_ratio_weight': 0.27414134189857714, 'loss_penalty_weight': 0.2531316325362898} because of the following error: The value None could not be cast to float..
Trial 28 failed with value None.
Trial 29 failed with parameters: {'learning_rate': 5.830026940563862e-05, 'n_steps': 1587, 'total_timesteps': 942628, 'gamma': 0.953716820828978, 'gae_lambda': 0.9940115510566552, 'ent_coef': 0.017495626195059594, 'vf_coef': 0.14409045990729147, 'max_grad_norm': 0.13331985491775963, 'reward_scaling': 0.0006333126917036563, 'hmax': 79023, 'sharpe_ratio_weight': 0.2550297667696131, 'loss_penalty_weight': 0.522316142059431} because of the following error: The value None could not be cast to float..
Trial 29 failed with value None.
A new study created in memory with name: no-name-7e3143e0-cb85-44e4-83d0-4b74e54f1005
Trial 0 failed with parameters: {'learning_rate': 2.6630767109239412e-05, 'n_steps': 1448, 'total_timesteps': 739916, 'gamma': 0.9557438632779275, 'gae_lambda': 0.9290244776284009, 'ent_coef': 0.0887997644451203, 'vf_coef': 0.11650694113131548, 'max_grad_norm': 0.13649142384974522, 'reward_scaling': 2.7057722721698607e-05, 'hmax': 67919, 'sharpe_ratio_weight': 0.4077730798278075, 'loss_penalty_weight': 0.1115534855473713} because of the following error: The value None could not be cast to float..
Trial 0 failed with value None.
A new study created in memory with name: no-name-01154ac5-40c7-4015-b758-8ef2a35b57c4
Trial 0 failed with parameters: {'learning_rate': 2.905108828793102e-05, 'n_steps': 6658, 'total_timesteps': 308689, 'gamma': 0.9132726476874692, 'gae_lambda': 0.9050039413285252, 'ent_coef': 0.017633625192678467, 'vf_coef': 0.2542065047281824, 'max_grad_norm': 0.10326649448483462, 'reward_scaling': 0.0007726908655171529, 'hmax': 68129, 'sharpe_ratio_weight': 0.2989793133830735, 'loss_penalty_weight': 0.2145613059314265} because of the following error: The value None could not be cast to float..
Trial 0 failed with value None.
A new study created in memory with name: no-name-097f9c1b-29c1-4d15-89c0-9061d8985a8b
Trial 0 failed with parameters: {'learning_rate': 1.578078429238655e-05, 'n_steps': 7212, 'total_timesteps': 416039, 'gamma': 0.9040643631582199, 'gae_lambda': 0.9886278042505794, 'ent_coef': 0.015325953890490315, 'vf_coef': 0.14698316222943997, 'max_grad_norm': 0.1453403155969759, 'reward_scaling': 4.973009073307172e-05, 'hmax': 48169, 'sharpe_ratio_weight': 0.3211602362064636, 'loss_penalty_weight': 0.3304035705308335} because of the following error: KeyboardInterrupt().
Traceback (most recent call last):
  File "/Users/floriankockler/anaconda3/envs/py310/lib/python3.10/site-packages/optuna/study/_optimize.py", line 200, in _run_trial
    value_or_values = func(trial)
  File "/Users/floriankockler/Documents/GitHub.nosync/quantumai2/hyperoptimizer/optunaoptimizer.py", line 376, in objective
    model.learn(total_timesteps=timesteps, callback=callbacks,
  File "/Users/floriankockler/anaconda3/envs/py310/lib/python3.10/site-packages/stable_baselines3/a2c/a2c.py", line 194, in learn
    return super().learn(
  File "/Users/floriankockler/anaconda3/envs/py310/lib/python3.10/site-packages/stable_baselines3/common/on_policy_algorithm.py", line 259, in learn
    continue_training = self.collect_rollouts(self.env, callback, self.rollout_buffer, n_rollout_steps=self.n_steps)
  File "/Users/floriankockler/anaconda3/envs/py310/lib/python3.10/site-packages/stable_baselines3/common/on_policy_algorithm.py", line 178, in collect_rollouts
    new_obs, rewards, dones, infos = env.step(clipped_actions)
  File "/Users/floriankockler/anaconda3/envs/py310/lib/python3.10/site-packages/stable_baselines3/common/vec_env/base_vec_env.py", line 197, in step
    return self.step_wait()
  File "/Users/floriankockler/anaconda3/envs/py310/lib/python3.10/site-packages/stable_baselines3/common/vec_env/vec_normalize.py", line 187, in step_wait
    self.obs_rms.update(obs)
  File "/Users/floriankockler/anaconda3/envs/py310/lib/python3.10/site-packages/stable_baselines3/common/running_mean_std.py", line 38, in update
    batch_mean = np.mean(arr, ax