Trial 26 finished with value: -100000.0 and parameters: {'learning_rate': 0.0002030314925052972, 'n_steps': 54316, 'total_timesteps': 603298, 'gamma': 0.9249456698428952, 'gae_lambda': 0.912910191350505, 'ent_coef': 0.08131377517573875, 'vf_coef': 0.11000650583392207, 'max_grad_norm': 0.12309970677199944, 'reward_scaling': 2.3480097323204765e-05, 'hmax': 34430, 'sharpe_ratio_weight': 0.15094646499802397, 'loss_penalty_weight': 0.5292638830118543}. Best is trial 0 with value: -100000.0.
Trial 27 finished with value: -100000.0 and parameters: {'learning_rate': 0.00010976608429645998, 'n_steps': 13597, 'total_timesteps': 449334, 'gamma': 0.9240832468337702, 'gae_lambda': 0.8773228742105875, 'ent_coef': 0.08476679536979474, 'vf_coef': 0.1239968757326559, 'max_grad_norm': 0.13313835096991228, 'reward_scaling': 3.0063800754249722e-05, 'hmax': 50575, 'sharpe_ratio_weight': 0.13020932276002198, 'loss_penalty_weight': 0.5644456562841399}. Best is trial 0 with value: -100000.0.
Trial 28 finished with value: -100000.0 and parameters: {'learning_rate': 7.643529289359795e-05, 'n_steps': 30173, 'total_timesteps': 315871, 'gamma': 0.9370664205816499, 'gae_lambda': 0.8899269259321442, 'ent_coef': 0.07487339133252165, 'vf_coef': 0.10331897474232488, 'max_grad_norm': 0.11148594952859112, 'reward_scaling': 1.6352967673265884e-05, 'hmax': 31488, 'sharpe_ratio_weight': 0.13820005158771073, 'loss_penalty_weight': 0.5935695657240445}. Best is trial 0 with value: -100000.0.
Trial 29 finished with value: -100000.0 and parameters: {'learning_rate': 0.0003424421175991371, 'n_steps': 22242, 'total_timesteps': 695068, 'gamma': 0.9473500070451717, 'gae_lambda': 0.8688839832953255, 'ent_coef': 0.09249860671780692, 'vf_coef': 0.24103385450192508, 'max_grad_norm': 0.14946062982809763, 'reward_scaling': 1.3874724111588949e-05, 'hmax': 38333, 'sharpe_ratio_weight': 0.15612035035719612, 'loss_penalty_weight': 0.4865521982852712}. Best is trial 0 with value: -100000.0.
A new study created in memory with name: no-name-033f5fef-ecdc-420e-8f31-a494e04ad10f
Trial 0 finished with value: -100000.0 and parameters: {'learning_rate': 2.2238115145344227e-05, 'n_steps': 31058, 'total_timesteps': 578814, 'gamma': 0.9113780056984768, 'gae_lambda': 0.9116808995376783, 'ent_coef': 0.09868927932108597, 'vf_coef': 0.10684656286871612, 'max_grad_norm': 0.2059419827327547, 'reward_scaling': 0.0006996506181692642, 'hmax': 32491, 'sharpe_ratio_weight': 0.2805496840799407, 'loss_penalty_weight': 0.4635002048740639}. Best is trial 0 with value: -100000.0.
Trial 1 finished with value: -100000.0 and parameters: {'learning_rate': 9.181324270893059e-05, 'n_steps': 10248, 'total_timesteps': 107175, 'gamma': 0.9761482404644176, 'gae_lambda': 0.8506020136724668, 'ent_coef': 0.05333093300004663, 'vf_coef': 0.1843622734335196, 'max_grad_norm': 0.31613173729497424, 'reward_scaling': 0.0009534273338450677, 'hmax': 38302, 'sharpe_ratio_weight': 0.16244154451023637, 'loss_penalty_weight': 0.7683210829942315}. Best is trial 0 with value: -100000.0.
Trial 2 finished with value: -100000.0 and parameters: {'learning_rate': 0.00010641336302994035, 'n_steps': 22809, 'total_timesteps': 399194, 'gamma': 0.97362523110061, 'gae_lambda': 0.9468655323020431, 'ent_coef': 0.08835357504714542, 'vf_coef': 0.1591428949115185, 'max_grad_norm': 0.36873505962327047, 'reward_scaling': 0.0005370317829903062, 'hmax': 51909, 'sharpe_ratio_weight': 0.2750163885758276, 'loss_penalty_weight': 0.5310733356418356}. Best is trial 0 with value: -100000.0.
Trial 3 finished with value: -100000.0 and parameters: {'learning_rate': 0.00014143422776448594, 'n_steps': 13010, 'total_timesteps': 109585, 'gamma': 0.9699465850656541, 'gae_lambda': 0.9112977331195459, 'ent_coef': 0.06710268486871328, 'vf_coef': 0.19582903774727578, 'max_grad_norm': 0.3147847248764862, 'reward_scaling': 0.00040420901970297134, 'hmax': 33125, 'sharpe_ratio_weight': 0.2548889604985221, 'loss_penalty_weight': 0.7630071691385765}. Best is trial 0 with value: -100000.0.
Trial 4 finished with value: -100000.0 and parameters: {'learning_rate': 0.00017408511409466081, 'n_steps': 5098, 'total_timesteps': 120010, 'gamma': 0.9606522118585333, 'gae_lambda': 0.9489188574386298, 'ent_coef': 0.08425898297617279, 'vf_coef': 0.18071076014710497, 'max_grad_norm': 0.1067838955653873, 'reward_scaling': 6.999290471215392e-05, 'hmax': 40793, 'sharpe_ratio_weight': 0.284508769673695, 'loss_penalty_weight': 0.5802861909941464}. Best is trial 0 with value: -100000.0.
Trial 5 finished with value: -100000.0 and parameters: {'learning_rate': 0.0007876149636272768, 'n_steps': 37917, 'total_timesteps': 198784, 'gamma': 0.9096725226794781, 'gae_lambda': 0.937268049241589, 'ent_coef': 0.06563427763079774, 'vf_coef': 0.2342203362909393, 'max_grad_norm': 0.10940867869521023, 'reward_scaling': 1.0783335440686893e-05, 'hmax': 40957, 'sharpe_ratio_weight': 0.25711412156776464, 'loss_penalty_weight': 0.5933616282711767}. Best is trial 0 with value: -100000.0.
Trial 6 finished with value: -100000.0 and parameters: {'learning_rate': 0.0007618293485457114, 'n_steps': 58341, 'total_timesteps': 196100, 'gamma': 0.9646225953333852, 'gae_lambda': 0.8802944673721429, 'ent_coef': 0.058414794054698016, 'vf_coef': 0.14472984437101824, 'max_grad_norm': 0.23084151511001977, 'reward_scaling': 1.2484210805788757e-05, 'hmax': 43366, 'sharpe_ratio_weight': 0.183403195161263, 'loss_penalty_weight': 0.7039639219100581}. Best is trial 0 with value: -100000.0.
Trial 7 finished with value: -100000.0 and parameters: {'learning_rate': 1.4020890848611262e-05, 'n_steps': 48466, 'total_timesteps': 259832, 'gamma': 0.9794481949080339, 'gae_lambda': 0.8788992080997299, 'ent_coef': 0.06866632997981782, 'vf_coef': 0.1647041163627902, 'max_grad_norm': 0.32417028074065674, 'reward_scaling': 2.3139806959005575e-05, 'hmax': 30394, 'sharpe_ratio_weight': 0.23381379438166483, 'loss_penalty_weight': 0.6955370241473136}. Best is trial 0 with value: -100000.0.
Trial 8 finished with value: -100000.0 and parameters: {'learning_rate': 3.953936842307984e-05, 'n_steps': 23262, 'total_timesteps': 526320, 'gamma': 0.9278935300191921, 'gae_lambda': 0.8827086198819138, 'ent_coef': 0.06993445703848129, 'vf_coef': 0.14836158557420548, 'max_grad_norm': 0.28963927533863687, 'reward_scaling': 6.0289734809672986e-05, 'hmax': 43285, 'sharpe_ratio_weight': 0.10810465526616411, 'loss_penalty_weight': 0.6461020228551047}. Best is trial 0 with value: -100000.0.
Trial 9 finished with value: -100000.0 and parameters: {'learning_rate': 0.00011059228691046898, 'n_steps': 45684, 'total_timesteps': 90484, 'gamma': 0.9384122931405092, 'gae_lambda': 0.9155738695118208, 'ent_coef': 0.05748121571010383, 'vf_coef': 0.22819236750208696, 'max_grad_norm': 0.15026468547971872, 'reward_scaling': 0.00040471044105209493, 'hmax': 40697, 'sharpe_ratio_weight': 0.2843916810837707, 'loss_penalty_weight': 0.6643060857780094}. Best is trial 0 with value: -100000.0.
Trial 10 finished with value: -100000.0 and parameters: {'learning_rate': 1.141685881678096e-05, 'n_steps': 30480, 'total_timesteps': 687757, 'gamma': 0.9004736809154008, 'gae_lambda': 0.9225924726883271, 'ent_coef': 0.09564246883380047, 'vf_coef': 0.10168238761807391, 'max_grad_norm': 0.19500644505112502, 'reward_scaling': 0.0001465529879652014, 'hmax': 51887, 'sharpe_ratio_weight': 0.20685577697123558, 'loss_penalty_weight': 0.43021604480847175}. Best is trial 0 with value: -100000.0.
Trial 11 finished with value: -100000.0 and parameters: {'learning_rate': 3.1856155062138796e-05, 'n_steps': 2522, 'total_timesteps': 536445, 'gamma': 0.9898381453652221, 'gae_lambda': 0.8508146647136619, 'ent_coef': 0.050171943177253216, 'vf_coef': 0.2908494315901536, 'max_grad_norm': 0.39245153846542424, 'reward_scaling': 0.0008645012279123681, 'hmax': 35380, 'sharpe_ratio_weight': 0.14413061436391406, 'loss_penalty_weight': 0.7828621900511624}. Best is trial 0 with value: -100000.0.
Trial 12 finished with value: -100000.0 and parameters: {'learning_rate': 4.459998530758009e-05, 'n_steps': 17282, 'total_timesteps': 396676, 'gamma': 0.9490118352314479, 'gae_lambda': 0.8586450264951377, 'ent_coef': 0.07953059296297689, 'vf_coef': 0.11251414045256111, 'max_grad_norm': 0.2436117263460166, 'reward_scaling': 0.0009652516396299084, 'hmax': 59900, 'sharpe_ratio_weight': 0.14804736318326486, 'loss_penalty_weight': 0.49690418564644795}. Best is trial 0 with value: -100000.0.
Trial 13 finished with value: -100000.0 and parameters: {'learning_rate': 2.160535511502594e-05, 'n_steps': 32842, 'total_timesteps': 657243, 'gamma': 0.9950101206546279, 'gae_lambda': 0.9008750458653135, 'ent_coef': 0.09964052463559914, 'vf_coef': 0.12902507638313734, 'max_grad_norm': 0.19622545250722478, 'reward_scaling': 0.00021506292351867434, 'hmax': 35898, 'sharpe_ratio_weight': 0.20967070270889165, 'loss_penalty_weight': 0.4610699687808806}. Best is trial 0 with value: -100000.0.
Trial 14 finished with value: -100000.0 and parameters: {'learning_rate': 5.18566526347088e-05, 'n_steps': 12104, 'total_timesteps': 311911, 'gamma': 0.9240172932022969, 'gae_lambda': 0.8903070021490183, 'ent_coef': 0.0771638468592122, 'vf_coef': 0.12437198583608343, 'max_grad_norm': 0.25788294197480155, 'reward_scaling': 0.00025440247646208364, 'hmax': 37689, 'sharpe_ratio_weight': 0.16832741749473853, 'loss_penalty_weight': 0.4236621156919518}. Best is trial 0 with value: -100000.0.
Trial 15 finished with value: -100000.0 and parameters: {'learning_rate': 6.904235513722671e-05, 'n_steps': 26520, 'total_timesteps': 533206, 'gamma': 0.9504281054067004, 'gae_lambda': 0.8658377154847636, 'ent_coef': 0.09115539351907713, 'vf_coef': 0.13283918868947028, 'max_grad_norm': 0.1595132714135463, 'reward_scaling': 0.0006439360260074638, 'hmax': 31503, 'sharpe_ratio_weight': 0.2984316955970155, 'loss_penalty_weight': 0.4023570728557466}. Best is trial 0 with value: -100000.0.
Trial 16 finished with value: -100000.0 and parameters: {'learning_rate': 2.4301511872158365e-05, 'n_steps': 41579, 'total_timesteps': 466398, 'gamma': 0.9993334567140043, 'gae_lambda': 0.9002731804203358, 'ent_coef': 0.07474670556107545, 'vf_coef': 0.10598117160841701, 'max_grad_norm': 0.3058948986837766, 'reward_scaling': 0.000773721384688183, 'hmax': 50055, 'sharpe_ratio_weight': 0.23147334925421836, 'loss_penalty_weight': 0.5229710968089263}. Best is trial 0 with value: -100000.0.
Trial 17 finished with value: -100000.0 and parameters: {'learning_rate': 1.056107952410999e-05, 'n_steps': 15719, 'total_timesteps': 580724, 'gamma': 0.9842698856664293, 'gae_lambda': 0.8656113551413009, 'ent_coef': 0.08209858112964387, 'vf_coef': 0.11743503242768957, 'max_grad_norm': 0.26836782225571254, 'reward_scaling': 0.0003752837390459264, 'hmax': 47544, 'sharpe_ratio_weight': 0.18400210007688492, 'loss_penalty_weight': 0.6099894432956217}. Best is trial 0 with value: -100000.0.
Trial 18 finished with value: -100000.0 and parameters: {'learning_rate': 0.00023846462446932935, 'n_steps': 35330, 'total_timesteps': 615138, 'gamma': 0.9339490503121363, 'gae_lambda': 0.8932525085803712, 'ent_coef': 0.09379746495602777, 'vf_coef': 0.1433839903890185, 'max_grad_norm': 0.21623158086406918, 'reward_scaling': 0.0005554357851153737, 'hmax': 37149, 'sharpe_ratio_weight': 0.15715824312876053, 'loss_penalty_weight': 0.5492876157617954}. Best is trial 0 with value: -100000.0.
Trial 19 finished with value: -100000.0 and parameters: {'learning_rate': 7.256926808209892e-05, 'n_steps': 8592, 'total_timesteps': 321771, 'gamma': 0.9554771285519027, 'gae_lambda': 0.8505250130122962, 'ent_coef': 0.0863487225758258, 'vf_coef': 0.11121973188790354, 'max_grad_norm': 0.34228007226519663, 'reward_scaling': 0.0009533777223119435, 'hmax': 34038, 'sharpe_ratio_weight': 0.12949442445332143, 'loss_penalty_weight': 0.48548190708024513}. Best is trial 0 with value: -100000.0.
Trial 20 finished with value: -100000.0 and parameters: {'learning_rate': 1.949158311656361e-05, 'n_steps': 20338, 'total_timesteps': 52843, 'gamma': 0.9417584369679355, 'gae_lambda': 0.8688127657455303, 'ent_coef': 0.09840663485513676, 'vf_coef': 0.17634874969191489, 'max_grad_norm': 0.39651452409884513, 'reward_scaling': 0.000295301305787021, 'hmax': 38640, 'sharpe_ratio_weight': 0.20078985743450664, 'loss_penalty_weight': 0.5545721071471073}. Best is trial 0 with value: -100000.0.
Trial 21 finished with value: -100000.0 and parameters: {'learning_rate': 8.309570875049468e-05, 'n_steps': 28206, 'total_timesteps': 440749, 'gamma': 0.9732518575820983, 'gae_lambda': 0.9347186195532236, 'ent_coef': 0.08849091966244228, 'vf_coef': 0.16631539433440126, 'max_grad_norm': 0.3569891939962467, 'reward_scaling': 0.0004861009888091088, 'hmax': 55301, 'sharpe_ratio_weight': 0.26164866887255994, 'loss_penalty_weight': 0.5064962558484981}. Best is trial 0 with value: -100000.0.
Trial 22 finished with value: -100000.0 and parameters: {'learning_rate': 5.479812983747058e-05, 'n_steps': 22349, 'total_timesteps': 388420, 'gamma': 0.9767334136344861, 'gae_lambda': 0.9069014267391569, 'ent_coef': 0.08990100464599252, 'vf_coef': 0.11679569684410523, 'max_grad_norm': 0.35655099627929104, 'reward_scaling': 0.0006227701013522884, 'hmax': 46542, 'sharpe_ratio_weight': 0.29997107031778963, 'loss_penalty_weight': 0.4675501442071438}. Best is trial 0 with value: -100000.0.
Trial 23 finished with value: -100000.0 and parameters: {'learning_rate': 3.0988409902282244e-05, 'n_steps': 7978, 'total_timesteps': 466620, 'gamma': 0.9658258500157022, 'gae_lambda': 0.9250893986107525, 'ent_coef': 0.08453586544080986, 'vf_coef': 0.10334033690921626, 'max_grad_norm': 0.29080300523411245, 'reward_scaling': 0.0005390330091237514, 'hmax': 54945, 'sharpe_ratio_weight': 0.2293716589220426, 'loss_penalty_weight': 0.5264984021886636}. Best is trial 0 with value: -100000.0.
Trial 24 finished with value: -100000.0 and parameters: {'learning_rate': 0.00011699968307061501, 'n_steps': 25847, 'total_timesteps': 322933, 'gamma': 0.9877255882397749, 'gae_lambda': 0.9492834951850073, 'ent_coef': 0.09358367728983626, 'vf_coef': 0.15606986978976672, 'max_grad_norm': 0.27355246352439533, 'reward_scaling': 0.0006692038698436179, 'hmax': 50339, 'sharpe_ratio_weight': 0.2745341656817298, 'loss_penalty_weight': 0.5527955658719289}. Best is trial 0 with value: -100000.0.
Trial 25 finished with value: -100000.0 and parameters: {'learning_rate': 0.00022648696975935932, 'n_steps': 18305, 'total_timesteps': 190424, 'gamma': 0.9554150967445277, 'gae_lambda': 0.906851593322986, 'ent_coef': 0.09952987819068132, 'vf_coef': 0.13548486087915487, 'max_grad_norm': 0.3377149000349331, 'reward_scaling': 0.0003112016901237131, 'hmax': 32879, 'sharpe_ratio_weight': 0.24370420474057294, 'loss_penalty_weight': 0.6216271774892406}. Best is trial 0 with value: -100000.0.
Trial 26 finished with value: -100000.0 and parameters: {'learning_rate': 8.792509191291369e-05, 'n_steps': 12773, 'total_timesteps': 596212, 'gamma': 0.9738530347718205, 'gae_lambda': 0.9181288909280619, 'ent_coef': 0.07565016348513375, 'vf_coef': 0.15432764356876205, 'max_grad_norm': 0.28792373500633794, 'reward_scaling': 0.0009840218975529804, 'hmax': 54172, 'sharpe_ratio_weight': 0.2737676906517228, 'loss_penalty_weight': 0.74154089392262}. Best is trial 0 with value: -100000.0.
Trial 27 finished with value: -100000.0 and parameters: {'learning_rate': 5.9412200882419436e-05, 'n_steps': 39303, 'total_timesteps': 251972, 'gamma': 0.9814791868668872, 'gae_lambda': 0.9286948421310598, 'ent_coef': 0.08877700034613047, 'vf_coef': 0.13715513851718505, 'max_grad_norm': 0.3760299676506215, 'reward_scaling': 0.0001939368368299559, 'hmax': 59581, 'sharpe_ratio_weight': 0.21262633588099228, 'loss_penalty_weight': 0.7981674781669472}. Best is trial 0 with value: -100000.0.
Trial 28 finished with value: -100000.0 and parameters: {'learning_rate': 3.526407511463436e-05, 'n_steps': 53818, 'total_timesteps': 433529, 'gamma': 0.9682011369072209, 'gae_lambda': 0.9172306696411782, 'ent_coef': 0.0813718186045554, 'vf_coef': 0.11968684111506665, 'max_grad_norm': 0.31768806483736667, 'reward_scaling': 0.0005066557561315361, 'hmax': 44970, 'sharpe_ratio_weight': 0.2455834761538565, 'loss_penalty_weight': 0.5772773711140423}. Best is trial 0 with value: -100000.0.
Trial 29 finished with value: -100000.0 and parameters: {'learning_rate': 0.00014426891779243178, 'n_steps': 10411, 'total_timesteps': 355628, 'gamma': 0.961238253303759, 'gae_lambda': 0.9118509122618766, 'ent_coef': 0.0727717034036307, 'vf_coef': 0.19233083445866853, 'max_grad_norm': 0.33260482371255046, 'reward_scaling': 0.00041613936222718433, 'hmax': 32931, 'sharpe_ratio_weight': 0.2600038932871184, 'loss_penalty_weight': 0.5326395116066523}. Best is trial 0 with value: -100000.0.
A new study created in memory with name: no-name-d797b579-450e-44b8-9ad0-d3016f333207
Trial 0 finished with value: -100000.0 and parameters: {'learning_rate': 1.3944327773351832e-05, 'n_steps': 29031, 'total_timesteps': 471867, 'gamma': 0.9154363409796655, 'gae_lambda': 0.8825473801711746, 'ent_coef': 0.06905499539353116, 'vf_coef': 0.10127014127222388, 'max_grad_norm': 0.1865032662554082, 'reward_scaling': 0.0009030366937827616, 'hmax': 47731, 'sharpe_ratio_weight': 0.11014475905392751, 'loss_penalty_weight': 0.6673683587923018}. Best is trial 0 with value: -100000.0.
Trial 1 finished with value: -100000.0 and parameters: {'learning_rate': 0.0001513667238703254, 'n_steps': 14861, 'total_timesteps': 616756, 'gamma': 0.9497961110043672, 'gae_lambda': 0.8685238391116804, 'ent_coef': 0.05400522732821659, 'vf_coef': 0.10229121891552063, 'max_grad_norm': 0.153628115404792, 'reward_scaling': 9.366733229927883e-05, 'hmax': 54066, 'sharpe_ratio_weight': 0.28888506587593216, 'loss_penalty_weight': 0.5557406445149891}. Best is trial 0 with value: -100000.0.
Trial 2 finished with value: -100000.0 and parameters: {'learning_rate': 0.00034476248718226293, 'n_steps': 26098, 'total_timesteps': 227903, 'gamma': 0.9759486810041317, 'gae_lambda': 0.8757209976952343, 'ent_coef': 0.06851889482464955, 'vf_coef': 0.11355238668058909, 'max_grad_norm': 0.2219172114310987, 'reward_scaling': 6.045624877818253e-05, 'hmax': 35198, 'sharpe_ratio_weight': 0.242379887026733, 'loss_penalty_weight': 0.46467803291824866}. Best is trial 0 with value: -100000.0.
Trial 3 finished with value: -100000.0 and parameters: {'learning_rate': 0.0006673586430131433, 'n_steps': 6459, 'total_timesteps': 381702, 'gamma': 0.9930968516459187, 'gae_lambda': 0.9293870352136463, 'ent_coef': 0.057759855016714434, 'vf_coef': 0.1378459199919798, 'max_grad_norm': 0.1265253415520449, 'reward_scaling': 1.4836544369585386e-05, 'hmax': 39587, 'sharpe_ratio_weight': 0.1138409738078162, 'loss_penalty_weight': 0.48798540492349585}. Best is trial 0 with value: -100000.0.
Trial 4 finished with value: -100000.0 and parameters: {'learning_rate': 0.0001274524639197111, 'n_steps': 51234, 'total_timesteps': 383724, 'gamma': 0.9247526194632074, 'gae_lambda': 0.8503166082956454, 'ent_coef': 0.06853773801658242, 'vf_coef': 0.25258213706130417, 'max_grad_norm': 0.28314193000622506, 'reward_scaling': 0.0003576131950304917, 'hmax': 34020, 'sharpe_ratio_weight': 0.2181846636245299, 'loss_penalty_weight': 0.4807216210936901}. Best is trial 0 with value: -100000.0.
Trial 5 finished with value: -100000.0 and parameters: {'learning_rate': 1.4153342713820593e-05, 'n_steps': 43985, 'total_timesteps': 249992, 'gamma': 0.924737143174791, 'gae_lambda': 0.8575354150214767, 'ent_coef': 0.07756253959375353, 'vf_coef': 0.1495266826338987, 'max_grad_norm': 0.35660289931221056, 'reward_scaling': 2.0193550774746443e-05, 'hmax': 58928, 'sharpe_ratio_weight': 0.10308262187570479, 'loss_penalty_weight': 0.488198443042086}. Best is trial 0 with value: -100000.0.
Trial 6 finished with value: -100000.0 and parameters: {'learning_rate': 0.0009935706315850681, 'n_steps': 42221, 'total_timesteps': 608710, 'gamma': 0.9313361912280793, 'gae_lambda': 0.9274219299863347, 'ent_coef': 0.08895740844409226, 'vf_coef': 0.25738304798646267, 'max_grad_norm': 0.18088921901210406, 'reward_scaling': 0.00010010957632504498, 'hmax': 41303, 'sharpe_ratio_weight': 0.1991835874879377, 'loss_penalty_weight': 0.40066744669961796}. Best is trial 0 with value: -100000.0.
Trial 7 finished with value: -100000.0 and parameters: {'learning_rate': 1.809231445507452e-05, 'n_steps': 24112, 'total_timesteps': 502052, 'gamma': 0.9043121251473357, 'gae_lambda': 0.8569056600937265, 'ent_coef': 0.08545405388939949, 'vf_coef': 0.26288777207359754, 'max_grad_norm': 0.2046524109808783, 'reward_scaling': 0.0003781292901340655, 'hmax': 46280, 'sharpe_ratio_weight': 0.174015696599114, 'loss_penalty_weight': 0.5085977398397253}. Best is trial 0 with value: -100000.0.
Trial 8 finished with value: -100000.0 and parameters: {'learning_rate': 0.00012940598690987094, 'n_steps': 57995, 'total_timesteps': 87882, 'gamma': 0.9186641754081556, 'gae_lambda': 0.9297816195408996, 'ent_coef': 0.0832084213663262, 'vf_coef': 0.16848061627453384, 'max_grad_norm': 0.28446243508580915, 'reward_scaling': 9.463378828410936e-05, 'hmax': 50464, 'sharpe_ratio_weight': 0.19807033634911386, 'loss_penalty_weight': 0.5308051815391936}. Best is trial 0 with value: -100000.0.
Trial 9 finished with value: -100000.0 and parameters: {'learning_rate': 3.239649288523537e-05, 'n_steps': 34694, 'total_timesteps': 375092, 'gamma': 0.9224713742956938, 'gae_lambda': 0.9470017772976277, 'ent_coef': 0.05512873688368394, 'vf_coef': 0.22782958634273537, 'max_grad_norm': 0.30570368738124215, 'reward_scaling': 2.6541570845709883e-05, 'hmax': 36837, 'sharpe_ratio_weight': 0.2982880051101071, 'loss_penalty_weight': 0.4426349510278462}. Best is trial 0 with value: -100000.0.
