Trial 2 finished with value: -100000.0 and parameters: {'learning_rate': 0.0001073767481658469, 'n_steps': 36683, 'total_timesteps': 167386, 'gamma': 0.9681320726741492, 'gae_lambda': 0.9486782650580161, 'ent_coef': 0.058868595235024634, 'vf_coef': 0.13215100553057244, 'max_grad_norm': 0.32017954840215523, 'reward_scaling': 2.574040063564254e-05, 'hmax': 47701, 'sharpe_ratio_weight': 0.11285374264995549, 'loss_penalty_weight': 0.7563790368420036}. Best is trial 0 with value: -100000.0.
Trial 3 finished with value: -100000.0 and parameters: {'learning_rate': 0.0001651450592878449, 'n_steps': 48554, 'total_timesteps': 398916, 'gamma': 0.9847417092918044, 'gae_lambda': 0.9276213610220349, 'ent_coef': 0.0610947893493654, 'vf_coef': 0.10428674824984227, 'max_grad_norm': 0.20868458524255673, 'reward_scaling': 0.00012737743282261984, 'hmax': 54499, 'sharpe_ratio_weight': 0.2666003715745564, 'loss_penalty_weight': 0.4635566427307337}. Best is trial 0 with value: -100000.0.
Trial 4 finished with value: -100000.0 and parameters: {'learning_rate': 1.3059135183790072e-05, 'n_steps': 22744, 'total_timesteps': 407435, 'gamma': 0.9088900297657626, 'gae_lambda': 0.947047421147575, 'ent_coef': 0.09722562074066848, 'vf_coef': 0.11156514552893448, 'max_grad_norm': 0.12076924559198551, 'reward_scaling': 3.9301476495131026e-05, 'hmax': 47317, 'sharpe_ratio_weight': 0.2770895907838857, 'loss_penalty_weight': 0.7068081872675915}. Best is trial 0 with value: -100000.0.
Trial 5 finished with value: -100000.0 and parameters: {'learning_rate': 0.00025811889765304917, 'n_steps': 59424, 'total_timesteps': 525767, 'gamma': 0.9881693413425547, 'gae_lambda': 0.948005606737674, 'ent_coef': 0.0944862294844945, 'vf_coef': 0.24051788239641284, 'max_grad_norm': 0.13757213562340964, 'reward_scaling': 5.8700170381468046e-05, 'hmax': 49059, 'sharpe_ratio_weight': 0.24919383584370802, 'loss_penalty_weight': 0.743507221925742}. Best is trial 0 with value: -100000.0.
Trial 6 finished with value: -100000.0 and parameters: {'learning_rate': 5.7459566757851635e-05, 'n_steps': 39722, 'total_timesteps': 635669, 'gamma': 0.9936564904966866, 'gae_lambda': 0.8781265020071753, 'ent_coef': 0.09460809945274498, 'vf_coef': 0.26526710859258734, 'max_grad_norm': 0.23592123585476293, 'reward_scaling': 2.3202239345674203e-05, 'hmax': 51221, 'sharpe_ratio_weight': 0.24421726567758784, 'loss_penalty_weight': 0.49677508659799324}. Best is trial 0 with value: -100000.0.
Trial 7 finished with value: -100000.0 and parameters: {'learning_rate': 2.3635741028488923e-05, 'n_steps': 37709, 'total_timesteps': 643031, 'gamma': 0.94987605484752, 'gae_lambda': 0.8783919686383522, 'ent_coef': 0.07572221790889531, 'vf_coef': 0.1642147936520326, 'max_grad_norm': 0.1827561608260069, 'reward_scaling': 4.058788090378706e-05, 'hmax': 40871, 'sharpe_ratio_weight': 0.15800220864261227, 'loss_penalty_weight': 0.6409322050676942}. Best is trial 0 with value: -100000.0.
Trial 8 finished with value: -100000.0 and parameters: {'learning_rate': 1.5987363338247098e-05, 'n_steps': 40758, 'total_timesteps': 280096, 'gamma': 0.9383972647860135, 'gae_lambda': 0.8732275119990734, 'ent_coef': 0.0890283939043994, 'vf_coef': 0.15415039591276394, 'max_grad_norm': 0.16882489410346574, 'reward_scaling': 5.989527097730655e-05, 'hmax': 39369, 'sharpe_ratio_weight': 0.1636774033305591, 'loss_penalty_weight': 0.43411731765053385}. Best is trial 0 with value: -100000.0.
Trial 9 finished with value: -100000.0 and parameters: {'learning_rate': 5.793664430622512e-05, 'n_steps': 10165, 'total_timesteps': 248065, 'gamma': 0.9235405190141073, 'gae_lambda': 0.8950834486745469, 'ent_coef': 0.05780924685976283, 'vf_coef': 0.21806742177127647, 'max_grad_norm': 0.10205363287585673, 'reward_scaling': 1.3844047070078585e-05, 'hmax': 46986, 'sharpe_ratio_weight': 0.192487613092413, 'loss_penalty_weight': 0.6416783631069585}. Best is trial 0 with value: -100000.0.
Trial 10 finished with value: -100000.0 and parameters: {'learning_rate': 0.0007313420364963921, 'n_steps': 23411, 'total_timesteps': 64505, 'gamma': 0.946314952069092, 'gae_lambda': 0.8563148547830168, 'ent_coef': 0.0788673493498238, 'vf_coef': 0.19165027529769993, 'max_grad_norm': 0.3042143235598735, 'reward_scaling': 0.000430764193924127, 'hmax': 59602, 'sharpe_ratio_weight': 0.28207033652892166, 'loss_penalty_weight': 0.5355691912165383}. Best is trial 0 with value: -100000.0.
Trial 11 finished with value: -100000.0 and parameters: {'learning_rate': 0.0003614392131606684, 'n_steps': 59832, 'total_timesteps': 148921, 'gamma': 0.9651123599382384, 'gae_lambda': 0.9122445263754472, 'ent_coef': 0.05042145397030947, 'vf_coef': 0.19130910153218691, 'max_grad_norm': 0.3896882634467365, 'reward_scaling': 0.00015175180294002593, 'hmax': 31574, 'sharpe_ratio_weight': 0.2116526513239671, 'loss_penalty_weight': 0.78874094430103}. Best is trial 0 with value: -100000.0.
Trial 12 finished with value: -100000.0 and parameters: {'learning_rate': 3.372600694865017e-05, 'n_steps': 25938, 'total_timesteps': 287524, 'gamma': 0.9650442073167909, 'gae_lambda': 0.9047931341919443, 'ent_coef': 0.06790350103984194, 'vf_coef': 0.29227324727724774, 'max_grad_norm': 0.38981054473541943, 'reward_scaling': 0.00022348219372368073, 'hmax': 58768, 'sharpe_ratio_weight': 0.29991778357574134, 'loss_penalty_weight': 0.6154985140004277}. Best is trial 0 with value: -100000.0.
Trial 13 finished with value: -100000.0 and parameters: {'learning_rate': 8.179564980248176e-05, 'n_steps': 13541, 'total_timesteps': 177273, 'gamma': 0.9770370177620702, 'gae_lambda': 0.9249721104332069, 'ent_coef': 0.08048997698340647, 'vf_coef': 0.14976500757511277, 'max_grad_norm': 0.2804591608085006, 'reward_scaling': 0.000772270233918196, 'hmax': 40449, 'sharpe_ratio_weight': 0.22144478625119796, 'loss_penalty_weight': 0.6863674153895166}. Best is trial 0 with value: -100000.0.
Trial 14 finished with value: -100000.0 and parameters: {'learning_rate': 1.0121008375539638e-05, 'n_steps': 2043, 'total_timesteps': 78400, 'gamma': 0.9570592974261133, 'gae_lambda': 0.8937959852614678, 'ent_coef': 0.0675547009330185, 'vf_coef': 0.1888256871003781, 'max_grad_norm': 0.39473996359267544, 'reward_scaling': 8.572169919467124e-05, 'hmax': 54194, 'sharpe_ratio_weight': 0.18766789131831974, 'loss_penalty_weight': 0.5753007959663081}. Best is trial 0 with value: -100000.0.
Trial 15 finished with value: -100000.0 and parameters: {'learning_rate': 4.285760244250939e-05, 'n_steps': 49367, 'total_timesteps': 341162, 'gamma': 0.9329613152299493, 'gae_lambda': 0.9264395145055779, 'ent_coef': 0.08471163762044416, 'vf_coef': 0.2164952612135862, 'max_grad_norm': 0.3198316291321084, 'reward_scaling': 0.00022668513706019033, 'hmax': 31777, 'sharpe_ratio_weight': 0.22600987501284026, 'loss_penalty_weight': 0.7980944518922846}. Best is trial 0 with value: -100000.0.
Trial 16 finished with value: -100000.0 and parameters: {'learning_rate': 2.5943609643093917e-05, 'n_steps': 29321, 'total_timesteps': 487045, 'gamma': 0.9782071432327103, 'gae_lambda': 0.8865899402021212, 'ent_coef': 0.07310477473456908, 'vf_coef': 0.13302964163544623, 'max_grad_norm': 0.2508728149830924, 'reward_scaling': 9.745566965832747e-05, 'hmax': 36807, 'sharpe_ratio_weight': 0.14716807744096339, 'loss_penalty_weight': 0.6979047496196064}. Best is trial 0 with value: -100000.0.
Trial 17 finished with value: -100000.0 and parameters: {'learning_rate': 0.000132153166536829, 'n_steps': 51173, 'total_timesteps': 239027, 'gamma': 0.9997261297221942, 'gae_lambda': 0.9108718042419237, 'ent_coef': 0.08653259297866368, 'vf_coef': 0.17462789069606727, 'max_grad_norm': 0.3447698186616957, 'reward_scaling': 1.0751738736474485e-05, 'hmax': 55280, 'sharpe_ratio_weight': 0.24799482741706697, 'loss_penalty_weight': 0.5879376832058075}. Best is trial 0 with value: -100000.0.
Trial 18 finished with value: -100000.0 and parameters: {'learning_rate': 0.00019635707145738353, 'n_steps': 16930, 'total_timesteps': 127543, 'gamma': 0.9559754347728483, 'gae_lambda': 0.8638025830582986, 'ent_coef': 0.06976434482638282, 'vf_coef': 0.21680817760540946, 'max_grad_norm': 0.2603587362943583, 'reward_scaling': 0.00020877022882935108, 'hmax': 42749, 'sharpe_ratio_weight': 0.29968987695495036, 'loss_penalty_weight': 0.6655886690073086}. Best is trial 0 with value: -100000.0.
Trial 19 finished with value: -100000.0 and parameters: {'learning_rate': 8.83154058523257e-05, 'n_steps': 31422, 'total_timesteps': 204148, 'gamma': 0.9752599537442984, 'gae_lambda': 0.8997790540296857, 'ent_coef': 0.06350472027022282, 'vf_coef': 0.14005539655501764, 'max_grad_norm': 0.33864465264096627, 'reward_scaling': 0.00035508916327870593, 'hmax': 51723, 'sharpe_ratio_weight': 0.1960969821190716, 'loss_penalty_weight': 0.7149888807537179}. Best is trial 0 with value: -100000.0.
Trial 20 finished with value: -100000.0 and parameters: {'learning_rate': 0.0005301826636120979, 'n_steps': 45522, 'total_timesteps': 334043, 'gamma': 0.9576265168172955, 'gae_lambda': 0.8841818212811214, 'ent_coef': 0.08038943305885843, 'vf_coef': 0.12077589045849291, 'max_grad_norm': 0.28953444101582765, 'reward_scaling': 8.604511721301437e-05, 'hmax': 36942, 'sharpe_ratio_weight': 0.17480493196545077, 'loss_penalty_weight': 0.5422338796954378}. Best is trial 0 with value: -100000.0.
Trial 21 finished with value: -100000.0 and parameters: {'learning_rate': 0.00012054884569088761, 'n_steps': 33701, 'total_timesteps': 114705, 'gamma': 0.9671207690168931, 'gae_lambda': 0.9408355512589504, 'ent_coef': 0.05584341430029949, 'vf_coef': 0.12487683411022409, 'max_grad_norm': 0.34095728807624875, 'reward_scaling': 2.263990209880585e-05, 'hmax': 45603, 'sharpe_ratio_weight': 0.11684840538451202, 'loss_penalty_weight': 0.7645838103866976}. Best is trial 0 with value: -100000.0.
Trial 22 finished with value: -100000.0 and parameters: {'learning_rate': 0.00027026939444477714, 'n_steps': 54369, 'total_timesteps': 187532, 'gamma': 0.9705873118365446, 'gae_lambda': 0.9348045543435028, 'ent_coef': 0.06408748658271096, 'vf_coef': 0.1402148085160536, 'max_grad_norm': 0.30670805692218983, 'reward_scaling': 3.178577700648309e-05, 'hmax': 50258, 'sharpe_ratio_weight': 0.10607110493336767, 'loss_penalty_weight': 0.7447200118718085}. Best is trial 0 with value: -100000.0.
Trial 23 finished with value: -100000.0 and parameters: {'learning_rate': 0.00011217044828728656, 'n_steps': 44059, 'total_timesteps': 228529, 'gamma': 0.9806950484255084, 'gae_lambda': 0.9377630455583945, 'ent_coef': 0.05819833688663455, 'vf_coef': 0.15937017614966512, 'max_grad_norm': 0.3558916845437687, 'reward_scaling': 6.063931891504703e-05, 'hmax': 56967, 'sharpe_ratio_weight': 0.1335974595993021, 'loss_penalty_weight': 0.7401726878889372}. Best is trial 0 with value: -100000.0.
Trial 24 finished with value: -100000.0 and parameters: {'learning_rate': 7.351080163644664e-05, 'n_steps': 35303, 'total_timesteps': 281544, 'gamma': 0.9691407755536874, 'gae_lambda': 0.9481480216945666, 'ent_coef': 0.0724724936397739, 'vf_coef': 0.12703239227430682, 'max_grad_norm': 0.27988761144872343, 'reward_scaling': 2.5050189011079522e-05, 'hmax': 43302, 'sharpe_ratio_weight': 0.1326885218392774, 'loss_penalty_weight': 0.6641825092766237}. Best is trial 0 with value: -100000.0.
Trial 25 finished with value: -100000.0 and parameters: {'learning_rate': 0.0001597532876694511, 'n_steps': 27643, 'total_timesteps': 145017, 'gamma': 0.9588068157285312, 'gae_lambda': 0.9188773777628692, 'ent_coef': 0.06460773827154631, 'vf_coef': 0.14532052596140732, 'max_grad_norm': 0.36166525208095146, 'reward_scaling': 4.83053911138556e-05, 'hmax': 52976, 'sharpe_ratio_weight': 0.10266451673265367, 'loss_penalty_weight': 0.7886763678862594}. Best is trial 0 with value: -100000.0.
Trial 26 finished with value: -100000.0 and parameters: {'learning_rate': 4.915775196126602e-05, 'n_steps': 54574, 'total_timesteps': 97865, 'gamma': 0.9485087263954096, 'gae_lambda': 0.9321380087057519, 'ent_coef': 0.09990706204821498, 'vf_coef': 0.174998561208468, 'max_grad_norm': 0.3220814674236627, 'reward_scaling': 1.860957652458924e-05, 'hmax': 49043, 'sharpe_ratio_weight': 0.19976988505822374, 'loss_penalty_weight': 0.7200636426094783}. Best is trial 0 with value: -100000.0.
Trial 27 finished with value: -100000.0 and parameters: {'learning_rate': 0.00010781565975370076, 'n_steps': 20820, 'total_timesteps': 331800, 'gamma': 0.9864091234044482, 'gae_lambda': 0.9430210177503205, 'ent_coef': 0.0545069698656876, 'vf_coef': 0.1178944178236988, 'max_grad_norm': 0.39314281838930754, 'reward_scaling': 3.630074159545532e-05, 'hmax': 56443, 'sharpe_ratio_weight': 0.17869788514091572, 'loss_penalty_weight': 0.7542080847426175}. Best is trial 0 with value: -100000.0.
Trial 28 finished with value: -100000.0 and parameters: {'learning_rate': 6.814398741193123e-05, 'n_steps': 42300, 'total_timesteps': 175714, 'gamma': 0.9749853655911149, 'gae_lambda': 0.9385187558741721, 'ent_coef': 0.06065762914464476, 'vf_coef': 0.13963960101137404, 'max_grad_norm': 0.315940027172454, 'reward_scaling': 7.16567420199535e-05, 'hmax': 45994, 'sharpe_ratio_weight': 0.23312636083878427, 'loss_penalty_weight': 0.6105751223565689}. Best is trial 0 with value: -100000.0.
Trial 29 finished with value: -100000.0 and parameters: {'learning_rate': 0.0001721088025235815, 'n_steps': 47011, 'total_timesteps': 363648, 'gamma': 0.9628707087569611, 'gae_lambda': 0.9320823568652387, 'ent_coef': 0.06119202292819774, 'vf_coef': 0.10240809249688629, 'max_grad_norm': 0.21315397007145326, 'reward_scaling': 0.00011859786112224308, 'hmax': 43640, 'sharpe_ratio_weight': 0.20279113663320408, 'loss_penalty_weight': 0.6725212786834646}. Best is trial 0 with value: -100000.0.
A new study created in memory with name: no-name-24583e7d-13b7-468e-a551-7e2cd2f8dcd2
Trial 0 finished with value: -100000.0 and parameters: {'learning_rate': 1.835733837211179e-05, 'n_steps': 44089, 'total_timesteps': 480233, 'gamma': 0.9449748016632038, 'gae_lambda': 0.8513370470346655, 'ent_coef': 0.06050467197005575, 'vf_coef': 0.15481506407851015, 'max_grad_norm': 0.2533393625661778, 'reward_scaling': 0.0002117002126015455, 'hmax': 37634, 'sharpe_ratio_weight': 0.14432962658003262, 'loss_penalty_weight': 0.6068611759438166}. Best is trial 0 with value: -100000.0.
Trial 1 finished with value: -100000.0 and parameters: {'learning_rate': 0.0008327939443143588, 'n_steps': 30724, 'total_timesteps': 65112, 'gamma': 0.987702562805208, 'gae_lambda': 0.8894319893548233, 'ent_coef': 0.05753156610402946, 'vf_coef': 0.1039124009199003, 'max_grad_norm': 0.15179357618292674, 'reward_scaling': 0.0008119967067051254, 'hmax': 42551, 'sharpe_ratio_weight': 0.1065401361429413, 'loss_penalty_weight': 0.7103656185952782}. Best is trial 0 with value: -100000.0.
Trial 2 finished with value: -100000.0 and parameters: {'learning_rate': 0.0007113667098771619, 'n_steps': 44946, 'total_timesteps': 203458, 'gamma': 0.9407395086165316, 'gae_lambda': 0.932875513960256, 'ent_coef': 0.08367762898610737, 'vf_coef': 0.246597518229188, 'max_grad_norm': 0.13705335815471248, 'reward_scaling': 2.5270263400186093e-05, 'hmax': 39850, 'sharpe_ratio_weight': 0.1500041597375697, 'loss_penalty_weight': 0.5216818863357212}. Best is trial 0 with value: -100000.0.
Trial 3 finished with value: -100000.0 and parameters: {'learning_rate': 0.0001946449494874632, 'n_steps': 22413, 'total_timesteps': 297887, 'gamma': 0.9530949911867688, 'gae_lambda': 0.8639589948979555, 'ent_coef': 0.08584050777405765, 'vf_coef': 0.10939192398580047, 'max_grad_norm': 0.23088222676291276, 'reward_scaling': 0.00019352004805918766, 'hmax': 50543, 'sharpe_ratio_weight': 0.1860540890838148, 'loss_penalty_weight': 0.47943422426781174}. Best is trial 0 with value: -100000.0.
Trial 4 finished with value: -100000.0 and parameters: {'learning_rate': 3.883390385462401e-05, 'n_steps': 21414, 'total_timesteps': 631044, 'gamma': 0.9937219411832326, 'gae_lambda': 0.9008288251882204, 'ent_coef': 0.059537656865528164, 'vf_coef': 0.20119046307027522, 'max_grad_norm': 0.3045781018785781, 'reward_scaling': 0.0007739479573749074, 'hmax': 40525, 'sharpe_ratio_weight': 0.16705826545648667, 'loss_penalty_weight': 0.4226108845412718}. Best is trial 0 with value: -100000.0.
Trial 5 finished with value: -100000.0 and parameters: {'learning_rate': 0.0005113467861948478, 'n_steps': 26372, 'total_timesteps': 384685, 'gamma': 0.9485083003443618, 'gae_lambda': 0.8842173318565548, 'ent_coef': 0.05298192482961673, 'vf_coef': 0.18610842902679758, 'max_grad_norm': 0.3106058032326276, 'reward_scaling': 4.421299747090121e-05, 'hmax': 51747, 'sharpe_ratio_weight': 0.15496621505215896, 'loss_penalty_weight': 0.7307328378629323}. Best is trial 0 with value: -100000.0.
Trial 6 finished with value: -100000.0 and parameters: {'learning_rate': 0.0007580784460715596, 'n_steps': 55572, 'total_timesteps': 354910, 'gamma': 0.9384035305050352, 'gae_lambda': 0.9165439150245961, 'ent_coef': 0.05124840096239948, 'vf_coef': 0.25875090475222934, 'max_grad_norm': 0.19439493912707104, 'reward_scaling': 1.3474936671461353e-05, 'hmax': 38543, 'sharpe_ratio_weight': 0.2710037794412238, 'loss_penalty_weight': 0.7672707052983497}. Best is trial 0 with value: -100000.0.
Trial 7 finished with value: -100000.0 and parameters: {'learning_rate': 1.0751188467309341e-05, 'n_steps': 13570, 'total_timesteps': 296203, 'gamma': 0.9897208574920797, 'gae_lambda': 0.935289833700567, 'ent_coef': 0.08325375342204504, 'vf_coef': 0.11356247488695742, 'max_grad_norm': 0.11218346168931359, 'reward_scaling': 3.384452376107063e-05, 'hmax': 55096, 'sharpe_ratio_weight': 0.20174883778928082, 'loss_penalty_weight': 0.44580083186784375}. Best is trial 0 with value: -100000.0.
Trial 8 finished with value: -100000.0 and parameters: {'learning_rate': 1.2208931045026468e-05, 'n_steps': 55385, 'total_timesteps': 610177, 'gamma': 0.9870340584328623, 'gae_lambda': 0.9327311880094935, 'ent_coef': 0.09647706007720286, 'vf_coef': 0.1459256687284351, 'max_grad_norm': 0.16320755954641436, 'reward_scaling': 0.00025464864329848545, 'hmax': 41853, 'sharpe_ratio_weight': 0.28007768109009407, 'loss_penalty_weight': 0.5655996383424297}. Best is trial 0 with value: -100000.0.
Trial 9 finished with value: -100000.0 and parameters: {'learning_rate': 5.739087782970153e-05, 'n_steps': 41538, 'total_timesteps': 306269, 'gamma': 0.900221565068628, 'gae_lambda': 0.8826718392094869, 'ent_coef': 0.09522044945475332, 'vf_coef': 0.10749333525962641, 'max_grad_norm': 0.23367393421879637, 'reward_scaling': 0.00011292101812140669, 'hmax': 35375, 'sharpe_ratio_weight': 0.25047081977263175, 'loss_penalty_weight': 0.7211109070805879}. Best is trial 0 with value: -100000.0.
Trial 10 finished with value: -100000.0 and parameters: {'learning_rate': 2.5502596587831644e-05, 'n_steps': 41314, 'total_timesteps': 498786, 'gamma': 0.9195470280503006, 'gae_lambda': 0.8508437757432311, 'ent_coef': 0.06591351423100887, 'vf_coef': 0.15386147932211874, 'max_grad_norm': 0.37032751323855356, 'reward_scaling': 8.754025252219026e-05, 'hmax': 30320, 'sharpe_ratio_weight': 0.11749532238252143, 'loss_penalty_weight': 0.6229239357368045}. Best is trial 0 with value: -100000.0.
Trial 11 finished with value: -100000.0 and parameters: {'learning_rate': 0.00014101232960912302, 'n_steps': 34683, 'total_timesteps': 59683, 'gamma': 0.9698161220618846, 'gae_lambda': 0.8681292844895716, 'ent_coef': 0.06052053761390412, 'vf_coef': 0.13502196695235683, 'max_grad_norm': 0.16026922570480315, 'reward_scaling': 0.0008892015915523769, 'hmax': 46466, 'sharpe_ratio_weight': 0.10000121686562635, 'loss_penalty_weight': 0.6406229221435519}. Best is trial 0 with value: -100000.0.
Trial 12 finished with value: -100000.0 and parameters: {'learning_rate': 0.0002747230913433474, 'n_steps': 2370, 'total_timesteps': 494402, 'gamma': 0.9688598945558189, 'gae_lambda': 0.850186528322954, 'ent_coef': 0.0695356116794719, 'vf_coef': 0.12795640479552384, 'max_grad_norm': 0.10208203416772292, 'reward_scaling': 0.0004331845878845751, 'hmax': 33369, 'sharpe_ratio_weight': 0.12590437284076786, 'loss_penalty_weight': 0.6423604199153946}. Best is trial 0 with value: -100000.0.
Trial 13 finished with value: -100000.0 and parameters: {'learning_rate': 5.839948701512989e-05, 'n_steps': 33237, 'total_timesteps': 63931, 'gamma': 0.9737092204598026, 'gae_lambda': 0.8889735137757361, 'ent_coef': 0.05746346479471196, 'vf_coef': 0.10168667547405827, 'max_grad_norm': 0.19981024622360735, 'reward_scaling': 0.0003874291407296995, 'hmax': 46203, 'sharpe_ratio_weight': 0.13113032133765015, 'loss_penalty_weight': 0.7983899410391136}. Best is trial 0 with value: -100000.0.
Trial 14 finished with value: -100000.0 and parameters: {'learning_rate': 9.972055994467533e-05, 'n_steps': 47987, 'total_timesteps': 188112, 'gamma': 0.9991338710889851, 'gae_lambda': 0.9030215496886762, 'ent_coef': 0.06389813418596775, 'vf_coef': 0.17082062152039929, 'max_grad_norm': 0.12755958483893762, 'reward_scaling': 0.0005363344674932923, 'hmax': 43881, 'sharpe_ratio_weight': 0.10352304343137446, 'loss_penalty_weight': 0.6802228530020704}. Best is trial 0 with value: -100000.0.
Trial 15 finished with value: -100000.0 and parameters: {'learning_rate': 0.00031725322645128256, 'n_steps': 36376, 'total_timesteps': 452860, 'gamma': 0.9592048405956277, 'gae_lambda': 0.865338232206576, 'ent_coef': 0.054750577131946684, 'vf_coef': 0.12426384310424746, 'max_grad_norm': 0.1634035658916561, 'reward_scaling': 0.0008507832216346017, 'hmax': 35276, 'sharpe_ratio_weight': 0.13774461977938562, 'loss_penalty_weight': 0.5767432378128866}. Best is trial 0 with value: -100000.0.
