Trial 10 finished with value: -100000.0 and parameters: {'learning_rate': 4.320808715557921e-05, 'n_steps': 16764, 'total_timesteps': 689037, 'gamma': 0.9013787888715914, 'gae_lambda': 0.8864053813884378, 'ent_coef': 0.09354957663832773, 'vf_coef': 0.12480991800496134, 'max_grad_norm': 0.11237999566256443, 'reward_scaling': 0.0006983281968669582, 'hmax': 30222, 'sharpe_ratio_weight': 0.12991252238491388, 'loss_penalty_weight': 0.6904113111226262}. Best is trial 0 with value: -100000.0.
Trial 11 finished with value: -100000.0 and parameters: {'learning_rate': 1.1467987580034427e-05, 'n_steps': 13178, 'total_timesteps': 542462, 'gamma': 0.9511363170442302, 'gae_lambda': 0.8796587788144121, 'ent_coef': 0.05076048925318696, 'vf_coef': 0.10042812904568123, 'max_grad_norm': 0.15079895785363662, 'reward_scaling': 0.0009856478587562066, 'hmax': 54334, 'sharpe_ratio_weight': 0.13474694604158005, 'loss_penalty_weight': 0.6214088166977637}. Best is trial 0 with value: -100000.0.
Trial 12 finished with value: -100000.0 and parameters: {'learning_rate': 5.765060120162641e-05, 'n_steps': 2922, 'total_timesteps': 505697, 'gamma': 0.9494609022126249, 'gae_lambda': 0.900618012172346, 'ent_coef': 0.062421919595483655, 'vf_coef': 0.10186742590659176, 'max_grad_norm': 0.1496205223628299, 'reward_scaling': 0.00020018401749598218, 'hmax': 49004, 'sharpe_ratio_weight': 0.15163462939686875, 'loss_penalty_weight': 0.7741353467356856}. Best is trial 0 with value: -100000.0.
Trial 13 finished with value: -100000.0 and parameters: {'learning_rate': 8.3941149657351e-05, 'n_steps': 17551, 'total_timesteps': 689680, 'gamma': 0.9411342447016599, 'gae_lambda': 0.8695088968649808, 'ent_coef': 0.06216880334538658, 'vf_coef': 0.11917415731598612, 'max_grad_norm': 0.10059855983483681, 'reward_scaling': 0.00021718819383045312, 'hmax': 54660, 'sharpe_ratio_weight': 0.16325625748855987, 'loss_penalty_weight': 0.5812750409973974}. Best is trial 0 with value: -100000.0.
Trial 14 finished with value: -100000.0 and parameters: {'learning_rate': 2.6154901710020762e-05, 'n_steps': 33183, 'total_timesteps': 573194, 'gamma': 0.9621229689845665, 'gae_lambda': 0.894279110329578, 'ent_coef': 0.07386630297214712, 'vf_coef': 0.10020699489102014, 'max_grad_norm': 0.17226864838508793, 'reward_scaling': 3.7106288241276496e-05, 'hmax': 59617, 'sharpe_ratio_weight': 0.298404515911916, 'loss_penalty_weight': 0.627780957770369}. Best is trial 0 with value: -100000.0.
Trial 15 finished with value: -100000.0 and parameters: {'learning_rate': 0.00016823640080882652, 'n_steps': 25820, 'total_timesteps': 473584, 'gamma': 0.9397339154205215, 'gae_lambda': 0.8662164299651831, 'ent_coef': 0.05028310180800861, 'vf_coef': 0.13667331628141965, 'max_grad_norm': 0.22175178808965296, 'reward_scaling': 0.00011862244488797068, 'hmax': 43594, 'sharpe_ratio_weight': 0.12730299900190684, 'loss_penalty_weight': 0.5790609886940672}. Best is trial 0 with value: -100000.0.
Trial 16 finished with value: -100000.0 and parameters: {'learning_rate': 5.633990027965407e-05, 'n_steps': 10627, 'total_timesteps': 623205, 'gamma': 0.9636044255907737, 'gae_lambda': 0.8882277219779974, 'ent_coef': 0.0638814617429323, 'vf_coef': 0.11674246304181836, 'max_grad_norm': 0.1395296327198724, 'reward_scaling': 5.0691391633976896e-05, 'hmax': 53825, 'sharpe_ratio_weight': 0.10524910907305873, 'loss_penalty_weight': 0.685611634443876}. Best is trial 0 with value: -100000.0.
Trial 17 finished with value: -100000.0 and parameters: {'learning_rate': 1.0041142633384967e-05, 'n_steps': 22115, 'total_timesteps': 435172, 'gamma': 0.9139695455162907, 'gae_lambda': 0.9040749088990446, 'ent_coef': 0.07719230688775149, 'vf_coef': 0.19431144360809363, 'max_grad_norm': 0.1788751119961664, 'reward_scaling': 0.00048713465634095274, 'hmax': 48846, 'sharpe_ratio_weight': 0.2559406373376534, 'loss_penalty_weight': 0.539072608480259}. Best is trial 0 with value: -100000.0.
Trial 18 finished with value: -100000.0 and parameters: {'learning_rate': 0.00021661202394442205, 'n_steps': 38479, 'total_timesteps': 271105, 'gamma': 0.9342646819340603, 'gae_lambda': 0.8700515739075841, 'ent_coef': 0.057180340876587306, 'vf_coef': 0.16563330334392043, 'max_grad_norm': 0.12718061186990245, 'reward_scaling': 1.0707480844043645e-05, 'hmax': 52025, 'sharpe_ratio_weight': 0.15041471507811663, 'loss_penalty_weight': 0.5594626516928163}. Best is trial 0 with value: -100000.0.
Trial 19 finished with value: -100000.0 and parameters: {'learning_rate': 2.308742567074696e-05, 'n_steps': 29454, 'total_timesteps': 619421, 'gamma': 0.9103563266441829, 'gae_lambda': 0.8776158902741609, 'ent_coef': 0.09589265212392124, 'vf_coef': 0.11013098474999289, 'max_grad_norm': 0.1622699128172184, 'reward_scaling': 0.0009674789066427, 'hmax': 45760, 'sharpe_ratio_weight': 0.17909142039304254, 'loss_penalty_weight': 0.782867073879527}. Best is trial 0 with value: -100000.0.
Trial 20 finished with value: -100000.0 and parameters: {'learning_rate': 8.474243563578252e-05, 'n_steps': 19250, 'total_timesteps': 457072, 'gamma': 0.9105948418890522, 'gae_lambda': 0.8617160630074416, 'ent_coef': 0.0997205470844805, 'vf_coef': 0.13045787513466667, 'max_grad_norm': 0.24162328324883106, 'reward_scaling': 0.00025940654161866084, 'hmax': 56357, 'sharpe_ratio_weight': 0.11839953576211927, 'loss_penalty_weight': 0.6199976752615809}. Best is trial 0 with value: -100000.0.
Trial 21 finished with value: -100000.0 and parameters: {'learning_rate': 0.0002714266405394467, 'n_steps': 25977, 'total_timesteps': 274554, 'gamma': 0.9791301020362633, 'gae_lambda': 0.8751018707556499, 'ent_coef': 0.06730739053765239, 'vf_coef': 0.11229974747608543, 'max_grad_norm': 0.20218424267780336, 'reward_scaling': 6.341972320556577e-05, 'hmax': 42409, 'sharpe_ratio_weight': 0.2522115717329257, 'loss_penalty_weight': 0.4540726250760478}. Best is trial 0 with value: -100000.0.
Trial 22 finished with value: -100000.0 and parameters: {'learning_rate': 0.00032000163245176185, 'n_steps': 12192, 'total_timesteps': 116514, 'gamma': 0.9595134666577497, 'gae_lambda': 0.8785307029726086, 'ent_coef': 0.07194905763779601, 'vf_coef': 0.11074850884488167, 'max_grad_norm': 0.1894983540844857, 'reward_scaling': 0.00015330315839815232, 'hmax': 37223, 'sharpe_ratio_weight': 0.2506744160550135, 'loss_penalty_weight': 0.5170254684919297}. Best is trial 0 with value: -100000.0.
Trial 23 finished with value: -100000.0 and parameters: {'learning_rate': 0.0004052657539781604, 'n_steps': 29432, 'total_timesteps': 173732, 'gamma': 0.9785196225168823, 'gae_lambda': 0.8628159365665377, 'ent_coef': 0.06650939605981669, 'vf_coef': 0.12450986847414865, 'max_grad_norm': 0.2219304733342382, 'reward_scaling': 6.619766763124767e-05, 'hmax': 31881, 'sharpe_ratio_weight': 0.22296498535751594, 'loss_penalty_weight': 0.5549407556013812}. Best is trial 0 with value: -100000.0.
Trial 24 finished with value: -100000.0 and parameters: {'learning_rate': 0.00019359446108332587, 'n_steps': 36866, 'total_timesteps': 312970, 'gamma': 0.9418126715841537, 'gae_lambda': 0.8869185233989931, 'ent_coef': 0.07136196659461842, 'vf_coef': 0.10744000988184786, 'max_grad_norm': 0.1588698266037065, 'reward_scaling': 0.00013436426022110385, 'hmax': 45556, 'sharpe_ratio_weight': 0.2741842757692393, 'loss_penalty_weight': 0.5963150107508968}. Best is trial 0 with value: -100000.0.
Trial 25 finished with value: -100000.0 and parameters: {'learning_rate': 0.000472447052953565, 'n_steps': 21787, 'total_timesteps': 196441, 'gamma': 0.9309095259492254, 'gae_lambda': 0.8737887322183128, 'ent_coef': 0.060286192233003515, 'vf_coef': 0.1203424781359989, 'max_grad_norm': 0.2426198690191777, 'reward_scaling': 8.287239256721858e-05, 'hmax': 47383, 'sharpe_ratio_weight': 0.23004728370955224, 'loss_penalty_weight': 0.5543316200133522}. Best is trial 0 with value: -100000.0.
Trial 26 finished with value: -100000.0 and parameters: {'learning_rate': 0.00027603937013982683, 'n_steps': 28962, 'total_timesteps': 321765, 'gamma': 0.954630467645871, 'gae_lambda': 0.8672105562365167, 'ent_coef': 0.06550115075308242, 'vf_coef': 0.10723084918789151, 'max_grad_norm': 0.18962152851894232, 'reward_scaling': 4.41691019729966e-05, 'hmax': 51720, 'sharpe_ratio_weight': 0.27392727720982357, 'loss_penalty_weight': 0.6597108904611453}. Best is trial 0 with value: -100000.0.
Trial 27 finished with value: -100000.0 and parameters: {'learning_rate': 0.00012348109389432853, 'n_steps': 8216, 'total_timesteps': 433238, 'gamma': 0.9708367640776185, 'gae_lambda': 0.880623896941638, 'ent_coef': 0.0680898472569677, 'vf_coef': 0.13883930567217276, 'max_grad_norm': 0.16688235710801722, 'reward_scaling': 7.578263435788313e-05, 'hmax': 39198, 'sharpe_ratio_weight': 0.19690486361679832, 'loss_penalty_weight': 0.7181107814847928}. Best is trial 0 with value: -100000.0.
Trial 28 finished with value: -100000.0 and parameters: {'learning_rate': 1.6189139986963343e-05, 'n_steps': 15408, 'total_timesteps': 562283, 'gamma': 0.9466845447886832, 'gae_lambda': 0.8941506955807708, 'ent_coef': 0.053750668725235304, 'vf_coef': 0.11633610522056284, 'max_grad_norm': 0.14060049677403488, 'reward_scaling': 0.00017880763499584877, 'hmax': 57020, 'sharpe_ratio_weight': 0.23553111798266738, 'loss_penalty_weight': 0.5811232475172792}. Best is trial 0 with value: -100000.0.
Trial 29 finished with value: -100000.0 and parameters: {'learning_rate': 0.0005549022626173052, 'n_steps': 4312, 'total_timesteps': 178925, 'gamma': 0.9949550001699592, 'gae_lambda': 0.8716736593302489, 'ent_coef': 0.0596600862072047, 'vf_coef': 0.13015557272041614, 'max_grad_norm': 0.17468726612098368, 'reward_scaling': 3.3327456970932334e-05, 'hmax': 34506, 'sharpe_ratio_weight': 0.11143420103828316, 'loss_penalty_weight': 0.6441845758418557}. Best is trial 0 with value: -100000.0.
A new study created in memory with name: no-name-852ea006-fc30-4878-be2d-ca998e3b75c7
Trial 0 finished with value: -100000.0 and parameters: {'learning_rate': 2.559986592070087e-05, 'n_steps': 27039, 'total_timesteps': 562033, 'gamma': 0.9691204505267352, 'gae_lambda': 0.9205095481891068, 'ent_coef': 0.0914695226240186, 'vf_coef': 0.2653459462665763, 'max_grad_norm': 0.15602944041957076, 'reward_scaling': 0.00014877033300062791, 'hmax': 51849, 'sharpe_ratio_weight': 0.17092504272108033, 'loss_penalty_weight': 0.6811753323085591}. Best is trial 0 with value: -100000.0.
Trial 1 finished with value: -100000.0 and parameters: {'learning_rate': 0.00027618801537488883, 'n_steps': 29750, 'total_timesteps': 647624, 'gamma': 0.9365281433240948, 'gae_lambda': 0.9169964361288951, 'ent_coef': 0.06647726571857633, 'vf_coef': 0.1090592627555099, 'max_grad_norm': 0.2582434478698601, 'reward_scaling': 0.0008063911815116556, 'hmax': 52315, 'sharpe_ratio_weight': 0.10942099784634396, 'loss_penalty_weight': 0.6743730136526741}. Best is trial 0 with value: -100000.0.
Trial 2 finished with value: -100000.0 and parameters: {'learning_rate': 1.6641985713672722e-05, 'n_steps': 39034, 'total_timesteps': 558526, 'gamma': 0.953140202704883, 'gae_lambda': 0.8654592760351117, 'ent_coef': 0.0572215793124879, 'vf_coef': 0.17186660020693242, 'max_grad_norm': 0.3558933553481004, 'reward_scaling': 0.0005602885019296083, 'hmax': 41318, 'sharpe_ratio_weight': 0.15100248376639133, 'loss_penalty_weight': 0.6765164312329814}. Best is trial 0 with value: -100000.0.
Trial 3 finished with value: -100000.0 and parameters: {'learning_rate': 0.0006292356288102043, 'n_steps': 51889, 'total_timesteps': 585261, 'gamma': 0.9181153826733499, 'gae_lambda': 0.9388645232100512, 'ent_coef': 0.05953383474882645, 'vf_coef': 0.22754911226619126, 'max_grad_norm': 0.3267609283562903, 'reward_scaling': 5.918518773935555e-05, 'hmax': 30239, 'sharpe_ratio_weight': 0.13608468841712687, 'loss_penalty_weight': 0.4942829537490502}. Best is trial 0 with value: -100000.0.
Trial 4 finished with value: -100000.0 and parameters: {'learning_rate': 5.074576984812568e-05, 'n_steps': 24640, 'total_timesteps': 88337, 'gamma': 0.9678964139151766, 'gae_lambda': 0.9084113688549278, 'ent_coef': 0.05766216435454736, 'vf_coef': 0.28174164517712924, 'max_grad_norm': 0.2218708075264058, 'reward_scaling': 7.197367280242556e-05, 'hmax': 52887, 'sharpe_ratio_weight': 0.2118632202549556, 'loss_penalty_weight': 0.40040469825953945}. Best is trial 0 with value: -100000.0.
Trial 5 finished with value: -100000.0 and parameters: {'learning_rate': 3.452675325170365e-05, 'n_steps': 33813, 'total_timesteps': 396211, 'gamma': 0.9638984168028095, 'gae_lambda': 0.9323571461970932, 'ent_coef': 0.053195234760112675, 'vf_coef': 0.29633058921816113, 'max_grad_norm': 0.16681832115839065, 'reward_scaling': 0.0001466962707046522, 'hmax': 50022, 'sharpe_ratio_weight': 0.2057274851578793, 'loss_penalty_weight': 0.7175400387538581}. Best is trial 0 with value: -100000.0.
Trial 6 finished with value: -100000.0 and parameters: {'learning_rate': 0.0006423031945509783, 'n_steps': 57534, 'total_timesteps': 473759, 'gamma': 0.9335699175747543, 'gae_lambda': 0.8729435550570798, 'ent_coef': 0.074478860179631, 'vf_coef': 0.16912389134413694, 'max_grad_norm': 0.32951395289946195, 'reward_scaling': 0.0005791662313977412, 'hmax': 54642, 'sharpe_ratio_weight': 0.1235359480583487, 'loss_penalty_weight': 0.5284738863901327}. Best is trial 0 with value: -100000.0.
Trial 7 finished with value: -100000.0 and parameters: {'learning_rate': 0.0001729610672306075, 'n_steps': 24258, 'total_timesteps': 612807, 'gamma': 0.9294879352949712, 'gae_lambda': 0.8590655616306652, 'ent_coef': 0.07141681369572318, 'vf_coef': 0.19307358976779532, 'max_grad_norm': 0.19680912336539277, 'reward_scaling': 0.0002731909339642308, 'hmax': 56911, 'sharpe_ratio_weight': 0.2858345802504702, 'loss_penalty_weight': 0.7406288298005034}. Best is trial 0 with value: -100000.0.
Trial 8 finished with value: -100000.0 and parameters: {'learning_rate': 6.468199658345817e-05, 'n_steps': 59303, 'total_timesteps': 679551, 'gamma': 0.9965047630230207, 'gae_lambda': 0.8594596303819461, 'ent_coef': 0.056527058471723644, 'vf_coef': 0.26096947717258545, 'max_grad_norm': 0.3480967974447429, 'reward_scaling': 0.0001901590580512858, 'hmax': 42338, 'sharpe_ratio_weight': 0.24144801849367808, 'loss_penalty_weight': 0.7944991960859674}. Best is trial 0 with value: -100000.0.
Trial 9 finished with value: -100000.0 and parameters: {'learning_rate': 0.0004114089732107902, 'n_steps': 53795, 'total_timesteps': 600679, 'gamma': 0.953558401277455, 'gae_lambda': 0.8724437585827878, 'ent_coef': 0.053172331214825244, 'vf_coef': 0.2319618337973417, 'max_grad_norm': 0.19110946549874788, 'reward_scaling': 0.0004110331971511968, 'hmax': 33385, 'sharpe_ratio_weight': 0.19483034076766095, 'loss_penalty_weight': 0.44332711673085906}. Best is trial 0 with value: -100000.0.
Trial 10 finished with value: -100000.0 and parameters: {'learning_rate': 1.0817736532550888e-05, 'n_steps': 6661, 'total_timesteps': 200219, 'gamma': 0.9043891583380528, 'gae_lambda': 0.8923945222547408, 'ent_coef': 0.09926797734667286, 'vf_coef': 0.14003043829301012, 'max_grad_norm': 0.12108437155705198, 'reward_scaling': 2.1664654625078884e-05, 'hmax': 47030, 'sharpe_ratio_weight': 0.15670726915054894, 'loss_penalty_weight': 0.6146888526225109}. Best is trial 0 with value: -100000.0.
Trial 11 finished with value: -100000.0 and parameters: {'learning_rate': 0.0001639287281226592, 'n_steps': 15663, 'total_timesteps': 458546, 'gamma': 0.9769849911713027, 'gae_lambda': 0.916165414623839, 'ent_coef': 0.08603942227031952, 'vf_coef': 0.10073340859529008, 'max_grad_norm': 0.25863834206807984, 'reward_scaling': 0.0009502255180882659, 'hmax': 57698, 'sharpe_ratio_weight': 0.11568143712419152, 'loss_penalty_weight': 0.6181709951358654}. Best is trial 0 with value: -100000.0.
Trial 12 finished with value: -100000.0 and parameters: {'learning_rate': 0.00012790045749015995, 'n_steps': 41398, 'total_timesteps': 322227, 'gamma': 0.9407485040629601, 'gae_lambda': 0.9481489655046093, 'ent_coef': 0.06596873528938942, 'vf_coef': 0.10178874990838013, 'max_grad_norm': 0.13685068737683978, 'reward_scaling': 0.0002734590428837373, 'hmax': 47914, 'sharpe_ratio_weight': 0.10708403890141058, 'loss_penalty_weight': 0.6414407492327875}. Best is trial 0 with value: -100000.0.
Trial 13 finished with value: -100000.0 and parameters: {'learning_rate': 0.0002635523716044515, 'n_steps': 24362, 'total_timesteps': 698474, 'gamma': 0.946029396180588, 'gae_lambda': 0.9227815490950709, 'ent_coef': 0.08061729875556094, 'vf_coef': 0.13349208855770112, 'max_grad_norm': 0.10301255553132398, 'reward_scaling': 0.0009014422066787945, 'hmax': 52128, 'sharpe_ratio_weight': 0.10073007180401564, 'loss_penalty_weight': 0.572283804184617}. Best is trial 0 with value: -100000.0.
Trial 14 finished with value: -100000.0 and parameters: {'learning_rate': 8.428549169725288e-05, 'n_steps': 14902, 'total_timesteps': 486484, 'gamma': 0.9811175380499243, 'gae_lambda': 0.9010816418702656, 'ent_coef': 0.0639871015914367, 'vf_coef': 0.20545195335887614, 'max_grad_norm': 0.2679459072471992, 'reward_scaling': 0.00010121251571577777, 'hmax': 59764, 'sharpe_ratio_weight': 0.16553211460540926, 'loss_penalty_weight': 0.6744020733858468}. Best is trial 0 with value: -100000.0.
Trial 15 finished with value: -100000.0 and parameters: {'learning_rate': 2.4243223204615718e-05, 'n_steps': 43176, 'total_timesteps': 302826, 'gamma': 0.9586953883201476, 'gae_lambda': 0.9201139660225408, 'ent_coef': 0.09867991063811254, 'vf_coef': 0.24951392433224656, 'max_grad_norm': 0.15440656287555585, 'reward_scaling': 4.72318631718509e-05, 'hmax': 43407, 'sharpe_ratio_weight': 0.13360332341564018, 'loss_penalty_weight': 0.7898563908256807}. Best is trial 0 with value: -100000.0.
Trial 16 finished with value: -100000.0 and parameters: {'learning_rate': 0.000939873332776916, 'n_steps': 33170, 'total_timesteps': 531425, 'gamma': 0.9362913569206263, 'gae_lambda': 0.8907359246480647, 'ent_coef': 0.08024473579584918, 'vf_coef': 0.29732849079558676, 'max_grad_norm': 0.17167134343657645, 'reward_scaling': 1.0556138964197082e-05, 'hmax': 36537, 'sharpe_ratio_weight': 0.17747750150498043, 'loss_penalty_weight': 0.5764965350668786}. Best is trial 0 with value: -100000.0.
Trial 17 finished with value: -100000.0 and parameters: {'learning_rate': 4.143883416570192e-05, 'n_steps': 16989, 'total_timesteps': 648222, 'gamma': 0.9479293219041971, 'gae_lambda': 0.9260553234604796, 'ent_coef': 0.06572306793472783, 'vf_coef': 0.1489711682696343, 'max_grad_norm': 0.22741156324959289, 'reward_scaling': 0.00015228661873739526, 'hmax': 49513, 'sharpe_ratio_weight': 0.1402008065464951, 'loss_penalty_weight': 0.7130913020521763}. Best is trial 0 with value: -100000.0.
Trial 18 finished with value: -100000.0 and parameters: {'learning_rate': 8.857249261089564e-05, 'n_steps': 4658, 'total_timesteps': 405603, 'gamma': 0.9223818001796206, 'gae_lambda': 0.9074719174848505, 'ent_coef': 0.05015773551845309, 'vf_coef': 0.12349966599171547, 'max_grad_norm': 0.14241973533948746, 'reward_scaling': 0.0002909018170416602, 'hmax': 39200, 'sharpe_ratio_weight': 0.11721902198485078, 'loss_penalty_weight': 0.658534445333772}. Best is trial 0 with value: -100000.0.
Trial 19 finished with value: -100000.0 and parameters: {'learning_rate': 0.00024273628826839585, 'n_steps': 27202, 'total_timesteps': 528861, 'gamma': 0.968981545012991, 'gae_lambda': 0.9345345359470617, 'ent_coef': 0.09207099597532103, 'vf_coef': 0.18966176178657476, 'max_grad_norm': 0.17467155368256254, 'reward_scaling': 0.0004840514843269836, 'hmax': 45879, 'sharpe_ratio_weight': 0.17583810349761583, 'loss_penalty_weight': 0.6012093789499114}. Best is trial 0 with value: -100000.0.
Trial 20 finished with value: -100000.0 and parameters: {'learning_rate': 2.7870521305922013e-05, 'n_steps': 47587, 'total_timesteps': 251427, 'gamma': 0.9463743236166581, 'gae_lambda': 0.913293868976124, 'ent_coef': 0.07521187994121781, 'vf_coef': 0.15668765589034075, 'max_grad_norm': 0.2852227297803521, 'reward_scaling': 0.00010771270226224612, 'hmax': 54512, 'sharpe_ratio_weight': 0.1495580576974349, 'loss_penalty_weight': 0.6862949247499528}. Best is trial 0 with value: -100000.0.
Trial 21 finished with value: -100000.0 and parameters: {'learning_rate': 1.6241776438943243e-05, 'n_steps': 38535, 'total_timesteps': 558833, 'gamma': 0.9561483589595725, 'gae_lambda': 0.900581501019551, 'ent_coef': 0.06173705006005758, 'vf_coef': 0.17502768036539212, 'max_grad_norm': 0.38804908903225444, 'reward_scaling': 0.0006161208783061837, 'hmax': 38681, 'sharpe_ratio_weight': 0.15115432261056655, 'loss_penalty_weight': 0.6510264486370531}. Best is trial 0 with value: -100000.0.
Trial 22 finished with value: -100000.0 and parameters: {'learning_rate': 1.8770340799578094e-05, 'n_steps': 37353, 'total_timesteps': 618618, 'gamma': 0.9553583318458612, 'gae_lambda': 0.8837638341245218, 'ent_coef': 0.06698717047843339, 'vf_coef': 0.2154241633461364, 'max_grad_norm': 0.39100549297504233, 'reward_scaling': 0.0007442919244743983, 'hmax': 41017, 'sharpe_ratio_weight': 0.12226515348899877, 'loss_penalty_weight': 0.7440273541492661}. Best is trial 0 with value: -100000.0.
Trial 23 finished with value: -100000.0 and parameters: {'learning_rate': 1.054688602368479e-05, 'n_steps': 32499, 'total_timesteps': 538960, 'gamma': 0.9424453568509303, 'gae_lambda': 0.9080865777532872, 'ent_coef': 0.0705901499891109, 'vf_coef': 0.17320384144304293, 'max_grad_norm': 0.2945231483414684, 'reward_scaling': 0.0004771928827924162, 'hmax': 44821, 'sharpe_ratio_weight': 0.13564768322448698, 'loss_penalty_weight': 0.6851871278475699}. Best is trial 0 with value: -100000.0.
