Trial 12 finished with value: -100000.0 and parameters: {'learning_rate': 9.470344746583674e-05, 'n_steps': 59284, 'total_timesteps': 402341, 'gamma': 0.9429186956765909, 'gae_lambda': 0.8513200416006225, 'ent_coef': 0.0745671613425323, 'vf_coef': 0.29615979647028506, 'max_grad_norm': 0.17805942463047264, 'reward_scaling': 0.0009504006278565183, 'hmax': 39891, 'sharpe_ratio_weight': 0.13989619413816518, 'loss_penalty_weight': 0.40567849890726504}. Best is trial 0 with value: -100000.0.
Trial 13 finished with value: -100000.0 and parameters: {'learning_rate': 0.0005281192192205204, 'n_steps': 24031, 'total_timesteps': 671931, 'gamma': 0.9337506920579278, 'gae_lambda': 0.8827316122623629, 'ent_coef': 0.0864200975900124, 'vf_coef': 0.1192776506588492, 'max_grad_norm': 0.14945938294947972, 'reward_scaling': 0.0001589878063334997, 'hmax': 50761, 'sharpe_ratio_weight': 0.2137148235138696, 'loss_penalty_weight': 0.7207067999428574}. Best is trial 0 with value: -100000.0.
Trial 14 finished with value: -100000.0 and parameters: {'learning_rate': 0.00016133773755457045, 'n_steps': 51275, 'total_timesteps': 348371, 'gamma': 0.9524368002243597, 'gae_lambda': 0.8669285186795305, 'ent_coef': 0.06727968288820674, 'vf_coef': 0.1455911875271286, 'max_grad_norm': 0.22815381613274838, 'reward_scaling': 0.0003010330632155162, 'hmax': 37692, 'sharpe_ratio_weight': 0.1294551756035408, 'loss_penalty_weight': 0.6029409416430376}. Best is trial 0 with value: -100000.0.
Trial 15 finished with value: -100000.0 and parameters: {'learning_rate': 0.0005131854273365234, 'n_steps': 2874, 'total_timesteps': 228002, 'gamma': 0.9253717152627166, 'gae_lambda': 0.8825386859674267, 'ent_coef': 0.0902320381828337, 'vf_coef': 0.11579089314756762, 'max_grad_norm': 0.19964253011956085, 'reward_scaling': 0.0001267284832982452, 'hmax': 48613, 'sharpe_ratio_weight': 0.20749772553721837, 'loss_penalty_weight': 0.6762024830462248}. Best is trial 0 with value: -100000.0.
Trial 16 finished with value: -100000.0 and parameters: {'learning_rate': 8.174608202672687e-05, 'n_steps': 15490, 'total_timesteps': 433290, 'gamma': 0.9060092673967036, 'gae_lambda': 0.9181822934479186, 'ent_coef': 0.07623506020724269, 'vf_coef': 0.15155260017938219, 'max_grad_norm': 0.28329704271954526, 'reward_scaling': 0.00041409285997330927, 'hmax': 41672, 'sharpe_ratio_weight': 0.12693518139230586, 'loss_penalty_weight': 0.5435378808941516}. Best is trial 0 with value: -100000.0.
Trial 17 finished with value: -100000.0 and parameters: {'learning_rate': 0.0001831240522726307, 'n_steps': 29098, 'total_timesteps': 593798, 'gamma': 0.9295715826884808, 'gae_lambda': 0.8613120128041879, 'ent_coef': 0.09389286107532828, 'vf_coef': 0.11891840978369997, 'max_grad_norm': 0.1472004331458957, 'reward_scaling': 0.00019554010111869134, 'hmax': 43968, 'sharpe_ratio_weight': 0.16343835965112113, 'loss_penalty_weight': 0.501956201908446}. Best is trial 0 with value: -100000.0.
Trial 18 finished with value: -100000.0 and parameters: {'learning_rate': 0.00040958604661338685, 'n_steps': 48876, 'total_timesteps': 477970, 'gamma': 0.9131847649365888, 'gae_lambda': 0.8899598084914369, 'ent_coef': 0.08124325575167174, 'vf_coef': 0.156757708637012, 'max_grad_norm': 0.1884506387426531, 'reward_scaling': 8.865990490022886e-05, 'hmax': 59902, 'sharpe_ratio_weight': 0.19242093073925587, 'loss_penalty_weight': 0.592780941435912}. Best is trial 0 with value: -100000.0.
Trial 19 finished with value: -100000.0 and parameters: {'learning_rate': 0.0008481917593681935, 'n_steps': 38065, 'total_timesteps': 206422, 'gamma': 0.9419767230601438, 'gae_lambda': 0.8719407888367673, 'ent_coef': 0.0631300020560119, 'vf_coef': 0.12918725466787415, 'max_grad_norm': 0.22488421980521647, 'reward_scaling': 0.0006002860541179699, 'hmax': 36869, 'sharpe_ratio_weight': 0.24184803899410426, 'loss_penalty_weight': 0.6958868351589436}. Best is trial 0 with value: -100000.0.
Trial 20 finished with value: -100000.0 and parameters: {'learning_rate': 0.00019130239422170933, 'n_steps': 14635, 'total_timesteps': 346168, 'gamma': 0.9504831042208007, 'gae_lambda': 0.850444360427157, 'ent_coef': 0.07241168244069572, 'vf_coef': 0.18765707411235932, 'max_grad_norm': 0.2499309114009051, 'reward_scaling': 0.0002076563816124895, 'hmax': 49316, 'sharpe_ratio_weight': 0.1538233865762429, 'loss_penalty_weight': 0.5094289872831066}. Best is trial 0 with value: -100000.0.
Trial 21 finished with value: -100000.0 and parameters: {'learning_rate': 0.0003380591929863012, 'n_steps': 35604, 'total_timesteps': 603933, 'gamma': 0.9535719661550689, 'gae_lambda': 0.8813449817374904, 'ent_coef': 0.0827865628770204, 'vf_coef': 0.12619607053118484, 'max_grad_norm': 0.12914627397386594, 'reward_scaling': 1.0821995727853967e-05, 'hmax': 37237, 'sharpe_ratio_weight': 0.22160129560110117, 'loss_penalty_weight': 0.7634744595798464}. Best is trial 0 with value: -100000.0.
Trial 22 finished with value: -100000.0 and parameters: {'learning_rate': 0.000554058250814242, 'n_steps': 45015, 'total_timesteps': 538154, 'gamma': 0.9615005886463976, 'gae_lambda': 0.8879862170794294, 'ent_coef': 0.09197866677777809, 'vf_coef': 0.13750826818980638, 'max_grad_norm': 0.15654958016775794, 'reward_scaling': 8.418554987428942e-05, 'hmax': 30610, 'sharpe_ratio_weight': 0.19086937770586754, 'loss_penalty_weight': 0.7659715548231728}. Best is trial 0 with value: -100000.0.
Trial 23 finished with value: -100000.0 and parameters: {'learning_rate': 0.00026573612524723617, 'n_steps': 34276, 'total_timesteps': 447916, 'gamma': 0.934453492533871, 'gae_lambda': 0.8770725176516017, 'ent_coef': 0.09981547764705173, 'vf_coef': 0.1109345526434443, 'max_grad_norm': 0.12816421225792746, 'reward_scaling': 4.0639328639706914e-05, 'hmax': 30598, 'sharpe_ratio_weight': 0.23985930336723102, 'loss_penalty_weight': 0.7759648590936074}. Best is trial 0 with value: -100000.0.
Trial 24 finished with value: -100000.0 and parameters: {'learning_rate': 0.0009631137816755774, 'n_steps': 53634, 'total_timesteps': 621337, 'gamma': 0.9722748044091418, 'gae_lambda': 0.8608621971580835, 'ent_coef': 0.07982658463413736, 'vf_coef': 0.12220021841238755, 'max_grad_norm': 0.15999692208446473, 'reward_scaling': 0.000115686148750988, 'hmax': 34201, 'sharpe_ratio_weight': 0.28333912898546376, 'loss_penalty_weight': 0.791982642477682}. Best is trial 0 with value: -100000.0.
Trial 25 finished with value: -100000.0 and parameters: {'learning_rate': 0.00047275556645040963, 'n_steps': 25912, 'total_timesteps': 491527, 'gamma': 0.9425047426321743, 'gae_lambda': 0.8936653401059366, 'ent_coef': 0.0889183497587307, 'vf_coef': 0.10136680860288509, 'max_grad_norm': 0.1309211773788526, 'reward_scaling': 1.7147946330196487e-05, 'hmax': 43436, 'sharpe_ratio_weight': 0.2628705018994572, 'loss_penalty_weight': 0.7287249695703859}. Best is trial 0 with value: -100000.0.
Trial 26 finished with value: -100000.0 and parameters: {'learning_rate': 0.00036624981503083104, 'n_steps': 43261, 'total_timesteps': 398726, 'gamma': 0.9250747375174679, 'gae_lambda': 0.8780707080347427, 'ent_coef': 0.08522767251278764, 'vf_coef': 0.12996079140235722, 'max_grad_norm': 0.10256693799824565, 'reward_scaling': 4.8747196863487554e-05, 'hmax': 53303, 'sharpe_ratio_weight': 0.22500762452197046, 'loss_penalty_weight': 0.6589376188138003}. Best is trial 0 with value: -100000.0.
Trial 27 finished with value: -100000.0 and parameters: {'learning_rate': 0.0006749985267288977, 'n_steps': 20473, 'total_timesteps': 556929, 'gamma': 0.9312085855030424, 'gae_lambda': 0.8878768318845484, 'ent_coef': 0.07914615109359087, 'vf_coef': 0.10983130992629507, 'max_grad_norm': 0.19716539217127163, 'reward_scaling': 7.589739253480878e-05, 'hmax': 57519, 'sharpe_ratio_weight': 0.192188948583859, 'loss_penalty_weight': 0.7101061120656351}. Best is trial 0 with value: -100000.0.
Trial 28 finished with value: -100000.0 and parameters: {'learning_rate': 0.0002588327960085632, 'n_steps': 54808, 'total_timesteps': 626591, 'gamma': 0.9588236836751431, 'gae_lambda': 0.8660295537323133, 'ent_coef': 0.08884241906214722, 'vf_coef': 0.14404069650971585, 'max_grad_norm': 0.1689149677828623, 'reward_scaling': 0.00010972805191886884, 'hmax': 47603, 'sharpe_ratio_weight': 0.169449220676962, 'loss_penalty_weight': 0.6108754409738719}. Best is trial 0 with value: -100000.0.
Trial 29 finished with value: -100000.0 and parameters: {'learning_rate': 0.0006333513777081223, 'n_steps': 11959, 'total_timesteps': 52699, 'gamma': 0.9755151433162793, 'gae_lambda': 0.8566904838453666, 'ent_coef': 0.08268022899782174, 'vf_coef': 0.12979322537694682, 'max_grad_norm': 0.2160534346222822, 'reward_scaling': 3.159282034122139e-05, 'hmax': 34566, 'sharpe_ratio_weight': 0.20721969433151857, 'loss_penalty_weight': 0.6640196726131397}. Best is trial 0 with value: -100000.0.
A new study created in memory with name: no-name-b70c81a4-c720-4f25-a039-3623b06f89a7
Trial 0 finished with value: -100000.0 and parameters: {'learning_rate': 0.0009398797259003624, 'n_steps': 14643, 'total_timesteps': 401264, 'gamma': 0.9772358612045504, 'gae_lambda': 0.886774587864158, 'ent_coef': 0.05108635096727395, 'vf_coef': 0.28464224190013226, 'max_grad_norm': 0.2628877607328556, 'reward_scaling': 0.00048213075625975116, 'hmax': 38054, 'sharpe_ratio_weight': 0.21529976267251957, 'loss_penalty_weight': 0.6110413683750842}. Best is trial 0 with value: -100000.0.
Trial 1 finished with value: -100000.0 and parameters: {'learning_rate': 0.00015182767291150966, 'n_steps': 17435, 'total_timesteps': 254661, 'gamma': 0.9993297114484269, 'gae_lambda': 0.8653242177142199, 'ent_coef': 0.08099001092243513, 'vf_coef': 0.14217976935818874, 'max_grad_norm': 0.14367248696169038, 'reward_scaling': 0.0007223232618801344, 'hmax': 50077, 'sharpe_ratio_weight': 0.2508418194479845, 'loss_penalty_weight': 0.503637483916781}. Best is trial 0 with value: -100000.0.
Trial 2 finished with value: -100000.0 and parameters: {'learning_rate': 0.0003272878720463243, 'n_steps': 4115, 'total_timesteps': 60144, 'gamma': 0.9645420109998663, 'gae_lambda': 0.8633003504712145, 'ent_coef': 0.09363584203703133, 'vf_coef': 0.1439666912866644, 'max_grad_norm': 0.2522588215565201, 'reward_scaling': 0.000589932741018964, 'hmax': 36611, 'sharpe_ratio_weight': 0.19073488999973265, 'loss_penalty_weight': 0.6422491869066882}. Best is trial 0 with value: -100000.0.
Trial 3 finished with value: -100000.0 and parameters: {'learning_rate': 1.5257404009835416e-05, 'n_steps': 26637, 'total_timesteps': 661117, 'gamma': 0.9050253899932136, 'gae_lambda': 0.8544749250614798, 'ent_coef': 0.07157893087220474, 'vf_coef': 0.24081393276937144, 'max_grad_norm': 0.1866171647819022, 'reward_scaling': 5.413942937728697e-05, 'hmax': 49900, 'sharpe_ratio_weight': 0.10820484885248413, 'loss_penalty_weight': 0.6450846875319048}. Best is trial 0 with value: -100000.0.
Trial 4 finished with value: -100000.0 and parameters: {'learning_rate': 0.00024191513576654475, 'n_steps': 42870, 'total_timesteps': 330147, 'gamma': 0.9793704562439824, 'gae_lambda': 0.8820541121309393, 'ent_coef': 0.09762702182586039, 'vf_coef': 0.14246692692867624, 'max_grad_norm': 0.35958105285810826, 'reward_scaling': 1.655306034408199e-05, 'hmax': 49496, 'sharpe_ratio_weight': 0.12723545066039488, 'loss_penalty_weight': 0.5789356260959796}. Best is trial 0 with value: -100000.0.
Trial 5 finished with value: -100000.0 and parameters: {'learning_rate': 0.00010578387360737236, 'n_steps': 43658, 'total_timesteps': 604091, 'gamma': 0.9838410313718043, 'gae_lambda': 0.9274860219961855, 'ent_coef': 0.0829399810494437, 'vf_coef': 0.15642883998856036, 'max_grad_norm': 0.37587703609434336, 'reward_scaling': 0.00022366586736605467, 'hmax': 52686, 'sharpe_ratio_weight': 0.12757796684647335, 'loss_penalty_weight': 0.4659256892233797}. Best is trial 0 with value: -100000.0.
Trial 6 finished with value: -100000.0 and parameters: {'learning_rate': 0.00012006678045050667, 'n_steps': 2376, 'total_timesteps': 60091, 'gamma': 0.9189797241787631, 'gae_lambda': 0.934146887915734, 'ent_coef': 0.053839026214573225, 'vf_coef': 0.1081288435205583, 'max_grad_norm': 0.2515000272530915, 'reward_scaling': 3.035271916857867e-05, 'hmax': 32374, 'sharpe_ratio_weight': 0.13942703635855289, 'loss_penalty_weight': 0.6736179673555133}. Best is trial 0 with value: -100000.0.
Trial 7 finished with value: -100000.0 and parameters: {'learning_rate': 3.0288957585733007e-05, 'n_steps': 38246, 'total_timesteps': 125515, 'gamma': 0.9589647261228684, 'gae_lambda': 0.9102529740627254, 'ent_coef': 0.07540953396910824, 'vf_coef': 0.11837364665974927, 'max_grad_norm': 0.21613112333351026, 'reward_scaling': 2.7648433432120493e-05, 'hmax': 35498, 'sharpe_ratio_weight': 0.10879370506006703, 'loss_penalty_weight': 0.6472467545878762}. Best is trial 0 with value: -100000.0.
Trial 8 finished with value: -100000.0 and parameters: {'learning_rate': 0.0007762438943355614, 'n_steps': 13457, 'total_timesteps': 291796, 'gamma': 0.9500137257885135, 'gae_lambda': 0.8955786223060437, 'ent_coef': 0.06011612703244222, 'vf_coef': 0.1480609982746285, 'max_grad_norm': 0.30600241423786506, 'reward_scaling': 1.3869574636197106e-05, 'hmax': 31276, 'sharpe_ratio_weight': 0.13675665254265562, 'loss_penalty_weight': 0.6640892803186629}. Best is trial 0 with value: -100000.0.
Trial 9 finished with value: -100000.0 and parameters: {'learning_rate': 6.013185893484704e-05, 'n_steps': 32559, 'total_timesteps': 62825, 'gamma': 0.9029761245136055, 'gae_lambda': 0.9202036442646818, 'ent_coef': 0.06360694944790825, 'vf_coef': 0.25131411652977464, 'max_grad_norm': 0.20921469901609788, 'reward_scaling': 1.3088394303447021e-05, 'hmax': 57473, 'sharpe_ratio_weight': 0.22542008802295574, 'loss_penalty_weight': 0.511197473236084}. Best is trial 0 with value: -100000.0.
Trial 10 finished with value: -100000.0 and parameters: {'learning_rate': 0.0007991330614396288, 'n_steps': 58998, 'total_timesteps': 463434, 'gamma': 0.9324400657522681, 'gae_lambda': 0.8964801962529703, 'ent_coef': 0.051893945289830996, 'vf_coef': 0.29340399523269906, 'max_grad_norm': 0.11277295938416916, 'reward_scaling': 0.00018870947351563982, 'hmax': 40457, 'sharpe_ratio_weight': 0.28544744954801077, 'loss_penalty_weight': 0.7832619792242234}. Best is trial 0 with value: -100000.0.
Trial 11 finished with value: -100000.0 and parameters: {'learning_rate': 0.00030755579054666897, 'n_steps': 18852, 'total_timesteps': 230518, 'gamma': 0.9993628171882771, 'gae_lambda': 0.8746461209820299, 'ent_coef': 0.061152810460772346, 'vf_coef': 0.2000797499944307, 'max_grad_norm': 0.15306460143901673, 'reward_scaling': 0.0008613700948761016, 'hmax': 43460, 'sharpe_ratio_weight': 0.23804945755485274, 'loss_penalty_weight': 0.40256513628565005}. Best is trial 0 with value: -100000.0.
Trial 12 finished with value: -100000.0 and parameters: {'learning_rate': 0.0007327185323595174, 'n_steps': 16427, 'total_timesteps': 427116, 'gamma': 0.9970679235180511, 'gae_lambda': 0.8768728092080664, 'ent_coef': 0.050644582427382505, 'vf_coef': 0.1894150167883816, 'max_grad_norm': 0.14541913140607426, 'reward_scaling': 0.0004601826484796661, 'hmax': 45088, 'sharpe_ratio_weight': 0.29934163793352264, 'loss_penalty_weight': 0.525485852482785}. Best is trial 0 with value: -100000.0.
Trial 13 finished with value: -100000.0 and parameters: {'learning_rate': 0.0002361288900856721, 'n_steps': 23685, 'total_timesteps': 528648, 'gamma': 0.9772965561275357, 'gae_lambda': 0.9479631833169437, 'ent_coef': 0.07993904610324636, 'vf_coef': 0.18075816184280663, 'max_grad_norm': 0.10637024853143992, 'reward_scaling': 0.0003837044882359636, 'hmax': 57454, 'sharpe_ratio_weight': 0.19674286069962044, 'loss_penalty_weight': 0.5688571963379598}. Best is trial 0 with value: -100000.0.
Trial 14 finished with value: -100000.0 and parameters: {'learning_rate': 5.964956450217437e-05, 'n_steps': 11160, 'total_timesteps': 221017, 'gamma': 0.9906033951468928, 'gae_lambda': 0.8522211005036416, 'ent_coef': 0.06806929575952286, 'vf_coef': 0.2140624937840553, 'max_grad_norm': 0.15442835086069684, 'reward_scaling': 0.0009889023685849846, 'hmax': 39266, 'sharpe_ratio_weight': 0.2387565483167264, 'loss_penalty_weight': 0.47147514432638427}. Best is trial 0 with value: -100000.0.
Trial 15 finished with value: -100000.0 and parameters: {'learning_rate': 0.00045985330541826775, 'n_steps': 9470, 'total_timesteps': 396285, 'gamma': 0.9718132276525877, 'gae_lambda': 0.8868393516611018, 'ent_coef': 0.05552701457300668, 'vf_coef': 0.16853258419599007, 'max_grad_norm': 0.29300289805738633, 'reward_scaling': 0.0002494022227673702, 'hmax': 43958, 'sharpe_ratio_weight': 0.15852551174254134, 'loss_penalty_weight': 0.5863381569496623}. Best is trial 0 with value: -100000.0.
Trial 16 finished with value: -100000.0 and parameters: {'learning_rate': 0.000977814948876572, 'n_steps': 24418, 'total_timesteps': 222263, 'gamma': 0.9874553833014758, 'gae_lambda': 0.8690772846417535, 'ent_coef': 0.06785458985041536, 'vf_coef': 0.2908449731381798, 'max_grad_norm': 0.17820830169145502, 'reward_scaling': 9.85739859195057e-05, 'hmax': 47351, 'sharpe_ratio_weight': 0.2625918579029023, 'loss_penalty_weight': 0.517891253723134}. Best is trial 0 with value: -100000.0.
Trial 17 finished with value: -100000.0 and parameters: {'learning_rate': 0.00015926385259857557, 'n_steps': 19873, 'total_timesteps': 512696, 'gamma': 0.9671879671609124, 'gae_lambda': 0.8637030619524984, 'ent_coef': 0.05668336557496708, 'vf_coef': 0.12792612479424317, 'max_grad_norm': 0.12470558846849483, 'reward_scaling': 0.0006466199189070776, 'hmax': 54212, 'sharpe_ratio_weight': 0.21159196941107672, 'loss_penalty_weight': 0.743102330262443}. Best is trial 0 with value: -100000.0.
Trial 18 finished with value: -100000.0 and parameters: {'learning_rate': 0.00043036169328903445, 'n_steps': 31498, 'total_timesteps': 334662, 'gamma': 0.9991331150029654, 'gae_lambda': 0.8871828557866421, 'ent_coef': 0.08589420605696396, 'vf_coef': 0.22248397731647512, 'max_grad_norm': 0.17489006614620595, 'reward_scaling': 0.0003221654426805552, 'hmax': 39186, 'sharpe_ratio_weight': 0.2556381876832152, 'loss_penalty_weight': 0.5927582975692766}. Best is trial 0 with value: -100000.0.
Trial 19 finished with value: -100000.0 and parameters: {'learning_rate': 0.00018726036990734024, 'n_steps': 54883, 'total_timesteps': 163831, 'gamma': 0.9839259172145102, 'gae_lambda': 0.9047776191253041, 'ent_coef': 0.0771814455185359, 'vf_coef': 0.16980120895133807, 'max_grad_norm': 0.12939476743535455, 'reward_scaling': 0.0005723037415507451, 'hmax': 53206, 'sharpe_ratio_weight': 0.1744361929702345, 'loss_penalty_weight': 0.7170445960165381}. Best is trial 0 with value: -100000.0.
Trial 20 finished with value: -100000.0 and parameters: {'learning_rate': 0.0004595658666364018, 'n_steps': 7556, 'total_timesteps': 266408, 'gamma': 0.972049177418707, 'gae_lambda': 0.8726903825618239, 'ent_coef': 0.06450846468186026, 'vf_coef': 0.1986043436099158, 'max_grad_norm': 0.24210857179984044, 'reward_scaling': 0.00016560521002489302, 'hmax': 35044, 'sharpe_ratio_weight': 0.2136827408373913, 'loss_penalty_weight': 0.6007740515794816}. Best is trial 0 with value: -100000.0.
Trial 21 finished with value: -100000.0 and parameters: {'learning_rate': 0.00034158077148087194, 'n_steps': 2707, 'total_timesteps': 142897, 'gamma': 0.965897138749581, 'gae_lambda': 0.8609688884830199, 'ent_coef': 0.08911399663258572, 'vf_coef': 0.13487995177525916, 'max_grad_norm': 0.24713463098189964, 'reward_scaling': 0.0005884389229335051, 'hmax': 35403, 'sharpe_ratio_weight': 0.19277451612383287, 'loss_penalty_weight': 0.6242589827251889}. Best is trial 0 with value: -100000.0.
Trial 22 finished with value: -100000.0 and parameters: {'learning_rate': 0.0005007857857423563, 'n_steps': 7143, 'total_timesteps': 328515, 'gamma': 0.9602543780780245, 'gae_lambda': 0.8638992360842619, 'ent_coef': 0.09299823682680405, 'vf_coef': 0.15617354085999427, 'max_grad_norm': 0.21971786074810992, 'reward_scaling': 0.00036797080433279575, 'hmax': 37020, 'sharpe_ratio_weight': 0.19041722298233238, 'loss_penalty_weight': 0.6935667022205075}. Best is trial 0 with value: -100000.0.
Trial 23 finished with value: -100000.0 and parameters: {'learning_rate': 0.00016785588094354688, 'n_steps': 14526, 'total_timesteps': 479187, 'gamma': 0.989689488657809, 'gae_lambda': 0.8584865482038457, 'ent_coef': 0.08881083762372641, 'vf_coef': 0.12691250290058792, 'max_grad_norm': 0.28780301896129984, 'reward_scaling': 0.0007565406099661482, 'hmax': 43058, 'sharpe_ratio_weight': 0.2123043454569167, 'loss_penalty_weight': 0.6323861316791284}. Best is trial 0 with value: -100000.0.
Trial 24 finished with value: -100000.0 and parameters: {'learning_rate': 0.0005945938596889036, 'n_steps': 5815, 'total_timesteps': 384206, 'gamma': 0.9514679401079736, 'gae_lambda': 0.8501123073334965, 'ent_coef': 0.09939540811482434, 'vf_coef': 0.16770896949846112, 'max_grad_norm': 0.18648805856133271, 'reward_scaling': 0.0009656678546540072, 'hmax': 41248, 'sharpe_ratio_weight': 0.25907832607064774, 'loss_penalty_weight': 0.6153715575339818}. Best is trial 0 with value: -100000.0.
Trial 25 finished with value: -100000.0 and parameters: {'learning_rate': 0.00031290821947999156, 'n_steps': 19691, 'total_timesteps': 161634, 'gamma': 0.9762963691523688, 'gae_lambda': 0.8677179662954807, 'ent_coef': 0.08273333631021386, 'vf_coef': 0.14486737898957494, 'max_grad_norm': 0.27356809155108897, 'reward_scaling': 0.0005025240544201805, 'hmax': 47006, 'sharpe_ratio_weight': 0.17069505916647934, 'loss_penalty_weight': 0.5419902239656939}. Best is trial 0 with value: -100000.0.
