Trial 14 finished with value: -100000.0 and parameters: {'learning_rate': 9.213444692484534e-05, 'n_steps': 15429, 'total_timesteps': 318620, 'gamma': 0.9338707893461428, 'gae_lambda': 0.9115319869438743, 'ent_coef': 0.05042733349477054, 'vf_coef': 0.1548937070718089, 'max_grad_norm': 0.2719483299078448, 'reward_scaling': 5.055598002774179e-05, 'hmax': 56219, 'sharpe_ratio_weight': 0.18930868620745492, 'loss_penalty_weight': 0.5871797055748154}. Best is trial 0 with value: -100000.0.
Trial 15 finished with value: -100000.0 and parameters: {'learning_rate': 1.95847532289037e-05, 'n_steps': 51617, 'total_timesteps': 61432, 'gamma': 0.9727405646806193, 'gae_lambda': 0.9267593715420136, 'ent_coef': 0.07919874553671048, 'vf_coef': 0.12995267126623175, 'max_grad_norm': 0.3026718802225569, 'reward_scaling': 2.0478395712930047e-05, 'hmax': 48136, 'sharpe_ratio_weight': 0.2392316467969434, 'loss_penalty_weight': 0.5065135282146267}. Best is trial 0 with value: -100000.0.
Trial 16 finished with value: -100000.0 and parameters: {'learning_rate': 6.115397403568252e-05, 'n_steps': 21208, 'total_timesteps': 582366, 'gamma': 0.9637241536185729, 'gae_lambda': 0.9391166692919732, 'ent_coef': 0.0631720443175056, 'vf_coef': 0.2954259256086567, 'max_grad_norm': 0.21344422886265538, 'reward_scaling': 5.774922452488742e-05, 'hmax': 41193, 'sharpe_ratio_weight': 0.15035587134363562, 'loss_penalty_weight': 0.41513127870275185}. Best is trial 0 with value: -100000.0.
Trial 17 finished with value: -100000.0 and parameters: {'learning_rate': 0.00015303776470271266, 'n_steps': 36959, 'total_timesteps': 289673, 'gamma': 0.9456481308696665, 'gae_lambda': 0.9149438041115343, 'ent_coef': 0.05642080949460123, 'vf_coef': 0.11193498220588534, 'max_grad_norm': 0.18196816137353505, 'reward_scaling': 1.812348865349033e-05, 'hmax': 47581, 'sharpe_ratio_weight': 0.18722614331003157, 'loss_penalty_weight': 0.5667932406534751}. Best is trial 0 with value: -100000.0.
Trial 18 finished with value: -100000.0 and parameters: {'learning_rate': 6.569156409068945e-05, 'n_steps': 50401, 'total_timesteps': 429358, 'gamma': 0.9332531910435844, 'gae_lambda': 0.9034510859992275, 'ent_coef': 0.08967420480506007, 'vf_coef': 0.14699597175771287, 'max_grad_norm': 0.14837815281198355, 'reward_scaling': 6.14255193940169e-05, 'hmax': 55322, 'sharpe_ratio_weight': 0.20370264952117248, 'loss_penalty_weight': 0.44671178055558497}. Best is trial 0 with value: -100000.0.
Trial 19 finished with value: -100000.0 and parameters: {'learning_rate': 3.049089687872367e-05, 'n_steps': 12618, 'total_timesteps': 692536, 'gamma': 0.9126953526607873, 'gae_lambda': 0.9479899420220961, 'ent_coef': 0.07655087207999589, 'vf_coef': 0.12150264143360215, 'max_grad_norm': 0.21575471337041205, 'reward_scaling': 1.0411512670009332e-05, 'hmax': 40986, 'sharpe_ratio_weight': 0.12135856151998024, 'loss_penalty_weight': 0.4019103252481024}. Best is trial 0 with value: -100000.0.
Trial 20 finished with value: -100000.0 and parameters: {'learning_rate': 1.0557264360966012e-05, 'n_steps': 35227, 'total_timesteps': 122565, 'gamma': 0.9667711819903354, 'gae_lambda': 0.9289596193191083, 'ent_coef': 0.06634735042529372, 'vf_coef': 0.16875602267378786, 'max_grad_norm': 0.27118786225436087, 'reward_scaling': 1.659967998668125e-05, 'hmax': 52155, 'sharpe_ratio_weight': 0.15658929292507776, 'loss_penalty_weight': 0.4799804813637042}. Best is trial 0 with value: -100000.0.
Trial 21 finished with value: -100000.0 and parameters: {'learning_rate': 0.0001362854868897501, 'n_steps': 8471, 'total_timesteps': 130811, 'gamma': 0.9421107708912132, 'gae_lambda': 0.9041749905985915, 'ent_coef': 0.0723861770365971, 'vf_coef': 0.20114254111935861, 'max_grad_norm': 0.1512572518780284, 'reward_scaling': 0.00017041023372228324, 'hmax': 30554, 'sharpe_ratio_weight': 0.13827633883206314, 'loss_penalty_weight': 0.4471047756288124}. Best is trial 0 with value: -100000.0.
Trial 22 finished with value: -100000.0 and parameters: {'learning_rate': 0.0001090763561073037, 'n_steps': 24536, 'total_timesteps': 122450, 'gamma': 0.937286540087064, 'gae_lambda': 0.8910969066579777, 'ent_coef': 0.06976761966740024, 'vf_coef': 0.24625779810739337, 'max_grad_norm': 0.17691166918685475, 'reward_scaling': 0.0003493646694009647, 'hmax': 38580, 'sharpe_ratio_weight': 0.13432700273079468, 'loss_penalty_weight': 0.46958171258077575}. Best is trial 0 with value: -100000.0.
Trial 23 finished with value: -100000.0 and parameters: {'learning_rate': 5.902396554695836e-05, 'n_steps': 9879, 'total_timesteps': 247378, 'gamma': 0.9253045440769979, 'gae_lambda': 0.9072580189654418, 'ent_coef': 0.08944482867074131, 'vf_coef': 0.14185247062269024, 'max_grad_norm': 0.1382867545818602, 'reward_scaling': 0.0009164538874275287, 'hmax': 44804, 'sharpe_ratio_weight': 0.10198111430152343, 'loss_penalty_weight': 0.5220991054408477}. Best is trial 0 with value: -100000.0.
Trial 24 finished with value: -100000.0 and parameters: {'learning_rate': 0.00023855252041678066, 'n_steps': 46303, 'total_timesteps': 365344, 'gamma': 0.9510724448588003, 'gae_lambda': 0.9180383651314177, 'ent_coef': 0.08186561848479505, 'vf_coef': 0.12634243446568838, 'max_grad_norm': 0.19986288717174336, 'reward_scaling': 0.00016912491103962266, 'hmax': 41586, 'sharpe_ratio_weight': 0.1619234465499237, 'loss_penalty_weight': 0.4298120527722183}. Best is trial 0 with value: -100000.0.
Trial 25 finished with value: -100000.0 and parameters: {'learning_rate': 8.410804421162317e-05, 'n_steps': 51827, 'total_timesteps': 158622, 'gamma': 0.9433059550307776, 'gae_lambda': 0.8952165447691249, 'ent_coef': 0.07343457870894166, 'vf_coef': 0.16018121980648214, 'max_grad_norm': 0.16623688067695547, 'reward_scaling': 4.153852915742933e-05, 'hmax': 46819, 'sharpe_ratio_weight': 0.17803820546891838, 'loss_penalty_weight': 0.4975806333715713}. Best is trial 0 with value: -100000.0.
Trial 26 finished with value: -100000.0 and parameters: {'learning_rate': 0.00013776377377004858, 'n_steps': 26539, 'total_timesteps': 238732, 'gamma': 0.9253233528093231, 'gae_lambda': 0.9049015021446083, 'ent_coef': 0.06956579922404307, 'vf_coef': 0.1469249334659698, 'max_grad_norm': 0.1297567030427894, 'reward_scaling': 7.509784918685525e-05, 'hmax': 36981, 'sharpe_ratio_weight': 0.12758546966047576, 'loss_penalty_weight': 0.4599467481304659}. Best is trial 0 with value: -100000.0.
Trial 27 finished with value: -100000.0 and parameters: {'learning_rate': 4.4064534049347155e-05, 'n_steps': 37358, 'total_timesteps': 487415, 'gamma': 0.9151768532367108, 'gae_lambda': 0.8850978548152988, 'ent_coef': 0.09312616463129123, 'vf_coef': 0.13350659110840504, 'max_grad_norm': 0.20085566550611364, 'reward_scaling': 2.993260835689156e-05, 'hmax': 59857, 'sharpe_ratio_weight': 0.1492867303657185, 'loss_penalty_weight': 0.49064837858113763}. Best is trial 0 with value: -100000.0.
Trial 28 finished with value: -100000.0 and parameters: {'learning_rate': 7.656466022507748e-05, 'n_steps': 20903, 'total_timesteps': 89670, 'gamma': 0.9528471922945685, 'gae_lambda': 0.9135985184364938, 'ent_coef': 0.08207334799392586, 'vf_coef': 0.17456071673571336, 'max_grad_norm': 0.16355605039687085, 'reward_scaling': 2.346960148101313e-05, 'hmax': 53453, 'sharpe_ratio_weight': 0.16201422981752156, 'loss_penalty_weight': 0.42721878038390115}. Best is trial 0 with value: -100000.0.
Trial 29 finished with value: -100000.0 and parameters: {'learning_rate': 0.0002851771962730784, 'n_steps': 32846, 'total_timesteps': 579118, 'gamma': 0.9880766646530055, 'gae_lambda': 0.9316868644167831, 'ent_coef': 0.0735893704524596, 'vf_coef': 0.11727635381607882, 'max_grad_norm': 0.1790651891917173, 'reward_scaling': 4.125992472945696e-05, 'hmax': 33622, 'sharpe_ratio_weight': 0.14086211377485985, 'loss_penalty_weight': 0.45913964267960594}. Best is trial 0 with value: -100000.0.
A new study created in memory with name: no-name-08839f71-68cc-46a3-b55e-c244a35c70f0
Trial 0 finished with value: -100000.0 and parameters: {'learning_rate': 0.00020370689684143662, 'n_steps': 45026, 'total_timesteps': 630607, 'gamma': 0.9598223139457382, 'gae_lambda': 0.9358624180830496, 'ent_coef': 0.07428617722946376, 'vf_coef': 0.11018482784181792, 'max_grad_norm': 0.2812602514220731, 'reward_scaling': 0.00010562586035549824, 'hmax': 59186, 'sharpe_ratio_weight': 0.13230787755487317, 'loss_penalty_weight': 0.6122083223423106}. Best is trial 0 with value: -100000.0.
Trial 1 finished with value: -100000.0 and parameters: {'learning_rate': 1.55018217316389e-05, 'n_steps': 33943, 'total_timesteps': 657380, 'gamma': 0.9104425594054671, 'gae_lambda': 0.8846604497634589, 'ent_coef': 0.07135200401483295, 'vf_coef': 0.2782793817183286, 'max_grad_norm': 0.18924306439053876, 'reward_scaling': 9.373384130877322e-05, 'hmax': 39873, 'sharpe_ratio_weight': 0.26816812114697863, 'loss_penalty_weight': 0.5839862265752829}. Best is trial 0 with value: -100000.0.
Trial 2 finished with value: -100000.0 and parameters: {'learning_rate': 9.974992293019886e-05, 'n_steps': 54302, 'total_timesteps': 379784, 'gamma': 0.9086028638633924, 'gae_lambda': 0.8551749466632456, 'ent_coef': 0.08076518075649607, 'vf_coef': 0.26401942356552066, 'max_grad_norm': 0.1430176746318186, 'reward_scaling': 7.63496099777547e-05, 'hmax': 57976, 'sharpe_ratio_weight': 0.16334975935191948, 'loss_penalty_weight': 0.7953283095064456}. Best is trial 0 with value: -100000.0.
Trial 3 finished with value: -100000.0 and parameters: {'learning_rate': 1.2283562794790067e-05, 'n_steps': 38282, 'total_timesteps': 492432, 'gamma': 0.9571056021747808, 'gae_lambda': 0.8706620231474778, 'ent_coef': 0.09108412381813841, 'vf_coef': 0.23352329156616086, 'max_grad_norm': 0.2078089493224589, 'reward_scaling': 0.0006043421599022626, 'hmax': 58037, 'sharpe_ratio_weight': 0.16259899823036644, 'loss_penalty_weight': 0.7127142869909693}. Best is trial 0 with value: -100000.0.
Trial 4 finished with value: -100000.0 and parameters: {'learning_rate': 0.0005216355961963806, 'n_steps': 34031, 'total_timesteps': 87306, 'gamma': 0.9927171114893297, 'gae_lambda': 0.946477098709885, 'ent_coef': 0.06337886917739298, 'vf_coef': 0.21741507128187632, 'max_grad_norm': 0.3457048974804752, 'reward_scaling': 1.6402225395357614e-05, 'hmax': 47975, 'sharpe_ratio_weight': 0.18018148189925523, 'loss_penalty_weight': 0.527862893615313}. Best is trial 0 with value: -100000.0.
Trial 5 finished with value: -100000.0 and parameters: {'learning_rate': 2.1763785643598824e-05, 'n_steps': 43513, 'total_timesteps': 494684, 'gamma': 0.9843783759494978, 'gae_lambda': 0.9127026696492603, 'ent_coef': 0.0902897681479058, 'vf_coef': 0.2675832428319226, 'max_grad_norm': 0.20723238702857597, 'reward_scaling': 0.00011580923584301393, 'hmax': 34186, 'sharpe_ratio_weight': 0.28300028656405474, 'loss_penalty_weight': 0.4245114201751534}. Best is trial 0 with value: -100000.0.
Trial 6 finished with value: -100000.0 and parameters: {'learning_rate': 1.551317823864238e-05, 'n_steps': 50100, 'total_timesteps': 591605, 'gamma': 0.9199073040884889, 'gae_lambda': 0.8511172519678917, 'ent_coef': 0.05521015083991789, 'vf_coef': 0.1038424628442192, 'max_grad_norm': 0.2697643625147391, 'reward_scaling': 0.0001262263501228274, 'hmax': 30517, 'sharpe_ratio_weight': 0.14949591803580672, 'loss_penalty_weight': 0.6433032816977159}. Best is trial 0 with value: -100000.0.
Trial 7 finished with value: -100000.0 and parameters: {'learning_rate': 1.0135987712494622e-05, 'n_steps': 59682, 'total_timesteps': 95814, 'gamma': 0.9188576489862764, 'gae_lambda': 0.8952777161107905, 'ent_coef': 0.09488669511676483, 'vf_coef': 0.27383610355519766, 'max_grad_norm': 0.18817505846861196, 'reward_scaling': 5.5260182073367406e-05, 'hmax': 41820, 'sharpe_ratio_weight': 0.10209363687990447, 'loss_penalty_weight': 0.711700943853566}. Best is trial 0 with value: -100000.0.
Trial 8 finished with value: -100000.0 and parameters: {'learning_rate': 2.822753004281602e-05, 'n_steps': 31626, 'total_timesteps': 376633, 'gamma': 0.9349095681303528, 'gae_lambda': 0.8941652610882038, 'ent_coef': 0.0651537903442515, 'vf_coef': 0.14559751050480657, 'max_grad_norm': 0.31685920433141185, 'reward_scaling': 0.0006873231722435621, 'hmax': 54547, 'sharpe_ratio_weight': 0.12899002867137224, 'loss_penalty_weight': 0.5207766968443783}. Best is trial 0 with value: -100000.0.
Trial 9 finished with value: -100000.0 and parameters: {'learning_rate': 1.4852827225802453e-05, 'n_steps': 33797, 'total_timesteps': 124679, 'gamma': 0.9568982115062168, 'gae_lambda': 0.8920327411866719, 'ent_coef': 0.0811700642384944, 'vf_coef': 0.15916198302299248, 'max_grad_norm': 0.29509451400546766, 'reward_scaling': 4.233139150149709e-05, 'hmax': 47111, 'sharpe_ratio_weight': 0.299003754886416, 'loss_penalty_weight': 0.6328144116969037}. Best is trial 0 with value: -100000.0.
Trial 10 finished with value: -100000.0 and parameters: {'learning_rate': 0.0005662572468524572, 'n_steps': 16131, 'total_timesteps': 282426, 'gamma': 0.9699882117217534, 'gae_lambda': 0.9441126488391922, 'ent_coef': 0.05236334524434816, 'vf_coef': 0.10119316513377694, 'max_grad_norm': 0.3989652502387035, 'reward_scaling': 0.00022703877063126279, 'hmax': 51491, 'sharpe_ratio_weight': 0.10330015436147923, 'loss_penalty_weight': 0.4790577509312975}. Best is trial 0 with value: -100000.0.
Trial 11 finished with value: -100000.0 and parameters: {'learning_rate': 6.5283458560926e-05, 'n_steps': 20457, 'total_timesteps': 676126, 'gamma': 0.9003045015696732, 'gae_lambda': 0.9193924496545798, 'ent_coef': 0.07275558358501041, 'vf_coef': 0.1889806532343435, 'max_grad_norm': 0.11920500417333622, 'reward_scaling': 0.00023026342297856084, 'hmax': 40634, 'sharpe_ratio_weight': 0.23792543384834838, 'loss_penalty_weight': 0.5996960453351976}. Best is trial 0 with value: -100000.0.
Trial 12 finished with value: -100000.0 and parameters: {'learning_rate': 0.000237174985288308, 'n_steps': 2300, 'total_timesteps': 683989, 'gamma': 0.9390575717443554, 'gae_lambda': 0.9272353095128407, 'ent_coef': 0.07220800114802935, 'vf_coef': 0.13621737608659548, 'max_grad_norm': 0.2438650250408694, 'reward_scaling': 3.1298682022220334e-05, 'hmax': 36870, 'sharpe_ratio_weight': 0.20400244738371923, 'loss_penalty_weight': 0.5721483541659707}. Best is trial 0 with value: -100000.0.
Trial 13 finished with value: -100000.0 and parameters: {'learning_rate': 4.514748543660493e-05, 'n_steps': 20277, 'total_timesteps': 555960, 'gamma': 0.941483584711709, 'gae_lambda': 0.8786681451615208, 'ent_coef': 0.06419070998552284, 'vf_coef': 0.12199204602200052, 'max_grad_norm': 0.17423939073190808, 'reward_scaling': 1.0973686358796837e-05, 'hmax': 42737, 'sharpe_ratio_weight': 0.22439712655441482, 'loss_penalty_weight': 0.5625118487956855}. Best is trial 0 with value: -100000.0.
Trial 14 finished with value: -100000.0 and parameters: {'learning_rate': 0.00018040190764130175, 'n_steps': 44980, 'total_timesteps': 595620, 'gamma': 0.9274435018045889, 'gae_lambda': 0.9307518365682561, 'ent_coef': 0.07780867887002843, 'vf_coef': 0.17857596267267736, 'max_grad_norm': 0.24124788996512175, 'reward_scaling': 2.599369927904778e-05, 'hmax': 50881, 'sharpe_ratio_weight': 0.1362929474400342, 'loss_penalty_weight': 0.6345082278497113}. Best is trial 0 with value: -100000.0.
Trial 15 finished with value: -100000.0 and parameters: {'learning_rate': 3.943918969977235e-05, 'n_steps': 24596, 'total_timesteps': 466321, 'gamma': 0.9507453805621394, 'gae_lambda': 0.9064229493480258, 'ent_coef': 0.06831897305742596, 'vf_coef': 0.20142867857525562, 'max_grad_norm': 0.152735381624766, 'reward_scaling': 6.931912664722137e-05, 'hmax': 36571, 'sharpe_ratio_weight': 0.190852833510811, 'loss_penalty_weight': 0.4896757672801999}. Best is trial 0 with value: -100000.0.
Trial 16 finished with value: -100000.0 and parameters: {'learning_rate': 8.676999805420061e-05, 'n_steps': 44070, 'total_timesteps': 254734, 'gamma': 0.9683902061355453, 'gae_lambda': 0.902898939766941, 'ent_coef': 0.0587408703602018, 'vf_coef': 0.1659115535574783, 'max_grad_norm': 0.24008678635950018, 'reward_scaling': 0.0001587779796261894, 'hmax': 45315, 'sharpe_ratio_weight': 0.2555526212923829, 'loss_penalty_weight': 0.5744864796049611}. Best is trial 0 with value: -100000.0.
Trial 17 finished with value: -100000.0 and parameters: {'learning_rate': 0.00016476233806573333, 'n_steps': 9883, 'total_timesteps': 642152, 'gamma': 0.9439468110976952, 'gae_lambda': 0.8832008608932278, 'ent_coef': 0.07545800017861319, 'vf_coef': 0.29038916729899344, 'max_grad_norm': 0.10123350319610104, 'reward_scaling': 7.22216863563504e-05, 'hmax': 59447, 'sharpe_ratio_weight': 0.2078598296106783, 'loss_penalty_weight': 0.6809070420651269}. Best is trial 0 with value: -100000.0.
Trial 18 finished with value: -100000.0 and parameters: {'learning_rate': 0.0009904436747514443, 'n_steps': 27266, 'total_timesteps': 541124, 'gamma': 0.9332721106196586, 'gae_lambda': 0.9126877581772945, 'ent_coef': 0.08327607891143618, 'vf_coef': 0.227051583549524, 'max_grad_norm': 0.2698598332872918, 'reward_scaling': 0.0003301644438438537, 'hmax': 54799, 'sharpe_ratio_weight': 0.24369730890118993, 'loss_penalty_weight': 0.59717358418022}. Best is trial 0 with value: -100000.0.
Trial 19 finished with value: -100000.0 and parameters: {'learning_rate': 5.003408216337684e-05, 'n_steps': 38816, 'total_timesteps': 620888, 'gamma': 0.923823049065528, 'gae_lambda': 0.9293972514725669, 'ent_coef': 0.07003179635270855, 'vf_coef': 0.11916554052797812, 'max_grad_norm': 0.21429507570020911, 'reward_scaling': 0.00011238621318060383, 'hmax': 39237, 'sharpe_ratio_weight': 0.2632189347886911, 'loss_penalty_weight': 0.5325911845057066}. Best is trial 0 with value: -100000.0.
Trial 20 finished with value: -100000.0 and parameters: {'learning_rate': 2.5702108445403687e-05, 'n_steps': 51816, 'total_timesteps': 443623, 'gamma': 0.9112923310693711, 'gae_lambda': 0.948980942702848, 'ent_coef': 0.08645549483536676, 'vf_coef': 0.2995470311726832, 'max_grad_norm': 0.16279505122112076, 'reward_scaling': 4.6094636806532876e-05, 'hmax': 30452, 'sharpe_ratio_weight': 0.21997273684057886, 'loss_penalty_weight': 0.4106511911024252}. Best is trial 0 with value: -100000.0.
Trial 21 finished with value: -100000.0 and parameters: {'learning_rate': 0.00010857839647821688, 'n_steps': 58442, 'total_timesteps': 262596, 'gamma': 0.9006504797182994, 'gae_lambda': 0.860866635981219, 'ent_coef': 0.07817734767784111, 'vf_coef': 0.2525677914679541, 'max_grad_norm': 0.13660955287940266, 'reward_scaling': 8.187568673001043e-05, 'hmax': 56683, 'sharpe_ratio_weight': 0.1752528433981343, 'loss_penalty_weight': 0.7989440431021944}. Best is trial 0 with value: -100000.0.
Trial 22 finished with value: -100000.0 and parameters: {'learning_rate': 9.923624005637908e-05, 'n_steps': 51156, 'total_timesteps': 396771, 'gamma': 0.9088341563859826, 'gae_lambda': 0.8655908700335563, 'ent_coef': 0.0997411973162729, 'vf_coef': 0.2445618089353614, 'max_grad_norm': 0.14691730635089775, 'reward_scaling': 7.708400425444647e-05, 'hmax': 51899, 'sharpe_ratio_weight': 0.1537954423345222, 'loss_penalty_weight': 0.764100074946637}. Best is trial 0 with value: -100000.0.
Trial 23 finished with value: -100000.0 and parameters: {'learning_rate': 6.754429957088566e-05, 'n_steps': 55481, 'total_timesteps': 207954, 'gamma': 0.9124483010339988, 'gae_lambda': 0.8865400098144779, 'ent_coef': 0.07547883061453331, 'vf_coef': 0.20335146896852785, 'max_grad_norm': 0.18015269706131334, 'reward_scaling': 0.00015912206240496782, 'hmax': 55927, 'sharpe_ratio_weight': 0.18306984662436607, 'loss_penalty_weight': 0.755836310607053}. Best is trial 0 with value: -100000.0.
Trial 24 finished with value: -100000.0 and parameters: {'learning_rate': 3.223299878609579e-05, 'n_steps': 39644, 'total_timesteps': 697154, 'gamma': 0.9273845564233505, 'gae_lambda': 0.8743286717558238, 'ent_coef': 0.08273653134035139, 'vf_coef': 0.2546606786831179, 'max_grad_norm': 0.18346631693970697, 'reward_scaling': 9.716265298769899e-05, 'hmax': 59188, 'sharpe_ratio_weight': 0.16533378234741966, 'loss_penalty_weight': 0.677711555251736}. Best is trial 0 with value: -100000.0.
Trial 25 finished with value: -100000.0 and parameters: {'learning_rate': 2.3258604377864117e-05, 'n_steps': 46967, 'total_timesteps': 323879, 'gamma': 0.91613135364587, 'gae_lambda': 0.8511886814875976, 'ent_coef': 0.0682407168988433, 'vf_coef': 0.22155488404372292, 'max_grad_norm': 0.13832408607377716, 'reward_scaling': 5.676720283070745e-05, 'hmax': 53357, 'sharpe_ratio_weight': 0.13466521286828947, 'loss_penalty_weight': 0.7937259930444234}. Best is trial 0 with value: -100000.0.
Trial 26 finished with value: -100000.0 and parameters: {'learning_rate': 1.8655033083797326e-05, 'n_steps': 54718, 'total_timesteps': 537618, 'gamma': 0.9080130846549714, 'gae_lambda': 0.8867181598250841, 'ent_coef': 0.07470106957183575, 'vf_coef': 0.1802634420357726, 'max_grad_norm': 0.165917937351025, 'reward_scaling': 3.729739335354284e-05, 'hmax': 43580, 'sharpe_ratio_weight': 0.1974167948911824, 'loss_penalty_weight': 0.7359914224492479}. Best is trial 0 with value: -100000.0.
Trial 27 finished with value: -100000.0 and parameters: {'learning_rate': 3.594933108504382e-05, 'n_steps': 36464, 'total_timesteps': 172059, 'gamma': 0.9298481943665712, 'gae_lambda': 0.8614248871509537, 'ent_coef': 0.07938359918951238, 'vf_coef': 0.2725388430310583, 'max_grad_norm': 0.1984744152089811, 'reward_scaling': 2.609270406221009e-05, 'hmax': 48977, 'sharpe_ratio_weight': 0.21634090451812132, 'loss_penalty_weight': 0.6657336145205036}. Best is trial 0 with value: -100000.0.
