Trial 16 finished with value: -100000.0 and parameters: {'learning_rate': 0.000412755852693679, 'n_steps': 50469, 'total_timesteps': 694462, 'gamma': 0.9793552691711326, 'gae_lambda': 0.8754405262348146, 'ent_coef': 0.057323006865967904, 'vf_coef': 0.15384711483017993, 'max_grad_norm': 0.23698593755186378, 'reward_scaling': 0.0002602060876782432, 'hmax': 58521, 'sharpe_ratio_weight': 0.11619374745363477, 'loss_penalty_weight': 0.6881625487597506}. Best is trial 0 with value: -100000.0.
Trial 17 finished with value: -100000.0 and parameters: {'learning_rate': 0.0009542354459363268, 'n_steps': 27927, 'total_timesteps': 169039, 'gamma': 0.9621064663494932, 'gae_lambda': 0.9499587828461517, 'ent_coef': 0.0636623909942751, 'vf_coef': 0.12121085923025829, 'max_grad_norm': 0.27726234885589657, 'reward_scaling': 0.00015158725071094377, 'hmax': 49502, 'sharpe_ratio_weight': 0.1101522307349475, 'loss_penalty_weight': 0.5820530586676138}. Best is trial 0 with value: -100000.0.
Trial 18 finished with value: -100000.0 and parameters: {'learning_rate': 0.0001176368171822855, 'n_steps': 14295, 'total_timesteps': 552718, 'gamma': 0.9826059289962312, 'gae_lambda': 0.8941875256503901, 'ent_coef': 0.07074751318822732, 'vf_coef': 0.13689768716062747, 'max_grad_norm': 0.3932746403825059, 'reward_scaling': 0.00034827869523398647, 'hmax': 37194, 'sharpe_ratio_weight': 0.13813306908133735, 'loss_penalty_weight': 0.6804251772608997}. Best is trial 0 with value: -100000.0.
Trial 19 finished with value: -100000.0 and parameters: {'learning_rate': 2.2064232630502017e-05, 'n_steps': 59208, 'total_timesteps': 406687, 'gamma': 0.9982209394149569, 'gae_lambda': 0.8786028625732321, 'ent_coef': 0.05004905085147764, 'vf_coef': 0.10191520442730657, 'max_grad_norm': 0.1796023028583635, 'reward_scaling': 0.0005797605824053476, 'hmax': 43424, 'sharpe_ratio_weight': 0.12057012721301258, 'loss_penalty_weight': 0.5199488618756967}. Best is trial 0 with value: -100000.0.
Trial 20 finished with value: -100000.0 and parameters: {'learning_rate': 0.00046148291548018736, 'n_steps': 39520, 'total_timesteps': 118904, 'gamma': 0.9812870657579624, 'gae_lambda': 0.9071578990591289, 'ent_coef': 0.05450740518359262, 'vf_coef': 0.11674385380061417, 'max_grad_norm': 0.13235243264989338, 'reward_scaling': 0.000292299050438567, 'hmax': 30494, 'sharpe_ratio_weight': 0.10918206271006546, 'loss_penalty_weight': 0.7671486518169719}. Best is trial 0 with value: -100000.0.
Trial 21 finished with value: -100000.0 and parameters: {'learning_rate': 0.0009712678354258782, 'n_steps': 47461, 'total_timesteps': 208845, 'gamma': 0.9396221449525778, 'gae_lambda': 0.9139222381089476, 'ent_coef': 0.07434552887013948, 'vf_coef': 0.2235610003232708, 'max_grad_norm': 0.14062577605413035, 'reward_scaling': 7.10900288223015e-05, 'hmax': 39260, 'sharpe_ratio_weight': 0.15050777454413114, 'loss_penalty_weight': 0.5276712731845895}. Best is trial 0 with value: -100000.0.
Trial 22 finished with value: -100000.0 and parameters: {'learning_rate': 0.0006540698247978908, 'n_steps': 44578, 'total_timesteps': 238292, 'gamma': 0.9405417022700023, 'gae_lambda': 0.8940425117869655, 'ent_coef': 0.06111957322944791, 'vf_coef': 0.2849291440114119, 'max_grad_norm': 0.14207215642365356, 'reward_scaling': 0.00013081956983624623, 'hmax': 41158, 'sharpe_ratio_weight': 0.14753349740350422, 'loss_penalty_weight': 0.6215822890360149}. Best is trial 0 with value: -100000.0.
Trial 23 finished with value: -100000.0 and parameters: {'learning_rate': 0.0006429202232353993, 'n_steps': 29486, 'total_timesteps': 144992, 'gamma': 0.9285242335359827, 'gae_lambda': 0.8912689832429277, 'ent_coef': 0.056127544428510937, 'vf_coef': 0.1724028183166116, 'max_grad_norm': 0.11871612725917753, 'reward_scaling': 0.0009849948920952643, 'hmax': 36723, 'sharpe_ratio_weight': 0.12576951960491414, 'loss_penalty_weight': 0.5316836204191027}. Best is trial 0 with value: -100000.0.
Trial 24 finished with value: -100000.0 and parameters: {'learning_rate': 0.00025643102065727873, 'n_steps': 51652, 'total_timesteps': 95543, 'gamma': 0.9512498222409987, 'gae_lambda': 0.8584553788506708, 'ent_coef': 0.07841183271393243, 'vf_coef': 0.22072018521396178, 'max_grad_norm': 0.1489543580487615, 'reward_scaling': 0.00019311735155827322, 'hmax': 46732, 'sharpe_ratio_weight': 0.1659889416099552, 'loss_penalty_weight': 0.6023094394153572}. Best is trial 0 with value: -100000.0.
Trial 25 finished with value: -100000.0 and parameters: {'learning_rate': 0.0003871370860185785, 'n_steps': 37652, 'total_timesteps': 229019, 'gamma': 0.9630327015493936, 'gae_lambda': 0.8740196632036998, 'ent_coef': 0.06547516927980475, 'vf_coef': 0.1599858012199917, 'max_grad_norm': 0.185645237676154, 'reward_scaling': 0.0005418690668172415, 'hmax': 33042, 'sharpe_ratio_weight': 0.13727718795056648, 'loss_penalty_weight': 0.5626582067339869}. Best is trial 0 with value: -100000.0.
Trial 26 finished with value: -100000.0 and parameters: {'learning_rate': 0.00017777977375906404, 'n_steps': 44154, 'total_timesteps': 426798, 'gamma': 0.9563788020962332, 'gae_lambda': 0.871411367781552, 'ent_coef': 0.05879030211514924, 'vf_coef': 0.1433546538341806, 'max_grad_norm': 0.1256514870996223, 'reward_scaling': 6.077479177263492e-05, 'hmax': 43355, 'sharpe_ratio_weight': 0.10840923261015109, 'loss_penalty_weight': 0.5014622815549694}. Best is trial 0 with value: -100000.0.
Trial 27 finished with value: -100000.0 and parameters: {'learning_rate': 0.0007194571768937184, 'n_steps': 31998, 'total_timesteps': 341548, 'gamma': 0.9460248428246342, 'gae_lambda': 0.8821087224084424, 'ent_coef': 0.06188734472904821, 'vf_coef': 0.12990005908962676, 'max_grad_norm': 0.15093728311465987, 'reward_scaling': 2.5920875353706928e-05, 'hmax': 39982, 'sharpe_ratio_weight': 0.1803944064561358, 'loss_penalty_weight': 0.47451571633534656}. Best is trial 0 with value: -100000.0.
Trial 28 finished with value: -100000.0 and parameters: {'learning_rate': 0.0005401605664518328, 'n_steps': 25008, 'total_timesteps': 253842, 'gamma': 0.9656328122015986, 'gae_lambda': 0.8591756322806382, 'ent_coef': 0.052370051919045556, 'vf_coef': 0.1181883067894644, 'max_grad_norm': 0.21202191084293825, 'reward_scaling': 0.00010594290376352005, 'hmax': 48121, 'sharpe_ratio_weight': 0.15569691323434037, 'loss_penalty_weight': 0.547553192286769}. Best is trial 0 with value: -100000.0.
Trial 29 finished with value: -100000.0 and parameters: {'learning_rate': 0.0001830072098254734, 'n_steps': 17642, 'total_timesteps': 123077, 'gamma': 0.9548258366618008, 'gae_lambda': 0.870497950294579, 'ent_coef': 0.0887916620097518, 'vf_coef': 0.18209365804718955, 'max_grad_norm': 0.17269548220703357, 'reward_scaling': 0.0001965619284805116, 'hmax': 51831, 'sharpe_ratio_weight': 0.1893898619305121, 'loss_penalty_weight': 0.49523345034958666}. Best is trial 0 with value: -100000.0.
A new study created in memory with name: no-name-ea76982b-d839-40f3-bee5-cadd2bb828d3
Trial 0 finished with value: -100000.0 and parameters: {'learning_rate': 7.317396737580099e-05, 'n_steps': 43943, 'total_timesteps': 344756, 'gamma': 0.9693663544779744, 'gae_lambda': 0.918411298488323, 'ent_coef': 0.0548059406578398, 'vf_coef': 0.26048113876796053, 'max_grad_norm': 0.17617348758853962, 'reward_scaling': 0.000797495577676861, 'hmax': 54502, 'sharpe_ratio_weight': 0.23824809289316579, 'loss_penalty_weight': 0.6215321663981223}. Best is trial 0 with value: -100000.0.
Trial 1 finished with value: -100000.0 and parameters: {'learning_rate': 0.0004398030572992927, 'n_steps': 23569, 'total_timesteps': 630648, 'gamma': 0.9814084013767523, 'gae_lambda': 0.8728495373461835, 'ent_coef': 0.05415309719479569, 'vf_coef': 0.16845929325604345, 'max_grad_norm': 0.25947439231282965, 'reward_scaling': 0.0004643525461722253, 'hmax': 31778, 'sharpe_ratio_weight': 0.11789797622430888, 'loss_penalty_weight': 0.5738544014707955}. Best is trial 0 with value: -100000.0.
Trial 2 finished with value: -100000.0 and parameters: {'learning_rate': 1.0814523705355783e-05, 'n_steps': 53754, 'total_timesteps': 604132, 'gamma': 0.917847999895554, 'gae_lambda': 0.9082471555282143, 'ent_coef': 0.08942436805173694, 'vf_coef': 0.245561699831749, 'max_grad_norm': 0.21537400036773185, 'reward_scaling': 0.00023449872875882865, 'hmax': 40750, 'sharpe_ratio_weight': 0.14864626878117096, 'loss_penalty_weight': 0.4192934150514901}. Best is trial 0 with value: -100000.0.
Trial 3 finished with value: -100000.0 and parameters: {'learning_rate': 0.00022220909627492175, 'n_steps': 36432, 'total_timesteps': 692847, 'gamma': 0.9852795298969503, 'gae_lambda': 0.9404952781209092, 'ent_coef': 0.08202600262216829, 'vf_coef': 0.2061714802759876, 'max_grad_norm': 0.21842389533639356, 'reward_scaling': 0.00014809734043035418, 'hmax': 32961, 'sharpe_ratio_weight': 0.1142036394728493, 'loss_penalty_weight': 0.6698312168964016}. Best is trial 0 with value: -100000.0.
Trial 4 finished with value: -100000.0 and parameters: {'learning_rate': 0.0003960177847746315, 'n_steps': 7470, 'total_timesteps': 314709, 'gamma': 0.901345711753701, 'gae_lambda': 0.8806400741741324, 'ent_coef': 0.07950301702378294, 'vf_coef': 0.12751550511854673, 'max_grad_norm': 0.10196198951833381, 'reward_scaling': 7.962624580367087e-05, 'hmax': 47149, 'sharpe_ratio_weight': 0.1693837830990853, 'loss_penalty_weight': 0.7428258740538736}. Best is trial 0 with value: -100000.0.
Trial 5 finished with value: -100000.0 and parameters: {'learning_rate': 0.0001368989218059387, 'n_steps': 33665, 'total_timesteps': 137368, 'gamma': 0.9183929802988883, 'gae_lambda': 0.890379954858735, 'ent_coef': 0.06207914282889055, 'vf_coef': 0.10379270566325377, 'max_grad_norm': 0.3490168437217515, 'reward_scaling': 0.0005761611717102791, 'hmax': 32073, 'sharpe_ratio_weight': 0.10023463159153741, 'loss_penalty_weight': 0.7370229477556259}. Best is trial 0 with value: -100000.0.
Trial 6 finished with value: -100000.0 and parameters: {'learning_rate': 0.0003774943007892763, 'n_steps': 31900, 'total_timesteps': 315267, 'gamma': 0.9501617737414961, 'gae_lambda': 0.9467064364348947, 'ent_coef': 0.07358441720154707, 'vf_coef': 0.16871352785738192, 'max_grad_norm': 0.10920074208391634, 'reward_scaling': 0.0006843841553584696, 'hmax': 47664, 'sharpe_ratio_weight': 0.2416888207671508, 'loss_penalty_weight': 0.5259865874067952}. Best is trial 0 with value: -100000.0.
Trial 7 finished with value: -100000.0 and parameters: {'learning_rate': 0.00022117996536555914, 'n_steps': 55547, 'total_timesteps': 230720, 'gamma': 0.9367600594283092, 'gae_lambda': 0.901041026092174, 'ent_coef': 0.05871759971257444, 'vf_coef': 0.18335228712619675, 'max_grad_norm': 0.10740423331802673, 'reward_scaling': 7.790541355284162e-05, 'hmax': 34849, 'sharpe_ratio_weight': 0.13312913894960385, 'loss_penalty_weight': 0.40261578783595253}. Best is trial 0 with value: -100000.0.
Trial 8 finished with value: -100000.0 and parameters: {'learning_rate': 0.00022450143678853072, 'n_steps': 12924, 'total_timesteps': 222510, 'gamma': 0.9672143657277987, 'gae_lambda': 0.9143452651248988, 'ent_coef': 0.05969050169926942, 'vf_coef': 0.18363629336992818, 'max_grad_norm': 0.12410510690793893, 'reward_scaling': 1.471085084390122e-05, 'hmax': 45383, 'sharpe_ratio_weight': 0.13289519702040148, 'loss_penalty_weight': 0.4387366266113624}. Best is trial 0 with value: -100000.0.
Trial 9 finished with value: -100000.0 and parameters: {'learning_rate': 1.4712354576567303e-05, 'n_steps': 13196, 'total_timesteps': 421243, 'gamma': 0.9639618270614128, 'gae_lambda': 0.8705234541802361, 'ent_coef': 0.050156965488156645, 'vf_coef': 0.12899267882229173, 'max_grad_norm': 0.1871898212460354, 'reward_scaling': 7.690011973749359e-05, 'hmax': 38708, 'sharpe_ratio_weight': 0.21776160741387915, 'loss_penalty_weight': 0.4143026293342863}. Best is trial 0 with value: -100000.0.
Trial 10 finished with value: -100000.0 and parameters: {'learning_rate': 4.4806460361337014e-05, 'n_steps': 42153, 'total_timesteps': 483769, 'gamma': 0.995930828298535, 'gae_lambda': 0.8524859611607872, 'ent_coef': 0.06558518919761169, 'vf_coef': 0.28635486454411174, 'max_grad_norm': 0.15219706053144294, 'reward_scaling': 0.0008608034354586604, 'hmax': 57202, 'sharpe_ratio_weight': 0.26799269409022, 'loss_penalty_weight': 0.6159751279219081}. Best is trial 0 with value: -100000.0.
Trial 11 finished with value: -100000.0 and parameters: {'learning_rate': 0.0009895551052550603, 'n_steps': 22225, 'total_timesteps': 520013, 'gamma': 0.9785225708706519, 'gae_lambda': 0.9216537005916806, 'ent_coef': 0.050622110184571606, 'vf_coef': 0.2997831327990809, 'max_grad_norm': 0.27087352727377306, 'reward_scaling': 0.0003541615219811738, 'hmax': 55695, 'sharpe_ratio_weight': 0.19515405607261313, 'loss_penalty_weight': 0.5529817489082358}. Best is trial 0 with value: -100000.0.
Trial 12 finished with value: -100000.0 and parameters: {'learning_rate': 7.7336757920715e-05, 'n_steps': 46774, 'total_timesteps': 695196, 'gamma': 0.9983167333203086, 'gae_lambda': 0.9268784473144299, 'ent_coef': 0.053373119881736764, 'vf_coef': 0.2341672080332713, 'max_grad_norm': 0.29538314029710566, 'reward_scaling': 0.0009026665286841953, 'hmax': 51770, 'sharpe_ratio_weight': 0.28328171700661675, 'loss_penalty_weight': 0.5980746469307455}. Best is trial 0 with value: -100000.0.
Trial 13 finished with value: -100000.0 and parameters: {'learning_rate': 5.636097141182889e-05, 'n_steps': 23804, 'total_timesteps': 398884, 'gamma': 0.9714356609760008, 'gae_lambda': 0.891089249193513, 'ent_coef': 0.055628039817042715, 'vf_coef': 0.1647225531600015, 'max_grad_norm': 0.1720156126260361, 'reward_scaling': 0.00037803061601581785, 'hmax': 51756, 'sharpe_ratio_weight': 0.20054291247338138, 'loss_penalty_weight': 0.5153787943016164}. Best is trial 0 with value: -100000.0.
Trial 14 finished with value: -100000.0 and parameters: {'learning_rate': 2.9483164542607586e-05, 'n_steps': 22031, 'total_timesteps': 51164, 'gamma': 0.9587333949993778, 'gae_lambda': 0.8697350407398208, 'ent_coef': 0.06736221601839582, 'vf_coef': 0.23602086448062928, 'max_grad_norm': 0.3973840415121374, 'reward_scaling': 0.000415937973391764, 'hmax': 41189, 'sharpe_ratio_weight': 0.16875175875191561, 'loss_penalty_weight': 0.6522647458838228}. Best is trial 0 with value: -100000.0.
Trial 15 finished with value: -100000.0 and parameters: {'learning_rate': 0.0001077938075204391, 'n_steps': 45732, 'total_timesteps': 552538, 'gamma': 0.9806102995639595, 'gae_lambda': 0.9022363630202257, 'ent_coef': 0.05592363743661189, 'vf_coef': 0.2055269068292991, 'max_grad_norm': 0.2426596986662429, 'reward_scaling': 0.0009588718184364543, 'hmax': 59288, 'sharpe_ratio_weight': 0.2973110128156599, 'loss_penalty_weight': 0.48218275357041335}. Best is trial 0 with value: -100000.0.
Trial 16 finished with value: -100000.0 and parameters: {'learning_rate': 3.206131942250806e-05, 'n_steps': 59619, 'total_timesteps': 314588, 'gamma': 0.9873057701046005, 'gae_lambda': 0.9328408017247921, 'ent_coef': 0.0629933603188302, 'vf_coef': 0.14900754720233952, 'max_grad_norm': 0.16304457700234928, 'reward_scaling': 0.00024112283018384073, 'hmax': 50201, 'sharpe_ratio_weight': 0.22981670890973618, 'loss_penalty_weight': 0.5708312899200231}. Best is trial 0 with value: -100000.0.
Trial 17 finished with value: -100000.0 and parameters: {'learning_rate': 8.00973616085276e-05, 'n_steps': 26983, 'total_timesteps': 618477, 'gamma': 0.9736166610008217, 'gae_lambda': 0.9143074098601018, 'ent_coef': 0.05783154386375491, 'vf_coef': 0.2586677159503149, 'max_grad_norm': 0.2006963644004444, 'reward_scaling': 0.0006725431976252587, 'hmax': 37418, 'sharpe_ratio_weight': 0.1861269032225992, 'loss_penalty_weight': 0.670182124037371}. Best is trial 0 with value: -100000.0.
Trial 18 finished with value: -100000.0 and parameters: {'learning_rate': 0.0009503719287250448, 'n_steps': 39310, 'total_timesteps': 455994, 'gamma': 0.9559142868768039, 'gae_lambda': 0.9345747655234945, 'ent_coef': 0.05404483455360178, 'vf_coef': 0.21410319741131356, 'max_grad_norm': 0.23356426692818796, 'reward_scaling': 0.0004822201200594102, 'hmax': 42904, 'sharpe_ratio_weight': 0.2559024207516992, 'loss_penalty_weight': 0.6196638190139676}. Best is trial 0 with value: -100000.0.
Trial 19 finished with value: -100000.0 and parameters: {'learning_rate': 0.00013434000723454845, 'n_steps': 17250, 'total_timesteps': 228357, 'gamma': 0.9676379686701777, 'gae_lambda': 0.9489327828975432, 'ent_coef': 0.09951927106153775, 'vf_coef': 0.2668132390334532, 'max_grad_norm': 0.1425706224974346, 'reward_scaling': 0.0009955404871836537, 'hmax': 54109, 'sharpe_ratio_weight': 0.2152347524794054, 'loss_penalty_weight': 0.5687290762922772}. Best is trial 0 with value: -100000.0.
Trial 20 finished with value: -100000.0 and parameters: {'learning_rate': 0.0005662812581362196, 'n_steps': 49806, 'total_timesteps': 363215, 'gamma': 0.9881860450123623, 'gae_lambda': 0.9222354234726364, 'ent_coef': 0.06998851422321843, 'vf_coef': 0.2227273628576111, 'max_grad_norm': 0.18356927144523086, 'reward_scaling': 0.00026508344269171683, 'hmax': 30115, 'sharpe_ratio_weight': 0.25149605082117377, 'loss_penalty_weight': 0.48269985673371674}. Best is trial 0 with value: -100000.0.
Trial 21 finished with value: -100000.0 and parameters: {'learning_rate': 1.6673480671826595e-05, 'n_steps': 52304, 'total_timesteps': 604415, 'gamma': 0.9409671230296405, 'gae_lambda': 0.9052676432542923, 'ent_coef': 0.06120799111825728, 'vf_coef': 0.2545620892777565, 'max_grad_norm': 0.21106881813781259, 'reward_scaling': 0.00025134453294337603, 'hmax': 38994, 'sharpe_ratio_weight': 0.14982437592135833, 'loss_penalty_weight': 0.44190083796113017}. Best is trial 0 with value: -100000.0.
Trial 22 finished with value: -100000.0 and parameters: {'learning_rate': 1.2150521220237784e-05, 'n_steps': 42293, 'total_timesteps': 610046, 'gamma': 0.9287214437866129, 'gae_lambda': 0.9126945519591951, 'ent_coef': 0.05241643823059474, 'vf_coef': 0.27502266433417444, 'max_grad_norm': 0.2508456148861417, 'reward_scaling': 0.000522827472090434, 'hmax': 35993, 'sharpe_ratio_weight': 0.1537204052206689, 'loss_penalty_weight': 0.5447101957117917}. Best is trial 0 with value: -100000.0.
Trial 23 finished with value: -100000.0 and parameters: {'learning_rate': 1.0112746822298792e-05, 'n_steps': 58127, 'total_timesteps': 557870, 'gamma': 0.9555657030338207, 'gae_lambda': 0.8933227194001593, 'ent_coef': 0.05646405901596857, 'vf_coef': 0.24340973024996235, 'max_grad_norm': 0.19937016933486984, 'reward_scaling': 0.00017402834565614868, 'hmax': 41889, 'sharpe_ratio_weight': 0.12755794330324816, 'loss_penalty_weight': 0.5063609756287243}. Best is trial 0 with value: -100000.0.
Trial 24 finished with value: -100000.0 and parameters: {'learning_rate': 2.5476078597106157e-05, 'n_steps': 27724, 'total_timesteps': 653400, 'gamma': 0.9756272985506378, 'gae_lambda': 0.9077306826596063, 'ent_coef': 0.05003387789853983, 'vf_coef': 0.19441885321556196, 'max_grad_norm': 0.28346455017121724, 'reward_scaling': 0.0005753404283329151, 'hmax': 43660, 'sharpe_ratio_weight': 0.14975411729977559, 'loss_penalty_weight': 0.5918759999435678}. Best is trial 0 with value: -100000.0.
Trial 25 finished with value: -100000.0 and parameters: {'learning_rate': 4.939737529248804e-05, 'n_steps': 53330, 'total_timesteps': 502502, 'gamma': 0.9452044490468412, 'gae_lambda': 0.9200048401970726, 'ent_coef': 0.053389415668517626, 'vf_coef': 0.2251565215917939, 'max_grad_norm': 0.2329181431136106, 'reward_scaling': 0.00037942484776905456, 'hmax': 48837, 'sharpe_ratio_weight': 0.18259755990987336, 'loss_penalty_weight': 0.5426753232954937}. Best is trial 0 with value: -100000.0.
Trial 26 finished with value: -100000.0 and parameters: {'learning_rate': 2.0117620812049863e-05, 'n_steps': 48656, 'total_timesteps': 556213, 'gamma': 0.9623994480480412, 'gae_lambda': 0.898270990539779, 'ent_coef': 0.05779411323204715, 'vf_coef': 0.27913127066416626, 'max_grad_norm': 0.18313216833268886, 'reward_scaling': 0.00027952472652944947, 'hmax': 30106, 'sharpe_ratio_weight': 0.11644375045763661, 'loss_penalty_weight': 0.48133129109279094}. Best is trial 0 with value: -100000.0.
Trial 27 finished with value: -100000.0 and parameters: {'learning_rate': 3.410057791607978e-05, 'n_steps': 3938, 'total_timesteps': 438312, 'gamma': 0.9527503812358021, 'gae_lambda': 0.8836367361049264, 'ent_coef': 0.06533591641144883, 'vf_coef': 0.2524604492068982, 'max_grad_norm': 0.2142707241547897, 'reward_scaling': 0.0001678145350268198, 'hmax': 45571, 'sharpe_ratio_weight': 0.15830988433788762, 'loss_penalty_weight': 0.7845984199311421}. Best is trial 0 with value: -100000.0.
Trial 28 finished with value: -100000.0 and parameters: {'learning_rate': 1.9670397444268434e-05, 'n_steps': 36772, 'total_timesteps': 637687, 'gamma': 0.9674601409104981, 'gae_lambda': 0.9084043957521694, 'ent_coef': 0.05968471837062623, 'vf_coef': 0.22148548885820893, 'max_grad_norm': 0.26396062521067765, 'reward_scaling': 0.0006946572845353522, 'hmax': 40127, 'sharpe_ratio_weight': 0.2089505489392456, 'loss_penalty_weight': 0.5770939190435345}. Best is trial 0 with value: -100000.0.
Trial 29 finished with value: -100000.0 and parameters: {'learning_rate': 1.0051746012431282e-05, 'n_steps': 44560, 'total_timesteps': 671292, 'gamma': 0.9826378118575683, 'gae_lambda': 0.9356073069618482, 'ent_coef': 0.09328379337601292, 'vf_coef': 0.20759239515487618, 'max_grad_norm': 0.2203125609743502, 'reward_scaling': 0.0004634383832942869, 'hmax': 35726, 'sharpe_ratio_weight': 0.14037365805405946, 'loss_penalty_weight': 0.6309230382044919}. Best is trial 0 with value: -100000.0.
A new study created in memory with name: no-name-c2e82d08-d43a-4858-b0eb-6a0fad807f1b
