Trial 8 finished with value: -100000.0 and parameters: {'learning_rate': 0.00010092098957592045, 'n_steps': 30706, 'total_timesteps': 543100, 'gamma': 0.9105353176769149, 'gae_lambda': 0.9150904535892358, 'ent_coef': 0.0839762412469639, 'vf_coef': 0.21901582162009248, 'max_grad_norm': 0.1439661236528447, 'reward_scaling': 3.355218481485667e-05, 'hmax': 45302, 'sharpe_ratio_weight': 0.11733089736058384, 'loss_penalty_weight': 0.555125106862358}. Best is trial 0 with value: -100000.0.
Trial 9 finished with value: -100000.0 and parameters: {'learning_rate': 9.99510474530131e-05, 'n_steps': 30423, 'total_timesteps': 405998, 'gamma': 0.9352492350674901, 'gae_lambda': 0.8674162491204461, 'ent_coef': 0.07312109911526662, 'vf_coef': 0.1529027626812029, 'max_grad_norm': 0.2705271060517386, 'reward_scaling': 3.725259695872197e-05, 'hmax': 42498, 'sharpe_ratio_weight': 0.2436270839897019, 'loss_penalty_weight': 0.6915687674617881}. Best is trial 0 with value: -100000.0.
Trial 10 finished with value: -100000.0 and parameters: {'learning_rate': 3.396997446095648e-05, 'n_steps': 58709, 'total_timesteps': 76823, 'gamma': 0.9595767391434679, 'gae_lambda': 0.886161298055772, 'ent_coef': 0.08579001519343353, 'vf_coef': 0.13361523887220286, 'max_grad_norm': 0.3512465588433433, 'reward_scaling': 1.0248929964836318e-05, 'hmax': 36745, 'sharpe_ratio_weight': 0.2785901317937704, 'loss_penalty_weight': 0.49706430574212646}. Best is trial 0 with value: -100000.0.
Trial 11 finished with value: -100000.0 and parameters: {'learning_rate': 1.1572467688734808e-05, 'n_steps': 57270, 'total_timesteps': 227421, 'gamma': 0.9717140817753281, 'gae_lambda': 0.905333891088188, 'ent_coef': 0.09416017057616967, 'vf_coef': 0.10546310286391886, 'max_grad_norm': 0.14343277682282543, 'reward_scaling': 0.00018326068905142177, 'hmax': 49428, 'sharpe_ratio_weight': 0.2118339809504552, 'loss_penalty_weight': 0.40709165912293455}. Best is trial 0 with value: -100000.0.
Trial 12 finished with value: -100000.0 and parameters: {'learning_rate': 1.0316037357670484e-05, 'n_steps': 46761, 'total_timesteps': 181336, 'gamma': 0.9954618281469424, 'gae_lambda': 0.9244158166480004, 'ent_coef': 0.0874610397652214, 'vf_coef': 0.13021335499502, 'max_grad_norm': 0.20126719879041644, 'reward_scaling': 0.00035552109631480176, 'hmax': 38473, 'sharpe_ratio_weight': 0.15352695341220637, 'loss_penalty_weight': 0.48871292372559716}. Best is trial 0 with value: -100000.0.
Trial 13 finished with value: -100000.0 and parameters: {'learning_rate': 3.1975458567129023e-05, 'n_steps': 47837, 'total_timesteps': 519026, 'gamma': 0.9739526082066676, 'gae_lambda': 0.8912721866863573, 'ent_coef': 0.09226346971431583, 'vf_coef': 0.126191839412959, 'max_grad_norm': 0.1087649722767003, 'reward_scaling': 0.00010484940106522968, 'hmax': 48541, 'sharpe_ratio_weight': 0.28669834870776406, 'loss_penalty_weight': 0.40033920005781787}. Best is trial 0 with value: -100000.0.
Trial 14 finished with value: -100000.0 and parameters: {'learning_rate': 2.6770198991229754e-05, 'n_steps': 49386, 'total_timesteps': 370167, 'gamma': 0.9545952432314926, 'gae_lambda': 0.8509656553542267, 'ent_coef': 0.09864369148761222, 'vf_coef': 0.12677716124686705, 'max_grad_norm': 0.1484160691704672, 'reward_scaling': 0.0006157473325861217, 'hmax': 59829, 'sharpe_ratio_weight': 0.2166982779969005, 'loss_penalty_weight': 0.5921891191427583}. Best is trial 0 with value: -100000.0.
Trial 15 finished with value: -100000.0 and parameters: {'learning_rate': 5.868340003216996e-05, 'n_steps': 41501, 'total_timesteps': 482792, 'gamma': 0.9675510902989019, 'gae_lambda': 0.8793486720074873, 'ent_coef': 0.08819619653242536, 'vf_coef': 0.102976304446275, 'max_grad_norm': 0.21897024497651804, 'reward_scaling': 0.00016986484685710577, 'hmax': 39616, 'sharpe_ratio_weight': 0.18437149162886812, 'loss_penalty_weight': 0.506755185209495}. Best is trial 0 with value: -100000.0.
Trial 16 finished with value: -100000.0 and parameters: {'learning_rate': 1.7077802000373243e-05, 'n_steps': 52659, 'total_timesteps': 288703, 'gamma': 0.9459103519839478, 'gae_lambda': 0.8934874674176758, 'ent_coef': 0.09963341079297978, 'vf_coef': 0.1428747477981702, 'max_grad_norm': 0.17952647251605328, 'reward_scaling': 0.0003267833471190211, 'hmax': 46422, 'sharpe_ratio_weight': 0.1429055041710188, 'loss_penalty_weight': 0.44873437183468967}. Best is trial 0 with value: -100000.0.
Trial 17 finished with value: -100000.0 and parameters: {'learning_rate': 0.0009541341684103142, 'n_steps': 38962, 'total_timesteps': 579503, 'gamma': 0.9998656208542732, 'gae_lambda': 0.9492264877158172, 'ent_coef': 0.08002910654126073, 'vf_coef': 0.18764726761502987, 'max_grad_norm': 0.12610724393815445, 'reward_scaling': 7.207450699627744e-05, 'hmax': 51255, 'sharpe_ratio_weight': 0.10572356026897402, 'loss_penalty_weight': 0.5835267035717986}. Best is trial 0 with value: -100000.0.
Trial 18 finished with value: -100000.0 and parameters: {'learning_rate': 1.696953047731584e-05, 'n_steps': 53873, 'total_timesteps': 123614, 'gamma': 0.9238989316496657, 'gae_lambda': 0.9053302436385736, 'ent_coef': 0.08962058464054833, 'vf_coef': 0.11657503198953333, 'max_grad_norm': 0.15502627800023017, 'reward_scaling': 0.0005500181764669394, 'hmax': 32600, 'sharpe_ratio_weight': 0.16580513545593326, 'loss_penalty_weight': 0.6230755825125537}. Best is trial 0 with value: -100000.0.
Trial 19 finished with value: -100000.0 and parameters: {'learning_rate': 4.695276629621813e-05, 'n_steps': 42940, 'total_timesteps': 397205, 'gamma': 0.9516069734725189, 'gae_lambda': 0.8608263361383955, 'ent_coef': 0.09285408802350567, 'vf_coef': 0.10067243499954895, 'max_grad_norm': 0.19317507933791378, 'reward_scaling': 0.00017008262322875956, 'hmax': 42242, 'sharpe_ratio_weight': 0.24379673709616506, 'loss_penalty_weight': 0.5270962044960703}. Best is trial 0 with value: -100000.0.
Trial 20 finished with value: -100000.0 and parameters: {'learning_rate': 2.2383044968983878e-05, 'n_steps': 59829, 'total_timesteps': 443223, 'gamma': 0.9009010399214183, 'gae_lambda': 0.8823479709208849, 'ent_coef': 0.08068143153358384, 'vf_coef': 0.14459765580469988, 'max_grad_norm': 0.12796544776549781, 'reward_scaling': 0.0002705777793934263, 'hmax': 35524, 'sharpe_ratio_weight': 0.13975969949294645, 'loss_penalty_weight': 0.46466927515367445}. Best is trial 0 with value: -100000.0.
Trial 21 finished with value: -100000.0 and parameters: {'learning_rate': 0.00017364934503193044, 'n_steps': 36135, 'total_timesteps': 311929, 'gamma': 0.9308252111232296, 'gae_lambda': 0.9012758128183977, 'ent_coef': 0.05108204166204608, 'vf_coef': 0.18080922769875385, 'max_grad_norm': 0.1678734228821897, 'reward_scaling': 0.0002246973622896117, 'hmax': 42746, 'sharpe_ratio_weight': 0.18778483220771805, 'loss_penalty_weight': 0.6190175016040559}. Best is trial 0 with value: -100000.0.
Trial 22 finished with value: -100000.0 and parameters: {'learning_rate': 6.357958081009558e-05, 'n_steps': 23383, 'total_timesteps': 254149, 'gamma': 0.9405215269767639, 'gae_lambda': 0.8730430055340215, 'ent_coef': 0.051746334848462326, 'vf_coef': 0.11929149961088137, 'max_grad_norm': 0.16507329313046978, 'reward_scaling': 0.00015864490787489825, 'hmax': 45476, 'sharpe_ratio_weight': 0.1961262489966333, 'loss_penalty_weight': 0.5617822852541303}. Best is trial 0 with value: -100000.0.
Trial 23 finished with value: -100000.0 and parameters: {'learning_rate': 1.3189040918590287e-05, 'n_steps': 36423, 'total_timesteps': 318270, 'gamma': 0.9248920549275705, 'gae_lambda': 0.8960834179176901, 'ent_coef': 0.056905464686049206, 'vf_coef': 0.18814909055219367, 'max_grad_norm': 0.17572813316152855, 'reward_scaling': 0.00028423851130675017, 'hmax': 39700, 'sharpe_ratio_weight': 0.1634140932225532, 'loss_penalty_weight': 0.6404416639943662}. Best is trial 0 with value: -100000.0.
Trial 24 finished with value: -100000.0 and parameters: {'learning_rate': 4.236388021050711e-05, 'n_steps': 46122, 'total_timesteps': 197857, 'gamma': 0.9476696948756433, 'gae_lambda': 0.8869964383271914, 'ent_coef': 0.0634719244713359, 'vf_coef': 0.13714976621185226, 'max_grad_norm': 0.2051120524520683, 'reward_scaling': 0.00013403874440359986, 'hmax': 43252, 'sharpe_ratio_weight': 0.17740477948740083, 'loss_penalty_weight': 0.5948080705779015}. Best is trial 0 with value: -100000.0.
Trial 25 finished with value: -100000.0 and parameters: {'learning_rate': 2.3954822760146405e-05, 'n_steps': 53697, 'total_timesteps': 145247, 'gamma': 0.9565703270530111, 'gae_lambda': 0.9122709787967013, 'ent_coef': 0.06165240274007269, 'vf_coef': 0.1537927792653769, 'max_grad_norm': 0.16121461515814098, 'reward_scaling': 0.0002189362486429013, 'hmax': 47147, 'sharpe_ratio_weight': 0.1604273228108872, 'loss_penalty_weight': 0.5348091011999687}. Best is trial 0 with value: -100000.0.
Trial 26 finished with value: -100000.0 and parameters: {'learning_rate': 1.6407904174387323e-05, 'n_steps': 23379, 'total_timesteps': 262047, 'gamma': 0.9436058269038498, 'gae_lambda': 0.8947344681434045, 'ent_coef': 0.07657823744451318, 'vf_coef': 0.11757139871946619, 'max_grad_norm': 0.13419962452424328, 'reward_scaling': 0.000493441852003819, 'hmax': 50317, 'sharpe_ratio_weight': 0.20262651723798528, 'loss_penalty_weight': 0.5245053246529956}. Best is trial 0 with value: -100000.0.
Trial 27 finished with value: -100000.0 and parameters: {'learning_rate': 1.0082830194248046e-05, 'n_steps': 42902, 'total_timesteps': 342106, 'gamma': 0.9315391845436045, 'gae_lambda': 0.8633543849857266, 'ent_coef': 0.06783693366437551, 'vf_coef': 0.1684553179417946, 'max_grad_norm': 0.17927042523754555, 'reward_scaling': 0.00024390646278562553, 'hmax': 52396, 'sharpe_ratio_weight': 0.17949535888496776, 'loss_penalty_weight': 0.5584179063625815}. Best is trial 0 with value: -100000.0.
Trial 28 finished with value: -100000.0 and parameters: {'learning_rate': 8.467560442008446e-05, 'n_steps': 51973, 'total_timesteps': 593741, 'gamma': 0.9631823793608797, 'gae_lambda': 0.8804527645833772, 'ent_coef': 0.09214558614103746, 'vf_coef': 0.2030392274651087, 'max_grad_norm': 0.15382262770181004, 'reward_scaling': 0.0001312845504036878, 'hmax': 44259, 'sharpe_ratio_weight': 0.22945701197070367, 'loss_penalty_weight': 0.6510080840326222}. Best is trial 0 with value: -100000.0.
Trial 29 finished with value: -100000.0 and parameters: {'learning_rate': 3.4035640106252205e-05, 'n_steps': 34701, 'total_timesteps': 420428, 'gamma': 0.951348819272882, 'gae_lambda': 0.9275399365244964, 'ent_coef': 0.08412741421262655, 'vf_coef': 0.10922412199733732, 'max_grad_norm': 0.21741573138350312, 'reward_scaling': 0.0004202395619991737, 'hmax': 30215, 'sharpe_ratio_weight': 0.16811643518447097, 'loss_penalty_weight': 0.5794135237363257}. Best is trial 0 with value: -100000.0.
A new study created in memory with name: no-name-892e8403-1869-4bea-bbe3-1a29ff1f81ed
Trial 0 finished with value: -100000.0 and parameters: {'learning_rate': 2.8948876241448454e-05, 'n_steps': 45020, 'total_timesteps': 464455, 'gamma': 0.9744081330940934, 'gae_lambda': 0.8992186482804515, 'ent_coef': 0.05018379666191088, 'vf_coef': 0.2257867049865554, 'max_grad_norm': 0.10477774967864742, 'reward_scaling': 0.00022637626162030927, 'hmax': 35534, 'sharpe_ratio_weight': 0.1880266472045156, 'loss_penalty_weight': 0.6322644155411332}. Best is trial 0 with value: -100000.0.
Trial 1 finished with value: -100000.0 and parameters: {'learning_rate': 0.00018185273165068885, 'n_steps': 49809, 'total_timesteps': 482070, 'gamma': 0.993965381945138, 'gae_lambda': 0.9460823344066978, 'ent_coef': 0.08259750450274427, 'vf_coef': 0.220983294225037, 'max_grad_norm': 0.11299704889398744, 'reward_scaling': 6.976215738243287e-05, 'hmax': 50813, 'sharpe_ratio_weight': 0.18578098757634284, 'loss_penalty_weight': 0.6831564698449272}. Best is trial 0 with value: -100000.0.
Trial 2 finished with value: -100000.0 and parameters: {'learning_rate': 3.277100383809274e-05, 'n_steps': 39134, 'total_timesteps': 688158, 'gamma': 0.9613188920636578, 'gae_lambda': 0.8847183780462089, 'ent_coef': 0.053973508166803415, 'vf_coef': 0.11271712957385888, 'max_grad_norm': 0.12257912042164554, 'reward_scaling': 7.474822692630928e-05, 'hmax': 44946, 'sharpe_ratio_weight': 0.16511638199579298, 'loss_penalty_weight': 0.4657566769221458}. Best is trial 0 with value: -100000.0.
Trial 3 finished with value: -100000.0 and parameters: {'learning_rate': 5.087572586444735e-05, 'n_steps': 41783, 'total_timesteps': 413288, 'gamma': 0.9671218196541629, 'gae_lambda': 0.9291863020252116, 'ent_coef': 0.08277850449813758, 'vf_coef': 0.22287878873677744, 'max_grad_norm': 0.23287302077575664, 'reward_scaling': 0.0005792650596745656, 'hmax': 47901, 'sharpe_ratio_weight': 0.19875297720207472, 'loss_penalty_weight': 0.49993971799404907}. Best is trial 0 with value: -100000.0.
Trial 4 finished with value: -100000.0 and parameters: {'learning_rate': 0.00016582656881649897, 'n_steps': 39744, 'total_timesteps': 648502, 'gamma': 0.9615995855449326, 'gae_lambda': 0.9042490095529119, 'ent_coef': 0.05800671954897816, 'vf_coef': 0.1535644881788584, 'max_grad_norm': 0.1190550567300127, 'reward_scaling': 0.00021368709588364827, 'hmax': 33608, 'sharpe_ratio_weight': 0.29009241264739827, 'loss_penalty_weight': 0.7532455401927376}. Best is trial 0 with value: -100000.0.
Trial 5 finished with value: -100000.0 and parameters: {'learning_rate': 8.87615276206472e-05, 'n_steps': 17402, 'total_timesteps': 541160, 'gamma': 0.9066548742782705, 'gae_lambda': 0.9432338953520183, 'ent_coef': 0.0907277305674826, 'vf_coef': 0.29062203023682953, 'max_grad_norm': 0.1594033720783173, 'reward_scaling': 1.4247208778356912e-05, 'hmax': 36564, 'sharpe_ratio_weight': 0.12048385503986521, 'loss_penalty_weight': 0.44447160787224405}. Best is trial 0 with value: -100000.0.
Trial 6 finished with value: -100000.0 and parameters: {'learning_rate': 0.00034501841221025307, 'n_steps': 10426, 'total_timesteps': 103158, 'gamma': 0.9651364546461897, 'gae_lambda': 0.9294855865086643, 'ent_coef': 0.0971751978902259, 'vf_coef': 0.2953718451853021, 'max_grad_norm': 0.16168855362816312, 'reward_scaling': 3.643177436801337e-05, 'hmax': 41566, 'sharpe_ratio_weight': 0.23827335672939767, 'loss_penalty_weight': 0.5361301652324622}. Best is trial 0 with value: -100000.0.
Trial 7 finished with value: -100000.0 and parameters: {'learning_rate': 0.00041016559597657797, 'n_steps': 4744, 'total_timesteps': 269092, 'gamma': 0.9526306094560035, 'gae_lambda': 0.9398845025991897, 'ent_coef': 0.05042208412440459, 'vf_coef': 0.11552675172245004, 'max_grad_norm': 0.192160167594871, 'reward_scaling': 1.003832200077321e-05, 'hmax': 48434, 'sharpe_ratio_weight': 0.29491380503252224, 'loss_penalty_weight': 0.4446156113931285}. Best is trial 0 with value: -100000.0.
Trial 8 finished with value: -100000.0 and parameters: {'learning_rate': 1.260987229790893e-05, 'n_steps': 6769, 'total_timesteps': 548624, 'gamma': 0.9116052090876463, 'gae_lambda': 0.8692519285668294, 'ent_coef': 0.05678353457347917, 'vf_coef': 0.15471074625684245, 'max_grad_norm': 0.1587595289476546, 'reward_scaling': 0.00037503211218909045, 'hmax': 31349, 'sharpe_ratio_weight': 0.1776621600613528, 'loss_penalty_weight': 0.4428974167122847}. Best is trial 0 with value: -100000.0.
Trial 9 finished with value: -100000.0 and parameters: {'learning_rate': 0.0008416980298412886, 'n_steps': 30524, 'total_timesteps': 556255, 'gamma': 0.9611045166599176, 'gae_lambda': 0.876046976200054, 'ent_coef': 0.059718801454821835, 'vf_coef': 0.11586311840821253, 'max_grad_norm': 0.37342609804258753, 'reward_scaling': 3.70454957629363e-05, 'hmax': 32027, 'sharpe_ratio_weight': 0.29190993637709284, 'loss_penalty_weight': 0.5146764571256995}. Best is trial 0 with value: -100000.0.
Trial 10 finished with value: -100000.0 and parameters: {'learning_rate': 1.0345642541363654e-05, 'n_steps': 57691, 'total_timesteps': 278882, 'gamma': 0.9909645704753748, 'gae_lambda': 0.8519330716362274, 'ent_coef': 0.0673347664063064, 'vf_coef': 0.20505520324767815, 'max_grad_norm': 0.1038018586694126, 'reward_scaling': 0.0008562626846980457, 'hmax': 59679, 'sharpe_ratio_weight': 0.1254488291637517, 'loss_penalty_weight': 0.610210542985221}. Best is trial 0 with value: -100000.0.
Trial 11 finished with value: -100000.0 and parameters: {'learning_rate': 3.548194533933848e-05, 'n_steps': 59635, 'total_timesteps': 411461, 'gamma': 0.9971182208949741, 'gae_lambda': 0.9111207125074363, 'ent_coef': 0.07707978059855305, 'vf_coef': 0.22700724874052178, 'max_grad_norm': 0.1002731679190072, 'reward_scaling': 0.0001675332893258912, 'hmax': 54739, 'sharpe_ratio_weight': 0.15212744117906496, 'loss_penalty_weight': 0.6426032226193696}. Best is trial 0 with value: -100000.0.
Trial 12 finished with value: -100000.0 and parameters: {'learning_rate': 0.00012880983328984773, 'n_steps': 50081, 'total_timesteps': 342927, 'gamma': 0.9834767824108015, 'gae_lambda': 0.9124789428796368, 'ent_coef': 0.07048678846263232, 'vf_coef': 0.19286244273969788, 'max_grad_norm': 0.12476604300879131, 'reward_scaling': 0.00011781659883978811, 'hmax': 40023, 'sharpe_ratio_weight': 0.20562558434651929, 'loss_penalty_weight': 0.7100604771537969}. Best is trial 0 with value: -100000.0.
Trial 13 finished with value: -100000.0 and parameters: {'learning_rate': 6.836272411256698e-05, 'n_steps': 28175, 'total_timesteps': 462545, 'gamma': 0.9776535217601011, 'gae_lambda': 0.9495154009359396, 'ent_coef': 0.06394273658411533, 'vf_coef': 0.24667622047732948, 'max_grad_norm': 0.10231940523349425, 'reward_scaling': 0.0002731022523975489, 'hmax': 52282, 'sharpe_ratio_weight': 0.10091637184720065, 'loss_penalty_weight': 0.6030127029169217}. Best is trial 0 with value: -100000.0.
Trial 14 finished with value: -100000.0 and parameters: {'learning_rate': 2.258700853557448e-05, 'n_steps': 49284, 'total_timesteps': 491036, 'gamma': 0.9989384367129017, 'gae_lambda': 0.8931468017041828, 'ent_coef': 0.07711198129455524, 'vf_coef': 0.18487061941816413, 'max_grad_norm': 0.13854168192755778, 'reward_scaling': 7.857234519049688e-05, 'hmax': 38124, 'sharpe_ratio_weight': 0.2186651994624968, 'loss_penalty_weight': 0.6796470034515291}. Best is trial 0 with value: -100000.0.
Trial 15 finished with value: -100000.0 and parameters: {'learning_rate': 0.00015101239278117733, 'n_steps': 49987, 'total_timesteps': 146671, 'gamma': 0.9826544687387921, 'gae_lambda': 0.9207870577257968, 'ent_coef': 0.061829229112925495, 'vf_coef': 0.2620511773824069, 'max_grad_norm': 0.13816042214992527, 'reward_scaling': 0.00040710211800604483, 'hmax': 43518, 'sharpe_ratio_weight': 0.17910383335787455, 'loss_penalty_weight': 0.7556217198168977}. Best is trial 0 with value: -100000.0.
Trial 16 finished with value: -100000.0 and parameters: {'learning_rate': 6.54327918866888e-05, 'n_steps': 24210, 'total_timesteps': 620438, 'gamma': 0.978837348211548, 'gae_lambda': 0.8952938541137591, 'ent_coef': 0.05022847784307784, 'vf_coef': 0.22192011332789288, 'max_grad_norm': 0.11357916524180284, 'reward_scaling': 0.00014003795049212498, 'hmax': 53028, 'sharpe_ratio_weight': 0.14991954751274136, 'loss_penalty_weight': 0.5799573914737202}. Best is trial 0 with value: -100000.0.
Trial 17 finished with value: -100000.0 and parameters: {'learning_rate': 2.1989021537243677e-05, 'n_steps': 45527, 'total_timesteps': 357789, 'gamma': 0.9411921806273641, 'gae_lambda': 0.9306570408641984, 'ent_coef': 0.06527787654602685, 'vf_coef': 0.16726797321484582, 'max_grad_norm': 0.10129785496640946, 'reward_scaling': 0.00023867184636742686, 'hmax': 47886, 'sharpe_ratio_weight': 0.23929286269061828, 'loss_penalty_weight': 0.6563838746971383}. Best is trial 0 with value: -100000.0.
Trial 18 finished with value: -100000.0 and parameters: {'learning_rate': 0.00022523698127145973, 'n_steps': 37517, 'total_timesteps': 243031, 'gamma': 0.9997592227062, 'gae_lambda': 0.905676155977083, 'ent_coef': 0.0723757408549581, 'vf_coef': 0.2568167517146153, 'max_grad_norm': 0.13254236233661573, 'reward_scaling': 9.328438319758621e-05, 'hmax': 35657, 'sharpe_ratio_weight': 0.19061585449165816, 'loss_penalty_weight': 0.7086507949728651}. Best is trial 0 with value: -100000.0.
Trial 19 finished with value: -100000.0 and parameters: {'learning_rate': 0.00011191549215169836, 'n_steps': 53929, 'total_timesteps': 471173, 'gamma': 0.9880100036524258, 'gae_lambda': 0.9179274525157379, 'ent_coef': 0.08559965051798418, 'vf_coef': 0.20634127977076896, 'max_grad_norm': 0.11279809813806631, 'reward_scaling': 5.4225029506372406e-05, 'hmax': 59499, 'sharpe_ratio_weight': 0.15923513571541376, 'loss_penalty_weight': 0.5532550845507536}. Best is trial 0 with value: -100000.0.
Trial 20 finished with value: -100000.0 and parameters: {'learning_rate': 8.380517845452737e-05, 'n_steps': 34087, 'total_timesteps': 605070, 'gamma': 0.9738954902518887, 'gae_lambda': 0.9002446788298162, 'ent_coef': 0.05522136665836914, 'vf_coef': 0.18335254326934314, 'max_grad_norm': 0.13831759257837656, 'reward_scaling': 0.00014645527397999956, 'hmax': 55996, 'sharpe_ratio_weight': 0.17926625005567182, 'loss_penalty_weight': 0.4056153023667209}. Best is trial 0 with value: -100000.0.
Trial 21 finished with value: -100000.0 and parameters: {'learning_rate': 4.1553904457934315e-05, 'n_steps': 44452, 'total_timesteps': 651949, 'gamma': 0.9733157898058509, 'gae_lambda': 0.8860944159909675, 'ent_coef': 0.05365683000243303, 'vf_coef': 0.134277400319291, 'max_grad_norm': 0.11752326108315177, 'reward_scaling': 7.214407414748155e-05, 'hmax': 45296, 'sharpe_ratio_weight': 0.1619169616097392, 'loss_penalty_weight': 0.6400752341188682}. Best is trial 0 with value: -100000.0.
