Trial 22 finished with value: -100000.0 and parameters: {'learning_rate': 2.9593890680302244e-05, 'n_steps': 35487, 'total_timesteps': 698951, 'gamma': 0.9901968660090834, 'gae_lambda': 0.884725016684651, 'ent_coef': 0.0533532323880939, 'vf_coef': 0.10258006516427043, 'max_grad_norm': 0.12061242595729577, 'reward_scaling': 9.850960175405524e-05, 'hmax': 50147, 'sharpe_ratio_weight': 0.16957106561871665, 'loss_penalty_weight': 0.5800519313215465}. Best is trial 0 with value: -100000.0.
Trial 23 finished with value: -100000.0 and parameters: {'learning_rate': 5.5964444896529524e-05, 'n_steps': 46778, 'total_timesteps': 511612, 'gamma': 0.9489032330869809, 'gae_lambda': 0.9498960430552121, 'ent_coef': 0.059208934931620376, 'vf_coef': 0.1697299029123287, 'max_grad_norm': 0.11285289075583406, 'reward_scaling': 5.3722694566783616e-05, 'hmax': 44432, 'sharpe_ratio_weight': 0.1434763056735127, 'loss_penalty_weight': 0.7930747848640597}. Best is trial 0 with value: -100000.0.
Trial 24 finished with value: -100000.0 and parameters: {'learning_rate': 1.5193200017051746e-05, 'n_steps': 55624, 'total_timesteps': 583658, 'gamma': 0.9719391597024334, 'gae_lambda': 0.8942736482578503, 'ent_coef': 0.05254667860735359, 'vf_coef': 0.20049658680239066, 'max_grad_norm': 0.12875165102562533, 'reward_scaling': 0.00017978377552531092, 'hmax': 41651, 'sharpe_ratio_weight': 0.18992480731220382, 'loss_penalty_weight': 0.6165290874108627}. Best is trial 0 with value: -100000.0.
Trial 25 finished with value: -100000.0 and parameters: {'learning_rate': 2.6891674488006233e-05, 'n_steps': 41547, 'total_timesteps': 427925, 'gamma': 0.9885182995764253, 'gae_lambda': 0.921531189993533, 'ent_coef': 0.05643598996787114, 'vf_coef': 0.2342849181405436, 'max_grad_norm': 0.1460641994496586, 'reward_scaling': 0.0001174321558399507, 'hmax': 51490, 'sharpe_ratio_weight': 0.16704754654158213, 'loss_penalty_weight': 0.682147628012005}. Best is trial 0 with value: -100000.0.
Trial 26 finished with value: -100000.0 and parameters: {'learning_rate': 4.2059171056927735e-05, 'n_steps': 52107, 'total_timesteps': 320706, 'gamma': 0.9551624974379057, 'gae_lambda': 0.9053581895738089, 'ent_coef': 0.05014496224353202, 'vf_coef': 0.20954617177947452, 'max_grad_norm': 0.10975910865733016, 'reward_scaling': 0.0003457876495890145, 'hmax': 30092, 'sharpe_ratio_weight': 0.20720700658275182, 'loss_penalty_weight': 0.5704679277646787}. Best is trial 0 with value: -100000.0.
Trial 27 finished with value: -100000.0 and parameters: {'learning_rate': 1.658655335914115e-05, 'n_steps': 23014, 'total_timesteps': 390892, 'gamma': 0.971198922371865, 'gae_lambda': 0.9367192041458421, 'ent_coef': 0.06130238013899965, 'vf_coef': 0.18014383163536618, 'max_grad_norm': 0.12276600750701593, 'reward_scaling': 0.0001658595720547346, 'hmax': 46260, 'sharpe_ratio_weight': 0.14083883096723196, 'loss_penalty_weight': 0.4933122088351675}. Best is trial 0 with value: -100000.0.
Trial 28 finished with value: -100000.0 and parameters: {'learning_rate': 3.384197256278364e-05, 'n_steps': 32338, 'total_timesteps': 695970, 'gamma': 0.9415720562341171, 'gae_lambda': 0.886332618378064, 'ent_coef': 0.053054040406189655, 'vf_coef': 0.2709846777656347, 'max_grad_norm': 0.11164977337868244, 'reward_scaling': 0.0002223090782075645, 'hmax': 38652, 'sharpe_ratio_weight': 0.17446086546242268, 'loss_penalty_weight': 0.5456185078014151}. Best is trial 0 with value: -100000.0.
Trial 29 finished with value: -100000.0 and parameters: {'learning_rate': 4.991807782966771e-05, 'n_steps': 42238, 'total_timesteps': 207764, 'gamma': 0.9662972227892047, 'gae_lambda': 0.9238908218993072, 'ent_coef': 0.05574696535413206, 'vf_coef': 0.23607350170874036, 'max_grad_norm': 0.17801929192698523, 'reward_scaling': 0.0005491343792571139, 'hmax': 56439, 'sharpe_ratio_weight': 0.18993823018191303, 'loss_penalty_weight': 0.4935780663284941}. Best is trial 0 with value: -100000.0.
A new study created in memory with name: no-name-8616c179-eec7-428c-9071-1503d9817774
Trial 0 finished with value: -100000.0 and parameters: {'learning_rate': 0.000414260818219672, 'n_steps': 21274, 'total_timesteps': 620792, 'gamma': 0.9415212314278699, 'gae_lambda': 0.8934958748139393, 'ent_coef': 0.06384925439350517, 'vf_coef': 0.19827551101577398, 'max_grad_norm': 0.14757256238132985, 'reward_scaling': 6.374282249013657e-05, 'hmax': 43310, 'sharpe_ratio_weight': 0.11256719146323729, 'loss_penalty_weight': 0.6709512306522145}. Best is trial 0 with value: -100000.0.
Trial 1 finished with value: -100000.0 and parameters: {'learning_rate': 1.3056288060907848e-05, 'n_steps': 27392, 'total_timesteps': 87886, 'gamma': 0.927081997960377, 'gae_lambda': 0.937140686278827, 'ent_coef': 0.06910979398484893, 'vf_coef': 0.10572294120608194, 'max_grad_norm': 0.12232248233048174, 'reward_scaling': 0.00013368282994208493, 'hmax': 56544, 'sharpe_ratio_weight': 0.1186905398484506, 'loss_penalty_weight': 0.629607868338949}. Best is trial 0 with value: -100000.0.
Trial 2 finished with value: -100000.0 and parameters: {'learning_rate': 6.580379197117547e-05, 'n_steps': 39652, 'total_timesteps': 258080, 'gamma': 0.9413397669209008, 'gae_lambda': 0.859009945093197, 'ent_coef': 0.05816176987862989, 'vf_coef': 0.13834950206961952, 'max_grad_norm': 0.32065986597605434, 'reward_scaling': 0.0009852934291119109, 'hmax': 33296, 'sharpe_ratio_weight': 0.2497329836559677, 'loss_penalty_weight': 0.5694549411745572}. Best is trial 0 with value: -100000.0.
Trial 3 finished with value: -100000.0 and parameters: {'learning_rate': 5.636833579047552e-05, 'n_steps': 23001, 'total_timesteps': 605179, 'gamma': 0.9490365482070818, 'gae_lambda': 0.8653859781158957, 'ent_coef': 0.09633573359737276, 'vf_coef': 0.1909509038954676, 'max_grad_norm': 0.2743306248242009, 'reward_scaling': 7.225976883516391e-05, 'hmax': 53503, 'sharpe_ratio_weight': 0.14745902092310295, 'loss_penalty_weight': 0.514758416559456}. Best is trial 0 with value: -100000.0.
Trial 4 finished with value: -100000.0 and parameters: {'learning_rate': 0.0004856541827448443, 'n_steps': 13464, 'total_timesteps': 85453, 'gamma': 0.9846804196880363, 'gae_lambda': 0.8773173179960543, 'ent_coef': 0.061997114513735935, 'vf_coef': 0.14862094810011614, 'max_grad_norm': 0.10267984321818076, 'reward_scaling': 1.8098680276248488e-05, 'hmax': 55285, 'sharpe_ratio_weight': 0.14598513503652388, 'loss_penalty_weight': 0.4122565255138813}. Best is trial 0 with value: -100000.0.
Trial 5 finished with value: -100000.0 and parameters: {'learning_rate': 0.0008153334351139494, 'n_steps': 47036, 'total_timesteps': 371532, 'gamma': 0.9264143189829473, 'gae_lambda': 0.9322706641088044, 'ent_coef': 0.05688776724949294, 'vf_coef': 0.26289444363666586, 'max_grad_norm': 0.292806477626645, 'reward_scaling': 1.4543331934177384e-05, 'hmax': 57121, 'sharpe_ratio_weight': 0.10483843593265431, 'loss_penalty_weight': 0.6544890988007862}. Best is trial 0 with value: -100000.0.
Trial 6 finished with value: -100000.0 and parameters: {'learning_rate': 3.839078237786315e-05, 'n_steps': 55618, 'total_timesteps': 189104, 'gamma': 0.9361716737905632, 'gae_lambda': 0.8735198934570741, 'ent_coef': 0.09603821680266245, 'vf_coef': 0.2559170037354022, 'max_grad_norm': 0.14399208410963868, 'reward_scaling': 9.347728708585597e-05, 'hmax': 57314, 'sharpe_ratio_weight': 0.2755159340651067, 'loss_penalty_weight': 0.550695686307786}. Best is trial 0 with value: -100000.0.
Trial 7 finished with value: -100000.0 and parameters: {'learning_rate': 0.0002257419124317298, 'n_steps': 48189, 'total_timesteps': 389678, 'gamma': 0.9432413680871076, 'gae_lambda': 0.8994879486130904, 'ent_coef': 0.08143817832249146, 'vf_coef': 0.15369687398331863, 'max_grad_norm': 0.11037024479848905, 'reward_scaling': 0.00022271327406447907, 'hmax': 44476, 'sharpe_ratio_weight': 0.29020325228647526, 'loss_penalty_weight': 0.40358610900166947}. Best is trial 0 with value: -100000.0.
Trial 8 finished with value: -100000.0 and parameters: {'learning_rate': 5.4446083496703306e-05, 'n_steps': 19705, 'total_timesteps': 453736, 'gamma': 0.9163931011792451, 'gae_lambda': 0.9192534107656165, 'ent_coef': 0.05366944481694737, 'vf_coef': 0.2529128011254753, 'max_grad_norm': 0.16302164261586818, 'reward_scaling': 3.787960536999569e-05, 'hmax': 32974, 'sharpe_ratio_weight': 0.11429426548289336, 'loss_penalty_weight': 0.5194181226477206}. Best is trial 0 with value: -100000.0.
Trial 9 finished with value: -100000.0 and parameters: {'learning_rate': 0.00045051877681004946, 'n_steps': 2418, 'total_timesteps': 78451, 'gamma': 0.9447769123492619, 'gae_lambda': 0.8892610643417143, 'ent_coef': 0.05118003555402398, 'vf_coef': 0.1734057507054904, 'max_grad_norm': 0.1759490072079089, 'reward_scaling': 0.0008618813052371899, 'hmax': 49194, 'sharpe_ratio_weight': 0.14033460793493188, 'loss_penalty_weight': 0.43986210393477354}. Best is trial 0 with value: -100000.0.
Trial 10 finished with value: -100000.0 and parameters: {'learning_rate': 0.0001915757361257937, 'n_steps': 34946, 'total_timesteps': 689852, 'gamma': 0.9083058278106164, 'gae_lambda': 0.850813690733246, 'ent_coef': 0.06625752637271987, 'vf_coef': 0.20784320115058405, 'max_grad_norm': 0.21386264301852337, 'reward_scaling': 2.9724692709702623e-05, 'hmax': 41206, 'sharpe_ratio_weight': 0.1937864054115475, 'loss_penalty_weight': 0.7694884253770613}. Best is trial 0 with value: -100000.0.
Trial 11 finished with value: -100000.0 and parameters: {'learning_rate': 1.0427802497808879e-05, 'n_steps': 26558, 'total_timesteps': 543777, 'gamma': 0.958609464867496, 'gae_lambda': 0.9498419629197038, 'ent_coef': 0.0738368720115352, 'vf_coef': 0.10382367304266307, 'max_grad_norm': 0.1301863428863626, 'reward_scaling': 0.00014210099232297074, 'hmax': 40131, 'sharpe_ratio_weight': 0.10693983486959661, 'loss_penalty_weight': 0.6710033092949976}. Best is trial 0 with value: -100000.0.
Trial 12 finished with value: -100000.0 and parameters: {'learning_rate': 1.2693935754796175e-05, 'n_steps': 12069, 'total_timesteps': 244724, 'gamma': 0.9026714327461905, 'gae_lambda': 0.907881745746351, 'ent_coef': 0.06898780897090005, 'vf_coef': 0.10306172697496349, 'max_grad_norm': 0.1295160234021506, 'reward_scaling': 0.00021487029202208979, 'hmax': 48881, 'sharpe_ratio_weight': 0.12655349380792216, 'loss_penalty_weight': 0.6551909790604595}. Best is trial 0 with value: -100000.0.
Trial 13 finished with value: -100000.0 and parameters: {'learning_rate': 2.6924041091441632e-05, 'n_steps': 31430, 'total_timesteps': 508151, 'gamma': 0.9224561214698482, 'gae_lambda': 0.8915078948376984, 'ent_coef': 0.06451697196534434, 'vf_coef': 0.12320592399763587, 'max_grad_norm': 0.20835149035691508, 'reward_scaling': 5.7767654648967445e-05, 'hmax': 37488, 'sharpe_ratio_weight': 0.10212511148268152, 'loss_penalty_weight': 0.7696303725446804}. Best is trial 0 with value: -100000.0.
Trial 14 finished with value: -100000.0 and parameters: {'learning_rate': 0.00012783106761653297, 'n_steps': 17853, 'total_timesteps': 650822, 'gamma': 0.9285798557164577, 'gae_lambda': 0.914205980392, 'ent_coef': 0.07298116633191853, 'vf_coef': 0.2039700709752017, 'max_grad_norm': 0.1195249663110042, 'reward_scaling': 0.00013782228647859848, 'hmax': 49131, 'sharpe_ratio_weight': 0.12200103746300105, 'loss_penalty_weight': 0.6111337408643471}. Best is trial 0 with value: -100000.0.
Trial 15 finished with value: -100000.0 and parameters: {'learning_rate': 2.470713510235684e-05, 'n_steps': 4297, 'total_timesteps': 164221, 'gamma': 0.9158379928805138, 'gae_lambda': 0.9314444712249038, 'ent_coef': 0.059967091553073816, 'vf_coef': 0.12247726142979584, 'max_grad_norm': 0.10071401868076223, 'reward_scaling': 1.0194065556943975e-05, 'hmax': 44057, 'sharpe_ratio_weight': 0.17111342776677682, 'loss_penalty_weight': 0.7157697858668712}. Best is trial 0 with value: -100000.0.
Trial 16 finished with value: -100000.0 and parameters: {'learning_rate': 9.791289989587253e-05, 'n_steps': 39150, 'total_timesteps': 314648, 'gamma': 0.9623800637344965, 'gae_lambda': 0.9003990572183115, 'ent_coef': 0.0776776275579815, 'vf_coef': 0.16984226378792805, 'max_grad_norm': 0.14682779232779086, 'reward_scaling': 4.749596906324953e-05, 'hmax': 52244, 'sharpe_ratio_weight': 0.12749402258245748, 'loss_penalty_weight': 0.7105056487127935}. Best is trial 0 with value: -100000.0.
Trial 17 finished with value: -100000.0 and parameters: {'learning_rate': 1.9134463622935504e-05, 'n_steps': 27410, 'total_timesteps': 572392, 'gamma': 0.9324088600080642, 'gae_lambda': 0.8848338868409185, 'ent_coef': 0.06659162144293818, 'vf_coef': 0.22679593576677248, 'max_grad_norm': 0.18023238572529635, 'reward_scaling': 2.581291056033775e-05, 'hmax': 35987, 'sharpe_ratio_weight': 0.11551158411438468, 'loss_penalty_weight': 0.6080653644330879}. Best is trial 0 with value: -100000.0.
Trial 18 finished with value: -100000.0 and parameters: {'learning_rate': 1.6528754767187814e-05, 'n_steps': 11842, 'total_timesteps': 460411, 'gamma': 0.9010878086984557, 'gae_lambda': 0.9056453314787184, 'ent_coef': 0.0630234489481924, 'vf_coef': 0.2834797429084075, 'max_grad_norm': 0.1213281950382485, 'reward_scaling': 6.604146782179951e-05, 'hmax': 59972, 'sharpe_ratio_weight': 0.10019674465385833, 'loss_penalty_weight': 0.7944507241155528}. Best is trial 0 with value: -100000.0.
Trial 19 finished with value: -100000.0 and parameters: {'learning_rate': 3.362404172340641e-05, 'n_steps': 33519, 'total_timesteps': 145917, 'gamma': 0.9139792235664207, 'gae_lambda': 0.9491347068978544, 'ent_coef': 0.07028404853396236, 'vf_coef': 0.1793158844300766, 'max_grad_norm': 0.38585319810799845, 'reward_scaling': 0.0003778484420150886, 'hmax': 46524, 'sharpe_ratio_weight': 0.1349699384860136, 'loss_penalty_weight': 0.6119630953997042}. Best is trial 0 with value: -100000.0.
Trial 20 finished with value: -100000.0 and parameters: {'learning_rate': 1.0187360721729214e-05, 'n_steps': 25092, 'total_timesteps': 347853, 'gamma': 0.9549446466038731, 'gae_lambda': 0.8916599272080483, 'ent_coef': 0.05586826211844088, 'vf_coef': 0.22757505645585238, 'max_grad_norm': 0.15954833455851036, 'reward_scaling': 9.767295883354739e-05, 'hmax': 41495, 'sharpe_ratio_weight': 0.1170750303556866, 'loss_penalty_weight': 0.722585407136236}. Best is trial 0 with value: -100000.0.
Trial 21 finished with value: -100000.0 and parameters: {'learning_rate': 7.56377793477823e-05, 'n_steps': 38210, 'total_timesteps': 242150, 'gamma': 0.9362664370633748, 'gae_lambda': 0.8620060705108644, 'ent_coef': 0.05909323877341274, 'vf_coef': 0.13177353620824836, 'max_grad_norm': 0.13736349444298085, 'reward_scaling': 0.0008207702875976859, 'hmax': 31577, 'sharpe_ratio_weight': 0.23144325148248393, 'loss_penalty_weight': 0.5861803242583101}. Best is trial 0 with value: -100000.0.
Trial 22 finished with value: -100000.0 and parameters: {'learning_rate': 4.5084862680930114e-05, 'n_steps': 41400, 'total_timesteps': 250480, 'gamma': 0.9227398496346121, 'gae_lambda': 0.8786259431751579, 'ent_coef': 0.05991005184392091, 'vf_coef': 0.11372491121924382, 'max_grad_norm': 0.11761403282788942, 'reward_scaling': 0.0005027417649158644, 'hmax': 35021, 'sharpe_ratio_weight': 0.17876813253806492, 'loss_penalty_weight': 0.5639045175199673}. Best is trial 0 with value: -100000.0.
Trial 23 finished with value: -100000.0 and parameters: {'learning_rate': 1.764666417068717e-05, 'n_steps': 45334, 'total_timesteps': 286587, 'gamma': 0.9375634140906233, 'gae_lambda': 0.8520537639377544, 'ent_coef': 0.050539502126578935, 'vf_coef': 0.13966965136160298, 'max_grad_norm': 0.14832188502649485, 'reward_scaling': 0.0003843991519129005, 'hmax': 38863, 'sharpe_ratio_weight': 0.15919064304503996, 'loss_penalty_weight': 0.6369040324274132}. Best is trial 0 with value: -100000.0.
Trial 24 finished with value: -100000.0 and parameters: {'learning_rate': 7.48917031248917e-05, 'n_steps': 59649, 'total_timesteps': 111726, 'gamma': 0.9500631798508234, 'gae_lambda': 0.8860913744192532, 'ent_coef': 0.0633666216929945, 'vf_coef': 0.15920421667877846, 'max_grad_norm': 0.19056256110705969, 'reward_scaling': 4.411958681618997e-05, 'hmax': 33164, 'sharpe_ratio_weight': 0.20846337410025137, 'loss_penalty_weight': 0.6798324056385198}. Best is trial 0 with value: -100000.0.
Trial 25 finished with value: -100000.0 and parameters: {'learning_rate': 0.00013745986473450824, 'n_steps': 30605, 'total_timesteps': 196932, 'gamma': 0.9664144963562866, 'gae_lambda': 0.8671023953494295, 'ent_coef': 0.05514377542487066, 'vf_coef': 0.1000647437087694, 'max_grad_norm': 0.21759369295631162, 'reward_scaling': 0.00014739509829949138, 'hmax': 30385, 'sharpe_ratio_weight': 0.15523545829192073, 'loss_penalty_weight': 0.627639870854407}. Best is trial 0 with value: -100000.0.
Trial 26 finished with value: -100000.0 and parameters: {'learning_rate': 3.005890451435008e-05, 'n_steps': 20014, 'total_timesteps': 431591, 'gamma': 0.9411572237020486, 'gae_lambda': 0.8952543434860945, 'ent_coef': 0.059452507325599965, 'vf_coef': 0.14107901495713737, 'max_grad_norm': 0.1645676044898914, 'reward_scaling': 0.0009398467014103554, 'hmax': 51391, 'sharpe_ratio_weight': 0.24671566167109907, 'loss_penalty_weight': 0.584920637192053}. Best is trial 0 with value: -100000.0.
Trial 27 finished with value: -100000.0 and parameters: {'learning_rate': 0.0002506420579857755, 'n_steps': 52576, 'total_timesteps': 125436, 'gamma': 0.9316018153959899, 'gae_lambda': 0.858169235652482, 'ent_coef': 0.06690563224908046, 'vf_coef': 0.11979403387100039, 'max_grad_norm': 0.13170465965342942, 'reward_scaling': 0.0006065360159141274, 'hmax': 46328, 'sharpe_ratio_weight': 0.13130372279033892, 'loss_penalty_weight': 0.6895032094284917}. Best is trial 0 with value: -100000.0.
Trial 28 finished with value: -100000.0 and parameters: {'learning_rate': 4.19774330446871e-05, 'n_steps': 35920, 'total_timesteps': 304146, 'gamma': 0.9504406692205947, 'gae_lambda': 0.8825929373358082, 'ent_coef': 0.05312261420106416, 'vf_coef': 0.11121932325750251, 'max_grad_norm': 0.11052714773996583, 'reward_scaling': 0.0002571120390189238, 'hmax': 42841, 'sharpe_ratio_weight': 0.11101198880880878, 'loss_penalty_weight': 0.639039533857593}. Best is trial 0 with value: -100000.0.
Trial 29 finished with value: -100000.0 and parameters: {'learning_rate': 5.998594182871601e-05, 'n_steps': 22964, 'total_timesteps': 617844, 'gamma': 0.9450805876686048, 'gae_lambda': 0.8706317605216735, 'ent_coef': 0.05734098151319788, 'vf_coef': 0.13267645634543188, 'max_grad_norm': 0.2401181751023768, 'reward_scaling': 7.067101258628218e-05, 'hmax': 53885, 'sharpe_ratio_weight': 0.15143408166076924, 'loss_penalty_weight': 0.5389915737732629}. Best is trial 0 with value: -100000.0.
A new study created in memory with name: no-name-0cd6d869-0852-425b-99a3-419e814389b2
Trial 0 finished with value: -100000.0 and parameters: {'learning_rate': 3.2704752633955136e-05, 'n_steps': 35542, 'total_timesteps': 136473, 'gamma': 0.9835259830558578, 'gae_lambda': 0.8946932874856413, 'ent_coef': 0.0628763831194947, 'vf_coef': 0.10245332839751442, 'max_grad_norm': 0.19308048106278058, 'reward_scaling': 5.045517017342832e-05, 'hmax': 34013, 'sharpe_ratio_weight': 0.20026687362236598, 'loss_penalty_weight': 0.7978112008741857}. Best is trial 0 with value: -100000.0.
Trial 1 finished with value: -100000.0 and parameters: {'learning_rate': 0.0007943876324695093, 'n_steps': 18159, 'total_timesteps': 445313, 'gamma': 0.961356521777463, 'gae_lambda': 0.8791455143062582, 'ent_coef': 0.08263586232720078, 'vf_coef': 0.19492269053672343, 'max_grad_norm': 0.3121549127296455, 'reward_scaling': 0.0004838333538468497, 'hmax': 52623, 'sharpe_ratio_weight': 0.11839471462722878, 'loss_penalty_weight': 0.541350298384399}. Best is trial 0 with value: -100000.0.
Trial 2 finished with value: -100000.0 and parameters: {'learning_rate': 2.282307936319031e-05, 'n_steps': 53047, 'total_timesteps': 337709, 'gamma': 0.950592566589734, 'gae_lambda': 0.8723894948543288, 'ent_coef': 0.05790668370446463, 'vf_coef': 0.12259270766269512, 'max_grad_norm': 0.14638340579305345, 'reward_scaling': 0.0006582849029271474, 'hmax': 33177, 'sharpe_ratio_weight': 0.13225273163482576, 'loss_penalty_weight': 0.622446099164982}. Best is trial 0 with value: -100000.0.
Trial 3 finished with value: -100000.0 and parameters: {'learning_rate': 1.8586713780027378e-05, 'n_steps': 56542, 'total_timesteps': 290714, 'gamma': 0.9892520694181802, 'gae_lambda': 0.8711929391906718, 'ent_coef': 0.07432321019733526, 'vf_coef': 0.2687451257575569, 'max_grad_norm': 0.33361364390091336, 'reward_scaling': 0.00042883506426684035, 'hmax': 52002, 'sharpe_ratio_weight': 0.1427295005655825, 'loss_penalty_weight': 0.45011427811379523}. Best is trial 0 with value: -100000.0.
Trial 4 finished with value: -100000.0 and parameters: {'learning_rate': 4.65115515838701e-05, 'n_steps': 55416, 'total_timesteps': 507685, 'gamma': 0.9738782893904196, 'gae_lambda': 0.8837992912861418, 'ent_coef': 0.08473912547779268, 'vf_coef': 0.12172959908381306, 'max_grad_norm': 0.1010465912601378, 'reward_scaling': 0.0006312720863368146, 'hmax': 31490, 'sharpe_ratio_weight': 0.13897807377942553, 'loss_penalty_weight': 0.733184107767511}. Best is trial 0 with value: -100000.0.
Trial 5 finished with value: -100000.0 and parameters: {'learning_rate': 7.83819511880962e-05, 'n_steps': 53995, 'total_timesteps': 174067, 'gamma': 0.980282809007252, 'gae_lambda': 0.8635537721222257, 'ent_coef': 0.0819748053074516, 'vf_coef': 0.22606992122601044, 'max_grad_norm': 0.25802619837055374, 'reward_scaling': 7.216820103272578e-05, 'hmax': 53502, 'sharpe_ratio_weight': 0.17756254956201667, 'loss_penalty_weight': 0.42224077781884384}. Best is trial 0 with value: -100000.0.
