Trial 9 finished with value: -inf and parameters: {'learning_rate': 3.859235793179904e-05, 'n_steps': 20842, 'total_timesteps': 2675411, 'gamma': 0.958934910890247, 'gae_lambda': 0.9691508103245505, 'ent_coef': 0.018547842829895595, 'vf_coef': 0.2661399639631042, 'max_grad_norm': 0.21650469981903292, 'reward_scaling': 2.359825250132178e-05, 'hmax': 93907, 'high_profit_bonus': 283, 'partial_sell_bonus': 485, 'profit_threshold': 0.08620157258577878, 'sharpe_ratio_weight': 0.5092679069203556, 'loss_penalty_weight': 0.15213138885512123}. Best is trial 0 with value: -inf.
Trial 0 is omitted in visualization because its objective value is inf or nan.
Trial 1 is omitted in visualization because its objective value is inf or nan.
Trial 2 is omitted in visualization because its objective value is inf or nan.
Trial 3 is omitted in visualization because its objective value is inf or nan.
Trial 4 is omitted in visualization because its objective value is inf or nan.
Trial 5 is omitted in visualization because its objective value is inf or nan.
Trial 6 is omitted in visualization because its objective value is inf or nan.
Trial 7 is omitted in visualization because its objective value is inf or nan.
Trial 8 is omitted in visualization because its objective value is inf or nan.
Trial 9 is omitted in visualization because its objective value is inf or nan.
Your study does not have any completed trials.
A new study created in memory with name: no-name-d5ccf55e-a565-4377-a345-83f510bf834f
A new study created in memory with name: no-name-ca06c6c8-0bad-4cc1-bf8c-699167347da8
A new study created in memory with name: no-name-3b438a64-79ee-466a-8f5f-4ae32a8d6fdc
A new study created in memory with name: no-name-04d86ad2-a713-4869-82fb-3ebc88095782
A new study created in memory with name: no-name-73fdbe0a-e9ff-407d-9142-1aca6e742417
A new study created in memory with name: no-name-0df97bf6-f008-495e-93a7-f9f74f638cea
A new study created in memory with name: no-name-879158b7-f4cc-4a5a-b3b8-ed898d9dd818
Trial 0 failed with parameters: {'learning_rate': 6.739450937408573e-05, 'n_steps': 4431, 'total_timesteps': 713732, 'gamma': 0.9194464071951756, 'gae_lambda': 0.9029327691268231, 'ent_coef': 0.09806887177929634, 'vf_coef': 0.11736836525525011, 'max_grad_norm': 0.1306297310195767, 'reward_scaling': 4.530735127725903e-05, 'hmax': 87612, 'sharpe_ratio_weight': 0.6896167401234596, 'loss_penalty_weight': 0.3073713671799416} because of the following error: KeyboardInterrupt().
Traceback (most recent call last):
  File "/Users/floriankockler/anaconda3/envs/py310/lib/python3.10/site-packages/optuna/study/_optimize.py", line 200, in _run_trial
    value_or_values = func(trial)
  File "/Users/floriankockler/Documents/GitHub.nosync/quantumai2/hyperoptimizer/optunaoptimizer.py", line 376, in objective
    model.learn(total_timesteps=timesteps, callback=callbacks,
  File "/Users/floriankockler/anaconda3/envs/py310/lib/python3.10/site-packages/stable_baselines3/a2c/a2c.py", line 194, in learn
    return super().learn(
  File "/Users/floriankockler/anaconda3/envs/py310/lib/python3.10/site-packages/stable_baselines3/common/on_policy_algorithm.py", line 259, in learn
    continue_training = self.collect_rollouts(self.env, callback, self.rollout_buffer, n_rollout_steps=self.n_steps)
  File "/Users/floriankockler/anaconda3/envs/py310/lib/python3.10/site-packages/stable_baselines3/common/on_policy_algorithm.py", line 169, in collect_rollouts
    actions, values, log_probs = self.policy(obs_tensor)
  File "/Users/floriankockler/anaconda3/envs/py310/lib/python3.10/site-packages/torch/nn/modules/module.py", line 1501, in _call_impl
    return forward_call(*args, **kwargs)
  File "/Users/floriankockler/anaconda3/envs/py310/lib/python3.10/site-packages/stable_baselines3/common/policies.py", line 629, in forward
    actions = actions.reshape((-1, *self.action_space.shape))
  File "/Users/floriankockler/anaconda3/envs/py310/lib/python3.10/site-packages/gymnasium/spaces/box.py", line 139, in shape
    @property
KeyboardInterrupt
Trial 0 failed with value None.
Trial 0 finished with value: -5.9648790519842665 and parameters: {'learning_rate': 7.453628355256196e-05, 'n_steps': 42673, 'total_timesteps': 421067, 'gamma': 0.9786586429148, 'gae_lambda': 0.902855276460773, 'ent_coef': 0.04566809239141266, 'vf_coef': 0.1647693172429186, 'max_grad_norm': 0.16364862788607368, 'reward_scaling': 0.0001173463016003535, 'hmax': 30774, 'high_profit_bonus': 409, 'partial_sell_bonus': 357, 'profit_threshold': 0.17334820913917973, 'sharpe_ratio_weight': 0.28503063562285397, 'loss_penalty_weight': 0.1774116080662229}. Best is trial 0 with value: -5.9648790519842665.
Trial 1 finished with value: -14.647088285504015 and parameters: {'learning_rate': 3.066584335728544e-05, 'n_steps': 49982, 'total_timesteps': 285387, 'gamma': 0.9725550221298149, 'gae_lambda': 0.9945692830819094, 'ent_coef': 0.044672211196805055, 'vf_coef': 0.19638281686926193, 'max_grad_norm': 0.14769591845113067, 'reward_scaling': 5.523013502960325e-05, 'hmax': 99709, 'high_profit_bonus': 327, 'partial_sell_bonus': 330, 'profit_threshold': 0.17871288151547535, 'sharpe_ratio_weight': 0.33161097482777174, 'loss_penalty_weight': 0.16857780484340718}. Best is trial 0 with value: -5.9648790519842665.
Trial 2 finished with value: 4.967719768088204 and parameters: {'learning_rate': 3.8631156129615045e-05, 'n_steps': 29302, 'total_timesteps': 251649, 'gamma': 0.9775006219467733, 'gae_lambda': 0.9259406710796698, 'ent_coef': 0.06071393928307616, 'vf_coef': 0.25406109614829586, 'max_grad_norm': 0.3640118011650466, 'reward_scaling': 0.00016211281720617885, 'hmax': 64703, 'high_profit_bonus': 288, 'partial_sell_bonus': 393, 'profit_threshold': 0.07408218397273218, 'sharpe_ratio_weight': 0.3860757885318887, 'loss_penalty_weight': 0.4112118614168867}. Best is trial 2 with value: 4.967719768088204.
Trial 3 finished with value: 19.86064517136515 and parameters: {'learning_rate': 9.503645404472768e-05, 'n_steps': 34015, 'total_timesteps': 344053, 'gamma': 0.9608397480981501, 'gae_lambda': 0.922600369153064, 'ent_coef': 0.0134583475593573, 'vf_coef': 0.15909719772092487, 'max_grad_norm': 0.22506567803464528, 'reward_scaling': 4.321171670992793e-05, 'hmax': 36033, 'high_profit_bonus': 251, 'partial_sell_bonus': 468, 'profit_threshold': 0.15332162573966412, 'sharpe_ratio_weight': 0.47582370436081856, 'loss_penalty_weight': 0.3329256077839092}. Best is trial 3 with value: 19.86064517136515.
Trial 4 failed with parameters: {'learning_rate': 4.662162086934763e-05, 'n_steps': 40312, 'total_timesteps': 649521, 'gamma': 0.9504730166357697, 'gae_lambda': 0.9627773235034189, 'ent_coef': 0.0861683480585629, 'vf_coef': 0.138594427746804, 'max_grad_norm': 0.37451948570353955, 'reward_scaling': 0.0005298555413910047, 'hmax': 74285, 'high_profit_bonus': 240, 'partial_sell_bonus': 390, 'profit_threshold': 0.06287756615791083, 'sharpe_ratio_weight': 0.4118683745756862, 'loss_penalty_weight': 0.11006401846732838} because of the following error: KeyboardInterrupt().
Traceback (most recent call last):
  File "/Users/floriankockler/anaconda3/envs/py310/lib/python3.10/site-packages/optuna/study/_optimize.py", line 200, in _run_trial
    value_or_values = func(trial)
  File "/Users/floriankockler/Documents/GitHub.nosync/quantumai2/hyperoptimizer/optunaoptimizer.py", line 92, in objective
    model.learn(total_timesteps=timesteps, callback=callbacks,
  File "/Users/floriankockler/anaconda3/envs/py310/lib/python3.10/site-packages/stable_baselines3/a2c/a2c.py", line 194, in learn
    return super().learn(
  File "/Users/floriankockler/anaconda3/envs/py310/lib/python3.10/site-packages/stable_baselines3/common/on_policy_algorithm.py", line 259, in learn
    continue_training = self.collect_rollouts(self.env, callback, self.rollout_buffer, n_rollout_steps=self.n_steps)
  File "/Users/floriankockler/anaconda3/envs/py310/lib/python3.10/site-packages/stable_baselines3/common/on_policy_algorithm.py", line 178, in collect_rollouts
    new_obs, rewards, dones, infos = env.step(clipped_actions)
  File "/Users/floriankockler/anaconda3/envs/py310/lib/python3.10/site-packages/stable_baselines3/common/vec_env/base_vec_env.py", line 197, in step
    return self.step_wait()
  File "/Users/floriankockler/anaconda3/envs/py310/lib/python3.10/site-packages/stable_baselines3/common/vec_env/vec_normalize.py", line 178, in step_wait
    obs, rewards, dones, infos = self.venv.step_wait()
  File "/Users/floriankockler/anaconda3/envs/py310/lib/python3.10/site-packages/stable_baselines3/common/vec_env/dummy_vec_env.py", line 58, in step_wait
    obs, self.buf_rews[env_idx], terminated, truncated, self.buf_infos[env_idx] = self.envs[env_idx].step(
  File "/Users/floriankockler/Documents/GitHub.nosync/quantumai2/env/stock_trading_v2.py", line 212, in step
    self.date_memory.append(self._get_date())
  File "/Users/floriankockler/Documents/GitHub.nosync/quantumai2/env/stock_trading_v2.py", line 354, in _get_date
    if len(self.df.tic.unique()) > 1:
  File "/Users/floriankockler/anaconda3/envs/py310/lib/python3.10/site-packages/pandas/core/series.py", line 2194, in unique
    return super().unique()
  File "/Users/floriankockler/anaconda3/envs/py310/lib/python3.10/site-packages/pandas/core/base.py", line 1030, in unique
    result = algorithms.unique1d(values)
  File "/Users/floriankockler/anaconda3/envs/py310/lib/python3.10/site-packages/pandas/core/algorithms.py", line 390, in unique
    return unique_with_mask(values)
  File "/Users/floriankockler/anaconda3/envs/py310/lib/python3.10/site-packages/pandas/core/algorithms.py", line 429, in unique_with_mask
    uniques = table.unique(values)
KeyboardInterrupt
Trial 4 failed with value None.
A new study created in memory with name: no-name-2e72b175-dbaf-40b8-9c74-c4ec3bf3fa80
Trial 0 finished with value: -100000.0 and parameters: {'learning_rate': 0.0003010914872196899, 'total_timesteps': 99591, 'n_steps': 1303, 'batch_size': 98, 'n_epochs': 4, 'gamma': 0.9342284293250849, 'gae_lambda': 0.8778574063217981, 'clip_range': 0.35312933873450064, 'ent_coef': 0.020746242795424724, 'vf_coef': 0.14914179179120632, 'max_grad_norm': 0.11933925975575017, 'reward_scaling': 4.132230195688731e-05, 'hmax': 32354, 'sharpe_ratio_weight': 0.15850695349319224, 'loss_penalty_weight': 0.7484552683956899}. Best is trial 0 with value: -100000.0.
Trial 1 finished with value: -100000.0 and parameters: {'learning_rate': 1.5328041421591132e-05, 'total_timesteps': 60539, 'n_steps': 1166, 'batch_size': 116, 'n_epochs': 4, 'gamma': 0.9569694320936795, 'gae_lambda': 0.8710489833253889, 'clip_range': 0.35666534617506346, 'ent_coef': 0.028185635625962515, 'vf_coef': 0.11450574463811483, 'max_grad_norm': 0.2595665012511738, 'reward_scaling': 1.0576753089739412e-05, 'hmax': 42930, 'sharpe_ratio_weight': 0.10109272895154373, 'loss_penalty_weight': 0.6968350821111442}. Best is trial 0 with value: -100000.0.
Trial 2 finished with value: -100000.0 and parameters: {'learning_rate': 0.00048427884815227615, 'total_timesteps': 549117, 'n_steps': 1383, 'batch_size': 55, 'n_epochs': 1, 'gamma': 0.9662923073035917, 'gae_lambda': 0.9050054626037812, 'clip_range': 0.1701712559543163, 'ent_coef': 0.025508093875705053, 'vf_coef': 0.14886667950716087, 'max_grad_norm': 0.5758899568532951, 'reward_scaling': 2.6949311294457777e-05, 'hmax': 30936, 'sharpe_ratio_weight': 0.2231573544566889, 'loss_penalty_weight': 0.49839458247477764}. Best is trial 0 with value: -100000.0.
Trial 3 finished with value: -100000.0 and parameters: {'learning_rate': 0.00026639939224443985, 'total_timesteps': 75905, 'n_steps': 384, 'batch_size': 55, 'n_epochs': 3, 'gamma': 0.9492956351324798, 'gae_lambda': 0.8813317150145246, 'clip_range': 0.2049398165299893, 'ent_coef': 0.04571588907981339, 'vf_coef': 0.23872180681528116, 'max_grad_norm': 0.10163567490320043, 'reward_scaling': 0.000539420372179163, 'hmax': 37768, 'sharpe_ratio_weight': 0.21408715222144578, 'loss_penalty_weight': 0.595793438248803}. Best is trial 0 with value: -100000.0.
Trial 4 finished with value: -100000.0 and parameters: {'learning_rate': 1.9612530015558336e-05, 'total_timesteps': 669166, 'n_steps': 342, 'batch_size': 18, 'n_epochs': 9, 'gamma': 0.9036289731422152, 'gae_lambda': 0.8664176637014444, 'clip_range': 0.10501786267105602, 'ent_coef': 0.015160556067553949, 'vf_coef': 0.15013425545036865, 'max_grad_norm': 0.5033088940080438, 'reward_scaling': 0.0002678217380042117, 'hmax': 39849, 'sharpe_ratio_weight': 0.1943834379487671, 'loss_penalty_weight': 0.4728598852445927}. Best is trial 0 with value: -100000.0.
Trial 5 finished with value: -100000.0 and parameters: {'learning_rate': 0.00010973113069609831, 'total_timesteps': 120762, 'n_steps': 1449, 'batch_size': 124, 'n_epochs': 9, 'gamma': 0.9186984204233423, 'gae_lambda': 0.8926558515803213, 'clip_range': 0.32212804038279724, 'ent_coef': 0.0195871640528298, 'vf_coef': 0.1714306066172069, 'max_grad_norm': 0.20034814497876147, 'reward_scaling': 2.0186420890012766e-05, 'hmax': 40159, 'sharpe_ratio_weight': 0.25729712455382964, 'loss_penalty_weight': 0.4615584780748577}. Best is trial 0 with value: -100000.0.
Trial 6 finished with value: -100000.0 and parameters: {'learning_rate': 0.0001761777036554663, 'total_timesteps': 230733, 'n_steps': 881, 'batch_size': 91, 'n_epochs': 5, 'gamma': 0.99220215110851, 'gae_lambda': 0.8509581567728741, 'clip_range': 0.12762960289428904, 'ent_coef': 0.06786622168358322, 'vf_coef': 0.12175981475849121, 'max_grad_norm': 0.10778445057637526, 'reward_scaling': 3.8397642970471616e-05, 'hmax': 58601, 'sharpe_ratio_weight': 0.11851911632568297, 'loss_penalty_weight': 0.7289207440665099}. Best is trial 0 with value: -100000.0.
Trial 7 finished with value: -100000.0 and parameters: {'learning_rate': 0.00012217824703943998, 'total_timesteps': 464097, 'n_steps': 1138, 'batch_size': 44, 'n_epochs': 6, 'gamma': 0.9932303687694682, 'gae_lambda': 0.9002414577623652, 'clip_range': 0.2962254473447956, 'ent_coef': 0.04007748080780814, 'vf_coef': 0.29557586273374487, 'max_grad_norm': 0.49426987842810965, 'reward_scaling': 2.2019986094202482e-05, 'hmax': 46941, 'sharpe_ratio_weight': 0.13392705014526948, 'loss_penalty_weight': 0.45735731807465035}. Best is trial 0 with value: -100000.0.
Trial 8 finished with value: -100000.0 and parameters: {'learning_rate': 0.0001435225378609429, 'total_timesteps': 433347, 'n_steps': 639, 'batch_size': 42, 'n_epochs': 10, 'gamma': 0.9116314472356821, 'gae_lambda': 0.8715199158883918, 'clip_range': 0.29496305151067864, 'ent_coef': 0.02506685418675536, 'vf_coef': 0.18719996812780731, 'max_grad_norm': 0.10608495051119508, 'reward_scaling': 1.3420943130076429e-05, 'hmax': 35251, 'sharpe_ratio_weight': 0.25517464545914315, 'loss_penalty_weight': 0.47005670359481583}. Best is trial 0 with value: -100000.0.
Trial 9 finished with value: -100000.0 and parameters: {'learning_rate': 0.0002557297438851181, 'total_timesteps': 112258, 'n_steps': 486, 'batch_size': 92, 'n_epochs': 5, 'gamma': 0.9530585591435702, 'gae_lambda': 0.9238009087956564, 'clip_range': 0.19389681532517378, 'ent_coef': 0.02451815462037366, 'vf_coef': 0.17273856684655223, 'max_grad_norm': 0.20755262471878005, 'reward_scaling': 0.0008786999319384912, 'hmax': 40473, 'sharpe_ratio_weight': 0.22453955014520255, 'loss_penalty_weight': 0.5907812617266491}. Best is trial 0 with value: -100000.0.
Trial 10 finished with value: -100000.0 and parameters: {'learning_rate': 0.0009147868741496705, 'total_timesteps': 270327, 'n_steps': 2002, 'batch_size': 90, 'n_epochs': 7, 'gamma': 0.9267279620909441, 'gae_lambda': 0.9484483983448604, 'clip_range': 0.3969016255364158, 'ent_coef': 0.012438864461336602, 'vf_coef': 0.10670269515293597, 'max_grad_norm': 0.14402133235244338, 'reward_scaling': 7.786863254877485e-05, 'hmax': 49257, 'sharpe_ratio_weight': 0.15994213131689963, 'loss_penalty_weight': 0.7835334854325748}. Best is trial 0 with value: -100000.0.
Trial 11 finished with value: -100000.0 and parameters: {'learning_rate': 3.57956101984605e-05, 'total_timesteps': 270914, 'n_steps': 1615, 'batch_size': 128, 'n_epochs': 3, 'gamma': 0.9336058492727068, 'gae_lambda': 0.8518056054427883, 'clip_range': 0.3869678879691415, 'ent_coef': 0.01663232607975798, 'vf_coef': 0.10057781962423916, 'max_grad_norm': 0.2887371712595, 'reward_scaling': 1.156786201652274e-05, 'hmax': 30589, 'sharpe_ratio_weight': 0.10676976768816, 'loss_penalty_weight': 0.6817372163729509}. Best is trial 0 with value: -100000.0.
Trial 12 finished with value: -100000.0 and parameters: {'learning_rate': 4.8474255777616146e-05, 'total_timesteps': 184192, 'n_steps': 1067, 'batch_size': 110, 'n_epochs': 3, 'gamma': 0.9363622102876831, 'gae_lambda': 0.8764503747582081, 'clip_range': 0.3523564813841467, 'ent_coef': 0.011054041858880169, 'vf_coef': 0.12590262314301065, 'max_grad_norm': 0.28115892370046625, 'reward_scaling': 5.227259196594277e-05, 'hmax': 54214, 'sharpe_ratio_weight': 0.10012850326135071, 'loss_penalty_weight': 0.6715701010728218}. Best is trial 0 with value: -100000.0.
Trial 13 finished with value: -100000.0 and parameters: {'learning_rate': 1.2896921686606324e-05, 'total_timesteps': 362830, 'n_steps': 1787, 'batch_size': 106, 'n_epochs': 1, 'gamma': 0.9703431784749464, 'gae_lambda': 0.8860952002559708, 'clip_range': 0.2666562378582913, 'ent_coef': 0.03381736956547939, 'vf_coef': 0.13058213383236436, 'max_grad_norm': 0.15797694815648736, 'reward_scaling': 1.0206727136074676e-05, 'hmax': 43794, 'sharpe_ratio_weight': 0.14945948595230352, 'loss_penalty_weight': 0.7702216872407648}. Best is trial 0 with value: -100000.0.
Trial 14 finished with value: -100000.0 and parameters: {'learning_rate': 1.0174457808654182e-05, 'total_timesteps': 79340, 'n_steps': 1191, 'batch_size': 78, 'n_epochs': 4, 'gamma': 0.9400655396941112, 'gae_lambda': 0.8654147085439724, 'clip_range': 0.35213361190352976, 'ent_coef': 0.020334459796746154, 'vf_coef': 0.11325997648613521, 'max_grad_norm': 0.3371018078420125, 'reward_scaling': 0.00010018654602578217, 'hmax': 34938, 'sharpe_ratio_weight': 0.13290900849594567, 'loss_penalty_weight': 0.6528017269744216}. Best is trial 0 with value: -100000.0.
Trial 15 finished with value: -100000.0 and parameters: {'learning_rate': 5.122249164739257e-05, 'total_timesteps': 164425, 'n_steps': 822, 'batch_size': 109, 'n_epochs': 7, 'gamma': 0.9240271595419361, 'gae_lambda': 0.8894887444998832, 'clip_range': 0.2447651884655515, 'ent_coef': 0.030193190670109674, 'vf_coef': 0.14098308262109177, 'max_grad_norm': 0.14731756171683782, 'reward_scaling': 4.095214382446223e-05, 'hmax': 50269, 'sharpe_ratio_weight': 0.1800676903017973, 'loss_penalty_weight': 0.7263342742042179}. Best is trial 0 with value: -100000.0.
Trial 16 finished with value: -100000.0 and parameters: {'learning_rate': 7.302976652207634e-05, 'total_timesteps': 341967, 'n_steps': 1523, 'batch_size': 114, 'n_epochs': 4, 'gamma': 0.9514983140291335, 'gae_lambda': 0.8626157769287747, 'clip_range': 0.3497171275791103, 'ent_coef': 0.010047201570807582, 'vf_coef': 0.11479165468577382, 'max_grad_norm': 0.20668128352770784, 'reward_scaling': 1.8572001234674453e-05, 'hmax': 43949, 'sharpe_ratio_weight': 0.29673330767844347, 'loss_penalty_weight': 0.7983830163356206}. Best is trial 0 with value: -100000.0.
Trial 17 finished with value: -100000.0 and parameters: {'learning_rate': 2.4921543535248633e-05, 'total_timesteps': 56465, 'n_steps': 1271, 'batch_size': 78, 'n_epochs': 2, 'gamma': 0.9412093475642602, 'gae_lambda': 0.8769927260955008, 'clip_range': 0.3858228239561008, 'ent_coef': 0.0943480089608355, 'vf_coef': 0.1046308356131691, 'max_grad_norm': 0.3571945451801913, 'reward_scaling': 0.00012107449971601098, 'hmax': 53435, 'sharpe_ratio_weight': 0.11656735356368972, 'loss_penalty_weight': 0.41491273889550306}. Best is trial 0 with value: -100000.0.
Trial 18 finished with value: -100000.0 and parameters: {'learning_rate': 7.739790054099566e-05, 'total_timesteps': 182150, 'n_steps': 923, 'batch_size': 99, 'n_epochs': 6, 'gamma': 0.9616842657654203, 'gae_lambda': 0.8597436144527383, 'clip_range': 0.3210464328209577, 'ent_coef': 0.014563896631761837, 'vf_coef': 0.13867073442322622, 'max_grad_norm': 0.24131843639562975, 'reward_scaling': 3.3135208351735855e-05, 'hmax': 34128, 'sharpe_ratio_weight': 0.15630014609812437, 'loss_penalty_weight': 0.6530575198480784}. Best is trial 0 with value: -100000.0.
Trial 19 finished with value: -100000.0 and parameters: {'learning_rate': 1.8424328733349995e-05, 'total_timesteps': 293452, 'n_steps': 1744, 'batch_size': 73, 'n_epochs': 4, 'gamma': 0.9761295827481196, 'gae_lambda': 0.8744115888941986, 'clip_range': 0.26614987074653834, 'ent_coef': 0.01820903966205574, 'vf_coef': 0.12107743401627162, 'max_grad_norm': 0.12698593737917763, 'reward_scaling': 1.571190201941749e-05, 'hmax': 46332, 'sharpe_ratio_weight': 0.173904668068252, 'loss_penalty_weight': 0.6183865192606017}. Best is trial 0 with value: -100000.0.
Trial 20 finished with value: -100000.0 and parameters: {'learning_rate': 2.7110357938581315e-05, 'total_timesteps': 574862, 'n_steps': 187, 'batch_size': 121, 'n_epochs': 7, 'gamma': 0.9593549593231175, 'gae_lambda': 0.8932792518390764, 'clip_range': 0.36685182678590716, 'ent_coef': 0.046529881355899715, 'vf_coef': 0.15624112365191561, 'max_grad_norm': 0.17581825726399958, 'reward_scaling': 5.839867018293344e-05, 'hmax': 58936, 'sharpe_ratio_weight': 0.13707318312079833, 'loss_penalty_weight': 0.546416708716236}. Best is trial 0 with value: -100000.0.
