Trial 0 finished with value: -100000.0 and parameters: {'learning_rate': 1.2245418875545066e-05, 'n_steps': 14496, 'total_timesteps': 131306, 'gamma': 0.985749208256163, 'gae_lambda': 0.933527680002402, 'ent_coef': 0.0632260135656601, 'vf_coef': 0.24416324269418105, 'max_grad_norm': 0.33799460388269703, 'reward_scaling': 9.588233556870824e-05, 'hmax': 59793, 'sharpe_ratio_weight': 0.1623837319518761, 'loss_penalty_weight': 0.6287014141044179}. Best is trial 0 with value: -100000.0.
Trial 1 finished with value: -100000.0 and parameters: {'learning_rate': 3.90395115849112e-05, 'n_steps': 29345, 'total_timesteps': 397345, 'gamma': 0.9347643638603618, 'gae_lambda': 0.9074238192156956, 'ent_coef': 0.07962049911653866, 'vf_coef': 0.22381305319777792, 'max_grad_norm': 0.1711725478811519, 'reward_scaling': 5.147660983660687e-05, 'hmax': 40228, 'sharpe_ratio_weight': 0.13231687977068574, 'loss_penalty_weight': 0.46009701747183357}. Best is trial 0 with value: -100000.0.
Trial 2 finished with value: -100000.0 and parameters: {'learning_rate': 0.0003534142144850283, 'n_steps': 31653, 'total_timesteps': 128715, 'gamma': 0.9278147356346145, 'gae_lambda': 0.8583907483427978, 'ent_coef': 0.09657190524441699, 'vf_coef': 0.18658268983019, 'max_grad_norm': 0.13158816518750563, 'reward_scaling': 1.961083852027575e-05, 'hmax': 57148, 'sharpe_ratio_weight': 0.187244795706791, 'loss_penalty_weight': 0.683634404812603}. Best is trial 0 with value: -100000.0.
Trial 3 finished with value: -100000.0 and parameters: {'learning_rate': 0.0005647880427816182, 'n_steps': 27129, 'total_timesteps': 116553, 'gamma': 0.9504821892098189, 'gae_lambda': 0.8553071759347382, 'ent_coef': 0.07507214015539597, 'vf_coef': 0.12831763779998068, 'max_grad_norm': 0.3448761301648433, 'reward_scaling': 0.0005915709372865757, 'hmax': 56718, 'sharpe_ratio_weight': 0.15573954658623815, 'loss_penalty_weight': 0.772849210072203}. Best is trial 0 with value: -100000.0.
Trial 4 finished with value: -100000.0 and parameters: {'learning_rate': 1.591939844911225e-05, 'n_steps': 14707, 'total_timesteps': 54592, 'gamma': 0.9126502863679421, 'gae_lambda': 0.947056310377859, 'ent_coef': 0.08298393949253555, 'vf_coef': 0.1169023673026251, 'max_grad_norm': 0.11103029125453495, 'reward_scaling': 0.00022226627441021215, 'hmax': 30545, 'sharpe_ratio_weight': 0.17061440285861254, 'loss_penalty_weight': 0.6967979589358757}. Best is trial 0 with value: -100000.0.
Trial 5 finished with value: -100000.0 and parameters: {'learning_rate': 0.00010227109684695427, 'n_steps': 28283, 'total_timesteps': 66298, 'gamma': 0.9324855376650564, 'gae_lambda': 0.8728379710350556, 'ent_coef': 0.055621312440183535, 'vf_coef': 0.14094843599451287, 'max_grad_norm': 0.11767617727559429, 'reward_scaling': 1.4618678419435748e-05, 'hmax': 54142, 'sharpe_ratio_weight': 0.10144393625664463, 'loss_penalty_weight': 0.4622236941715904}. Best is trial 0 with value: -100000.0.
Trial 6 finished with value: -100000.0 and parameters: {'learning_rate': 0.0004145289144392955, 'n_steps': 40360, 'total_timesteps': 58973, 'gamma': 0.9264087226682575, 'gae_lambda': 0.9057258062687454, 'ent_coef': 0.06676252256142019, 'vf_coef': 0.1276839843230879, 'max_grad_norm': 0.23980317682522728, 'reward_scaling': 0.0001063083352166611, 'hmax': 53178, 'sharpe_ratio_weight': 0.2821029642055397, 'loss_penalty_weight': 0.7449958453620074}. Best is trial 0 with value: -100000.0.
Trial 7 finished with value: -100000.0 and parameters: {'learning_rate': 0.0005320056584117366, 'n_steps': 28570, 'total_timesteps': 512445, 'gamma': 0.9822851867847107, 'gae_lambda': 0.9011997808033263, 'ent_coef': 0.05607156338339483, 'vf_coef': 0.13743033532170296, 'max_grad_norm': 0.2659266095930686, 'reward_scaling': 0.0007520593869728623, 'hmax': 52103, 'sharpe_ratio_weight': 0.23269656063193725, 'loss_penalty_weight': 0.40317005548715046}. Best is trial 0 with value: -100000.0.
Trial 8 finished with value: -100000.0 and parameters: {'learning_rate': 0.00023321514656855208, 'n_steps': 55075, 'total_timesteps': 293016, 'gamma': 0.9651416043270173, 'gae_lambda': 0.9363514426489774, 'ent_coef': 0.07067930478065754, 'vf_coef': 0.15626691521889333, 'max_grad_norm': 0.22903317382501318, 'reward_scaling': 0.0002874398129790002, 'hmax': 38189, 'sharpe_ratio_weight': 0.19849512099937125, 'loss_penalty_weight': 0.7583519073776798}. Best is trial 0 with value: -100000.0.
Trial 9 finished with value: -100000.0 and parameters: {'learning_rate': 2.4559925454812942e-05, 'n_steps': 19134, 'total_timesteps': 218893, 'gamma': 0.9100569289650231, 'gae_lambda': 0.9352039089959693, 'ent_coef': 0.052795976251027193, 'vf_coef': 0.12037567882605518, 'max_grad_norm': 0.30588335545004586, 'reward_scaling': 8.740021861377636e-05, 'hmax': 40455, 'sharpe_ratio_weight': 0.10601368795125685, 'loss_penalty_weight': 0.5471097249431158}. Best is trial 0 with value: -100000.0.
Trial 10 finished with value: -100000.0 and parameters: {'learning_rate': 4.738216819560999e-05, 'n_steps': 5497, 'total_timesteps': 696944, 'gamma': 0.9992243562859289, 'gae_lambda': 0.9164321025479587, 'ent_coef': 0.06242452433762334, 'vf_coef': 0.2987811061903383, 'max_grad_norm': 0.3730964878797652, 'reward_scaling': 3.357411226087484e-05, 'hmax': 47856, 'sharpe_ratio_weight': 0.14105742757189565, 'loss_penalty_weight': 0.6076019381068537}. Best is trial 0 with value: -100000.0.
Trial 11 finished with value: -100000.0 and parameters: {'learning_rate': 1.1112051483983471e-05, 'n_steps': 3370, 'total_timesteps': 448670, 'gamma': 0.9574756767807191, 'gae_lambda': 0.9226470604776836, 'ent_coef': 0.07816905720970155, 'vf_coef': 0.23092425945182046, 'max_grad_norm': 0.17034257044904236, 'reward_scaling': 5.1453564935960185e-05, 'hmax': 42328, 'sharpe_ratio_weight': 0.1287827641489422, 'loss_penalty_weight': 0.529286020085546}. Best is trial 0 with value: -100000.0.
Trial 12 finished with value: -100000.0 and parameters: {'learning_rate': 3.146774485278767e-05, 'n_steps': 42327, 'total_timesteps': 363443, 'gamma': 0.9722804281612355, 'gae_lambda': 0.8830542190030626, 'ent_coef': 0.06056777608964783, 'vf_coef': 0.23148874181835064, 'max_grad_norm': 0.18912583715696032, 'reward_scaling': 4.47821977140752e-05, 'hmax': 34968, 'sharpe_ratio_weight': 0.12447155946342228, 'loss_penalty_weight': 0.6077398634289313}. Best is trial 0 with value: -100000.0.
Trial 13 finished with value: -100000.0 and parameters: {'learning_rate': 1.166189709848419e-05, 'n_steps': 14069, 'total_timesteps': 512009, 'gamma': 0.9426270369061859, 'gae_lambda': 0.9143673496470628, 'ent_coef': 0.06691896271565902, 'vf_coef': 0.1982561331424032, 'max_grad_norm': 0.394270600934842, 'reward_scaling': 0.00010848175729774073, 'hmax': 46310, 'sharpe_ratio_weight': 0.15245744640389175, 'loss_penalty_weight': 0.49534902958838306}. Best is trial 0 with value: -100000.0.
Trial 14 finished with value: -100000.0 and parameters: {'learning_rate': 6.159456585063713e-05, 'n_steps': 19904, 'total_timesteps': 254008, 'gamma': 0.9816574450252441, 'gae_lambda': 0.8905364699543109, 'ent_coef': 0.08400217830703037, 'vf_coef': 0.2697631666886184, 'max_grad_norm': 0.1668667780600825, 'reward_scaling': 2.5531089437087653e-05, 'hmax': 49548, 'sharpe_ratio_weight': 0.12209222684471867, 'loss_penalty_weight': 0.5933584775154471}. Best is trial 0 with value: -100000.0.
Trial 15 finished with value: -100000.0 and parameters: {'learning_rate': 2.1999717529384837e-05, 'n_steps': 46475, 'total_timesteps': 368311, 'gamma': 0.9442300143190553, 'gae_lambda': 0.9267718827673329, 'ent_coef': 0.050274914109432835, 'vf_coef': 0.10040732188155754, 'max_grad_norm': 0.2944257043111274, 'reward_scaling': 1.1216434748744435e-05, 'hmax': 59376, 'sharpe_ratio_weight': 0.17390842715920674, 'loss_penalty_weight': 0.46298049067589936}. Best is trial 0 with value: -100000.0.
Trial 16 finished with value: -100000.0 and parameters: {'learning_rate': 1.724381705113167e-05, 'n_steps': 35701, 'total_timesteps': 592905, 'gamma': 0.9590650363540186, 'gae_lambda': 0.9090408562660585, 'ent_coef': 0.07311020656785555, 'vf_coef': 0.220707691768912, 'max_grad_norm': 0.21363107037713125, 'reward_scaling': 5.0584625536504975e-05, 'hmax': 43859, 'sharpe_ratio_weight': 0.14167307094959952, 'loss_penalty_weight': 0.6291732714852126}. Best is trial 0 with value: -100000.0.
Trial 17 finished with value: -100000.0 and parameters: {'learning_rate': 1.019206796203262e-05, 'n_steps': 9261, 'total_timesteps': 174645, 'gamma': 0.9981381438432898, 'gae_lambda': 0.8972208074099316, 'ent_coef': 0.06069454714561336, 'vf_coef': 0.17467181334336168, 'max_grad_norm': 0.26152481254334514, 'reward_scaling': 7.13466321338496e-05, 'hmax': 36826, 'sharpe_ratio_weight': 0.1156974048543804, 'loss_penalty_weight': 0.5584784100680107}. Best is trial 0 with value: -100000.0.
Trial 18 finished with value: -100000.0 and parameters: {'learning_rate': 3.699198948273133e-05, 'n_steps': 21785, 'total_timesteps': 296932, 'gamma': 0.9415279086295024, 'gae_lambda': 0.9496411396559167, 'ent_coef': 0.09008434382260921, 'vf_coef': 0.2585539257259698, 'max_grad_norm': 0.14960547474480854, 'reward_scaling': 0.0001621922821169412, 'hmax': 31433, 'sharpe_ratio_weight': 0.13764771030162598, 'loss_penalty_weight': 0.6530642609643215}. Best is trial 0 with value: -100000.0.
Trial 19 finished with value: -100000.0 and parameters: {'learning_rate': 0.0009558178720419526, 'n_steps': 51792, 'total_timesteps': 427239, 'gamma': 0.9049880566380116, 'gae_lambda': 0.9217104355341156, 'ent_coef': 0.08101848124391452, 'vf_coef': 0.20441012297579056, 'max_grad_norm': 0.19167979620431022, 'reward_scaling': 2.534998835778677e-05, 'hmax': 39938, 'sharpe_ratio_weight': 0.21077041138231828, 'loss_penalty_weight': 0.5138390114924077}. Best is trial 0 with value: -100000.0.
Trial 20 finished with value: -100000.0 and parameters: {'learning_rate': 6.475729843085275e-05, 'n_steps': 13128, 'total_timesteps': 310276, 'gamma': 0.920008248814951, 'gae_lambda': 0.9306735256456794, 'ent_coef': 0.09983301773622241, 'vf_coef': 0.2517489528901565, 'max_grad_norm': 0.20856691807495448, 'reward_scaling': 6.54928769990811e-05, 'hmax': 50333, 'sharpe_ratio_weight': 0.16271621030168362, 'loss_penalty_weight': 0.5817472539490517}. Best is trial 0 with value: -100000.0.
Trial 21 finished with value: -100000.0 and parameters: {'learning_rate': 0.0001260067965455491, 'n_steps': 34287, 'total_timesteps': 148004, 'gamma': 0.9326422728846226, 'gae_lambda': 0.8638494811897675, 'ent_coef': 0.09203368657095141, 'vf_coef': 0.1861819842359106, 'max_grad_norm': 0.1315393578116073, 'reward_scaling': 1.9975491818669464e-05, 'hmax': 59612, 'sharpe_ratio_weight': 0.1838092954123348, 'loss_penalty_weight': 0.6688591907398314}. Best is trial 0 with value: -100000.0.
Trial 22 finished with value: -100000.0 and parameters: {'learning_rate': 0.0001439272703799752, 'n_steps': 23703, 'total_timesteps': 204448, 'gamma': 0.9230410722636359, 'gae_lambda': 0.8516018163473154, 'ent_coef': 0.08908609193234905, 'vf_coef': 0.20689897661301349, 'max_grad_norm': 0.13678721818487333, 'reward_scaling': 3.167782304830707e-05, 'hmax': 56110, 'sharpe_ratio_weight': 0.15365920771792374, 'loss_penalty_weight': 0.6920260456628478}. Best is trial 0 with value: -100000.0.
Trial 23 finished with value: -100000.0 and parameters: {'learning_rate': 6.531141584326447e-05, 'n_steps': 35317, 'total_timesteps': 121616, 'gamma': 0.934910379582662, 'gae_lambda': 0.8788951955391624, 'ent_coef': 0.09993214296965314, 'vf_coef': 0.18129601109187, 'max_grad_norm': 0.10233843957432237, 'reward_scaling': 1.707388899688357e-05, 'hmax': 56996, 'sharpe_ratio_weight': 0.17304136865560285, 'loss_penalty_weight': 0.639799010435931}. Best is trial 0 with value: -100000.0.
Trial 24 finished with value: -100000.0 and parameters: {'learning_rate': 2.9207135234296783e-05, 'n_steps': 32479, 'total_timesteps': 432237, 'gamma': 0.952834963290831, 'gae_lambda': 0.8938203745750293, 'ent_coef': 0.07832288799617462, 'vf_coef': 0.16257564876138222, 'max_grad_norm': 0.1645994310889877, 'reward_scaling': 1.0466292081094433e-05, 'hmax': 59955, 'sharpe_ratio_weight': 0.1822813723639629, 'loss_penalty_weight': 0.7185538888242392}. Best is trial 0 with value: -100000.0.
Trial 25 finished with value: -100000.0 and parameters: {'learning_rate': 4.265910117655094e-05, 'n_steps': 40724, 'total_timesteps': 250339, 'gamma': 0.9183000064140535, 'gae_lambda': 0.9098198341378253, 'ent_coef': 0.08657462465432021, 'vf_coef': 0.2167717623999313, 'max_grad_norm': 0.14447662289499721, 'reward_scaling': 3.98886567177502e-05, 'hmax': 45077, 'sharpe_ratio_weight': 0.14282535210180802, 'loss_penalty_weight': 0.7973334146198652}. Best is trial 0 with value: -100000.0.
Trial 26 finished with value: -100000.0 and parameters: {'learning_rate': 1.8499406562008533e-05, 'n_steps': 24326, 'total_timesteps': 347499, 'gamma': 0.9373979544823825, 'gae_lambda': 0.887988818218607, 'ent_coef': 0.0931783554719011, 'vf_coef': 0.19407184771346353, 'max_grad_norm': 0.18379345491958476, 'reward_scaling': 2.470995240721649e-05, 'hmax': 34723, 'sharpe_ratio_weight': 0.1954692099682806, 'loss_penalty_weight': 0.6691605268096152}. Best is trial 0 with value: -100000.0.
Trial 27 finished with value: -100000.0 and parameters: {'learning_rate': 0.00021592589767080014, 'n_steps': 48651, 'total_timesteps': 500410, 'gamma': 0.9275846438203897, 'gae_lambda': 0.902361577793936, 'ent_coef': 0.09524038740947748, 'vf_coef': 0.23959060566862814, 'max_grad_norm': 0.12811291463334087, 'reward_scaling': 3.5950233725113604e-05, 'hmax': 55236, 'sharpe_ratio_weight': 0.15939480177299836, 'loss_penalty_weight': 0.5740881878638128}. Best is trial 0 with value: -100000.0.
Trial 28 finished with value: -100000.0 and parameters: {'learning_rate': 2.5988716268098055e-05, 'n_steps': 58768, 'total_timesteps': 597388, 'gamma': 0.9481845822555405, 'gae_lambda': 0.8719382452251336, 'ent_coef': 0.08578348784884042, 'vf_coef': 0.21019804584886323, 'max_grad_norm': 0.16037132991245626, 'reward_scaling': 5.946649462248644e-05, 'hmax': 58048, 'sharpe_ratio_weight': 0.13157454174822744, 'loss_penalty_weight': 0.6301910390233064}. Best is trial 0 with value: -100000.0.
Trial 29 finished with value: -100000.0 and parameters: {'learning_rate': 1.530107346179658e-05, 'n_steps': 29344, 'total_timesteps': 107053, 'gamma': 0.9494326175976812, 'gae_lambda': 0.8546041410624898, 'ent_coef': 0.07494159074152351, 'vf_coef': 0.18786666413557734, 'max_grad_norm': 0.3411001276199292, 'reward_scaling': 0.00045118606180125304, 'hmax': 41759, 'sharpe_ratio_weight': 0.15573946987209938, 'loss_penalty_weight': 0.7186958647500684}. Best is trial 0 with value: -100000.0.
A new study created in memory with name: no-name-387016f6-10e0-49c3-a221-68e703330783
Trial 0 finished with value: -100000.0 and parameters: {'learning_rate': 6.643954092775987e-05, 'n_steps': 47822, 'total_timesteps': 109736, 'gamma': 0.9972196302551318, 'gae_lambda': 0.91566571449634, 'ent_coef': 0.09768219176589696, 'vf_coef': 0.14508621622423234, 'max_grad_norm': 0.23722135543596384, 'reward_scaling': 2.044581930286013e-05, 'hmax': 51911, 'sharpe_ratio_weight': 0.20881504066932016, 'loss_penalty_weight': 0.45858314909833936}. Best is trial 0 with value: -100000.0.
Trial 1 finished with value: -100000.0 and parameters: {'learning_rate': 3.609808188826455e-05, 'n_steps': 26429, 'total_timesteps': 636018, 'gamma': 0.9126318436501654, 'gae_lambda': 0.9010721265970637, 'ent_coef': 0.05168400775165454, 'vf_coef': 0.1302965228916745, 'max_grad_norm': 0.2199234014568976, 'reward_scaling': 3.293377509942418e-05, 'hmax': 42809, 'sharpe_ratio_weight': 0.16387749765726092, 'loss_penalty_weight': 0.5205173357294074}. Best is trial 0 with value: -100000.0.
Trial 2 finished with value: -100000.0 and parameters: {'learning_rate': 0.00011006338296125592, 'n_steps': 2481, 'total_timesteps': 158247, 'gamma': 0.941063916784511, 'gae_lambda': 0.9036986011574346, 'ent_coef': 0.07156820161178339, 'vf_coef': 0.2544465033362807, 'max_grad_norm': 0.14780187931539107, 'reward_scaling': 0.0003581397104810907, 'hmax': 35461, 'sharpe_ratio_weight': 0.1345276214206, 'loss_penalty_weight': 0.46069269582718225}. Best is trial 0 with value: -100000.0.
Trial 3 finished with value: -100000.0 and parameters: {'learning_rate': 0.0003247485836434237, 'n_steps': 29667, 'total_timesteps': 449987, 'gamma': 0.9822454853814534, 'gae_lambda': 0.931927741250612, 'ent_coef': 0.07250766934245036, 'vf_coef': 0.11703780002958493, 'max_grad_norm': 0.18741151257582653, 'reward_scaling': 0.0005288836845647225, 'hmax': 32812, 'sharpe_ratio_weight': 0.24946238709485086, 'loss_penalty_weight': 0.7402893532707687}. Best is trial 0 with value: -100000.0.
Trial 4 finished with value: -100000.0 and parameters: {'learning_rate': 0.0005814205328360911, 'n_steps': 57380, 'total_timesteps': 218907, 'gamma': 0.9948852520391018, 'gae_lambda': 0.9437915246245782, 'ent_coef': 0.06526500104247429, 'vf_coef': 0.1359980518195258, 'max_grad_norm': 0.11437260312527397, 'reward_scaling': 0.0006292351017459627, 'hmax': 51797, 'sharpe_ratio_weight': 0.2924832044577599, 'loss_penalty_weight': 0.7299670093142844}. Best is trial 0 with value: -100000.0.
Trial 5 finished with value: -100000.0 and parameters: {'learning_rate': 8.808268296709511e-05, 'n_steps': 3489, 'total_timesteps': 671942, 'gamma': 0.9823795421090724, 'gae_lambda': 0.8729176071536805, 'ent_coef': 0.07686392956341738, 'vf_coef': 0.18067212423591714, 'max_grad_norm': 0.24474084731450008, 'reward_scaling': 0.0002746534976632881, 'hmax': 38762, 'sharpe_ratio_weight': 0.1899881686221134, 'loss_penalty_weight': 0.4404958891227675}. Best is trial 0 with value: -100000.0.
Trial 6 finished with value: -100000.0 and parameters: {'learning_rate': 3.225090014483298e-05, 'n_steps': 25298, 'total_timesteps': 50436, 'gamma': 0.9507689417941332, 'gae_lambda': 0.8981364054779187, 'ent_coef': 0.08394259030627699, 'vf_coef': 0.16689304109729136, 'max_grad_norm': 0.11313597810892238, 'reward_scaling': 0.00010473056012097304, 'hmax': 35065, 'sharpe_ratio_weight': 0.28640448207839714, 'loss_penalty_weight': 0.6643930706050143}. Best is trial 0 with value: -100000.0.
Trial 7 finished with value: -100000.0 and parameters: {'learning_rate': 0.0005453072142632855, 'n_steps': 2627, 'total_timesteps': 191003, 'gamma': 0.9166362667069412, 'gae_lambda': 0.8610896014464423, 'ent_coef': 0.08720580434020204, 'vf_coef': 0.152401561396781, 'max_grad_norm': 0.10602477076794678, 'reward_scaling': 1.1753175554753254e-05, 'hmax': 51674, 'sharpe_ratio_weight': 0.2987956028292516, 'loss_penalty_weight': 0.4805127811767599}. Best is trial 0 with value: -100000.0.
Trial 8 finished with value: -100000.0 and parameters: {'learning_rate': 1.0962435117935636e-05, 'n_steps': 30927, 'total_timesteps': 634689, 'gamma': 0.9569925631813901, 'gae_lambda': 0.873770597974125, 'ent_coef': 0.06824695617407416, 'vf_coef': 0.223259401452948, 'max_grad_norm': 0.1662022836805051, 'reward_scaling': 0.00010262098889557468, 'hmax': 32780, 'sharpe_ratio_weight': 0.14576013172334729, 'loss_penalty_weight': 0.601929686174886}. Best is trial 0 with value: -100000.0.
Trial 9 finished with value: -100000.0 and parameters: {'learning_rate': 0.00020012357100291866, 'n_steps': 39874, 'total_timesteps': 187516, 'gamma': 0.9575763058538184, 'gae_lambda': 0.893467272124482, 'ent_coef': 0.05711848324589863, 'vf_coef': 0.12425460459480844, 'max_grad_norm': 0.3075540318692579, 'reward_scaling': 0.0006480436312143673, 'hmax': 36742, 'sharpe_ratio_weight': 0.11042816663513881, 'loss_penalty_weight': 0.4709028502637191}. Best is trial 0 with value: -100000.0.
Trial 10 finished with value: -100000.0 and parameters: {'learning_rate': 0.0008589152791960313, 'n_steps': 58652, 'total_timesteps': 397108, 'gamma': 0.9985529601318827, 'gae_lambda': 0.9225883022748269, 'ent_coef': 0.09769520353265448, 'vf_coef': 0.10634742950303523, 'max_grad_norm': 0.38418603314957545, 'reward_scaling': 1.1531145327210063e-05, 'hmax': 58506, 'sharpe_ratio_weight': 0.20939066234863415, 'loss_penalty_weight': 0.41327226226980035}. Best is trial 0 with value: -100000.0.
Trial 11 finished with value: -100000.0 and parameters: {'learning_rate': 4.4171054375848945e-05, 'n_steps': 45330, 'total_timesteps': 504157, 'gamma': 0.9251860031937706, 'gae_lambda': 0.9097049455137158, 'ent_coef': 0.050466974095088664, 'vf_coef': 0.13861215852924746, 'max_grad_norm': 0.23222995794624463, 'reward_scaling': 2.9836025164312468e-05, 'hmax': 43362, 'sharpe_ratio_weight': 0.1692939979107309, 'loss_penalty_weight': 0.531821582717373}. Best is trial 0 with value: -100000.0.
Trial 12 finished with value: -100000.0 and parameters: {'learning_rate': 4.556425808317597e-05, 'n_steps': 17972, 'total_timesteps': 546638, 'gamma': 0.9027985566890326, 'gae_lambda': 0.9182322649978218, 'ent_coef': 0.09889503503781101, 'vf_coef': 0.10023275346940146, 'max_grad_norm': 0.24105011241026947, 'reward_scaling': 3.238866553298913e-05, 'hmax': 49214, 'sharpe_ratio_weight': 0.2244145191521636, 'loss_penalty_weight': 0.5327459143674292}. Best is trial 0 with value: -100000.0.
Trial 13 finished with value: -100000.0 and parameters: {'learning_rate': 2.190400492995216e-05, 'n_steps': 42820, 'total_timesteps': 315363, 'gamma': 0.9028730170300768, 'gae_lambda': 0.8878219386030248, 'ent_coef': 0.0605681860097662, 'vf_coef': 0.19130762888043928, 'max_grad_norm': 0.20397703422191668, 'reward_scaling': 3.2017232460876105e-05, 'hmax': 44063, 'sharpe_ratio_weight': 0.16742945519783356, 'loss_penalty_weight': 0.510568345518025}. Best is trial 0 with value: -100000.0.
