Trial 21 finished with value: -100000.0 and parameters: {'learning_rate': 0.0005527624614229922, 'total_timesteps': 528535, 'n_steps': 1356, 'batch_size': 57, 'n_epochs': 1, 'gamma': 0.9705109829100561, 'gae_lambda': 0.9054659279223943, 'clip_range': 0.3236828978460675, 'ent_coef': 0.024623955807667564, 'vf_coef': 0.13377310619212654, 'max_grad_norm': 0.5842734621504972, 'reward_scaling': 2.6933139404996862e-05, 'hmax': 30052, 'sharpe_ratio_weight': 0.19695319620519697, 'loss_penalty_weight': 0.5387507085247428}. Best is trial 0 with value: -100000.0.
Trial 22 finished with value: -100000.0 and parameters: {'learning_rate': 0.00043793010041210686, 'total_timesteps': 654336, 'n_steps': 1042, 'batch_size': 26, 'n_epochs': 2, 'gamma': 0.9452540700539702, 'gae_lambda': 0.905675154769993, 'clip_range': 0.3990244093444095, 'ent_coef': 0.029493773563457837, 'vf_coef': 0.1493268402936046, 'max_grad_norm': 0.3859064237317576, 'reward_scaling': 2.654037326676027e-05, 'hmax': 32774, 'sharpe_ratio_weight': 0.16184016392450062, 'loss_penalty_weight': 0.7241666035843966}. Best is trial 0 with value: -100000.0.
Trial 23 finished with value: -100000.0 and parameters: {'learning_rate': 0.00022621131106949772, 'total_timesteps': 582161, 'n_steps': 1397, 'batch_size': 66, 'n_epochs': 2, 'gamma': 0.9584071438262363, 'gae_lambda': 0.8860214891900261, 'clip_range': 0.16906744834566156, 'ent_coef': 0.021811177158030447, 'vf_coef': 0.16326361746717155, 'max_grad_norm': 0.422743377614932, 'reward_scaling': 1.012760269071503e-05, 'hmax': 37695, 'sharpe_ratio_weight': 0.12269091385974003, 'loss_penalty_weight': 0.5159550147258811}. Best is trial 0 with value: -100000.0.
Trial 24 finished with value: -100000.0 and parameters: {'learning_rate': 0.0003819101998560577, 'total_timesteps': 449744, 'n_steps': 702, 'batch_size': 44, 'n_epochs': 1, 'gamma': 0.9327565927391862, 'gae_lambda': 0.9132404538215773, 'clip_range': 0.2489634883148164, 'ent_coef': 0.027442029483270517, 'vf_coef': 0.14308043904091258, 'max_grad_norm': 0.31042218672041605, 'reward_scaling': 1.782433790670886e-05, 'hmax': 32278, 'sharpe_ratio_weight': 0.14625135281476576, 'loss_penalty_weight': 0.6977827222424057}. Best is trial 0 with value: -100000.0.
Trial 25 finished with value: -100000.0 and parameters: {'learning_rate': 0.0006970928412182261, 'total_timesteps': 137748, 'n_steps': 1631, 'batch_size': 84, 'n_epochs': 5, 'gamma': 0.9451582219629111, 'gae_lambda': 0.880110301960134, 'clip_range': 0.37087675865073483, 'ent_coef': 0.021655191222523018, 'vf_coef': 0.18215687477596446, 'max_grad_norm': 0.25569253283673293, 'reward_scaling': 2.6674953817414552e-05, 'hmax': 37120, 'sharpe_ratio_weight': 0.10661385251404722, 'loss_penalty_weight': 0.6298030346965221}. Best is trial 0 with value: -100000.0.
Trial 26 finished with value: -100000.0 and parameters: {'learning_rate': 0.00042004906611310623, 'total_timesteps': 507123, 'n_steps': 1274, 'batch_size': 101, 'n_epochs': 3, 'gamma': 0.9660528438764291, 'gae_lambda': 0.8711867295085972, 'clip_range': 0.22711097306269482, 'ent_coef': 0.03549043919981933, 'vf_coef': 0.1303560427599499, 'max_grad_norm': 0.24570388990769296, 'reward_scaling': 1.4322421272563665e-05, 'hmax': 42245, 'sharpe_ratio_weight': 0.170079796416592, 'loss_penalty_weight': 0.7498421556950897}. Best is trial 0 with value: -100000.0.
Trial 27 finished with value: -100000.0 and parameters: {'learning_rate': 0.00016822286932203484, 'total_timesteps': 208722, 'n_steps': 1955, 'batch_size': 64, 'n_epochs': 4, 'gamma': 0.980306424061142, 'gae_lambda': 0.8582079678014287, 'clip_range': 0.14824788130728014, 'ent_coef': 0.01764118828708698, 'vf_coef': 0.11391698908347553, 'max_grad_norm': 0.40756631031573826, 'reward_scaling': 3.466230248446228e-05, 'hmax': 32467, 'sharpe_ratio_weight': 0.14716519172896322, 'loss_penalty_weight': 0.6993162524999837}. Best is trial 0 with value: -100000.0.
Trial 28 finished with value: -100000.0 and parameters: {'learning_rate': 0.0003202810777272866, 'total_timesteps': 399331, 'n_steps': 1539, 'batch_size': 117, 'n_epochs': 2, 'gamma': 0.9555547822653934, 'gae_lambda': 0.8836389583054188, 'clip_range': 0.18187528459117952, 'ent_coef': 0.028269610193718053, 'vf_coef': 0.1584353255073331, 'max_grad_norm': 0.3268014063204228, 'reward_scaling': 1.5291697872120996e-05, 'hmax': 36477, 'sharpe_ratio_weight': 0.18535322275425534, 'loss_penalty_weight': 0.7603885520771052}. Best is trial 0 with value: -100000.0.
Trial 29 finished with value: -100000.0 and parameters: {'learning_rate': 0.00024955338432149966, 'total_timesteps': 62231, 'n_steps': 1019, 'batch_size': 33, 'n_epochs': 6, 'gamma': 0.948205311862369, 'gae_lambda': 0.8820063627731836, 'clip_range': 0.1992328632281327, 'ent_coef': 0.04013576992063257, 'vf_coef': 0.2012576516077558, 'max_grad_norm': 0.12143313480307258, 'reward_scaling': 2.2671189239015764e-05, 'hmax': 38334, 'sharpe_ratio_weight': 0.210611703064201, 'loss_penalty_weight': 0.5722296654443155}. Best is trial 0 with value: -100000.0.
A new study created in memory with name: no-name-b0c335c6-f78f-4c74-b84d-5ff854484bf4
Trial 0 finished with value: -100000.0 and parameters: {'learning_rate': 1.2620055767127413e-05, 'n_steps': 51262, 'total_timesteps': 377853, 'gamma': 0.9354658667719083, 'gae_lambda': 0.9283650575023741, 'ent_coef': 0.07729933585336388, 'vf_coef': 0.1979017373012445, 'max_grad_norm': 0.1844490691914314, 'reward_scaling': 4.9256916698643315e-05, 'hmax': 34705, 'sharpe_ratio_weight': 0.10208290127733963, 'loss_penalty_weight': 0.7065083288489971}. Best is trial 0 with value: -100000.0.
Trial 1 finished with value: -100000.0 and parameters: {'learning_rate': 0.0003116166583238297, 'n_steps': 11877, 'total_timesteps': 582027, 'gamma': 0.9727936861199226, 'gae_lambda': 0.9369586137038358, 'ent_coef': 0.0723916755065672, 'vf_coef': 0.18262309883602296, 'max_grad_norm': 0.11618032485906882, 'reward_scaling': 4.60710381539643e-05, 'hmax': 36673, 'sharpe_ratio_weight': 0.25440620003840186, 'loss_penalty_weight': 0.5588710158619276}. Best is trial 0 with value: -100000.0.
Trial 2 finished with value: -100000.0 and parameters: {'learning_rate': 6.485252344794021e-05, 'n_steps': 5324, 'total_timesteps': 75722, 'gamma': 0.9689424058030206, 'gae_lambda': 0.8961126617281918, 'ent_coef': 0.05388398380861251, 'vf_coef': 0.1999194041244619, 'max_grad_norm': 0.2125897809612192, 'reward_scaling': 3.095603863292773e-05, 'hmax': 37359, 'sharpe_ratio_weight': 0.13876792751110173, 'loss_penalty_weight': 0.458189248736948}. Best is trial 0 with value: -100000.0.
Trial 3 finished with value: -100000.0 and parameters: {'learning_rate': 5.373762329444971e-05, 'n_steps': 35206, 'total_timesteps': 657411, 'gamma': 0.9156049566028073, 'gae_lambda': 0.8874374385580382, 'ent_coef': 0.05139772969212826, 'vf_coef': 0.1887425839173197, 'max_grad_norm': 0.21378737354399371, 'reward_scaling': 0.0006826717576732641, 'hmax': 49603, 'sharpe_ratio_weight': 0.19508936216350284, 'loss_penalty_weight': 0.6013041854718776}. Best is trial 0 with value: -100000.0.
Trial 4 finished with value: -100000.0 and parameters: {'learning_rate': 0.00042054076323104906, 'n_steps': 16364, 'total_timesteps': 477480, 'gamma': 0.9420418002211397, 'gae_lambda': 0.9112836435347577, 'ent_coef': 0.06062831377900506, 'vf_coef': 0.15173156618153041, 'max_grad_norm': 0.2870117936477117, 'reward_scaling': 5.9032673075947746e-05, 'hmax': 47291, 'sharpe_ratio_weight': 0.25121485777475044, 'loss_penalty_weight': 0.7634973614903671}. Best is trial 0 with value: -100000.0.
Trial 5 finished with value: -100000.0 and parameters: {'learning_rate': 0.0006984388832972258, 'n_steps': 59005, 'total_timesteps': 436246, 'gamma': 0.9833020716451958, 'gae_lambda': 0.8871116448177012, 'ent_coef': 0.054126060123056284, 'vf_coef': 0.15349309654102067, 'max_grad_norm': 0.10128702932491564, 'reward_scaling': 5.499608493424739e-05, 'hmax': 31299, 'sharpe_ratio_weight': 0.14741329260027855, 'loss_penalty_weight': 0.45542836201770814}. Best is trial 0 with value: -100000.0.
Trial 6 finished with value: -100000.0 and parameters: {'learning_rate': 2.9885201551907904e-05, 'n_steps': 15457, 'total_timesteps': 265314, 'gamma': 0.9296056154499591, 'gae_lambda': 0.8752992746914771, 'ent_coef': 0.08258805830216244, 'vf_coef': 0.22144009099352532, 'max_grad_norm': 0.2446588051919616, 'reward_scaling': 3.460972981815837e-05, 'hmax': 40937, 'sharpe_ratio_weight': 0.19171470218203684, 'loss_penalty_weight': 0.5656381204650109}. Best is trial 0 with value: -100000.0.
Trial 7 finished with value: -100000.0 and parameters: {'learning_rate': 0.0007670102489285166, 'n_steps': 11359, 'total_timesteps': 94732, 'gamma': 0.9403471990846131, 'gae_lambda': 0.8828159479054334, 'ent_coef': 0.07874730446557662, 'vf_coef': 0.1492203310055485, 'max_grad_norm': 0.10758504142626442, 'reward_scaling': 4.698199569212072e-05, 'hmax': 44559, 'sharpe_ratio_weight': 0.2705113515616015, 'loss_penalty_weight': 0.6246759534470114}. Best is trial 0 with value: -100000.0.
Trial 8 finished with value: -100000.0 and parameters: {'learning_rate': 1.49083411068852e-05, 'n_steps': 9527, 'total_timesteps': 426338, 'gamma': 0.9712539185294523, 'gae_lambda': 0.8901307405664641, 'ent_coef': 0.05751509735035324, 'vf_coef': 0.22645563326267149, 'max_grad_norm': 0.2403641734360119, 'reward_scaling': 6.303511502091338e-05, 'hmax': 58576, 'sharpe_ratio_weight': 0.18589438855208718, 'loss_penalty_weight': 0.45057408672161076}. Best is trial 0 with value: -100000.0.
Trial 9 finished with value: -100000.0 and parameters: {'learning_rate': 0.00020834622094744346, 'n_steps': 43367, 'total_timesteps': 336761, 'gamma': 0.9495495728993086, 'gae_lambda': 0.9258405952617993, 'ent_coef': 0.0927888745655671, 'vf_coef': 0.2622719033850274, 'max_grad_norm': 0.12061972056169869, 'reward_scaling': 0.0006735534832590465, 'hmax': 32948, 'sharpe_ratio_weight': 0.2583223975851345, 'loss_penalty_weight': 0.4066149407968058}. Best is trial 0 with value: -100000.0.
Trial 10 finished with value: -100000.0 and parameters: {'learning_rate': 1.4223937815383233e-05, 'n_steps': 58335, 'total_timesteps': 221382, 'gamma': 0.9013296034941202, 'gae_lambda': 0.8555248234512558, 'ent_coef': 0.06642376391215814, 'vf_coef': 0.10790217080840918, 'max_grad_norm': 0.3466858761030789, 'reward_scaling': 1.2357890572507763e-05, 'hmax': 54704, 'sharpe_ratio_weight': 0.10148313558364443, 'loss_penalty_weight': 0.7880470206480256}. Best is trial 0 with value: -100000.0.
Trial 11 finished with value: -100000.0 and parameters: {'learning_rate': 0.00016077112804722843, 'n_steps': 27054, 'total_timesteps': 617300, 'gamma': 0.958650019342846, 'gae_lambda': 0.9489612223475148, 'ent_coef': 0.07221994380126327, 'vf_coef': 0.29530412214888574, 'max_grad_norm': 0.15414653275083384, 'reward_scaling': 0.00017078656486448437, 'hmax': 36302, 'sharpe_ratio_weight': 0.10612345732912452, 'loss_penalty_weight': 0.6888722648552155}. Best is trial 0 with value: -100000.0.
Trial 12 finished with value: -100000.0 and parameters: {'learning_rate': 0.00016851119030014214, 'n_steps': 47870, 'total_timesteps': 554518, 'gamma': 0.9937913823901313, 'gae_lambda': 0.9335154098967495, 'ent_coef': 0.06863564359624712, 'vf_coef': 0.17266707397627196, 'max_grad_norm': 0.14358332680456415, 'reward_scaling': 0.00013325495860772366, 'hmax': 38501, 'sharpe_ratio_weight': 0.22788921126571232, 'loss_penalty_weight': 0.5485288098948751}. Best is trial 0 with value: -100000.0.
Trial 13 finished with value: -100000.0 and parameters: {'learning_rate': 1.0026003453661597e-05, 'n_steps': 23869, 'total_timesteps': 554646, 'gamma': 0.9560960458942469, 'gae_lambda': 0.9151500645314542, 'ent_coef': 0.07932177306690945, 'vf_coef': 0.23984847378898594, 'max_grad_norm': 0.16945542256461996, 'reward_scaling': 1.6833612763475346e-05, 'hmax': 43218, 'sharpe_ratio_weight': 0.2941267956202298, 'loss_penalty_weight': 0.6749585065918933}. Best is trial 0 with value: -100000.0.
Trial 14 finished with value: -100000.0 and parameters: {'learning_rate': 2.621289991808834e-05, 'n_steps': 36762, 'total_timesteps': 314250, 'gamma': 0.9311685089512554, 'gae_lambda': 0.9451419718400285, 'ent_coef': 0.09715995788847616, 'vf_coef': 0.1927965937722944, 'max_grad_norm': 0.13014849366645867, 'reward_scaling': 1.8283290224462065e-05, 'hmax': 30092, 'sharpe_ratio_weight': 0.15494363779200274, 'loss_penalty_weight': 0.5246731651858461}. Best is trial 0 with value: -100000.0.
Trial 15 finished with value: -100000.0 and parameters: {'learning_rate': 9.687369111270429e-05, 'n_steps': 51055, 'total_timesteps': 186231, 'gamma': 0.9950706496443081, 'gae_lambda': 0.9272401232859232, 'ent_coef': 0.07339829054456416, 'vf_coef': 0.1706368065124518, 'max_grad_norm': 0.176490109727023, 'reward_scaling': 0.00011526920797247537, 'hmax': 35146, 'sharpe_ratio_weight': 0.1160534088543579, 'loss_penalty_weight': 0.7017282971713169}. Best is trial 0 with value: -100000.0.
Trial 16 finished with value: -100000.0 and parameters: {'learning_rate': 0.0004286300446397896, 'n_steps': 21383, 'total_timesteps': 534621, 'gamma': 0.9689086807333026, 'gae_lambda': 0.9106017178186061, 'ent_coef': 0.06400025510676996, 'vf_coef': 0.20860300252310576, 'max_grad_norm': 0.13006518451668617, 'reward_scaling': 2.619651519101312e-05, 'hmax': 40662, 'sharpe_ratio_weight': 0.12316158634050468, 'loss_penalty_weight': 0.6161546208435554}. Best is trial 0 with value: -100000.0.
Trial 17 finished with value: -100000.0 and parameters: {'learning_rate': 3.836469284624768e-05, 'n_steps': 2869, 'total_timesteps': 397873, 'gamma': 0.9822327689285951, 'gae_lambda': 0.9373808548959287, 'ent_coef': 0.08638901853132253, 'vf_coef': 0.24454223178197554, 'max_grad_norm': 0.18550413489858977, 'reward_scaling': 8.390573641368737e-05, 'hmax': 33806, 'sharpe_ratio_weight': 0.21979646176042475, 'loss_penalty_weight': 0.5096561479606307}. Best is trial 0 with value: -100000.0.
Trial 18 finished with value: -100000.0 and parameters: {'learning_rate': 9.127631786249278e-05, 'n_steps': 30661, 'total_timesteps': 690431, 'gamma': 0.9599015532006487, 'gae_lambda': 0.9211259321715854, 'ent_coef': 0.07445612613485282, 'vf_coef': 0.17992665941779934, 'max_grad_norm': 0.15541423760305542, 'reward_scaling': 0.00018137085345069562, 'hmax': 39956, 'sharpe_ratio_weight': 0.1654287541849358, 'loss_penalty_weight': 0.6463837739622931}. Best is trial 0 with value: -100000.0.
Trial 19 finished with value: -100000.0 and parameters: {'learning_rate': 2.533996910664132e-05, 'n_steps': 38978, 'total_timesteps': 488289, 'gamma': 0.9472724204292079, 'gae_lambda': 0.9395312896191679, 'ent_coef': 0.06853141093916035, 'vf_coef': 0.21318749979754018, 'max_grad_norm': 0.11871695162015389, 'reward_scaling': 1.0955290692456e-05, 'hmax': 49901, 'sharpe_ratio_weight': 0.13074865924295997, 'loss_penalty_weight': 0.5956859648564087}. Best is trial 0 with value: -100000.0.
Trial 20 finished with value: -100000.0 and parameters: {'learning_rate': 0.0002648321125694463, 'n_steps': 52676, 'total_timesteps': 345733, 'gamma': 0.9317132593688552, 'gae_lambda': 0.9330987691719547, 'ent_coef': 0.08659690342450072, 'vf_coef': 0.1334447933039304, 'max_grad_norm': 0.1394593363110436, 'reward_scaling': 3.710963729911986e-05, 'hmax': 43023, 'sharpe_ratio_weight': 0.11737602767054953, 'loss_penalty_weight': 0.7200079488350342}. Best is trial 0 with value: -100000.0.
Trial 21 finished with value: -100000.0 and parameters: {'learning_rate': 5.676963934436308e-05, 'n_steps': 2540, 'total_timesteps': 108229, 'gamma': 0.9679378979136453, 'gae_lambda': 0.9054565301139451, 'ent_coef': 0.062381153614899015, 'vf_coef': 0.20153816165455998, 'max_grad_norm': 0.2187597461301791, 'reward_scaling': 3.285894939693542e-05, 'hmax': 37145, 'sharpe_ratio_weight': 0.1391672122210561, 'loss_penalty_weight': 0.5012543290300966}. Best is trial 0 with value: -100000.0.
A new study created in memory with name: no-name-4d866842-542f-463a-9e5a-fa823c95aa86
Trial 0 finished with value: -100000.0 and parameters: {'learning_rate': 0.0008603008087427888, 'n_steps': 4402, 'total_timesteps': 484234, 'gamma': 0.9383715827659607, 'gae_lambda': 0.8888080354462877, 'ent_coef': 0.09414029191341018, 'vf_coef': 0.12270388886661035, 'max_grad_norm': 0.2535659416820367, 'reward_scaling': 0.00014791897533395382, 'hmax': 45458, 'sharpe_ratio_weight': 0.24039141559837046, 'loss_penalty_weight': 0.4787365989840602}. Best is trial 0 with value: -100000.0.
Trial 1 finished with value: -100000.0 and parameters: {'learning_rate': 0.0001295464553476921, 'n_steps': 50993, 'total_timesteps': 464331, 'gamma': 0.9213529706024467, 'gae_lambda': 0.8609167448939055, 'ent_coef': 0.06984016708673622, 'vf_coef': 0.14247124178371035, 'max_grad_norm': 0.15666261870968698, 'reward_scaling': 0.00044024793313248383, 'hmax': 57688, 'sharpe_ratio_weight': 0.13569880726988634, 'loss_penalty_weight': 0.6365884427847611}. Best is trial 0 with value: -100000.0.
Trial 2 finished with value: -100000.0 and parameters: {'learning_rate': 0.00033234968069253203, 'n_steps': 34970, 'total_timesteps': 545680, 'gamma': 0.9621025997527696, 'gae_lambda': 0.8831053177604944, 'ent_coef': 0.08150048228196807, 'vf_coef': 0.12870203731380617, 'max_grad_norm': 0.134275207849675, 'reward_scaling': 1.771064817074592e-05, 'hmax': 33616, 'sharpe_ratio_weight': 0.21260284024744835, 'loss_penalty_weight': 0.7802359885337028}. Best is trial 0 with value: -100000.0.
Trial 3 finished with value: -100000.0 and parameters: {'learning_rate': 4.9096329502400414e-05, 'n_steps': 14883, 'total_timesteps': 101708, 'gamma': 0.9934471215485282, 'gae_lambda': 0.8612033181693076, 'ent_coef': 0.050029239188162405, 'vf_coef': 0.22849013800135615, 'max_grad_norm': 0.20879493708074906, 'reward_scaling': 0.00037200506506856004, 'hmax': 33233, 'sharpe_ratio_weight': 0.10637972695470575, 'loss_penalty_weight': 0.5382905139466372}. Best is trial 0 with value: -100000.0.
Trial 4 finished with value: -100000.0 and parameters: {'learning_rate': 0.0003000733895573688, 'n_steps': 41360, 'total_timesteps': 565150, 'gamma': 0.9209968588057297, 'gae_lambda': 0.8706442270066109, 'ent_coef': 0.05341647542886721, 'vf_coef': 0.21023151187298558, 'max_grad_norm': 0.10949469213272066, 'reward_scaling': 2.4657861922418883e-05, 'hmax': 51887, 'sharpe_ratio_weight': 0.1769081477309403, 'loss_penalty_weight': 0.46881063396988104}. Best is trial 0 with value: -100000.0.
Trial 5 finished with value: -100000.0 and parameters: {'learning_rate': 3.05674428061283e-05, 'n_steps': 40864, 'total_timesteps': 511615, 'gamma': 0.9957669161132635, 'gae_lambda': 0.9484928265282898, 'ent_coef': 0.06821781758726767, 'vf_coef': 0.13591901962915057, 'max_grad_norm': 0.2666639981940963, 'reward_scaling': 3.058835218586478e-05, 'hmax': 45670, 'sharpe_ratio_weight': 0.18025229513684662, 'loss_penalty_weight': 0.6331786957504643}. Best is trial 0 with value: -100000.0.
Trial 6 finished with value: -100000.0 and parameters: {'learning_rate': 1.305921263548952e-05, 'n_steps': 21219, 'total_timesteps': 465971, 'gamma': 0.9131945809577328, 'gae_lambda': 0.8955522656834954, 'ent_coef': 0.08551735801563036, 'vf_coef': 0.13942101558174674, 'max_grad_norm': 0.2942115280026465, 'reward_scaling': 6.382186315793824e-05, 'hmax': 59968, 'sharpe_ratio_weight': 0.14880423177567034, 'loss_penalty_weight': 0.6363039554238612}. Best is trial 0 with value: -100000.0.
Trial 7 finished with value: -100000.0 and parameters: {'learning_rate': 0.00025385754322725145, 'n_steps': 30277, 'total_timesteps': 92306, 'gamma': 0.9694801963132295, 'gae_lambda': 0.9066304591469272, 'ent_coef': 0.0534911685714445, 'vf_coef': 0.172368633075432, 'max_grad_norm': 0.3423162851814658, 'reward_scaling': 5.774080210433707e-05, 'hmax': 54542, 'sharpe_ratio_weight': 0.15948080953924887, 'loss_penalty_weight': 0.4654026010523517}. Best is trial 0 with value: -100000.0.
Trial 8 finished with value: -100000.0 and parameters: {'learning_rate': 0.0001322138351993257, 'n_steps': 47295, 'total_timesteps': 526282, 'gamma': 0.9206051676783383, 'gae_lambda': 0.9041256956354331, 'ent_coef': 0.09571057832437246, 'vf_coef': 0.2216801518326301, 'max_grad_norm': 0.24354432727267417, 'reward_scaling': 0.0002997835587521898, 'hmax': 57008, 'sharpe_ratio_weight': 0.108585548564358, 'loss_penalty_weight': 0.4684370426196688}. Best is trial 0 with value: -100000.0.
Trial 9 finished with value: -100000.0 and parameters: {'learning_rate': 1.3983802422709023e-05, 'n_steps': 7852, 'total_timesteps': 290027, 'gamma': 0.9939967031555684, 'gae_lambda': 0.9014625008947387, 'ent_coef': 0.06354252847971167, 'vf_coef': 0.16163570153123688, 'max_grad_norm': 0.11215758584028021, 'reward_scaling': 1.4275704842330351e-05, 'hmax': 54570, 'sharpe_ratio_weight': 0.10969364942120413, 'loss_penalty_weight': 0.5760846937465424}. Best is trial 0 with value: -100000.0.
Trial 10 finished with value: -100000.0 and parameters: {'learning_rate': 0.0007598754871930555, 'n_steps': 6747, 'total_timesteps': 303025, 'gamma': 0.9365187026347567, 'gae_lambda': 0.8515016016844467, 'ent_coef': 0.09871599888429188, 'vf_coef': 0.10273710935383973, 'max_grad_norm': 0.38394364422518096, 'reward_scaling': 0.00016466868276841356, 'hmax': 40749, 'sharpe_ratio_weight': 0.29924738959359853, 'loss_penalty_weight': 0.4211962923171344}. Best is trial 0 with value: -100000.0.
Trial 11 finished with value: -100000.0 and parameters: {'learning_rate': 0.0008991182590703635, 'n_steps': 57713, 'total_timesteps': 673445, 'gamma': 0.9008048449297049, 'gae_lambda': 0.8729684722020773, 'ent_coef': 0.07724672186872562, 'vf_coef': 0.1055596006418678, 'max_grad_norm': 0.17252818200057327, 'reward_scaling': 0.0006378671983396872, 'hmax': 46981, 'sharpe_ratio_weight': 0.25355649191367147, 'loss_penalty_weight': 0.534321428526566}. Best is trial 0 with value: -100000.0.
