Trial 10 finished with value: -100000.0 and parameters: {'learning_rate': 0.000977718187941743, 'n_steps': 11687, 'total_timesteps': 514293, 'gamma': 0.905715008918723, 'gae_lambda': 0.9471110646082759, 'ent_coef': 0.08505366075151634, 'vf_coef': 0.2255919957440454, 'max_grad_norm': 0.20759749984295925, 'reward_scaling': 1.3353732733986625e-05, 'hmax': 59813, 'sharpe_ratio_weight': 0.2948900141343079, 'loss_penalty_weight': 0.40864623805445993}. Best is trial 0 with value: -100000.0.
Trial 11 finished with value: -100000.0 and parameters: {'learning_rate': 0.00013898960015522094, 'n_steps': 5366, 'total_timesteps': 446297, 'gamma': 0.9472833107944809, 'gae_lambda': 0.896054803614423, 'ent_coef': 0.06103643847778887, 'vf_coef': 0.10577853054577169, 'max_grad_norm': 0.16241175606698036, 'reward_scaling': 0.0002058777624433421, 'hmax': 54001, 'sharpe_ratio_weight': 0.1675504508608293, 'loss_penalty_weight': 0.7566032278667459}. Best is trial 0 with value: -100000.0.
Trial 12 finished with value: -100000.0 and parameters: {'learning_rate': 7.047494996266217e-05, 'n_steps': 2470, 'total_timesteps': 412051, 'gamma': 0.9314825082254216, 'gae_lambda': 0.949511268127126, 'ent_coef': 0.060068379198666325, 'vf_coef': 0.15110554311597338, 'max_grad_norm': 0.10161763692691102, 'reward_scaling': 0.00018587737410036162, 'hmax': 43522, 'sharpe_ratio_weight': 0.13465475467992458, 'loss_penalty_weight': 0.4457127120255852}. Best is trial 0 with value: -100000.0.
Trial 13 finished with value: -100000.0 and parameters: {'learning_rate': 0.00023535378983054685, 'n_steps': 34220, 'total_timesteps': 453216, 'gamma': 0.9589785976316668, 'gae_lambda': 0.9120420163537204, 'ent_coef': 0.08050299236080362, 'vf_coef': 0.22069489507437787, 'max_grad_norm': 0.1621802265927494, 'reward_scaling': 3.2000470109294366e-05, 'hmax': 51589, 'sharpe_ratio_weight': 0.17025471864447903, 'loss_penalty_weight': 0.4006719688413394}. Best is trial 0 with value: -100000.0.
Trial 14 finished with value: -100000.0 and parameters: {'learning_rate': 1.01889102795486e-05, 'n_steps': 14047, 'total_timesteps': 689938, 'gamma': 0.929521583213985, 'gae_lambda': 0.9277325223341837, 'ent_coef': 0.06413218276289558, 'vf_coef': 0.15390607768272221, 'max_grad_norm': 0.25511650121168317, 'reward_scaling': 1.061450272498906e-05, 'hmax': 53724, 'sharpe_ratio_weight': 0.10198329331107743, 'loss_penalty_weight': 0.6479137701923469}. Best is trial 0 with value: -100000.0.
Trial 15 finished with value: -100000.0 and parameters: {'learning_rate': 8.153727712730438e-05, 'n_steps': 58411, 'total_timesteps': 212825, 'gamma': 0.9568050620904597, 'gae_lambda': 0.8819290455692882, 'ent_coef': 0.05329183614861543, 'vf_coef': 0.1335379354717769, 'max_grad_norm': 0.16747809256189494, 'reward_scaling': 4.325699487691343e-05, 'hmax': 43652, 'sharpe_ratio_weight': 0.15145586400829167, 'loss_penalty_weight': 0.45650785829627416}. Best is trial 0 with value: -100000.0.
Trial 16 finished with value: -100000.0 and parameters: {'learning_rate': 5.136335709988444e-05, 'n_steps': 43258, 'total_timesteps': 358196, 'gamma': 0.9405558801056061, 'gae_lambda': 0.8511166705694103, 'ent_coef': 0.06650348572966569, 'vf_coef': 0.1712151730929429, 'max_grad_norm': 0.24975483225592865, 'reward_scaling': 0.0001095762481241357, 'hmax': 48958, 'sharpe_ratio_weight': 0.12029929336187203, 'loss_penalty_weight': 0.5407028100129744}. Best is trial 0 with value: -100000.0.
Trial 17 finished with value: -100000.0 and parameters: {'learning_rate': 0.00017579862701180976, 'n_steps': 14028, 'total_timesteps': 553647, 'gamma': 0.9174069852276476, 'gae_lambda': 0.9075657948748518, 'ent_coef': 0.05452666846287008, 'vf_coef': 0.19391677322135048, 'max_grad_norm': 0.13435656970149296, 'reward_scaling': 2.844699272540505e-05, 'hmax': 55993, 'sharpe_ratio_weight': 0.18281239331225013, 'loss_penalty_weight': 0.5980073644507358}. Best is trial 0 with value: -100000.0.
Trial 18 finished with value: -100000.0 and parameters: {'learning_rate': 0.0001213524832868731, 'n_steps': 30450, 'total_timesteps': 72458, 'gamma': 0.9364748768788417, 'gae_lambda': 0.9412022684694981, 'ent_coef': 0.07738508686615211, 'vf_coef': 0.10289164341062412, 'max_grad_norm': 0.10024743915430923, 'reward_scaling': 0.00013721077762937135, 'hmax': 44696, 'sharpe_ratio_weight': 0.25575819115811993, 'loss_penalty_weight': 0.6873345324899598}. Best is trial 0 with value: -100000.0.
Trial 19 finished with value: -100000.0 and parameters: {'learning_rate': 5.8331971263745925e-05, 'n_steps': 18017, 'total_timesteps': 480296, 'gamma': 0.9550999394752046, 'gae_lambda': 0.9224120056149091, 'ent_coef': 0.06572330963591269, 'vf_coef': 0.25016793937345344, 'max_grad_norm': 0.1817341875331646, 'reward_scaling': 0.000262939591264204, 'hmax': 49983, 'sharpe_ratio_weight': 0.18397305828574567, 'loss_penalty_weight': 0.592646147502568}. Best is trial 0 with value: -100000.0.
Trial 20 finished with value: -100000.0 and parameters: {'learning_rate': 0.0009839022960844558, 'n_steps': 29411, 'total_timesteps': 390528, 'gamma': 0.91910146899203, 'gae_lambda': 0.9359903410338403, 'ent_coef': 0.05762988947159181, 'vf_coef': 0.17447477185976562, 'max_grad_norm': 0.14001271721129382, 'reward_scaling': 0.0003243222468852903, 'hmax': 41420, 'sharpe_ratio_weight': 0.2402997876980117, 'loss_penalty_weight': 0.5270908731453114}. Best is trial 0 with value: -100000.0.
Trial 21 finished with value: -100000.0 and parameters: {'learning_rate': 1.5076106056826093e-05, 'n_steps': 7299, 'total_timesteps': 282039, 'gamma': 0.9248589463556287, 'gae_lambda': 0.939988070612745, 'ent_coef': 0.06827018793965897, 'vf_coef': 0.11878460808463306, 'max_grad_norm': 0.11927890045875478, 'reward_scaling': 0.0009852697587126712, 'hmax': 46715, 'sharpe_ratio_weight': 0.15193028321912835, 'loss_penalty_weight': 0.7969470256230008}. Best is trial 0 with value: -100000.0.
Trial 22 finished with value: -100000.0 and parameters: {'learning_rate': 5.3245133317243336e-05, 'n_steps': 38636, 'total_timesteps': 281350, 'gamma': 0.9394647205010594, 'gae_lambda': 0.940791124269082, 'ent_coef': 0.06883499107749931, 'vf_coef': 0.11242926254884307, 'max_grad_norm': 0.14333324835003666, 'reward_scaling': 0.00010598300107111194, 'hmax': 46820, 'sharpe_ratio_weight': 0.1536785961145011, 'loss_penalty_weight': 0.7195463998203034}. Best is trial 0 with value: -100000.0.
Trial 23 finished with value: -100000.0 and parameters: {'learning_rate': 9.495743418066763e-05, 'n_steps': 20637, 'total_timesteps': 153621, 'gamma': 0.9265157913189747, 'gae_lambda': 0.9495409116689973, 'ent_coef': 0.07631043331097159, 'vf_coef': 0.12964146913460317, 'max_grad_norm': 0.11937202191735333, 'reward_scaling': 0.0003774917273271603, 'hmax': 53032, 'sharpe_ratio_weight': 0.1425331410044291, 'loss_penalty_weight': 0.695192500435814}. Best is trial 0 with value: -100000.0.
Trial 24 finished with value: -100000.0 and parameters: {'learning_rate': 2.0035678550701637e-05, 'n_steps': 28265, 'total_timesteps': 329527, 'gamma': 0.9383801216536201, 'gae_lambda': 0.9293585836303754, 'ent_coef': 0.0631239836385766, 'vf_coef': 0.11902892486479368, 'max_grad_norm': 0.11079620833788131, 'reward_scaling': 0.00015998428330658032, 'hmax': 47838, 'sharpe_ratio_weight': 0.12803138516886528, 'loss_penalty_weight': 0.765923732901831}. Best is trial 0 with value: -100000.0.
Trial 25 finished with value: -100000.0 and parameters: {'learning_rate': 3.844543419206774e-05, 'n_steps': 17336, 'total_timesteps': 402102, 'gamma': 0.9493316961326844, 'gae_lambda': 0.9367984218371243, 'ent_coef': 0.06970493821882057, 'vf_coef': 0.10145785829341726, 'max_grad_norm': 0.14616735224051067, 'reward_scaling': 0.00026625138690069156, 'hmax': 56773, 'sharpe_ratio_weight': 0.15712419734089147, 'loss_penalty_weight': 0.7235982747380164}. Best is trial 0 with value: -100000.0.
Trial 26 finished with value: -100000.0 and parameters: {'learning_rate': 0.0001593335972453609, 'n_steps': 35540, 'total_timesteps': 300646, 'gamma': 0.9196014139536779, 'gae_lambda': 0.9220591147140367, 'ent_coef': 0.06515910522325788, 'vf_coef': 0.14437815902601778, 'max_grad_norm': 0.12864140527708923, 'reward_scaling': 0.0007355093955930564, 'hmax': 49839, 'sharpe_ratio_weight': 0.1833983650019948, 'loss_penalty_weight': 0.6265219302651824}. Best is trial 0 with value: -100000.0.
Trial 27 finished with value: -100000.0 and parameters: {'learning_rate': 0.00010140173607254928, 'n_steps': 11250, 'total_timesteps': 140908, 'gamma': 0.9003918626229771, 'gae_lambda': 0.9117534760020516, 'ent_coef': 0.05748063270619785, 'vf_coef': 0.13531344068760928, 'max_grad_norm': 0.11333767605247946, 'reward_scaling': 0.0005242060342717903, 'hmax': 45939, 'sharpe_ratio_weight': 0.16381558945263486, 'loss_penalty_weight': 0.6592516065211658}. Best is trial 0 with value: -100000.0.
Trial 28 finished with value: -100000.0 and parameters: {'learning_rate': 4.3807661700939514e-05, 'n_steps': 40866, 'total_timesteps': 244072, 'gamma': 0.9340444143747493, 'gae_lambda': 0.9438019200952904, 'ent_coef': 0.07479716832993803, 'vf_coef': 0.12414091431176259, 'max_grad_norm': 0.19457950194960238, 'reward_scaling': 0.00040305839473060717, 'hmax': 52275, 'sharpe_ratio_weight': 0.1358964844612378, 'loss_penalty_weight': 0.5670557922056629}. Best is trial 0 with value: -100000.0.
Trial 29 finished with value: -100000.0 and parameters: {'learning_rate': 7.162528415095645e-05, 'n_steps': 25596, 'total_timesteps': 343560, 'gamma': 0.942807477778269, 'gae_lambda': 0.9163449411367534, 'ent_coef': 0.07223170083831042, 'vf_coef': 0.11128811592678041, 'max_grad_norm': 0.3151578897607186, 'reward_scaling': 6.314924464427537e-05, 'hmax': 41438, 'sharpe_ratio_weight': 0.1425660614382008, 'loss_penalty_weight': 0.7917252956576952}. Best is trial 0 with value: -100000.0.
A new study created in memory with name: no-name-40ef1568-e041-4bc4-b6b3-50215bbf970e
Trial 0 finished with value: -100000.0 and parameters: {'learning_rate': 7.495590401061893e-05, 'n_steps': 42315, 'total_timesteps': 189644, 'gamma': 0.9998512897320897, 'gae_lambda': 0.9159255281792478, 'ent_coef': 0.09759164911899254, 'vf_coef': 0.15244769095296518, 'max_grad_norm': 0.14918150166750463, 'reward_scaling': 0.0007005568521357171, 'hmax': 52990, 'sharpe_ratio_weight': 0.15485558619173004, 'loss_penalty_weight': 0.6253536961948568}. Best is trial 0 with value: -100000.0.
Trial 1 finished with value: -100000.0 and parameters: {'learning_rate': 7.157993339333867e-05, 'n_steps': 46076, 'total_timesteps': 605984, 'gamma': 0.9030516572218975, 'gae_lambda': 0.912603875171504, 'ent_coef': 0.07469434229843945, 'vf_coef': 0.14008254855224014, 'max_grad_norm': 0.11849731394481318, 'reward_scaling': 0.0006085453446979565, 'hmax': 49682, 'sharpe_ratio_weight': 0.1446331646925075, 'loss_penalty_weight': 0.48804522659418575}. Best is trial 0 with value: -100000.0.
Trial 2 finished with value: -100000.0 and parameters: {'learning_rate': 2.263473202015531e-05, 'n_steps': 3440, 'total_timesteps': 471044, 'gamma': 0.9046520415464594, 'gae_lambda': 0.9461110623244982, 'ent_coef': 0.07950004145599937, 'vf_coef': 0.26453338441720947, 'max_grad_norm': 0.13376603483718782, 'reward_scaling': 0.0002539119774990795, 'hmax': 35422, 'sharpe_ratio_weight': 0.10783348998711187, 'loss_penalty_weight': 0.5320755427964706}. Best is trial 0 with value: -100000.0.
Trial 3 finished with value: -100000.0 and parameters: {'learning_rate': 0.00030574863801169334, 'n_steps': 37742, 'total_timesteps': 195579, 'gamma': 0.9085826296772325, 'gae_lambda': 0.9380535047314765, 'ent_coef': 0.09235589818289366, 'vf_coef': 0.15646005437765662, 'max_grad_norm': 0.1830713763215174, 'reward_scaling': 8.396824983984313e-05, 'hmax': 50453, 'sharpe_ratio_weight': 0.2029577504959464, 'loss_penalty_weight': 0.536302862647749}. Best is trial 0 with value: -100000.0.
Trial 4 finished with value: -100000.0 and parameters: {'learning_rate': 1.3603138155049538e-05, 'n_steps': 41911, 'total_timesteps': 509720, 'gamma': 0.9862797710806325, 'gae_lambda': 0.8713084372944235, 'ent_coef': 0.06423830895816393, 'vf_coef': 0.11312710915503027, 'max_grad_norm': 0.13029252748096212, 'reward_scaling': 5.034553425246563e-05, 'hmax': 52689, 'sharpe_ratio_weight': 0.1667974073656625, 'loss_penalty_weight': 0.7864011526847015}. Best is trial 0 with value: -100000.0.
Trial 5 finished with value: -100000.0 and parameters: {'learning_rate': 0.00022326311487301905, 'n_steps': 16615, 'total_timesteps': 517559, 'gamma': 0.9261875454165762, 'gae_lambda': 0.8581767190952972, 'ent_coef': 0.05268601169511291, 'vf_coef': 0.1740063416833544, 'max_grad_norm': 0.2301053282505264, 'reward_scaling': 0.00046612697289317583, 'hmax': 57640, 'sharpe_ratio_weight': 0.24146857555930584, 'loss_penalty_weight': 0.6028969485098017}. Best is trial 0 with value: -100000.0.
Trial 6 finished with value: -100000.0 and parameters: {'learning_rate': 3.604849358765482e-05, 'n_steps': 4819, 'total_timesteps': 635526, 'gamma': 0.950175379998941, 'gae_lambda': 0.9433594382027173, 'ent_coef': 0.08104032602611348, 'vf_coef': 0.19887324824647373, 'max_grad_norm': 0.10511761337992735, 'reward_scaling': 0.0008933395666552085, 'hmax': 37815, 'sharpe_ratio_weight': 0.11742775769698166, 'loss_penalty_weight': 0.7727531877835304}. Best is trial 0 with value: -100000.0.
Trial 7 finished with value: -100000.0 and parameters: {'learning_rate': 0.00023130866848862104, 'n_steps': 30020, 'total_timesteps': 449778, 'gamma': 0.9792492879897128, 'gae_lambda': 0.9005947305735811, 'ent_coef': 0.06431437476672826, 'vf_coef': 0.27137635142688055, 'max_grad_norm': 0.1237874263833454, 'reward_scaling': 5.381672057910279e-05, 'hmax': 55512, 'sharpe_ratio_weight': 0.23039169643938237, 'loss_penalty_weight': 0.6059527423054272}. Best is trial 0 with value: -100000.0.
Trial 8 finished with value: -100000.0 and parameters: {'learning_rate': 2.32820771283585e-05, 'n_steps': 40970, 'total_timesteps': 118178, 'gamma': 0.9409054499294283, 'gae_lambda': 0.9211657057658514, 'ent_coef': 0.0818441849237193, 'vf_coef': 0.10706184707323019, 'max_grad_norm': 0.35075423617506646, 'reward_scaling': 3.829648460312504e-05, 'hmax': 53303, 'sharpe_ratio_weight': 0.1697115241905674, 'loss_penalty_weight': 0.6316315981940721}. Best is trial 0 with value: -100000.0.
Trial 9 finished with value: -100000.0 and parameters: {'learning_rate': 9.17893370369176e-05, 'n_steps': 8019, 'total_timesteps': 251909, 'gamma': 0.9077660919941763, 'gae_lambda': 0.8767986185037151, 'ent_coef': 0.058686490563411284, 'vf_coef': 0.26435269747576307, 'max_grad_norm': 0.27864714386116335, 'reward_scaling': 1.3410257779445476e-05, 'hmax': 49441, 'sharpe_ratio_weight': 0.20264842705747652, 'loss_penalty_weight': 0.5772778589844455}. Best is trial 0 with value: -100000.0.
Trial 10 finished with value: -100000.0 and parameters: {'learning_rate': 0.0008550411210006417, 'n_steps': 59807, 'total_timesteps': 333719, 'gamma': 0.9878304786109395, 'gae_lambda': 0.8860874990254536, 'ent_coef': 0.09867367076366754, 'vf_coef': 0.13851010357232038, 'max_grad_norm': 0.17209666536088758, 'reward_scaling': 0.00021527721243055583, 'hmax': 43288, 'sharpe_ratio_weight': 0.2975813941598076, 'loss_penalty_weight': 0.42333638087731346}. Best is trial 0 with value: -100000.0.
Trial 11 finished with value: -100000.0 and parameters: {'learning_rate': 6.78735683035711e-05, 'n_steps': 55426, 'total_timesteps': 678205, 'gamma': 0.9637631069713556, 'gae_lambda': 0.9123176903229815, 'ent_coef': 0.07326927837477712, 'vf_coef': 0.13352845333145677, 'max_grad_norm': 0.10148652811499781, 'reward_scaling': 0.0009003214859753835, 'hmax': 43906, 'sharpe_ratio_weight': 0.13977969727574918, 'loss_penalty_weight': 0.4819657329994269}. Best is trial 0 with value: -100000.0.
Trial 12 finished with value: -100000.0 and parameters: {'learning_rate': 5.5887600473579174e-05, 'n_steps': 50131, 'total_timesteps': 96522, 'gamma': 0.9664629958994965, 'gae_lambda': 0.9170671274550208, 'ent_coef': 0.09158967520019512, 'vf_coef': 0.13332715730476366, 'max_grad_norm': 0.15554059833253264, 'reward_scaling': 0.0003589921684194615, 'hmax': 47060, 'sharpe_ratio_weight': 0.13940749234747454, 'loss_penalty_weight': 0.4169180907106523}. Best is trial 0 with value: -100000.0.
Trial 13 finished with value: -100000.0 and parameters: {'learning_rate': 0.00013288995021866942, 'n_steps': 27837, 'total_timesteps': 324086, 'gamma': 0.9977686724553733, 'gae_lambda': 0.898101124195743, 'ent_coef': 0.09976392029655266, 'vf_coef': 0.1790601079544273, 'max_grad_norm': 0.1523236840529695, 'reward_scaling': 0.0005930951112965166, 'hmax': 30443, 'sharpe_ratio_weight': 0.1418277803245943, 'loss_penalty_weight': 0.4761808546188506}. Best is trial 0 with value: -100000.0.
Trial 14 finished with value: -100000.0 and parameters: {'learning_rate': 4.988427045526682e-05, 'n_steps': 50398, 'total_timesteps': 588220, 'gamma': 0.9271784979272921, 'gae_lambda': 0.9278149350915258, 'ent_coef': 0.07279619699450308, 'vf_coef': 0.10257403444489895, 'max_grad_norm': 0.21715394232395474, 'reward_scaling': 0.0001692995689116694, 'hmax': 57601, 'sharpe_ratio_weight': 0.10078206766596667, 'loss_penalty_weight': 0.6637345457908056}. Best is trial 0 with value: -100000.0.
Trial 15 finished with value: -100000.0 and parameters: {'learning_rate': 0.00010301700306491581, 'n_steps': 21995, 'total_timesteps': 223559, 'gamma': 0.9658373932872993, 'gae_lambda': 0.9060840462862229, 'ent_coef': 0.08812806638946642, 'vf_coef': 0.14875820078913557, 'max_grad_norm': 0.11878009392114375, 'reward_scaling': 0.0005053566990355188, 'hmax': 46866, 'sharpe_ratio_weight': 0.12366888301464354, 'loss_penalty_weight': 0.6853133890660824}. Best is trial 0 with value: -100000.0.
Trial 16 finished with value: -100000.0 and parameters: {'learning_rate': 1.1301180228981162e-05, 'n_steps': 36070, 'total_timesteps': 372087, 'gamma': 0.9208230817952632, 'gae_lambda': 0.9300591120608788, 'ent_coef': 0.07690462291627877, 'vf_coef': 0.12328426140908715, 'max_grad_norm': 0.14787524028499982, 'reward_scaling': 0.0009515997306413314, 'hmax': 59493, 'sharpe_ratio_weight': 0.14890669989974173, 'loss_penalty_weight': 0.5398403879333943}. Best is trial 0 with value: -100000.0.
Trial 17 finished with value: -100000.0 and parameters: {'learning_rate': 3.5677493261144296e-05, 'n_steps': 47397, 'total_timesteps': 151592, 'gamma': 0.9002610687450425, 'gae_lambda': 0.9142401261140359, 'ent_coef': 0.08777351347481546, 'vf_coef': 0.12034598672911259, 'max_grad_norm': 0.18706166603020175, 'reward_scaling': 0.00014914404283091875, 'hmax': 38931, 'sharpe_ratio_weight': 0.12734877962421562, 'loss_penalty_weight': 0.4921404277508805}. Best is trial 0 with value: -100000.0.
Trial 18 finished with value: -100000.0 and parameters: {'learning_rate': 0.00015332368368628822, 'n_steps': 45421, 'total_timesteps': 57750, 'gamma': 0.9414515873764364, 'gae_lambda': 0.9304658201873951, 'ent_coef': 0.06836716113139293, 'vf_coef': 0.15811821973685122, 'max_grad_norm': 0.11403293754228035, 'reward_scaling': 0.0003088941318453591, 'hmax': 51023, 'sharpe_ratio_weight': 0.16490721920795762, 'loss_penalty_weight': 0.7055917947162585}. Best is trial 0 with value: -100000.0.
Trial 19 finished with value: -100000.0 and parameters: {'learning_rate': 7.903040214226352e-05, 'n_steps': 34213, 'total_timesteps': 258824, 'gamma': 0.9984995611171025, 'gae_lambda': 0.8954567071245518, 'ent_coef': 0.0831923977043169, 'vf_coef': 0.195266989581988, 'max_grad_norm': 0.1370017276467874, 'reward_scaling': 0.0005828503574090406, 'hmax': 41186, 'sharpe_ratio_weight': 0.15248596695911398, 'loss_penalty_weight': 0.5715148142853754}. Best is trial 0 with value: -100000.0.
Trial 20 finished with value: -100000.0 and parameters: {'learning_rate': 4.8926666704410814e-05, 'n_steps': 55013, 'total_timesteps': 579079, 'gamma': 0.9177044970344155, 'gae_lambda': 0.9074832728556541, 'ent_coef': 0.07628437107094398, 'vf_coef': 0.10041907285390864, 'max_grad_norm': 0.10049705906652492, 'reward_scaling': 0.00035399740002000035, 'hmax': 47421, 'sharpe_ratio_weight': 0.18572788475396568, 'loss_penalty_weight': 0.444053020409707}. Best is trial 0 with value: -100000.0.
Trial 21 finished with value: -100000.0 and parameters: {'learning_rate': 2.1238805286860143e-05, 'n_steps': 13828, 'total_timesteps': 459227, 'gamma': 0.9004930575706965, 'gae_lambda': 0.9487194309919065, 'ent_coef': 0.0789834540298216, 'vf_coef': 0.2943601254465051, 'max_grad_norm': 0.138506632684636, 'reward_scaling': 0.0002484554589502146, 'hmax': 32342, 'sharpe_ratio_weight': 0.10741473554094892, 'loss_penalty_weight': 0.5169224712981102}. Best is trial 0 with value: -100000.0.
Trial 22 finished with value: -100000.0 and parameters: {'learning_rate': 2.1279087193069755e-05, 'n_steps': 24730, 'total_timesteps': 443393, 'gamma': 0.9139425047018559, 'gae_lambda': 0.9495260797524171, 'ent_coef': 0.08447535737799101, 'vf_coef': 0.23202811059280906, 'max_grad_norm': 0.12307879154341637, 'reward_scaling': 0.0006266038582646141, 'hmax': 35221, 'sharpe_ratio_weight': 0.11379841533095374, 'loss_penalty_weight': 0.5484281005256688}. Best is trial 0 with value: -100000.0.
Trial 23 finished with value: -100000.0 and parameters: {'learning_rate': 2.93525203339227e-05, 'n_steps': 41041, 'total_timesteps': 693624, 'gamma': 0.9320384276261688, 'gae_lambda': 0.924373944630706, 'ent_coef': 0.0699299228167358, 'vf_coef': 0.22369691157744384, 'max_grad_norm': 0.159051454453661, 'reward_scaling': 0.0003978446397685211, 'hmax': 54120, 'sharpe_ratio_weight': 0.12938999073811025, 'loss_penalty_weight': 0.509069174693452}. Best is trial 0 with value: -100000.0.
