Trial 18 finished with value: -100000.0 and parameters: {'learning_rate': 0.0005235458906527747, 'n_steps': 41651, 'total_timesteps': 440609, 'gamma': 0.9894112622871042, 'gae_lambda': 0.8512891438131555, 'ent_coef': 0.09368097411645213, 'vf_coef': 0.15719971972602625, 'max_grad_norm': 0.3057941796824419, 'reward_scaling': 6.189695168949168e-05, 'hmax': 40798, 'sharpe_ratio_weight': 0.10069812917476224, 'loss_penalty_weight': 0.5326096316116824}. Best is trial 0 with value: -100000.0.
Trial 19 finished with value: -100000.0 and parameters: {'learning_rate': 0.000980692031626825, 'n_steps': 33099, 'total_timesteps': 631126, 'gamma': 0.9706837097901524, 'gae_lambda': 0.8944724661976071, 'ent_coef': 0.09974824502810925, 'vf_coef': 0.12787694849069123, 'max_grad_norm': 0.31594062020383096, 'reward_scaling': 0.00026512415809191824, 'hmax': 53318, 'sharpe_ratio_weight': 0.29732546203444055, 'loss_penalty_weight': 0.47693481755979383}. Best is trial 0 with value: -100000.0.
Trial 20 finished with value: -100000.0 and parameters: {'learning_rate': 8.52826514571187e-05, 'n_steps': 10419, 'total_timesteps': 64219, 'gamma': 0.9892369093810978, 'gae_lambda': 0.9248822834979614, 'ent_coef': 0.08280235760600146, 'vf_coef': 0.2337760840364213, 'max_grad_norm': 0.2656579111885909, 'reward_scaling': 7.078757486198606e-05, 'hmax': 46258, 'sharpe_ratio_weight': 0.15259712776351644, 'loss_penalty_weight': 0.6123286469498117}. Best is trial 0 with value: -100000.0.
Trial 21 finished with value: -100000.0 and parameters: {'learning_rate': 0.00026674169259788234, 'n_steps': 59451, 'total_timesteps': 520687, 'gamma': 0.957907660597302, 'gae_lambda': 0.9117978426918242, 'ent_coef': 0.07555564367378491, 'vf_coef': 0.2506584541393094, 'max_grad_norm': 0.11290858448623443, 'reward_scaling': 0.0007301633921037058, 'hmax': 56949, 'sharpe_ratio_weight': 0.18406229434824536, 'loss_penalty_weight': 0.43131021687934445}. Best is trial 0 with value: -100000.0.
Trial 22 finished with value: -100000.0 and parameters: {'learning_rate': 0.0003651076293780216, 'n_steps': 53160, 'total_timesteps': 621689, 'gamma': 0.9454263182949124, 'gae_lambda': 0.9215448871070001, 'ent_coef': 0.07797895259374325, 'vf_coef': 0.20027035543375268, 'max_grad_norm': 0.10165089073730559, 'reward_scaling': 0.0008290949713574095, 'hmax': 59475, 'sharpe_ratio_weight': 0.20568158405198853, 'loss_penalty_weight': 0.45422420935725666}. Best is trial 0 with value: -100000.0.
Trial 23 finished with value: -100000.0 and parameters: {'learning_rate': 0.00023100259062881927, 'n_steps': 47696, 'total_timesteps': 484369, 'gamma': 0.9011764337884499, 'gae_lambda': 0.9073295709170014, 'ent_coef': 0.07025305315511768, 'vf_coef': 0.1904268359208482, 'max_grad_norm': 0.15865956603622483, 'reward_scaling': 0.00031881352962511784, 'hmax': 54537, 'sharpe_ratio_weight': 0.17594202815652266, 'loss_penalty_weight': 0.5010075888810563}. Best is trial 0 with value: -100000.0.
Trial 24 finished with value: -100000.0 and parameters: {'learning_rate': 0.00043473195590191247, 'n_steps': 55838, 'total_timesteps': 588390, 'gamma': 0.9634742758353974, 'gae_lambda': 0.90023456086333, 'ent_coef': 0.08483313503153198, 'vf_coef': 0.22972625347805706, 'max_grad_norm': 0.19999273729961625, 'reward_scaling': 0.0005166950134001582, 'hmax': 51227, 'sharpe_ratio_weight': 0.23376290868144048, 'loss_penalty_weight': 0.43572144654410216}. Best is trial 0 with value: -100000.0.
Trial 25 finished with value: -100000.0 and parameters: {'learning_rate': 0.00012524076364152264, 'n_steps': 45079, 'total_timesteps': 698447, 'gamma': 0.9716708113089557, 'gae_lambda': 0.9288347948708366, 'ent_coef': 0.09391559937816603, 'vf_coef': 0.16270929952895735, 'max_grad_norm': 0.13994631456007514, 'reward_scaling': 0.0001316244881800724, 'hmax': 56432, 'sharpe_ratio_weight': 0.19626499187541277, 'loss_penalty_weight': 0.5514271173112083}. Best is trial 0 with value: -100000.0.
Trial 26 finished with value: -100000.0 and parameters: {'learning_rate': 0.0002261402969060068, 'n_steps': 55561, 'total_timesteps': 310848, 'gamma': 0.9310901171532342, 'gae_lambda': 0.9121001075950297, 'ent_coef': 0.08022241386886951, 'vf_coef': 0.2566126614220722, 'max_grad_norm': 0.18722575283636486, 'reward_scaling': 0.0005849380903318768, 'hmax': 57345, 'sharpe_ratio_weight': 0.17428579894566743, 'loss_penalty_weight': 0.49550565598257557}. Best is trial 0 with value: -100000.0.
Trial 27 finished with value: -100000.0 and parameters: {'learning_rate': 0.000320306897104863, 'n_steps': 25753, 'total_timesteps': 525884, 'gamma': 0.9785379517809886, 'gae_lambda': 0.9195672450461109, 'ent_coef': 0.0927247906636601, 'vf_coef': 0.21625877366618082, 'max_grad_norm': 0.21524997008477345, 'reward_scaling': 0.0009802988790725306, 'hmax': 46893, 'sharpe_ratio_weight': 0.2061648023079652, 'loss_penalty_weight': 0.45618035641774085}. Best is trial 0 with value: -100000.0.
Trial 28 finished with value: -100000.0 and parameters: {'learning_rate': 0.0006829818599752238, 'n_steps': 35931, 'total_timesteps': 380639, 'gamma': 0.948359954174481, 'gae_lambda': 0.8951067257314327, 'ent_coef': 0.08538360858798213, 'vf_coef': 0.18552472831485078, 'max_grad_norm': 0.1746363138696289, 'reward_scaling': 0.0003815058832984962, 'hmax': 51313, 'sharpe_ratio_weight': 0.16370114830978694, 'loss_penalty_weight': 0.5243898497607635}. Best is trial 0 with value: -100000.0.
Trial 29 finished with value: -100000.0 and parameters: {'learning_rate': 0.00014440033065404593, 'n_steps': 14599, 'total_timesteps': 567911, 'gamma': 0.9384600538359941, 'gae_lambda': 0.8881156825783421, 'ent_coef': 0.07321099544596549, 'vf_coef': 0.24372813710668825, 'max_grad_norm': 0.3402461502716296, 'reward_scaling': 0.00026410529055155557, 'hmax': 59957, 'sharpe_ratio_weight': 0.18819711346431342, 'loss_penalty_weight': 0.5088691614043616}. Best is trial 0 with value: -100000.0.
A new study created in memory with name: no-name-f67f4885-f82b-4c1d-ac44-6b2ecdd75016
Trial 0 finished with value: -100000.0 and parameters: {'learning_rate': 3.115395775381055e-05, 'n_steps': 56658, 'total_timesteps': 208264, 'gamma': 0.955774388422566, 'gae_lambda': 0.8716086836263642, 'ent_coef': 0.07663823899225343, 'vf_coef': 0.263612444742566, 'max_grad_norm': 0.13739286846161602, 'reward_scaling': 2.7312549335285802e-05, 'hmax': 47590, 'sharpe_ratio_weight': 0.1935096425984636, 'loss_penalty_weight': 0.5696962803697918}. Best is trial 0 with value: -100000.0.
Trial 1 finished with value: -100000.0 and parameters: {'learning_rate': 0.00012477175718424638, 'n_steps': 36688, 'total_timesteps': 515801, 'gamma': 0.9997440831025288, 'gae_lambda': 0.9291471530725185, 'ent_coef': 0.09887706737436718, 'vf_coef': 0.26108248237588993, 'max_grad_norm': 0.17243056411035884, 'reward_scaling': 0.0008038273080530852, 'hmax': 57689, 'sharpe_ratio_weight': 0.1861917344252082, 'loss_penalty_weight': 0.6934410913336111}. Best is trial 0 with value: -100000.0.
Trial 2 finished with value: -100000.0 and parameters: {'learning_rate': 0.0004328518830385722, 'n_steps': 53952, 'total_timesteps': 77044, 'gamma': 0.9220193150973938, 'gae_lambda': 0.923259928757196, 'ent_coef': 0.0725091430595141, 'vf_coef': 0.10288478702657748, 'max_grad_norm': 0.22505110987943197, 'reward_scaling': 0.00018229836168160012, 'hmax': 40611, 'sharpe_ratio_weight': 0.20732448119067573, 'loss_penalty_weight': 0.5311636305680012}. Best is trial 0 with value: -100000.0.
Trial 3 finished with value: -100000.0 and parameters: {'learning_rate': 0.00023258757350698659, 'n_steps': 41444, 'total_timesteps': 446036, 'gamma': 0.9008591506426471, 'gae_lambda': 0.8727819599067667, 'ent_coef': 0.0770978019045188, 'vf_coef': 0.2023025054958541, 'max_grad_norm': 0.3617883348706163, 'reward_scaling': 0.000959370877669221, 'hmax': 40148, 'sharpe_ratio_weight': 0.2977228283195784, 'loss_penalty_weight': 0.5441758813293982}. Best is trial 0 with value: -100000.0.
Trial 4 finished with value: -100000.0 and parameters: {'learning_rate': 2.0680539259131458e-05, 'n_steps': 25556, 'total_timesteps': 362897, 'gamma': 0.9159122250791241, 'gae_lambda': 0.8904993579611957, 'ent_coef': 0.08189677717922635, 'vf_coef': 0.1572432968865494, 'max_grad_norm': 0.15342192847696953, 'reward_scaling': 7.417679008228841e-05, 'hmax': 36900, 'sharpe_ratio_weight': 0.10539811394133038, 'loss_penalty_weight': 0.7853476932701238}. Best is trial 0 with value: -100000.0.
Trial 5 finished with value: -100000.0 and parameters: {'learning_rate': 6.45064117334528e-05, 'n_steps': 57793, 'total_timesteps': 625224, 'gamma': 0.9182307583300409, 'gae_lambda': 0.8982276388222423, 'ent_coef': 0.0863104910552929, 'vf_coef': 0.11897930278393548, 'max_grad_norm': 0.3909756830896445, 'reward_scaling': 0.00017347181817138749, 'hmax': 38862, 'sharpe_ratio_weight': 0.21215054894334992, 'loss_penalty_weight': 0.5163780297539988}. Best is trial 0 with value: -100000.0.
Trial 6 finished with value: -100000.0 and parameters: {'learning_rate': 8.613437926059537e-05, 'n_steps': 29764, 'total_timesteps': 139739, 'gamma': 0.9053736190934154, 'gae_lambda': 0.8841946832639047, 'ent_coef': 0.06104815386357736, 'vf_coef': 0.2894797105649881, 'max_grad_norm': 0.11668401355816088, 'reward_scaling': 0.00035075733440572906, 'hmax': 34623, 'sharpe_ratio_weight': 0.11567353410747719, 'loss_penalty_weight': 0.43442293341675914}. Best is trial 0 with value: -100000.0.
Trial 7 finished with value: -100000.0 and parameters: {'learning_rate': 1.6602207736471455e-05, 'n_steps': 43347, 'total_timesteps': 401253, 'gamma': 0.9152480078044867, 'gae_lambda': 0.9174687441888485, 'ent_coef': 0.05754480196141951, 'vf_coef': 0.22552696551417423, 'max_grad_norm': 0.1785706972106732, 'reward_scaling': 3.71493674440925e-05, 'hmax': 31234, 'sharpe_ratio_weight': 0.11301303540776142, 'loss_penalty_weight': 0.5090036738810736}. Best is trial 0 with value: -100000.0.
Trial 8 finished with value: -100000.0 and parameters: {'learning_rate': 2.835181905937495e-05, 'n_steps': 50099, 'total_timesteps': 163972, 'gamma': 0.9267717547388895, 'gae_lambda': 0.8852673614039152, 'ent_coef': 0.06794345826363081, 'vf_coef': 0.1316903266099962, 'max_grad_norm': 0.3091779862127106, 'reward_scaling': 6.824064521867733e-05, 'hmax': 46444, 'sharpe_ratio_weight': 0.28580433758422313, 'loss_penalty_weight': 0.7125777076236648}. Best is trial 0 with value: -100000.0.
Trial 9 finished with value: -100000.0 and parameters: {'learning_rate': 0.00030742029518059707, 'n_steps': 4001, 'total_timesteps': 556193, 'gamma': 0.9248475365978654, 'gae_lambda': 0.9100328957034893, 'ent_coef': 0.059044460188244954, 'vf_coef': 0.25834619098218975, 'max_grad_norm': 0.13438991443168202, 'reward_scaling': 0.00035049900945279905, 'hmax': 47575, 'sharpe_ratio_weight': 0.2513962528375905, 'loss_penalty_weight': 0.5430357236842884}. Best is trial 0 with value: -100000.0.
Trial 10 finished with value: -100000.0 and parameters: {'learning_rate': 0.0006805865915616864, 'n_steps': 18401, 'total_timesteps': 257365, 'gamma': 0.9573162857973156, 'gae_lambda': 0.8505036753748914, 'ent_coef': 0.05198808501620378, 'vf_coef': 0.18630950373975746, 'max_grad_norm': 0.10387745171063445, 'reward_scaling': 1.694245594363343e-05, 'hmax': 54466, 'sharpe_ratio_weight': 0.15418117169800896, 'loss_penalty_weight': 0.6329343343323652}. Best is trial 0 with value: -100000.0.
Trial 11 finished with value: -100000.0 and parameters: {'learning_rate': 5.53884135328877e-05, 'n_steps': 38396, 'total_timesteps': 551238, 'gamma': 0.9833510157456801, 'gae_lambda': 0.9479666421558048, 'ent_coef': 0.09790459683370632, 'vf_coef': 0.28940635272147885, 'max_grad_norm': 0.18924109885790066, 'reward_scaling': 1.1996076755883874e-05, 'hmax': 59081, 'sharpe_ratio_weight': 0.16799920895209358, 'loss_penalty_weight': 0.6331829221889822}. Best is trial 0 with value: -100000.0.
Trial 12 finished with value: -100000.0 and parameters: {'learning_rate': 0.00014507444997553478, 'n_steps': 19203, 'total_timesteps': 284580, 'gamma': 0.9899589427362123, 'gae_lambda': 0.940062397890313, 'ent_coef': 0.0983548092147407, 'vf_coef': 0.23307364186344576, 'max_grad_norm': 0.14268231112076657, 'reward_scaling': 2.9427308585671228e-05, 'hmax': 52772, 'sharpe_ratio_weight': 0.19084353159160033, 'loss_penalty_weight': 0.6300863015319215}. Best is trial 0 with value: -100000.0.
Trial 13 finished with value: -100000.0 and parameters: {'learning_rate': 1.0383530601578832e-05, 'n_steps': 48912, 'total_timesteps': 678279, 'gamma': 0.997805284859254, 'gae_lambda': 0.9315062000799662, 'ent_coef': 0.08980673153945326, 'vf_coef': 0.244744135154516, 'max_grad_norm': 0.22076482416815676, 'reward_scaling': 0.0009605207338882696, 'hmax': 51778, 'sharpe_ratio_weight': 0.14987379412407034, 'loss_penalty_weight': 0.7223355555507047}. Best is trial 0 with value: -100000.0.
Trial 14 finished with value: -100000.0 and parameters: {'learning_rate': 3.890945571996515e-05, 'n_steps': 35989, 'total_timesteps': 510930, 'gamma': 0.9712738161217686, 'gae_lambda': 0.9105764209446346, 'ent_coef': 0.07930196225916243, 'vf_coef': 0.29542407347327687, 'max_grad_norm': 0.16518503543576232, 'reward_scaling': 3.0512196947240416e-05, 'hmax': 59005, 'sharpe_ratio_weight': 0.18301205103806192, 'loss_penalty_weight': 0.5928292516178373}. Best is trial 0 with value: -100000.0.
Trial 15 finished with value: -100000.0 and parameters: {'learning_rate': 0.00012922778267584846, 'n_steps': 59531, 'total_timesteps': 299441, 'gamma': 0.944667720114199, 'gae_lambda': 0.8685086595581883, 'ent_coef': 0.08935375050525657, 'vf_coef': 0.2084360460970747, 'max_grad_norm': 0.12593383660813062, 'reward_scaling': 5.631600229985391e-05, 'hmax': 49651, 'sharpe_ratio_weight': 0.22979797844968758, 'loss_penalty_weight': 0.6898452492850211}. Best is trial 0 with value: -100000.0.
Trial 16 finished with value: -100000.0 and parameters: {'learning_rate': 4.7433304023897255e-05, 'n_steps': 6062, 'total_timesteps': 173243, 'gamma': 0.9744070169458522, 'gae_lambda': 0.9281989763603686, 'ent_coef': 0.0706902340639771, 'vf_coef': 0.2557588545877552, 'max_grad_norm': 0.15561396848407924, 'reward_scaling': 0.0001173463753285865, 'hmax': 55886, 'sharpe_ratio_weight': 0.13649042876117748, 'loss_penalty_weight': 0.48163330895822426}. Best is trial 0 with value: -100000.0.
Trial 17 finished with value: -100000.0 and parameters: {'learning_rate': 9.45795829106164e-05, 'n_steps': 46816, 'total_timesteps': 475315, 'gamma': 0.9566100803931956, 'gae_lambda': 0.9061787616736083, 'ent_coef': 0.09927532327349692, 'vf_coef': 0.17090640632410278, 'max_grad_norm': 0.11901598974882342, 'reward_scaling': 1.8183684014778688e-05, 'hmax': 42938, 'sharpe_ratio_weight': 0.1756335365180218, 'loss_penalty_weight': 0.5849650749206157}. Best is trial 0 with value: -100000.0.
Trial 18 finished with value: -100000.0 and parameters: {'learning_rate': 3.225894719903508e-05, 'n_steps': 31175, 'total_timesteps': 382538, 'gamma': 0.9435219741017726, 'gae_lambda': 0.934507672179854, 'ent_coef': 0.08585397432244314, 'vf_coef': 0.22111468631819023, 'max_grad_norm': 0.21200731147033844, 'reward_scaling': 1.082431870597428e-05, 'hmax': 56513, 'sharpe_ratio_weight': 0.19916294372878554, 'loss_penalty_weight': 0.40177372569323466}. Best is trial 0 with value: -100000.0.
Trial 19 finished with value: -100000.0 and parameters: {'learning_rate': 0.0001692442763801954, 'n_steps': 13036, 'total_timesteps': 54491, 'gamma': 0.9986395596793053, 'gae_lambda': 0.919427970450164, 'ent_coef': 0.07516464351816937, 'vf_coef': 0.262971341833535, 'max_grad_norm': 0.10317128728678314, 'reward_scaling': 4.372491647091437e-05, 'hmax': 44391, 'sharpe_ratio_weight': 0.23394705198105104, 'loss_penalty_weight': 0.7810753517632988}. Best is trial 0 with value: -100000.0.
Trial 20 finished with value: -100000.0 and parameters: {'learning_rate': 7.563643793313621e-05, 'n_steps': 53487, 'total_timesteps': 218552, 'gamma': 0.969635145234271, 'gae_lambda': 0.9481598513907906, 'ent_coef': 0.09254137586550208, 'vf_coef': 0.2000052221368605, 'max_grad_norm': 0.1399430624409012, 'reward_scaling': 0.00011214939721482303, 'hmax': 48256, 'sharpe_ratio_weight': 0.16598470702633447, 'loss_penalty_weight': 0.6621076684485158}. Best is trial 0 with value: -100000.0.
Trial 21 finished with value: -100000.0 and parameters: {'learning_rate': 0.00039852492217594697, 'n_steps': 55628, 'total_timesteps': 58744, 'gamma': 0.9352449585274637, 'gae_lambda': 0.9243793742889104, 'ent_coef': 0.07370126131131757, 'vf_coef': 0.10775844332799307, 'max_grad_norm': 0.24460753445426195, 'reward_scaling': 0.00027645399159443413, 'hmax': 42539, 'sharpe_ratio_weight': 0.20783007870568596, 'loss_penalty_weight': 0.59614399437138}. Best is trial 0 with value: -100000.0.
Trial 22 finished with value: -100000.0 and parameters: {'learning_rate': 0.0004358187902836276, 'n_steps': 51020, 'total_timesteps': 115537, 'gamma': 0.9609334762732189, 'gae_lambda': 0.9200326584048629, 'ent_coef': 0.0812354053507688, 'vf_coef': 0.10362809616282509, 'max_grad_norm': 0.1773642637012332, 'reward_scaling': 0.0005175591837084735, 'hmax': 41088, 'sharpe_ratio_weight': 0.18638920334065606, 'loss_penalty_weight': 0.5541840154982675}. Best is trial 0 with value: -100000.0.
Trial 23 finished with value: -100000.0 and parameters: {'learning_rate': 0.0009070508356820079, 'n_steps': 44771, 'total_timesteps': 113904, 'gamma': 0.9388863906924622, 'gae_lambda': 0.9361072058308924, 'ent_coef': 0.06930345196170656, 'vf_coef': 0.13032211535722182, 'max_grad_norm': 0.2507278427085907, 'reward_scaling': 0.00016470602429159023, 'hmax': 36583, 'sharpe_ratio_weight': 0.2149942999210385, 'loss_penalty_weight': 0.4865603412336767}. Best is trial 0 with value: -100000.0.
Trial 24 finished with value: -100000.0 and parameters: {'learning_rate': 0.00021118366394178815, 'n_steps': 59981, 'total_timesteps': 213482, 'gamma': 0.9478594340770887, 'gae_lambda': 0.9028188616427623, 'ent_coef': 0.06640847447019792, 'vf_coef': 0.1720802833639753, 'max_grad_norm': 0.19693507298590343, 'reward_scaling': 0.0006319789568344827, 'hmax': 51113, 'sharpe_ratio_weight': 0.19965023183018793, 'loss_penalty_weight': 0.5780159264744203}. Best is trial 0 with value: -100000.0.
Trial 25 finished with value: -100000.0 and parameters: {'learning_rate': 0.00011249036407015334, 'n_steps': 35374, 'total_timesteps': 329972, 'gamma': 0.9819189370325095, 'gae_lambda': 0.9140436961017804, 'ent_coef': 0.07408570549524783, 'vf_coef': 0.14314551101753023, 'max_grad_norm': 0.16923018507865326, 'reward_scaling': 0.00017044884341537077, 'hmax': 45174, 'sharpe_ratio_weight': 0.18336357879779194, 'loss_penalty_weight': 0.6744128705969704}. Best is trial 0 with value: -100000.0.
Trial 26 finished with value: -100000.0 and parameters: {'learning_rate': 6.113824695043198e-05, 'n_steps': 55235, 'total_timesteps': 213481, 'gamma': 0.9327919625993512, 'gae_lambda': 0.9232844658125972, 'ent_coef': 0.08036244263586163, 'vf_coef': 0.15395828867942998, 'max_grad_norm': 0.15459079112523294, 'reward_scaling': 9.640790355490699e-05, 'hmax': 32015, 'sharpe_ratio_weight': 0.22671258468911362, 'loss_penalty_weight': 0.6007954978249498}. Best is trial 0 with value: -100000.0.
Trial 27 finished with value: -100000.0 and parameters: {'learning_rate': 0.00011005050000483513, 'n_steps': 40831, 'total_timesteps': 79093, 'gamma': 0.9635637488062965, 'gae_lambda': 0.9292658043634043, 'ent_coef': 0.06446015117019703, 'vf_coef': 0.23929994188586604, 'max_grad_norm': 0.196027531070442, 'reward_scaling': 0.0002297878508673473, 'hmax': 33803, 'sharpe_ratio_weight': 0.25327628354139314, 'loss_penalty_weight': 0.7360566843519978}. Best is trial 0 with value: -100000.0.
Trial 28 finished with value: -100000.0 and parameters: {'learning_rate': 0.00015591852090655322, 'n_steps': 51414, 'total_timesteps': 674475, 'gamma': 0.9534182023075136, 'gae_lambda': 0.9408559122979963, 'ent_coef': 0.07202944273219516, 'vf_coef': 0.191962977064189, 'max_grad_norm': 0.22577373772313378, 'reward_scaling': 0.0006505391733000986, 'hmax': 38921, 'sharpe_ratio_weight': 0.19461967053529944, 'loss_penalty_weight': 0.5648187942456626}. Best is trial 0 with value: -100000.0.
Trial 29 finished with value: -100000.0 and parameters: {'learning_rate': 0.00023913961106181874, 'n_steps': 40728, 'total_timesteps': 431373, 'gamma': 0.9520806578051141, 'gae_lambda': 0.914176615576664, 'ent_coef': 0.07732003897982935, 'vf_coef': 0.21303085051569945, 'max_grad_norm': 0.2927842954729316, 'reward_scaling': 0.000987126863175112, 'hmax': 40114, 'sharpe_ratio_weight': 0.17109405045547874, 'loss_penalty_weight': 0.5348959639652062}. Best is trial 0 with value: -100000.0.
A new study created in memory with name: no-name-80a3badf-24a1-4649-b469-830941a09e7f
Trial 0 finished with value: -100000.0 and parameters: {'learning_rate': 0.00024262338790601238, 'n_steps': 29462, 'total_timesteps': 236810, 'gamma': 0.9531267127434551, 'gae_lambda': 0.8833566318197167, 'ent_coef': 0.08892395304479976, 'vf_coef': 0.2110131615819929, 'max_grad_norm': 0.3582927484160418, 'reward_scaling': 5.9056134429081844e-05, 'hmax': 59839, 'sharpe_ratio_weight': 0.283793403413525, 'loss_penalty_weight': 0.6405881970283668}. Best is trial 0 with value: -100000.0.
Trial 1 finished with value: -100000.0 and parameters: {'learning_rate': 2.7991737349088454e-05, 'n_steps': 51834, 'total_timesteps': 192976, 'gamma': 0.9687912870546171, 'gae_lambda': 0.939869801747419, 'ent_coef': 0.060992522630142515, 'vf_coef': 0.1475116969895606, 'max_grad_norm': 0.37993327301063523, 'reward_scaling': 0.00014709610640987846, 'hmax': 47306, 'sharpe_ratio_weight': 0.1963520676740634, 'loss_penalty_weight': 0.7707981440501237}. Best is trial 0 with value: -100000.0.
