Trial 24 finished with value: -100000.0 and parameters: {'learning_rate': 5.13838640106781e-05, 'n_steps': 19874, 'total_timesteps': 654804, 'gamma': 0.9621917022085911, 'gae_lambda': 0.925822314636229, 'ent_coef': 0.0619294386622144, 'vf_coef': 0.11941620787021807, 'max_grad_norm': 0.2371215075390973, 'reward_scaling': 0.000989816917431664, 'hmax': 50069, 'sharpe_ratio_weight': 0.10069372842607505, 'loss_penalty_weight': 0.6408821828773594}. Best is trial 0 with value: -100000.0.
Trial 25 finished with value: -100000.0 and parameters: {'learning_rate': 1.6620877631557556e-05, 'n_steps': 30194, 'total_timesteps': 444977, 'gamma': 0.9494846914996252, 'gae_lambda': 0.8509893737401961, 'ent_coef': 0.06912304465373188, 'vf_coef': 0.157559981289108, 'max_grad_norm': 0.20928513058852014, 'reward_scaling': 0.00040198703966507914, 'hmax': 52376, 'sharpe_ratio_weight': 0.16429486897644544, 'loss_penalty_weight': 0.701002550941239}. Best is trial 0 with value: -100000.0.
Trial 26 finished with value: -100000.0 and parameters: {'learning_rate': 2.5584602205818402e-05, 'n_steps': 43164, 'total_timesteps': 508622, 'gamma': 0.974126746148622, 'gae_lambda': 0.9157878692216256, 'ent_coef': 0.06071751232008938, 'vf_coef': 0.1927010415306441, 'max_grad_norm': 0.24169409310423337, 'reward_scaling': 0.00035483905367919403, 'hmax': 56357, 'sharpe_ratio_weight': 0.1457750227906366, 'loss_penalty_weight': 0.7516020847100107}. Best is trial 0 with value: -100000.0.
Trial 27 finished with value: -100000.0 and parameters: {'learning_rate': 3.48760984633489e-05, 'n_steps': 29355, 'total_timesteps': 562127, 'gamma': 0.938639518533493, 'gae_lambda': 0.8953729680257801, 'ent_coef': 0.0870578249705885, 'vf_coef': 0.2540605861337361, 'max_grad_norm': 0.3001062879482788, 'reward_scaling': 0.0006839402718866479, 'hmax': 36769, 'sharpe_ratio_weight': 0.1274178249537688, 'loss_penalty_weight': 0.6700483168285086}. Best is trial 0 with value: -100000.0.
Trial 28 finished with value: -100000.0 and parameters: {'learning_rate': 0.00010780351619918466, 'n_steps': 9492, 'total_timesteps': 647958, 'gamma': 0.9552318277488415, 'gae_lambda': 0.8868918209663136, 'ent_coef': 0.0637684925216143, 'vf_coef': 0.1142766827593518, 'max_grad_norm': 0.27393197479903814, 'reward_scaling': 0.00023081905963896637, 'hmax': 48265, 'sharpe_ratio_weight': 0.11490526794866392, 'loss_penalty_weight': 0.6156361224200566}. Best is trial 0 with value: -100000.0.
Trial 29 finished with value: -100000.0 and parameters: {'learning_rate': 6.341528633407745e-05, 'n_steps': 49166, 'total_timesteps': 587115, 'gamma': 0.9265066362916917, 'gae_lambda': 0.9432934975934946, 'ent_coef': 0.05942876645509223, 'vf_coef': 0.2303742540665539, 'max_grad_norm': 0.31670324383618803, 'reward_scaling': 0.0005766585595728072, 'hmax': 32272, 'sharpe_ratio_weight': 0.1369394222969646, 'loss_penalty_weight': 0.5337264372042808}. Best is trial 0 with value: -100000.0.
A new study created in memory with name: no-name-59fd9e8a-df62-49cd-b7d5-6a85e379beb8
Trial 0 finished with value: -100000.0 and parameters: {'learning_rate': 2.3757003611236588e-05, 'n_steps': 10025, 'total_timesteps': 444890, 'gamma': 0.9334013633909269, 'gae_lambda': 0.8744292743436222, 'ent_coef': 0.0663976705985225, 'vf_coef': 0.11433731446298329, 'max_grad_norm': 0.10865757373954493, 'reward_scaling': 0.00010716904601919109, 'hmax': 42816, 'sharpe_ratio_weight': 0.1303998539118247, 'loss_penalty_weight': 0.7561908603550411}. Best is trial 0 with value: -100000.0.
Trial 1 finished with value: -100000.0 and parameters: {'learning_rate': 6.779151257081559e-05, 'n_steps': 39189, 'total_timesteps': 343594, 'gamma': 0.9270086473096868, 'gae_lambda': 0.8803217612486182, 'ent_coef': 0.09307596416498048, 'vf_coef': 0.11668872371929336, 'max_grad_norm': 0.14109721391103067, 'reward_scaling': 5.301964290271828e-05, 'hmax': 44737, 'sharpe_ratio_weight': 0.11240736764952206, 'loss_penalty_weight': 0.4082907903071707}. Best is trial 0 with value: -100000.0.
Trial 2 finished with value: -100000.0 and parameters: {'learning_rate': 0.00010240161678988837, 'n_steps': 10383, 'total_timesteps': 666870, 'gamma': 0.923790623381652, 'gae_lambda': 0.9138261968190147, 'ent_coef': 0.09035218101514296, 'vf_coef': 0.14625732577527698, 'max_grad_norm': 0.1041642113316727, 'reward_scaling': 8.989844157449705e-05, 'hmax': 54006, 'sharpe_ratio_weight': 0.24704110945491023, 'loss_penalty_weight': 0.5369148645983015}. Best is trial 0 with value: -100000.0.
Trial 3 finished with value: -100000.0 and parameters: {'learning_rate': 2.3918742380373098e-05, 'n_steps': 6498, 'total_timesteps': 631985, 'gamma': 0.995085088514934, 'gae_lambda': 0.9437457300175808, 'ent_coef': 0.05170491987839226, 'vf_coef': 0.17323466068385115, 'max_grad_norm': 0.18472098850500196, 'reward_scaling': 6.558759544163433e-05, 'hmax': 50466, 'sharpe_ratio_weight': 0.274388802734543, 'loss_penalty_weight': 0.7138046790048902}. Best is trial 0 with value: -100000.0.
Trial 4 finished with value: -100000.0 and parameters: {'learning_rate': 0.00046541841741017266, 'n_steps': 20654, 'total_timesteps': 442633, 'gamma': 0.9833504944799315, 'gae_lambda': 0.905967780426143, 'ent_coef': 0.0884624530123928, 'vf_coef': 0.18050916461085365, 'max_grad_norm': 0.17723014625921768, 'reward_scaling': 1.2287122102609097e-05, 'hmax': 53464, 'sharpe_ratio_weight': 0.10816608692813573, 'loss_penalty_weight': 0.4442694347163847}. Best is trial 0 with value: -100000.0.
Trial 5 finished with value: -100000.0 and parameters: {'learning_rate': 0.0001885342542594711, 'n_steps': 57233, 'total_timesteps': 241595, 'gamma': 0.9431313045775209, 'gae_lambda': 0.8709711344137261, 'ent_coef': 0.08473631458368576, 'vf_coef': 0.10361844909768286, 'max_grad_norm': 0.21308858641676423, 'reward_scaling': 0.00063800065349882, 'hmax': 50450, 'sharpe_ratio_weight': 0.2726489982987789, 'loss_penalty_weight': 0.6818939516567378}. Best is trial 0 with value: -100000.0.
Trial 6 finished with value: -100000.0 and parameters: {'learning_rate': 4.3388230040304356e-05, 'n_steps': 57959, 'total_timesteps': 135388, 'gamma': 0.9271078225944638, 'gae_lambda': 0.8631330906916446, 'ent_coef': 0.0997831670346856, 'vf_coef': 0.23626916033975376, 'max_grad_norm': 0.3083124598448764, 'reward_scaling': 8.810499358776897e-05, 'hmax': 46238, 'sharpe_ratio_weight': 0.13293083471887268, 'loss_penalty_weight': 0.7048789219689158}. Best is trial 0 with value: -100000.0.
Trial 7 finished with value: -100000.0 and parameters: {'learning_rate': 0.00017269451283901543, 'n_steps': 59943, 'total_timesteps': 687523, 'gamma': 0.9673632969379823, 'gae_lambda': 0.9266255617239283, 'ent_coef': 0.05202176213381554, 'vf_coef': 0.2736521280865474, 'max_grad_norm': 0.22656746449881648, 'reward_scaling': 0.00045383479979016657, 'hmax': 39443, 'sharpe_ratio_weight': 0.18194031536029795, 'loss_penalty_weight': 0.5132765169990342}. Best is trial 0 with value: -100000.0.
Trial 8 finished with value: -100000.0 and parameters: {'learning_rate': 6.98703272098316e-05, 'n_steps': 59742, 'total_timesteps': 296627, 'gamma': 0.9844173957088025, 'gae_lambda': 0.9102063804911567, 'ent_coef': 0.06275424331412996, 'vf_coef': 0.16432301047402614, 'max_grad_norm': 0.264944457878717, 'reward_scaling': 2.0417070926268383e-05, 'hmax': 42850, 'sharpe_ratio_weight': 0.10244523919498642, 'loss_penalty_weight': 0.49687817373786997}. Best is trial 0 with value: -100000.0.
Trial 9 finished with value: -100000.0 and parameters: {'learning_rate': 0.0003055470167369688, 'n_steps': 14157, 'total_timesteps': 517938, 'gamma': 0.9460552611125908, 'gae_lambda': 0.889846931170279, 'ent_coef': 0.07688864289530638, 'vf_coef': 0.22545547001888408, 'max_grad_norm': 0.2010105542456311, 'reward_scaling': 2.053619961525352e-05, 'hmax': 33431, 'sharpe_ratio_weight': 0.1720096546924312, 'loss_penalty_weight': 0.4797523476166976}. Best is trial 0 with value: -100000.0.
Trial 10 finished with value: -100000.0 and parameters: {'learning_rate': 1.4534420975438086e-05, 'n_steps': 31425, 'total_timesteps': 66535, 'gamma': 0.9008499909791364, 'gae_lambda': 0.8514585731052274, 'ent_coef': 0.06996224663485406, 'vf_coef': 0.12674639100685783, 'max_grad_norm': 0.10087775125223943, 'reward_scaling': 0.00022827573907992845, 'hmax': 32200, 'sharpe_ratio_weight': 0.14156222097506424, 'loss_penalty_weight': 0.7778687269131225}. Best is trial 0 with value: -100000.0.
Trial 11 finished with value: -100000.0 and parameters: {'learning_rate': 3.602295665832605e-05, 'n_steps': 38533, 'total_timesteps': 376157, 'gamma': 0.9237271056882176, 'gae_lambda': 0.8839586769342422, 'ent_coef': 0.06695681381183746, 'vf_coef': 0.10365640475212146, 'max_grad_norm': 0.13391311992321744, 'reward_scaling': 4.4101098993229145e-05, 'hmax': 39673, 'sharpe_ratio_weight': 0.1232944604358851, 'loss_penalty_weight': 0.42352739910874154}. Best is trial 0 with value: -100000.0.
Trial 12 finished with value: -100000.0 and parameters: {'learning_rate': 1.1020509025947925e-05, 'n_steps': 42911, 'total_timesteps': 507182, 'gamma': 0.959722521100989, 'gae_lambda': 0.8798698275600154, 'ent_coef': 0.07681895214282845, 'vf_coef': 0.12149213825113947, 'max_grad_norm': 0.14502750401195552, 'reward_scaling': 0.0001994854699929278, 'hmax': 58353, 'sharpe_ratio_weight': 0.10014430729754391, 'loss_penalty_weight': 0.40064587199868673}. Best is trial 0 with value: -100000.0.
Trial 13 finished with value: -100000.0 and parameters: {'learning_rate': 2.3119388874068607e-05, 'n_steps': 23737, 'total_timesteps': 297678, 'gamma': 0.9331664077618825, 'gae_lambda': 0.8930048556496535, 'ent_coef': 0.061222812411363826, 'vf_coef': 0.12079103632985203, 'max_grad_norm': 0.13711552437582816, 'reward_scaling': 4.173433851173287e-05, 'hmax': 44694, 'sharpe_ratio_weight': 0.12061403610622556, 'loss_penalty_weight': 0.5983430023532504}. Best is trial 0 with value: -100000.0.
Trial 14 finished with value: -100000.0 and parameters: {'learning_rate': 6.444729270559551e-05, 'n_steps': 45831, 'total_timesteps': 436988, 'gamma': 0.9075683817021348, 'gae_lambda': 0.8721114495468784, 'ent_coef': 0.07736436033554676, 'vf_coef': 0.13899502354769408, 'max_grad_norm': 0.11915622529576206, 'reward_scaling': 0.0001743280764772701, 'hmax': 36918, 'sharpe_ratio_weight': 0.1463969739378598, 'loss_penalty_weight': 0.5825874469472128}. Best is trial 0 with value: -100000.0.
Trial 15 finished with value: -100000.0 and parameters: {'learning_rate': 3.409211752420696e-05, 'n_steps': 32803, 'total_timesteps': 564125, 'gamma': 0.9117763267868263, 'gae_lambda': 0.8951475634088528, 'ent_coef': 0.09911948223123543, 'vf_coef': 0.11227037024582744, 'max_grad_norm': 0.1548708600930029, 'reward_scaling': 0.00013168792537358355, 'hmax': 47435, 'sharpe_ratio_weight': 0.11538619394716268, 'loss_penalty_weight': 0.6395184588055819}. Best is trial 0 with value: -100000.0.
Trial 16 finished with value: -100000.0 and parameters: {'learning_rate': 0.0007489848022334839, 'n_steps': 22179, 'total_timesteps': 202768, 'gamma': 0.9360119343018477, 'gae_lambda': 0.8600490803447417, 'ent_coef': 0.08188523315655293, 'vf_coef': 0.102162141097255, 'max_grad_norm': 0.11990329748214695, 'reward_scaling': 0.000309439735629768, 'hmax': 42055, 'sharpe_ratio_weight': 0.12495369492259778, 'loss_penalty_weight': 0.5550613852652259}. Best is trial 0 with value: -100000.0.
Trial 17 finished with value: -100000.0 and parameters: {'learning_rate': 1.931034221532449e-05, 'n_steps': 3450, 'total_timesteps': 351155, 'gamma': 0.9538754526901246, 'gae_lambda': 0.878971530247041, 'ent_coef': 0.07234122561075196, 'vf_coef': 0.13515212809049867, 'max_grad_norm': 0.3875864806104581, 'reward_scaling': 0.0008965612691245207, 'hmax': 36140, 'sharpe_ratio_weight': 0.15619909229168158, 'loss_penalty_weight': 0.4668293285933308}. Best is trial 0 with value: -100000.0.
Trial 18 finished with value: -100000.0 and parameters: {'learning_rate': 1.1757515945570263e-05, 'n_steps': 38102, 'total_timesteps': 382720, 'gamma': 0.9147750414389406, 'gae_lambda': 0.8995160361288105, 'ent_coef': 0.09345648082694386, 'vf_coef': 0.11607244403018765, 'max_grad_norm': 0.1651552835819106, 'reward_scaling': 0.00010577505739672883, 'hmax': 48807, 'sharpe_ratio_weight': 0.11333453782554848, 'loss_penalty_weight': 0.7849847458348188}. Best is trial 0 with value: -100000.0.
Trial 19 finished with value: -100000.0 and parameters: {'learning_rate': 5.314687561966034e-05, 'n_steps': 51659, 'total_timesteps': 432044, 'gamma': 0.9344908815454767, 'gae_lambda': 0.8715886547135021, 'ent_coef': 0.08192959109043038, 'vf_coef': 0.15401785228385725, 'max_grad_norm': 0.11866229577057925, 'reward_scaling': 5.184889481729043e-05, 'hmax': 40524, 'sharpe_ratio_weight': 0.1324100299228368, 'loss_penalty_weight': 0.5193094184618656}. Best is trial 0 with value: -100000.0.
Trial 20 finished with value: -100000.0 and parameters: {'learning_rate': 0.0001056500009491141, 'n_steps': 15001, 'total_timesteps': 600202, 'gamma': 0.919053794610915, 'gae_lambda': 0.8865568322828945, 'ent_coef': 0.09242075651941138, 'vf_coef': 0.13032086120757466, 'max_grad_norm': 0.1466278830889472, 'reward_scaling': 0.00012473659128243254, 'hmax': 44558, 'sharpe_ratio_weight': 0.11064176441460828, 'loss_penalty_weight': 0.6127104589549884}. Best is trial 0 with value: -100000.0.
Trial 21 finished with value: -100000.0 and parameters: {'learning_rate': 8.982304183040513e-05, 'n_steps': 9940, 'total_timesteps': 697735, 'gamma': 0.9253170931845023, 'gae_lambda': 0.9114119051681667, 'ent_coef': 0.09017676461148966, 'vf_coef': 0.1427573838740992, 'max_grad_norm': 0.10068538490741061, 'reward_scaling': 7.55739232210057e-05, 'hmax': 56397, 'sharpe_ratio_weight': 0.20744523561268288, 'loss_penalty_weight': 0.540198935878931}. Best is trial 0 with value: -100000.0.
Trial 22 finished with value: -100000.0 and parameters: {'learning_rate': 0.00011022309873028167, 'n_steps': 26478, 'total_timesteps': 533529, 'gamma': 0.9189744643007788, 'gae_lambda': 0.9178787785322542, 'ent_coef': 0.0869199543359867, 'vf_coef': 0.11580561710611222, 'max_grad_norm': 0.10744854602790357, 'reward_scaling': 7.390382399061855e-05, 'hmax': 53821, 'sharpe_ratio_weight': 0.23814012784732078, 'loss_penalty_weight': 0.5498652377263221}. Best is trial 0 with value: -100000.0.
Trial 23 finished with value: -100000.0 and parameters: {'learning_rate': 3.535781943915684e-05, 'n_steps': 14292, 'total_timesteps': 480355, 'gamma': 0.9402131120800147, 'gae_lambda': 0.9003482147970326, 'ent_coef': 0.0937782387393374, 'vf_coef': 0.14795398891807796, 'max_grad_norm': 0.12710023699387726, 'reward_scaling': 0.00013328059095679297, 'hmax': 52346, 'sharpe_ratio_weight': 0.20992795425734545, 'loss_penalty_weight': 0.448569319084706}. Best is trial 0 with value: -100000.0.
Trial 24 finished with value: -100000.0 and parameters: {'learning_rate': 5.315162361343586e-05, 'n_steps': 18397, 'total_timesteps': 316566, 'gamma': 0.929081318099491, 'gae_lambda': 0.8879841817175087, 'ent_coef': 0.08303516347268454, 'vf_coef': 0.13298434314400648, 'max_grad_norm': 0.11115639835854874, 'reward_scaling': 3.295435316507094e-05, 'hmax': 48009, 'sharpe_ratio_weight': 0.15999562864486488, 'loss_penalty_weight': 0.6436921290629707}. Best is trial 0 with value: -100000.0.
Trial 25 finished with value: -100000.0 and parameters: {'learning_rate': 8.263563968645354e-05, 'n_steps': 8267, 'total_timesteps': 245448, 'gamma': 0.9389593114412472, 'gae_lambda': 0.89820064420796, 'ent_coef': 0.09711567441234399, 'vf_coef': 0.11263651480567984, 'max_grad_norm': 0.13104177621551705, 'reward_scaling': 6.493447879699822e-05, 'hmax': 59982, 'sharpe_ratio_weight': 0.13557753766247507, 'loss_penalty_weight': 0.575995764423467}. Best is trial 0 with value: -100000.0.
Trial 26 finished with value: -100000.0 and parameters: {'learning_rate': 0.00015852150517464383, 'n_steps': 26960, 'total_timesteps': 580699, 'gamma': 0.9221453747522996, 'gae_lambda': 0.8789772609382427, 'ent_coef': 0.08629757164195602, 'vf_coef': 0.1282055552257152, 'max_grad_norm': 0.11165321104878914, 'reward_scaling': 9.636590084245916e-05, 'hmax': 43013, 'sharpe_ratio_weight': 0.2938122998424082, 'loss_penalty_weight': 0.5182751666171491}. Best is trial 0 with value: -100000.0.
Trial 27 finished with value: -100000.0 and parameters: {'learning_rate': 2.6779679233806006e-05, 'n_steps': 2476, 'total_timesteps': 647691, 'gamma': 0.9295332219383649, 'gae_lambda': 0.9181213845113126, 'ent_coef': 0.09444299527480066, 'vf_coef': 0.15177664612635283, 'max_grad_norm': 0.12930379764499364, 'reward_scaling': 0.00016049101040388911, 'hmax': 55787, 'sharpe_ratio_weight': 0.1488210269794802, 'loss_penalty_weight': 0.4850047262908725}. Best is trial 0 with value: -100000.0.
Trial 28 finished with value: -100000.0 and parameters: {'learning_rate': 5.099525732865087e-05, 'n_steps': 37404, 'total_timesteps': 166893, 'gamma': 0.9486889047391062, 'gae_lambda': 0.890883765837265, 'ent_coef': 0.0893058032796256, 'vf_coef': 0.10821478182729509, 'max_grad_norm': 0.10129563523762111, 'reward_scaling': 0.00024036719514683772, 'hmax': 37288, 'sharpe_ratio_weight': 0.126547683361861, 'loss_penalty_weight': 0.4106755822543271}. Best is trial 0 with value: -100000.0.
Trial 29 finished with value: -100000.0 and parameters: {'learning_rate': 1.910048714532436e-05, 'n_steps': 11721, 'total_timesteps': 633181, 'gamma': 0.9134598424556791, 'gae_lambda': 0.93182467212776, 'ent_coef': 0.07983483644733193, 'vf_coef': 0.12229985390913997, 'max_grad_norm': 0.16109775286500216, 'reward_scaling': 6.030389643337935e-05, 'hmax': 50971, 'sharpe_ratio_weight': 0.11774579021725742, 'loss_penalty_weight': 0.7449274692372411}. Best is trial 0 with value: -100000.0.
A new study created in memory with name: no-name-450e0b67-1b7d-42ae-aacc-c3f8e2dcd004
Trial 0 finished with value: -100000.0 and parameters: {'learning_rate': 5.690544047382991e-05, 'n_steps': 54898, 'total_timesteps': 254660, 'gamma': 0.9557518849430049, 'gae_lambda': 0.9060481579183104, 'ent_coef': 0.07488580593915284, 'vf_coef': 0.2534738705760196, 'max_grad_norm': 0.21781099051907402, 'reward_scaling': 0.0002620721562211871, 'hmax': 46887, 'sharpe_ratio_weight': 0.1486029699797871, 'loss_penalty_weight': 0.7968542325161596}. Best is trial 0 with value: -100000.0.
Trial 1 finished with value: -100000.0 and parameters: {'learning_rate': 0.0001151121161749771, 'n_steps': 35133, 'total_timesteps': 210986, 'gamma': 0.9144883416012525, 'gae_lambda': 0.9431628521411858, 'ent_coef': 0.06519585443480426, 'vf_coef': 0.1495236478580828, 'max_grad_norm': 0.18405477473550286, 'reward_scaling': 4.526754545614488e-05, 'hmax': 57687, 'sharpe_ratio_weight': 0.10627739770355464, 'loss_penalty_weight': 0.5100685128386178}. Best is trial 0 with value: -100000.0.
Trial 2 finished with value: -100000.0 and parameters: {'learning_rate': 1.9784667816771415e-05, 'n_steps': 3539, 'total_timesteps': 415283, 'gamma': 0.9150829097641688, 'gae_lambda': 0.9466022173838999, 'ent_coef': 0.09416565947881053, 'vf_coef': 0.22459335395856625, 'max_grad_norm': 0.13786881678089424, 'reward_scaling': 0.0006633969501893192, 'hmax': 57213, 'sharpe_ratio_weight': 0.17018267946771704, 'loss_penalty_weight': 0.5199032545210319}. Best is trial 0 with value: -100000.0.
Trial 3 finished with value: -100000.0 and parameters: {'learning_rate': 0.0003332778614297552, 'n_steps': 56542, 'total_timesteps': 198679, 'gamma': 0.9285269375446605, 'gae_lambda': 0.9259400653272719, 'ent_coef': 0.057455982350557246, 'vf_coef': 0.22011555306858974, 'max_grad_norm': 0.1495647073196177, 'reward_scaling': 0.0002190156798731284, 'hmax': 55132, 'sharpe_ratio_weight': 0.15500690348621304, 'loss_penalty_weight': 0.511848699006633}. Best is trial 0 with value: -100000.0.
Trial 4 finished with value: -100000.0 and parameters: {'learning_rate': 4.6749190425776746e-05, 'n_steps': 57381, 'total_timesteps': 670648, 'gamma': 0.9166778523281193, 'gae_lambda': 0.9380217417910554, 'ent_coef': 0.05684648388483562, 'vf_coef': 0.10103781781866282, 'max_grad_norm': 0.16011962715006917, 'reward_scaling': 4.300160037003352e-05, 'hmax': 41733, 'sharpe_ratio_weight': 0.15208419748344093, 'loss_penalty_weight': 0.42518151833280937}. Best is trial 0 with value: -100000.0.
Trial 5 finished with value: -100000.0 and parameters: {'learning_rate': 0.00020189325661741352, 'n_steps': 49700, 'total_timesteps': 235233, 'gamma': 0.9004232745649471, 'gae_lambda': 0.8990992942738999, 'ent_coef': 0.06562171994458657, 'vf_coef': 0.16626796866701715, 'max_grad_norm': 0.3316306908319013, 'reward_scaling': 6.755684001114472e-05, 'hmax': 39833, 'sharpe_ratio_weight': 0.10104925808792858, 'loss_penalty_weight': 0.44147217521602583}. Best is trial 0 with value: -100000.0.
Trial 6 finished with value: -100000.0 and parameters: {'learning_rate': 5.617872885465111e-05, 'n_steps': 56376, 'total_timesteps': 442161, 'gamma': 0.9838937959941826, 'gae_lambda': 0.9031858817502619, 'ent_coef': 0.06924020833470576, 'vf_coef': 0.12236561266792187, 'max_grad_norm': 0.2065148762458669, 'reward_scaling': 0.0004883450749913235, 'hmax': 40699, 'sharpe_ratio_weight': 0.11573813822619378, 'loss_penalty_weight': 0.635731201612351}. Best is trial 0 with value: -100000.0.
Trial 7 finished with value: -100000.0 and parameters: {'learning_rate': 9.131188999566506e-05, 'n_steps': 27468, 'total_timesteps': 509299, 'gamma': 0.9697658601655369, 'gae_lambda': 0.9068712054261361, 'ent_coef': 0.055040973566304455, 'vf_coef': 0.10759194990694215, 'max_grad_norm': 0.2851743475674748, 'reward_scaling': 1.2516626010414376e-05, 'hmax': 39845, 'sharpe_ratio_weight': 0.16529592178587274, 'loss_penalty_weight': 0.5102600159815813}. Best is trial 0 with value: -100000.0.
