Trial 20 finished with value: -100000.0 and parameters: {'learning_rate': 3.237113076176902e-05, 'n_steps': 39075, 'total_timesteps': 345608, 'gamma': 0.9509092068930398, 'gae_lambda': 0.9212084842978898, 'ent_coef': 0.08334142087532671, 'vf_coef': 0.212432531120508, 'max_grad_norm': 0.20453748893952764, 'reward_scaling': 3.3605426324550926e-05, 'hmax': 55675, 'sharpe_ratio_weight': 0.17752589024063714, 'loss_penalty_weight': 0.5248745324213361}. Best is trial 0 with value: -100000.0.
Trial 21 finished with value: -100000.0 and parameters: {'learning_rate': 8.363795921600678e-05, 'n_steps': 48901, 'total_timesteps': 299313, 'gamma': 0.9261494399765617, 'gae_lambda': 0.9458105695414659, 'ent_coef': 0.09809611037960067, 'vf_coef': 0.22854335086187472, 'max_grad_norm': 0.318084254823042, 'reward_scaling': 0.0008749684411574478, 'hmax': 49731, 'sharpe_ratio_weight': 0.11659526308467484, 'loss_penalty_weight': 0.4814573119043299}. Best is trial 0 with value: -100000.0.
Trial 22 finished with value: -100000.0 and parameters: {'learning_rate': 6.118010391597582e-05, 'n_steps': 26628, 'total_timesteps': 271454, 'gamma': 0.9078367417790102, 'gae_lambda': 0.9397320919991511, 'ent_coef': 0.09310556713718686, 'vf_coef': 0.24874870348352945, 'max_grad_norm': 0.11373423748661234, 'reward_scaling': 0.00010675002191314341, 'hmax': 47287, 'sharpe_ratio_weight': 0.11699246727703344, 'loss_penalty_weight': 0.48460372543135405}. Best is trial 0 with value: -100000.0.
Trial 23 finished with value: -100000.0 and parameters: {'learning_rate': 6.0643732993920404e-05, 'n_steps': 36490, 'total_timesteps': 415461, 'gamma': 0.9214065893475447, 'gae_lambda': 0.9478610159515141, 'ent_coef': 0.09261466734307229, 'vf_coef': 0.2770835949398043, 'max_grad_norm': 0.15060946001065809, 'reward_scaling': 1.6597043984031644e-05, 'hmax': 54933, 'sharpe_ratio_weight': 0.14378962098594353, 'loss_penalty_weight': 0.4207712723682858}. Best is trial 0 with value: -100000.0.
Trial 24 finished with value: -100000.0 and parameters: {'learning_rate': 0.00011750489064329492, 'n_steps': 15679, 'total_timesteps': 191054, 'gamma': 0.9100635180048011, 'gae_lambda': 0.928932334589512, 'ent_coef': 0.08670427534056534, 'vf_coef': 0.23061252166478174, 'max_grad_norm': 0.12949308409006244, 'reward_scaling': 0.00030981418223675493, 'hmax': 59395, 'sharpe_ratio_weight': 0.12976201957851297, 'loss_penalty_weight': 0.4552315580562212}. Best is trial 0 with value: -100000.0.
Trial 25 finished with value: -100000.0 and parameters: {'learning_rate': 8.79981305645124e-05, 'n_steps': 9250, 'total_timesteps': 551037, 'gamma': 0.923439975198057, 'gae_lambda': 0.9084995557705894, 'ent_coef': 0.09790710225703177, 'vf_coef': 0.26378251889327864, 'max_grad_norm': 0.11954396142261217, 'reward_scaling': 0.0008980493736082514, 'hmax': 47956, 'sharpe_ratio_weight': 0.11602830557926434, 'loss_penalty_weight': 0.44897379839833085}. Best is trial 0 with value: -100000.0.
Trial 26 finished with value: -100000.0 and parameters: {'learning_rate': 3.467087695458829e-05, 'n_steps': 59948, 'total_timesteps': 457361, 'gamma': 0.9162286098376538, 'gae_lambda': 0.9402505513594817, 'ent_coef': 0.08254517780263806, 'vf_coef': 0.29392886521652606, 'max_grad_norm': 0.20998198587931557, 'reward_scaling': 8.837702579815112e-05, 'hmax': 42241, 'sharpe_ratio_weight': 0.144133842087502, 'loss_penalty_weight': 0.4212352998604211}. Best is trial 0 with value: -100000.0.
Trial 27 finished with value: -100000.0 and parameters: {'learning_rate': 5.428836793702464e-05, 'n_steps': 45657, 'total_timesteps': 130902, 'gamma': 0.9033940798707633, 'gae_lambda': 0.9323724814094175, 'ent_coef': 0.0736057881364185, 'vf_coef': 0.23868323182742276, 'max_grad_norm': 0.22372854077444512, 'reward_scaling': 4.086341614878141e-05, 'hmax': 36800, 'sharpe_ratio_weight': 0.10054832490162284, 'loss_penalty_weight': 0.500469136605722}. Best is trial 0 with value: -100000.0.
Trial 28 finished with value: -100000.0 and parameters: {'learning_rate': 2.396880791557798e-05, 'n_steps': 35026, 'total_timesteps': 310589, 'gamma': 0.9081575807532638, 'gae_lambda': 0.9432986165073259, 'ent_coef': 0.08937127324205894, 'vf_coef': 0.27183947335818687, 'max_grad_norm': 0.1648299945800607, 'reward_scaling': 2.2837384653814963e-05, 'hmax': 45254, 'sharpe_ratio_weight': 0.11049196313928845, 'loss_penalty_weight': 0.45827420845965144}. Best is trial 0 with value: -100000.0.
Trial 29 finished with value: -100000.0 and parameters: {'learning_rate': 3.936358743661158e-05, 'n_steps': 53188, 'total_timesteps': 240246, 'gamma': 0.9286604862047816, 'gae_lambda': 0.9289832908777764, 'ent_coef': 0.05211195636094499, 'vf_coef': 0.20843258696727518, 'max_grad_norm': 0.18614081340995497, 'reward_scaling': 0.00013240677604281433, 'hmax': 57527, 'sharpe_ratio_weight': 0.12418494216272888, 'loss_penalty_weight': 0.40453663486166735}. Best is trial 0 with value: -100000.0.
A new study created in memory with name: no-name-08c4e9ef-1da6-47af-b334-a80d0b6a2fbf
Trial 0 finished with value: -100000.0 and parameters: {'learning_rate': 4.086275083662136e-05, 'n_steps': 13467, 'total_timesteps': 603033, 'gamma': 0.906181951767911, 'gae_lambda': 0.8975801021953609, 'ent_coef': 0.056301071865994014, 'vf_coef': 0.28377418692904305, 'max_grad_norm': 0.3802553031108877, 'reward_scaling': 0.00010218677078028273, 'hmax': 33020, 'sharpe_ratio_weight': 0.29428671612275814, 'loss_penalty_weight': 0.5264955047387728}. Best is trial 0 with value: -100000.0.
Trial 1 finished with value: -100000.0 and parameters: {'learning_rate': 0.0006992516002044199, 'n_steps': 51829, 'total_timesteps': 531721, 'gamma': 0.9161882505688047, 'gae_lambda': 0.9160444767253773, 'ent_coef': 0.05647368478980091, 'vf_coef': 0.15680790131165093, 'max_grad_norm': 0.14738293866600397, 'reward_scaling': 0.00021993771427383901, 'hmax': 35803, 'sharpe_ratio_weight': 0.2855706448222081, 'loss_penalty_weight': 0.4157991992425612}. Best is trial 0 with value: -100000.0.
Trial 2 finished with value: -100000.0 and parameters: {'learning_rate': 0.00010223714730440128, 'n_steps': 13087, 'total_timesteps': 151503, 'gamma': 0.9323123750705116, 'gae_lambda': 0.9149118008111365, 'ent_coef': 0.07513530514688271, 'vf_coef': 0.2791322826463088, 'max_grad_norm': 0.2220887411884115, 'reward_scaling': 1.7364245549687153e-05, 'hmax': 31383, 'sharpe_ratio_weight': 0.19741986765057248, 'loss_penalty_weight': 0.6847485858342379}. Best is trial 0 with value: -100000.0.
Trial 3 finished with value: -100000.0 and parameters: {'learning_rate': 0.0008169453757262435, 'n_steps': 41106, 'total_timesteps': 411971, 'gamma': 0.9094476962207456, 'gae_lambda': 0.9226714233143736, 'ent_coef': 0.05505910432098915, 'vf_coef': 0.1375741016895228, 'max_grad_norm': 0.29605113496618335, 'reward_scaling': 0.0003156920548232806, 'hmax': 49699, 'sharpe_ratio_weight': 0.16364634845583229, 'loss_penalty_weight': 0.7865650519323741}. Best is trial 0 with value: -100000.0.
Trial 4 finished with value: -100000.0 and parameters: {'learning_rate': 0.000499451640137595, 'n_steps': 49297, 'total_timesteps': 274726, 'gamma': 0.9103857783097333, 'gae_lambda': 0.9077413685507175, 'ent_coef': 0.09411811767139942, 'vf_coef': 0.23320434395320325, 'max_grad_norm': 0.2525375945408082, 'reward_scaling': 1.0161987570268414e-05, 'hmax': 51983, 'sharpe_ratio_weight': 0.22541812227823632, 'loss_penalty_weight': 0.5478866379137426}. Best is trial 0 with value: -100000.0.
Trial 5 finished with value: -100000.0 and parameters: {'learning_rate': 0.0005416459021764093, 'n_steps': 59491, 'total_timesteps': 146328, 'gamma': 0.9752488554054938, 'gae_lambda': 0.8549854017025792, 'ent_coef': 0.06702767244426444, 'vf_coef': 0.28902437531292285, 'max_grad_norm': 0.1996314342135519, 'reward_scaling': 1.2882248717311626e-05, 'hmax': 39373, 'sharpe_ratio_weight': 0.13296825465125608, 'loss_penalty_weight': 0.5199935131454066}. Best is trial 0 with value: -100000.0.
Trial 6 finished with value: -100000.0 and parameters: {'learning_rate': 2.631439622975839e-05, 'n_steps': 18895, 'total_timesteps': 288339, 'gamma': 0.9537591963611827, 'gae_lambda': 0.9225099321080442, 'ent_coef': 0.07992361808945464, 'vf_coef': 0.16789353391078118, 'max_grad_norm': 0.27503892461386314, 'reward_scaling': 3.5311599052658784e-05, 'hmax': 58392, 'sharpe_ratio_weight': 0.11630336172582888, 'loss_penalty_weight': 0.7889005860776044}. Best is trial 0 with value: -100000.0.
Trial 7 finished with value: -100000.0 and parameters: {'learning_rate': 3.069915605580064e-05, 'n_steps': 26964, 'total_timesteps': 325650, 'gamma': 0.9218883079678668, 'gae_lambda': 0.9311221473546675, 'ent_coef': 0.08801107497563958, 'vf_coef': 0.1256102322290316, 'max_grad_norm': 0.1997846230840176, 'reward_scaling': 0.0001423841321249881, 'hmax': 52715, 'sharpe_ratio_weight': 0.27906038178648257, 'loss_penalty_weight': 0.702554598163616}. Best is trial 0 with value: -100000.0.
Trial 8 finished with value: -100000.0 and parameters: {'learning_rate': 2.2106934026850934e-05, 'n_steps': 25571, 'total_timesteps': 596237, 'gamma': 0.9116389189075782, 'gae_lambda': 0.8766639867149623, 'ent_coef': 0.08407082619783295, 'vf_coef': 0.18288450019862013, 'max_grad_norm': 0.3385705047310903, 'reward_scaling': 0.000289099444021328, 'hmax': 30850, 'sharpe_ratio_weight': 0.24438131727033705, 'loss_penalty_weight': 0.42058957558904964}. Best is trial 0 with value: -100000.0.
Trial 9 finished with value: -100000.0 and parameters: {'learning_rate': 2.0177891008833873e-05, 'n_steps': 11590, 'total_timesteps': 153894, 'gamma': 0.9329595503504934, 'gae_lambda': 0.9019830371981076, 'ent_coef': 0.07604096999069757, 'vf_coef': 0.27548406517253116, 'max_grad_norm': 0.3560852458604943, 'reward_scaling': 2.2813568801133777e-05, 'hmax': 47197, 'sharpe_ratio_weight': 0.27961358994908625, 'loss_penalty_weight': 0.40183306081122677}. Best is trial 0 with value: -100000.0.
Trial 10 finished with value: -100000.0 and parameters: {'learning_rate': 1.0930536456150276e-05, 'n_steps': 2063, 'total_timesteps': 634186, 'gamma': 0.900064681481026, 'gae_lambda': 0.9422918073644626, 'ent_coef': 0.05029600174851604, 'vf_coef': 0.10934540681563067, 'max_grad_norm': 0.3947064905949955, 'reward_scaling': 0.0006752646892752413, 'hmax': 42961, 'sharpe_ratio_weight': 0.18080473732986765, 'loss_penalty_weight': 0.4951351265941889}. Best is trial 0 with value: -100000.0.
Trial 11 finished with value: -100000.0 and parameters: {'learning_rate': 0.00013186673227361334, 'n_steps': 38781, 'total_timesteps': 496517, 'gamma': 0.9365930596515707, 'gae_lambda': 0.8883959088213332, 'ent_coef': 0.06106439497242665, 'vf_coef': 0.21023536548009003, 'max_grad_norm': 0.14155148479427493, 'reward_scaling': 8.04868214616395e-05, 'hmax': 36562, 'sharpe_ratio_weight': 0.2901149674250345, 'loss_penalty_weight': 0.46274611779632685}. Best is trial 0 with value: -100000.0.
Trial 12 finished with value: -100000.0 and parameters: {'learning_rate': 0.000246857979020378, 'n_steps': 58764, 'total_timesteps': 536015, 'gamma': 0.9001337302745708, 'gae_lambda': 0.890697639463099, 'ent_coef': 0.05943793458679372, 'vf_coef': 0.15792742638534785, 'max_grad_norm': 0.10294193804281171, 'reward_scaling': 7.797648176025667e-05, 'hmax': 36273, 'sharpe_ratio_weight': 0.22733535310574643, 'loss_penalty_weight': 0.45120059387182343}. Best is trial 0 with value: -100000.0.
Trial 13 finished with value: -100000.0 and parameters: {'learning_rate': 5.597300915431653e-05, 'n_steps': 41734, 'total_timesteps': 695492, 'gamma': 0.9197113664613132, 'gae_lambda': 0.945872496792284, 'ent_coef': 0.06735781206428902, 'vf_coef': 0.20649612494412298, 'max_grad_norm': 0.15774682427557044, 'reward_scaling': 0.00015064068036670016, 'hmax': 34704, 'sharpe_ratio_weight': 0.29501847109303453, 'loss_penalty_weight': 0.5837842483720296}. Best is trial 0 with value: -100000.0.
Trial 14 finished with value: -100000.0 and parameters: {'learning_rate': 0.0002055834987624204, 'n_steps': 2869, 'total_timesteps': 444881, 'gamma': 0.9492274959773547, 'gae_lambda': 0.9048440180979229, 'ent_coef': 0.05053020896310276, 'vf_coef': 0.14932630791782223, 'max_grad_norm': 0.16495271468473963, 'reward_scaling': 4.7454571566344543e-05, 'hmax': 42017, 'sharpe_ratio_weight': 0.2478703205658694, 'loss_penalty_weight': 0.4465430219398167}. Best is trial 0 with value: -100000.0.
Trial 15 finished with value: -100000.0 and parameters: {'learning_rate': 0.0009900613650253064, 'n_steps': 33759, 'total_timesteps': 556647, 'gamma': 0.9223909702020816, 'gae_lambda': 0.8943940475056525, 'ent_coef': 0.05808846669099293, 'vf_coef': 0.1794389579194517, 'max_grad_norm': 0.3035832174797454, 'reward_scaling': 0.0001861630693328893, 'hmax': 39297, 'sharpe_ratio_weight': 0.21316543604701885, 'loss_penalty_weight': 0.4902966160766096}. Best is trial 0 with value: -100000.0.
Trial 16 finished with value: -100000.0 and parameters: {'learning_rate': 0.00021780242105506932, 'n_steps': 48188, 'total_timesteps': 693438, 'gamma': 0.9905860193422433, 'gae_lambda': 0.910835588515904, 'ent_coef': 0.06328980048596623, 'vf_coef': 0.23867038503873475, 'max_grad_norm': 0.23353429731652556, 'reward_scaling': 0.0009109947223342313, 'hmax': 33408, 'sharpe_ratio_weight': 0.25938702596358576, 'loss_penalty_weight': 0.41200539351615695}. Best is trial 0 with value: -100000.0.
Trial 17 finished with value: -100000.0 and parameters: {'learning_rate': 5.628690338997607e-05, 'n_steps': 20359, 'total_timesteps': 471698, 'gamma': 0.9410231935246942, 'gae_lambda': 0.8777169684362911, 'ent_coef': 0.05507190651556307, 'vf_coef': 0.19445231600858195, 'max_grad_norm': 0.33726762567615326, 'reward_scaling': 5.8161337269968004e-05, 'hmax': 39745, 'sharpe_ratio_weight': 0.2962589316920814, 'loss_penalty_weight': 0.5855648824833506}. Best is trial 0 with value: -100000.0.
Trial 18 finished with value: -100000.0 and parameters: {'learning_rate': 6.29081493304814e-05, 'n_steps': 52420, 'total_timesteps': 362066, 'gamma': 0.9000366516743912, 'gae_lambda': 0.9291424038412059, 'ent_coef': 0.0651461726602125, 'vf_coef': 0.16554721638291978, 'max_grad_norm': 0.2794579598118693, 'reward_scaling': 0.0001060146227345724, 'hmax': 30679, 'sharpe_ratio_weight': 0.24332753939378146, 'loss_penalty_weight': 0.433017457149696}. Best is trial 0 with value: -100000.0.
Trial 19 finished with value: -100000.0 and parameters: {'learning_rate': 0.0003713800669611747, 'n_steps': 34087, 'total_timesteps': 617237, 'gamma': 0.9575782610008251, 'gae_lambda': 0.9144270799682669, 'ent_coef': 0.055861838593482524, 'vf_coef': 0.14277149295541186, 'max_grad_norm': 0.3951277372039937, 'reward_scaling': 0.00027013097622417923, 'hmax': 44553, 'sharpe_ratio_weight': 0.205594057779552, 'loss_penalty_weight': 0.47507289967295024}. Best is trial 0 with value: -100000.0.
Trial 20 finished with value: -100000.0 and parameters: {'learning_rate': 0.00014315594832479899, 'n_steps': 8396, 'total_timesteps': 531214, 'gamma': 0.926070058522433, 'gae_lambda': 0.9003391936748587, 'ent_coef': 0.07140602942971527, 'vf_coef': 0.25231990325217074, 'max_grad_norm': 0.13042849192516695, 'reward_scaling': 0.0005030624885814524, 'hmax': 37735, 'sharpe_ratio_weight': 0.26129114796689007, 'loss_penalty_weight': 0.5321183180912838}. Best is trial 0 with value: -100000.0.
Trial 21 finished with value: -100000.0 and parameters: {'learning_rate': 8.783109921179323e-05, 'n_steps': 15761, 'total_timesteps': 69808, 'gamma': 0.9302233161183892, 'gae_lambda': 0.9120882001232009, 'ent_coef': 0.07230148689626922, 'vf_coef': 0.295865764131686, 'max_grad_norm': 0.2260856667737972, 'reward_scaling': 2.953156402570846e-05, 'hmax': 33367, 'sharpe_ratio_weight': 0.189603412241676, 'loss_penalty_weight': 0.6194450768606888}. Best is trial 0 with value: -100000.0.
Trial 22 finished with value: -100000.0 and parameters: {'learning_rate': 9.523907836186756e-05, 'n_steps': 10053, 'total_timesteps': 202266, 'gamma': 0.9145524578246084, 'gae_lambda': 0.9167879008642273, 'ent_coef': 0.06275905950285783, 'vf_coef': 0.260187530954853, 'max_grad_norm': 0.18227568682471396, 'reward_scaling': 0.00011445164394822266, 'hmax': 30206, 'sharpe_ratio_weight': 0.16253028033808747, 'loss_penalty_weight': 0.6310222916636512}. Best is trial 0 with value: -100000.0.
Trial 23 finished with value: -100000.0 and parameters: {'learning_rate': 0.00035585479797667005, 'n_steps': 27340, 'total_timesteps': 418135, 'gamma': 0.9410117787594834, 'gae_lambda': 0.9321619084051401, 'ent_coef': 0.07473492411891489, 'vf_coef': 0.29836572177574844, 'max_grad_norm': 0.22607078018857882, 'reward_scaling': 6.314871118804141e-05, 'hmax': 33200, 'sharpe_ratio_weight': 0.1980730613707632, 'loss_penalty_weight': 0.5249135507410471}. Best is trial 0 with value: -100000.0.
Trial 24 finished with value: -100000.0 and parameters: {'learning_rate': 4.602408856396327e-05, 'n_steps': 22078, 'total_timesteps': 213384, 'gamma': 0.9281304459091649, 'gae_lambda': 0.9193329169662674, 'ent_coef': 0.07037497046148776, 'vf_coef': 0.21950400247105326, 'max_grad_norm': 0.1815316843646069, 'reward_scaling': 1.9673980983002718e-05, 'hmax': 35160, 'sharpe_ratio_weight': 0.2647394538858785, 'loss_penalty_weight': 0.4381726607103693}. Best is trial 0 with value: -100000.0.
Trial 25 finished with value: -100000.0 and parameters: {'learning_rate': 0.00014986043942650474, 'n_steps': 15463, 'total_timesteps': 584276, 'gamma': 0.9193772613431497, 'gae_lambda': 0.9063030127282526, 'ent_coef': 0.058553425617892826, 'vf_coef': 0.2629694490192922, 'max_grad_norm': 0.24451885321967923, 'reward_scaling': 9.252613474024178e-05, 'hmax': 32181, 'sharpe_ratio_weight': 0.22881216930863268, 'loss_penalty_weight': 0.47355971299732813}. Best is trial 0 with value: -100000.0.
Trial 26 finished with value: -100000.0 and parameters: {'learning_rate': 8.633247662165759e-05, 'n_steps': 7438, 'total_timesteps': 79635, 'gamma': 0.9148492583298751, 'gae_lambda': 0.9387976480842626, 'ent_coef': 0.053088972376680296, 'vf_coef': 0.23514881006030627, 'max_grad_norm': 0.21709461578746392, 'reward_scaling': 3.9229419376022794e-05, 'hmax': 37219, 'sharpe_ratio_weight': 0.2702877384846809, 'loss_penalty_weight': 0.5037194036839652}. Best is trial 0 with value: -100000.0.
Trial 27 finished with value: -100000.0 and parameters: {'learning_rate': 3.685327767905098e-05, 'n_steps': 14577, 'total_timesteps': 640520, 'gamma': 0.9081014892792808, 'gae_lambda': 0.8974807515955929, 'ent_coef': 0.06073773622716866, 'vf_coef': 0.19151947840318953, 'max_grad_norm': 0.2588003235296912, 'reward_scaling': 5.365962359208013e-05, 'hmax': 41460, 'sharpe_ratio_weight': 0.21409107576454547, 'loss_penalty_weight': 0.5498020176317476}. Best is trial 0 with value: -100000.0.
Trial 28 finished with value: -100000.0 and parameters: {'learning_rate': 0.0007195908391631124, 'n_steps': 53861, 'total_timesteps': 495253, 'gamma': 0.928815527205809, 'gae_lambda': 0.9208723317353954, 'ent_coef': 0.06662544653452031, 'vf_coef': 0.2754717421679116, 'max_grad_norm': 0.3190959422616831, 'reward_scaling': 0.00019707929297903615, 'hmax': 32171, 'sharpe_ratio_weight': 0.29802847340888844, 'loss_penalty_weight': 0.42645985309061246}. Best is trial 0 with value: -100000.0.
Trial 29 finished with value: -100000.0 and parameters: {'learning_rate': 0.0009867818720721746, 'n_steps': 39796, 'total_timesteps': 382243, 'gamma': 0.9097808043694167, 'gae_lambda': 0.9494082279132069, 'ent_coef': 0.052919840817647154, 'vf_coef': 0.2459778226963265, 'max_grad_norm': 0.29153409506423106, 'reward_scaling': 0.0003875814181723926, 'hmax': 34794, 'sharpe_ratio_weight': 0.17657779281987554, 'loss_penalty_weight': 0.7203759372010855}. Best is trial 0 with value: -100000.0.
A new study created in memory with name: no-name-ad4fa4d7-cf04-46a2-b797-1c8df8829c29
Trial 0 finished with value: -100000.0 and parameters: {'learning_rate': 0.0005100907246637773, 'n_steps': 16447, 'total_timesteps': 263509, 'gamma': 0.9560416076578047, 'gae_lambda': 0.8510505280755774, 'ent_coef': 0.07066746211229018, 'vf_coef': 0.10745211245511412, 'max_grad_norm': 0.1797157399990788, 'reward_scaling': 2.8766896536487683e-05, 'hmax': 57391, 'sharpe_ratio_weight': 0.27286899802419945, 'loss_penalty_weight': 0.5350992073378624}. Best is trial 0 with value: -100000.0.
Trial 1 finished with value: -100000.0 and parameters: {'learning_rate': 3.857053784583021e-05, 'n_steps': 11337, 'total_timesteps': 286335, 'gamma': 0.9386772688944984, 'gae_lambda': 0.8583950276978947, 'ent_coef': 0.05835538786848492, 'vf_coef': 0.17859034932125245, 'max_grad_norm': 0.15265821463334575, 'reward_scaling': 3.239282434869699e-05, 'hmax': 54637, 'sharpe_ratio_weight': 0.215950993946403, 'loss_penalty_weight': 0.6882593451747961}. Best is trial 0 with value: -100000.0.
Trial 2 finished with value: -100000.0 and parameters: {'learning_rate': 0.0002522911506740906, 'n_steps': 4472, 'total_timesteps': 232748, 'gamma': 0.9222038785975146, 'gae_lambda': 0.892657977652882, 'ent_coef': 0.09131169934659346, 'vf_coef': 0.19110477735109505, 'max_grad_norm': 0.10903450922289427, 'reward_scaling': 2.8151277129109363e-05, 'hmax': 57877, 'sharpe_ratio_weight': 0.18985101124058718, 'loss_penalty_weight': 0.5100373097199454}. Best is trial 0 with value: -100000.0.
Trial 3 finished with value: -100000.0 and parameters: {'learning_rate': 2.278043464132078e-05, 'n_steps': 7439, 'total_timesteps': 360885, 'gamma': 0.9900443606942163, 'gae_lambda': 0.8560621040935953, 'ent_coef': 0.06759844522812983, 'vf_coef': 0.12818781668456794, 'max_grad_norm': 0.16703966304609227, 'reward_scaling': 1.3255045502512795e-05, 'hmax': 51478, 'sharpe_ratio_weight': 0.13536704347779188, 'loss_penalty_weight': 0.7477248398506274}. Best is trial 0 with value: -100000.0.
